[ 2019-03-08T10:53:37+08:00 ] 127.0.0.1 /Uploads/Index/2019-03-08/5c81d32adcf4f.png
INFO: [ app_init ] --START--
INFO: Run Behavior\BuildLiteBehavior [ RunTime:0.000000s ]
INFO: [ app_init ] --END-- [ RunTime:0.000000s ]

[ 2019-03-08T10:53:37+08:00 ] 127.0.0.1 /Uploads/Index/2019-03-08/5c81d2fb87c71.png
INFO: [ app_init ] --START--
INFO: Run Behavior\BuildLiteBehavior [ RunTime:0.000000s ]
INFO: [ app_init ] --END-- [ RunTime:0.000000s ]

[ 2019-03-08T10:53:37+08:00 ] 127.0.0.1 /Uploads/Index/2019-03-08/5c81cb1f281a5.png
INFO: [ app_init ] --START--
INFO: Run Behavior\BuildLiteBehavior [ RunTime:0.000000s ]
INFO: [ app_init ] --END-- [ RunTime:0.001000s ]

[ 2019-03-08T10:53:39+08:00 ] 127.0.0.1 /Uploads/Member/defult.png
INFO: [ app_init ] --START--
INFO: Run Behavior\BuildLiteBehavior [ RunTime:0.000000s ]
INFO: [ app_init ] --END-- [ RunTime:0.001000s ]

[ 2019-03-08T11:02:09+08:00 ] 127.0.0.1 /Uploads/Index/2019-03-08/5c81d2fb87c71.png
INFO: [ app_init ] --START--
INFO: Run Behavior\BuildLiteBehavior [ RunTime:0.000000s ]
INFO: [ app_init ] --END-- [ RunTime:0.001000s ]

[ 2019-03-08T11:02:09+08:00 ] 127.0.0.1 /Uploads/Index/2019-03-08/5c81d32adcf4f.png
INFO: [ app_init ] --START--
INFO: Run Behavior\BuildLiteBehavior [ RunTime:0.003000s ]
INFO: [ app_init ] --END-- [ RunTime:0.004000s ]

[ 2019-03-08T11:02:09+08:00 ] 127.0.0.1 /Uploads/Index/2019-03-08/5c81cb1f281a5.png
INFO: [ app_init ] --START--
INFO: Run Behavior\BuildLiteBehavior [ RunTime:0.000000s ]
INFO: [ app_init ] --END-- [ RunTime:0.002000s ]

[ 2019-03-08T11:02:14+08:00 ] 127.0.0.1 /Uploads/Index/2019-03-08/5c81d32adcf4f.png
INFO: [ app_init ] --START--
INFO: Run Behavior\BuildLiteBehavior [ RunTime:0.000000s ]
INFO: [ app_init ] --END-- [ RunTime:0.001000s ]

[ 2019-03-08T11:02:14+08:00 ] 127.0.0.1 /Uploads/Index/2019-03-08/5c81d2fb87c71.png
INFO: [ app_init ] --START--
INFO: Run Behavior\BuildLiteBehavior [ RunTime:0.000000s ]
INFO: [ app_init ] --END-- [ RunTime:0.001001s ]

[ 2019-03-08T11:02:14+08:00 ] 127.0.0.1 /Uploads/Index/2019-03-08/5c81cb1f281a5.png
INFO: [ app_init ] --START--
INFO: Run Behavior\BuildLiteBehavior [ RunTime:0.000000s ]
INFO: [ app_init ] --END-- [ RunTime:0.001000s ]

[ 2019-03-08T11:02:30+08:00 ] 127.0.0.1 /Uploads/Member/defult.png
INFO: [ app_init ] --START--
INFO: Run Behavior\BuildLiteBehavior [ RunTime:0.000000s ]
INFO: [ app_init ] --END-- [ RunTime:0.000000s ]

[ 2019-03-08T11:02:31+08:00 ] 127.0.0.1 /Uploads/Index/2019-03-08/5c81d32adcf4f.png
INFO: [ app_init ] --START--
INFO: Run Behavior\BuildLiteBehavior [ RunTime:0.000000s ]
INFO: [ app_init ] --END-- [ RunTime:0.000000s ]

[ 2019-03-08T11:02:31+08:00 ] 127.0.0.1 /Uploads/Index/2019-03-08/5c81cb1f281a5.png
INFO: [ app_init ] --START--
INFO: Run Behavior\BuildLiteBehavior [ RunTime:0.000000s ]
INFO: [ app_init ] --END-- [ RunTime:0.001000s ]

[ 2019-03-08T11:02:31+08:00 ] 127.0.0.1 /Uploads/Index/2019-03-08/5c81d2fb87c71.png
INFO: [ app_init ] --START--
INFO: Run Behavior\BuildLiteBehavior [ RunTime:0.000000s ]
INFO: [ app_init ] --END-- [ RunTime:0.001000s ]

[ 2019-03-08T11:02:32+08:00 ] 127.0.0.1 /Uploads/Member/defult.png
INFO: [ app_init ] --START--
INFO: Run Behavior\BuildLiteBehavior [ RunTime:0.000000s ]
INFO: [ app_init ] --END-- [ RunTime:0.001000s ]

[ 2019-03-08T11:02:34+08:00 ] 127.0.0.1 /Uploads/Index/2019-03-08/5c81d2fb87c71.png
INFO: [ app_init ] --START--
INFO: Run Behavior\BuildLiteBehavior [ RunTime:0.000000s ]
INFO: [ app_init ] --END-- [ RunTime:0.001000s ]

[ 2019-03-08T11:02:34+08:00 ] 127.0.0.1 /Uploads/Index/2019-03-08/5c81d32adcf4f.png
INFO: [ app_init ] --START--
INFO: Run Behavior\BuildLiteBehavior [ RunTime:0.000000s ]
INFO: [ app_init ] --END-- [ RunTime:0.001001s ]

[ 2019-03-08T11:02:34+08:00 ] 127.0.0.1 /Uploads/Index/2019-03-08/5c81cb1f281a5.png
INFO: [ app_init ] --START--
INFO: Run Behavior\BuildLiteBehavior [ RunTime:0.000000s ]
INFO: [ app_init ] --END-- [ RunTime:0.000000s ]

[ 2019-03-08T11:02:35+08:00 ] 127.0.0.1 /Uploads/Index/2019-03-08/5c81d2fb87c71.png
INFO: [ app_init ] --START--
INFO: Run Behavior\BuildLiteBehavior [ RunTime:0.000000s ]
INFO: [ app_init ] --END-- [ RunTime:0.000000s ]

[ 2019-03-08T11:02:35+08:00 ] 127.0.0.1 /Uploads/Index/2019-03-08/5c81d32adcf4f.png
INFO: [ app_init ] --START--
INFO: Run Behavior\BuildLiteBehavior [ RunTime:0.000000s ]
INFO: [ app_init ] --END-- [ RunTime:0.001000s ]

[ 2019-03-08T11:02:35+08:00 ] 127.0.0.1 /Uploads/Index/2019-03-08/5c81cb1f281a5.png
INFO: [ app_init ] --START--
INFO: Run Behavior\BuildLiteBehavior [ RunTime:0.000000s ]
INFO: [ app_init ] --END-- [ RunTime:0.000000s ]

[ 2019-03-08T11:02:36+08:00 ] 127.0.0.1 /Uploads/Index/2019-03-08/5c81d2fb87c71.png
INFO: [ app_init ] --START--
INFO: Run Behavior\BuildLiteBehavior [ RunTime:0.000000s ]
INFO: [ app_init ] --END-- [ RunTime:0.000000s ]

[ 2019-03-08T11:02:36+08:00 ] 127.0.0.1 /Uploads/Index/2019-03-08/5c81cb1f281a5.png
INFO: [ app_init ] --START--
INFO: Run Behavior\BuildLiteBehavior [ RunTime:0.000000s ]
INFO: [ app_init ] --END-- [ RunTime:0.001000s ]

[ 2019-03-08T11:02:36+08:00 ] 127.0.0.1 /Uploads/Index/2019-03-08/5c81d32adcf4f.png
INFO: [ app_init ] --START--
INFO: Run Behavior\BuildLiteBehavior [ RunTime:0.000000s ]
INFO: [ app_init ] --END-- [ RunTime:0.001000s ]

[ 2019-03-08T11:02:38+08:00 ] 127.0.0.1 /Uploads/Member/defult.png
INFO: [ app_init ] --START--
INFO: Run Behavior\BuildLiteBehavior [ RunTime:0.001000s ]
INFO: [ app_init ] --END-- [ RunTime:0.001000s ]

[ 2019-03-08T11:02:39+08:00 ] 127.0.0.1 /Uploads/Index/2019-03-08/5c81d2fb87c71.png
INFO: [ app_init ] --START--
INFO: Run Behavior\BuildLiteBehavior [ RunTime:0.000000s ]
INFO: [ app_init ] --END-- [ RunTime:0.000000s ]

[ 2019-03-08T11:02:39+08:00 ] 127.0.0.1 /Uploads/Index/2019-03-08/5c81cb1f281a5.png
INFO: [ app_init ] --START--
INFO: Run Behavior\BuildLiteBehavior [ RunTime:0.000000s ]
INFO: [ app_init ] --END-- [ RunTime:0.003000s ]

[ 2019-03-08T11:02:39+08:00 ] 127.0.0.1 /Uploads/Index/2019-03-08/5c81d32adcf4f.png
INFO: [ app_init ] --START--
INFO: Run Behavior\BuildLiteBehavior [ RunTime:0.000000s ]
INFO: [ app_init ] --END-- [ RunTime:0.001000s ]

[ 2019-03-08T11:02:48+08:00 ] 127.0.0.1 /Uploads/Index/2019-03-08/5c81d2fb87c71.png
INFO: [ app_init ] --START--
INFO: Run Behavior\BuildLiteBehavior [ RunTime:0.000000s ]
INFO: [ app_init ] --END-- [ RunTime:0.001000s ]

[ 2019-03-08T11:02:48+08:00 ] 127.0.0.1 /Uploads/Index/2019-03-08/5c81d32adcf4f.png
INFO: [ app_init ] --START--
INFO: Run Behavior\BuildLiteBehavior [ RunTime:0.000000s ]
INFO: [ app_init ] --END-- [ RunTime:0.000000s ]

[ 2019-03-08T11:02:48+08:00 ] 127.0.0.1 /Uploads/Index/2019-03-08/5c81cb1f281a5.png
INFO: [ app_init ] --START--
INFO: Run Behavior\BuildLiteBehavior [ RunTime:0.000000s ]
INFO: [ app_init ] --END-- [ RunTime:0.000000s ]

[ 2019-03-08T11:02:49+08:00 ] 127.0.0.1 /Uploads/Index/2019-03-08/5c81d32adcf4f.png
INFO: [ app_init ] --START--
INFO: Run Behavior\BuildLiteBehavior [ RunTime:0.000000s ]
INFO: [ app_init ] --END-- [ RunTime:0.001000s ]

[ 2019-03-08T11:02:49+08:00 ] 127.0.0.1 /Uploads/Index/2019-03-08/5c81cb1f281a5.png
INFO: [ app_init ] --START--
INFO: Run Behavior\BuildLiteBehavior [ RunTime:0.000000s ]
INFO: [ app_init ] --END-- [ RunTime:0.001000s ]

[ 2019-03-08T11:02:49+08:00 ] 127.0.0.1 /Uploads/Index/2019-03-08/5c81d2fb87c71.png
INFO: [ app_init ] --START--
INFO: Run Behavior\BuildLiteBehavior [ RunTime:0.000000s ]
INFO: [ app_init ] --END-- [ RunTime:0.000000s ]

[ 2019-03-08T11:02:50+08:00 ] 127.0.0.1 /Uploads/Member/defult.png
INFO: [ app_init ] --START--
INFO: Run Behavior\BuildLiteBehavior [ RunTime:0.000000s ]
INFO: [ app_init ] --END-- [ RunTime:0.001000s ]

[ 2019-03-08T11:02:52+08:00 ] 127.0.0.1 /Uploads/Index/2019-03-08/5c81d2fb87c71.png
INFO: [ app_init ] --START--
INFO: Run Behavior\BuildLiteBehavior [ RunTime:0.000000s ]
INFO: [ app_init ] --END-- [ RunTime:0.001000s ]

[ 2019-03-08T11:02:52+08:00 ] 127.0.0.1 /Uploads/Index/2019-03-08/5c81d32adcf4f.png
INFO: [ app_init ] --START--
INFO: Run Behavior\BuildLiteBehavior [ RunTime:0.000000s ]
INFO: [ app_init ] --END-- [ RunTime:0.001000s ]

[ 2019-03-08T11:02:52+08:00 ] 127.0.0.1 /Uploads/Index/2019-03-08/5c81cb1f281a5.png
INFO: [ app_init ] --START--
INFO: Run Behavior\BuildLiteBehavior [ RunTime:0.000000s ]
INFO: [ app_init ] --END-- [ RunTime:0.001000s ]

[ 2019-03-08T11:02:53+08:00 ] 127.0.0.1 /Uploads/Index/2019-03-08/5c81d2fb87c71.png
INFO: [ app_init ] --START--
INFO: Run Behavior\BuildLiteBehavior [ RunTime:0.000000s ]
INFO: [ app_init ] --END-- [ RunTime:0.000000s ]

[ 2019-03-08T11:02:53+08:00 ] 127.0.0.1 /Uploads/Index/2019-03-08/5c81d32adcf4f.png
INFO: [ app_init ] --START--
INFO: Run Behavior\BuildLiteBehavior [ RunTime:0.000000s ]
INFO: [ app_init ] --END-- [ RunTime:0.001000s ]

[ 2019-03-08T11:02:53+08:00 ] 127.0.0.1 /Uploads/Index/2019-03-08/5c81cb1f281a5.png
INFO: [ app_init ] --START--
INFO: Run Behavior\BuildLiteBehavior [ RunTime:0.000000s ]
INFO: [ app_init ] --END-- [ RunTime:0.001000s ]

[ 2019-03-08T11:02:54+08:00 ] 127.0.0.1 /Uploads/Member/defult.png
INFO: [ app_init ] --START--
INFO: Run Behavior\BuildLiteBehavior [ RunTime:0.000000s ]
INFO: [ app_init ] --END-- [ RunTime:0.001000s ]

[ 2019-03-08T11:02:55+08:00 ] 127.0.0.1 /Uploads/Index/2019-03-08/5c81d2fb87c71.png
INFO: [ app_init ] --START--
INFO: Run Behavior\BuildLiteBehavior [ RunTime:0.000000s ]
INFO: [ app_init ] --END-- [ RunTime:0.001000s ]

[ 2019-03-08T11:02:55+08:00 ] 127.0.0.1 /Uploads/Index/2019-03-08/5c81d32adcf4f.png
INFO: [ app_init ] --START--
INFO: Run Behavior\BuildLiteBehavior [ RunTime:0.000000s ]
INFO: [ app_init ] --END-- [ RunTime:0.001000s ]

[ 2019-03-08T11:02:55+08:00 ] 127.0.0.1 /Uploads/Index/2019-03-08/5c81cb1f281a5.png
INFO: [ app_init ] --START--
INFO: Run Behavior\BuildLiteBehavior [ RunTime:0.000000s ]
INFO: [ app_init ] --END-- [ RunTime:0.001000s ]

[ 2019-03-08T11:02:56+08:00 ] 127.0.0.1 /Uploads/Member/defult.png
INFO: [ app_init ] --START--
INFO: Run Behavior\BuildLiteBehavior [ RunTime:0.000000s ]
INFO: [ app_init ] --END-- [ RunTime:0.001000s ]

[ 2019-03-08T11:02:57+08:00 ] 127.0.0.1 /Uploads/Index/2019-03-08/5c81d2fb87c71.png
INFO: [ app_init ] --START--
INFO: Run Behavior\BuildLiteBehavior [ RunTime:0.000000s ]
INFO: [ app_init ] --END-- [ RunTime:0.001000s ]

[ 2019-03-08T11:02:57+08:00 ] 127.0.0.1 /Uploads/Index/2019-03-08/5c81cb1f281a5.png
INFO: [ app_init ] --START--
INFO: Run Behavior\BuildLiteBehavior [ RunTime:0.000000s ]
INFO: [ app_init ] --END-- [ RunTime:0.001000s ]

[ 2019-03-08T11:02:57+08:00 ] 127.0.0.1 /Uploads/Index/2019-03-08/5c81d32adcf4f.png
INFO: [ app_init ] --START--
INFO: Run Behavior\BuildLiteBehavior [ RunTime:0.000000s ]
INFO: [ app_init ] --END-- [ RunTime:0.001000s ]

[ 2019-03-08T11:05:33+08:00 ] 127.0.0.1 /Uploads/Member/defult.png
INFO: [ app_init ] --START--
INFO: Run Behavior\BuildLiteBehavior [ RunTime:0.000000s ]
INFO: [ app_init ] --END-- [ RunTime:0.000000s ]

[ 2019-03-08T11:05:38+08:00 ] 127.0.0.1 /Uploads/Index/2019-03-08/5c81d32adcf4f.png
INFO: [ app_init ] --START--
INFO: Run Behavior\BuildLiteBehavior [ RunTime:0.000000s ]
INFO: [ app_init ] --END-- [ RunTime:0.001000s ]

[ 2019-03-08T11:05:38+08:00 ] 127.0.0.1 /Uploads/Index/2019-03-08/5c81d2fb87c71.png
INFO: [ app_init ] --START--
INFO: Run Behavior\BuildLiteBehavior [ RunTime:0.000000s ]
INFO: [ app_init ] --END-- [ RunTime:0.002000s ]

[ 2019-03-08T11:05:41+08:00 ] 127.0.0.1 /Uploads/Member/defult.png
INFO: [ app_init ] --START--
INFO: Run Behavior\BuildLiteBehavior [ RunTime:0.000000s ]
INFO: [ app_init ] --END-- [ RunTime:0.000000s ]

[ 2019-03-08T11:05:43+08:00 ] 127.0.0.1 /Uploads/Index/2019-03-08/5c81d32adcf4f.png
INFO: [ app_init ] --START--
INFO: Run Behavior\BuildLiteBehavior [ RunTime:0.000000s ]
INFO: [ app_init ] --END-- [ RunTime:0.000000s ]

[ 2019-03-08T11:05:43+08:00 ] 127.0.0.1 /Uploads/Index/2019-03-08/5c81d2fb87c71.png
INFO: [ app_init ] --START--
INFO: Run Behavior\BuildLiteBehavior [ RunTime:0.000000s ]
INFO: [ app_init ] --END-- [ RunTime:0.001000s ]

[ 2019-03-08T11:05:45+08:00 ] 127.0.0.1 /Uploads/Member/defult.png
INFO: [ app_init ] --START--
INFO: Run Behavior\BuildLiteBehavior [ RunTime:0.000000s ]
INFO: [ app_init ] --END-- [ RunTime:0.000000s ]

[ 2019-03-08T11:05:52+08:00 ] 127.0.0.1 /Uploads/Index/2019-03-08/5c81d32adcf4f.png
INFO: [ app_init ] --START--
INFO: Run Behavior\BuildLiteBehavior [ RunTime:0.000000s ]
INFO: [ app_init ] --END-- [ RunTime:0.001000s ]

[ 2019-03-08T11:05:53+08:00 ] 127.0.0.1 /Uploads/Member/defult.png
INFO: [ app_init ] --START--
INFO: Run Behavior\BuildLiteBehavior [ RunTime:0.000000s ]
INFO: [ app_init ] --END-- [ RunTime:0.001000s ]

[ 2019-03-08T11:06:05+08:00 ] 127.0.0.1 /Uploads/Member/defult.png
INFO: [ app_init ] --START--
INFO: Run Behavior\BuildLiteBehavior [ RunTime:0.000000s ]
INFO: [ app_init ] --END-- [ RunTime:0.001000s ]

[ 2019-03-08T11:06:28+08:00 ] 127.0.0.1 /Uploads/Member/defult.png
INFO: [ app_init ] --START--
INFO: Run Behavior\BuildLiteBehavior [ RunTime:0.000000s ]
INFO: [ app_init ] --END-- [ RunTime:0.001000s ]

[ 2019-03-08T11:06:32+08:00 ] 127.0.0.1 /Uploads/Member/defult.png
INFO: [ app_init ] --START--
INFO: Run Behavior\BuildLiteBehavior [ RunTime:0.000000s ]
INFO: [ app_init ] --END-- [ RunTime:0.000000s ]

[ 2019-03-08T11:06:35+08:00 ] 127.0.0.1 /Uploads/Member/defult.png
INFO: [ app_init ] --START--
INFO: Run Behavior\BuildLiteBehavior [ RunTime:0.000000s ]
INFO: [ app_init ] --END-- [ RunTime:0.001000s ]

[ 2019-03-08T11:06:42+08:00 ] 127.0.0.1 /Uploads/Member/defult.png
INFO: [ app_init ] --START--
INFO: Run Behavior\BuildLiteBehavior [ RunTime:0.000000s ]
INFO: [ app_init ] --END-- [ RunTime:0.001000s ]

[ 2019-03-08T11:06:56+08:00 ] 127.0.0.1 /Uploads/Index/2019-03-08/5c81d2fb87c71.png
INFO: [ app_init ] --START--
INFO: Run Behavior\BuildLiteBehavior [ RunTime:0.000000s ]
INFO: [ app_init ] --END-- [ RunTime:0.001000s ]

[ 2019-03-08T11:07:19+08:00 ] 127.0.0.1 /Uploads/Member/defult.png
INFO: [ app_init ] --START--
INFO: Run Behavior\BuildLiteBehavior [ RunTime:0.000000s ]
INFO: [ app_init ] --END-- [ RunTime:0.002000s ]

[ 2019-03-08T11:07:38+08:00 ] 127.0.0.1 /Uploads/Member/defult.png
INFO: [ app_init ] --START--
INFO: Run Behavior\BuildLiteBehavior [ RunTime:0.000000s ]
INFO: [ app_init ] --END-- [ RunTime:0.000000s ]

[ 2019-03-08T11:07:58+08:00 ] 127.0.0.1 /Uploads/Index/2019-03-08/5c81d32adcf4f.png
INFO: [ app_init ] --START--
INFO: Run Behavior\BuildLiteBehavior [ RunTime:0.000000s ]
INFO: [ app_init ] --END-- [ RunTime:0.000000s ]

[ 2019-03-08T11:08:21+08:00 ] 127.0.0.1 /Uploads/Member/defult.png
INFO: [ app_init ] --START--
INFO: Run Behavior\BuildLiteBehavior [ RunTime:0.000000s ]
INFO: [ app_init ] --END-- [ RunTime:0.001000s ]

[ 2019-03-08T11:08:41+08:00 ] 127.0.0.1 /Uploads/Member/defult.png
INFO: [ app_init ] --START--
INFO: Run Behavior\BuildLiteBehavior [ RunTime:0.000000s ]
INFO: [ app_init ] --END-- [ RunTime:0.001000s ]

[ 2019-03-08T11:15:47+08:00 ] 127.0.0.1 /Uploads/Member/defult.png
INFO: [ app_init ] --START--
INFO: Run Behavior\BuildLiteBehavior [ RunTime:0.000000s ]
INFO: [ app_init ] --END-- [ RunTime:0.000000s ]

[ 2019-03-08T11:15:47+08:00 ] 127.0.0.1 /Uploads/Member/defult.png
INFO: [ app_init ] --START--
INFO: Run Behavior\BuildLiteBehavior [ RunTime:0.000000s ]
INFO: [ app_init ] --END-- [ RunTime:0.001000s ]

[ 2019-03-08T11:15:54+08:00 ] 127.0.0.1 /Uploads/Member/defult.png
INFO: [ app_init ] --START--
INFO: Run Behavior\BuildLiteBehavior [ RunTime:0.000000s ]
INFO: [ app_init ] --END-- [ RunTime:0.001000s ]

[ 2019-03-08T11:16:02+08:00 ] 127.0.0.1 /Uploads/Member/defult.png
INFO: [ app_init ] --START--
INFO: Run Behavior\BuildLiteBehavior [ RunTime:0.000000s ]
INFO: [ app_init ] --END-- [ RunTime:0.000000s ]

[ 2019-03-08T11:16:15+08:00 ] 127.0.0.1 /Uploads/Member/defult.png
INFO: [ app_init ] --START--
INFO: Run Behavior\BuildLiteBehavior [ RunTime:0.000000s ]
INFO: [ app_init ] --END-- [ RunTime:0.001000s ]

[ 2019-03-08T11:16:17+08:00 ] 127.0.0.1 /Uploads/Member/defult.png
INFO: [ app_init ] --START--
INFO: Run Behavior\BuildLiteBehavior [ RunTime:0.000000s ]
INFO: [ app_init ] --END-- [ RunTime:0.000000s ]

[ 2019-03-08T11:16:19+08:00 ] 127.0.0.1 /Uploads/Member/defult.png
INFO: [ app_init ] --START--
INFO: Run Behavior\BuildLiteBehavior [ RunTime:0.000000s ]
INFO: [ app_init ] --END-- [ RunTime:0.001000s ]

[ 2019-03-08T11:16:21+08:00 ] 127.0.0.1 /Uploads/Member/defult.png
INFO: [ app_init ] --START--
INFO: Run Behavior\BuildLiteBehavior [ RunTime:0.000000s ]
INFO: [ app_init ] --END-- [ RunTime:0.001000s ]

[ 2019-03-08T11:16:32+08:00 ] 127.0.0.1 /Uploads/Member/defult.png
INFO: [ app_init ] --START--
INFO: Run Behavior\BuildLiteBehavior [ RunTime:0.000000s ]
INFO: [ app_init ] --END-- [ RunTime:0.000000s ]

[ 2019-03-08T11:16:34+08:00 ] 127.0.0.1 /Uploads/Member/defult.png
INFO: [ app_init ] --START--
INFO: Run Behavior\BuildLiteBehavior [ RunTime:0.000000s ]
INFO: [ app_init ] --END-- [ RunTime:0.000000s ]

[ 2019-03-08T11:16:48+08:00 ] 127.0.0.1 /Uploads/Member/defult.png
INFO: [ app_init ] --START--
INFO: Run Behavior\BuildLiteBehavior [ RunTime:0.000000s ]
INFO: [ app_init ] --END-- [ RunTime:0.001000s ]

[ 2019-03-08T11:16:49+08:00 ] 127.0.0.1 /Uploads/Member/defult.png
INFO: [ app_init ] --START--
INFO: Run Behavior\BuildLiteBehavior [ RunTime:0.000000s ]
INFO: [ app_init ] --END-- [ RunTime:0.000000s ]

[ 2019-03-08T11:16:50+08:00 ] 127.0.0.1 /Uploads/Member/defult.png
INFO: [ app_init ] --START--
INFO: Run Behavior\BuildLiteBehavior [ RunTime:0.000000s ]
INFO: [ app_init ] --END-- [ RunTime:0.001000s ]

[ 2019-03-08T11:17:01+08:00 ] 127.0.0.1 /Uploads/Member/defult.png
INFO: [ app_init ] --START--
INFO: Run Behavior\BuildLiteBehavior [ RunTime:0.000000s ]
INFO: [ app_init ] --END-- [ RunTime:0.001000s ]

[ 2019-03-08T11:17:06+08:00 ] 127.0.0.1 /Uploads/Member/defult.png
INFO: [ app_init ] --START--
INFO: Run Behavior\BuildLiteBehavior [ RunTime:0.000000s ]
INFO: [ app_init ] --END-- [ RunTime:0.000000s ]

[ 2019-03-08T11:24:56+08:00 ] 127.0.0.1 /Uploads/Member/defult.png
INFO: [ app_init ] --START--
INFO: Run Behavior\BuildLiteBehavior [ RunTime:0.000000s ]
INFO: [ app_init ] --END-- [ RunTime:0.000000s ]

[ 2019-03-08T11:24:56+08:00 ] 127.0.0.1 /welcome.html
INFO: [ app_init ] --START--
INFO: Run Behavior\BuildLiteBehavior [ RunTime:0.000000s ]
INFO: [ app_init ] --END-- [ RunTime:0.001000s ]
INFO: [ app_begin ] --START--
INFO: Run Behavior\ReadHtmlCacheBehavior [ RunTime:0.001000s ]
INFO: [ app_begin ] --END-- [ RunTime:0.001000s ]
ERR: 无法加载控制器:Welcome

[ 2019-03-08T11:24:58+08:00 ] 127.0.0.1 /Uploads/Index/2019-03-08/5c81dff81f952.png
INFO: [ app_init ] --START--
INFO: Run Behavior\BuildLiteBehavior [ RunTime:0.000000s ]
INFO: [ app_init ] --END-- [ RunTime:0.001000s ]

[ 2019-03-08T11:24:58+08:00 ] 127.0.0.1 /Uploads/Index/2019-03-08/5c81e00c37813.png
INFO: [ app_init ] --START--
INFO: Run Behavior\BuildLiteBehavior [ RunTime:0.000000s ]
INFO: [ app_init ] --END-- [ RunTime:0.002000s ]

[ 2019-03-08T11:24:58+08:00 ] 127.0.0.1 /Uploads/Index/2019-03-08/5c81e001b1279.png
INFO: [ app_init ] --START--
INFO: Run Behavior\BuildLiteBehavior [ RunTime:0.000000s ]
INFO: [ app_init ] --END-- [ RunTime:0.000000s ]

[ 2019-03-08T11:25:01+08:00 ] 127.0.0.1 /Uploads/Member/defult.png
INFO: [ app_init ] --START--
INFO: Run Behavior\BuildLiteBehavior [ RunTime:0.000000s ]
INFO: [ app_init ] --END-- [ RunTime:0.001000s ]

[ 2019-03-08T11:25:49+08:00 ] 127.0.0.1 /Uploads/Member/defult.png
INFO: [ app_init ] --START--
INFO: Run Behavior\BuildLiteBehavior [ RunTime:0.000000s ]
INFO: [ app_init ] --END-- [ RunTime:0.001000s ]

[ 2019-03-08T11:26:05+08:00 ] 127.0.0.1 /Uploads/Member/defult.png
INFO: [ app_init ] --START--
INFO: Run Behavior\BuildLiteBehavior [ RunTime:0.000000s ]
INFO: [ app_init ] --END-- [ RunTime:0.001000s ]

[ 2019-03-08T11:26:13+08:00 ] 127.0.0.1 /Uploads/Member/defult.png
INFO: [ app_init ] --START--
INFO: Run Behavior\BuildLiteBehavior [ RunTime:0.000000s ]
INFO: [ app_init ] --END-- [ RunTime:0.000000s ]

[ 2019-03-08T11:26:36+08:00 ] 127.0.0.1 /Uploads/Member/defult.png
INFO: [ app_init ] --START--
INFO: Run Behavior\BuildLiteBehavior [ RunTime:0.000000s ]
INFO: [ app_init ] --END-- [ RunTime:0.001000s ]

[ 2019-03-08T11:26:37+08:00 ] 127.0.0.1 /Uploads/Member/defult.png
INFO: [ app_init ] --START--
INFO: Run Behavior\BuildLiteBehavior [ RunTime:0.000000s ]
INFO: [ app_init ] --END-- [ RunTime:0.001000s ]

[ 2019-03-08T11:26:48+08:00 ] 127.0.0.1 /Uploads/Index/2019-03-08/5c81dff81f952.png
INFO: [ app_init ] --START--
INFO: Run Behavior\BuildLiteBehavior [ RunTime:0.000000s ]
INFO: [ app_init ] --END-- [ RunTime:0.001000s ]

[ 2019-03-08T11:27:10+08:00 ] 127.0.0.1 /Uploads/Index/2019-03-08/5c81dff81f952.png
INFO: [ app_init ] --START--
INFO: Run Behavior\BuildLiteBehavior [ RunTime:0.000000s ]
INFO: [ app_init ] --END-- [ RunTime:0.000000s ]

[ 2019-03-08T11:27:11+08:00 ] 127.0.0.1 /Uploads/Index/2019-03-08/5c81dff81f952.png
INFO: [ app_init ] --START--
INFO: Run Behavior\BuildLiteBehavior [ RunTime:0.000000s ]
INFO: [ app_init ] --END-- [ RunTime:0.000000s ]

[ 2019-03-08T11:27:12+08:00 ] 127.0.0.1 /Uploads/Index/2019-03-08/5c81dff81f952.png
INFO: [ app_init ] --START--
INFO: Run Behavior\BuildLiteBehavior [ RunTime:0.000000s ]
INFO: [ app_init ] --END-- [ RunTime:0.001000s ]

[ 2019-03-08T11:27:12+08:00 ] 127.0.0.1 /Uploads/Index/2019-03-08/5c81e001b1279.png
INFO: [ app_init ] --START--
INFO: Run Behavior\BuildLiteBehavior [ RunTime:0.000000s ]
INFO: [ app_init ] --END-- [ RunTime:0.001000s ]

[ 2019-03-08T11:27:12+08:00 ] 127.0.0.1 /Uploads/Index/2019-03-08/5c81e00c37813.png
INFO: [ app_init ] --START--
INFO: Run Behavior\BuildLiteBehavior [ RunTime:0.000000s ]
INFO: [ app_init ] --END-- [ RunTime:0.000000s ]

[ 2019-03-08T11:27:13+08:00 ] 127.0.0.1 /Uploads/Index/2019-03-08/5c81dff81f952.png
INFO: [ app_init ] --START--
INFO: Run Behavior\BuildLiteBehavior [ RunTime:0.000000s ]
INFO: [ app_init ] --END-- [ RunTime:0.001000s ]

[ 2019-03-08T11:27:20+08:00 ] 127.0.0.1 /Uploads/Index/2019-03-08/5c81e001b1279.png
INFO: [ app_init ] --START--
INFO: Run Behavior\BuildLiteBehavior [ RunTime:0.000000s ]
INFO: [ app_init ] --END-- [ RunTime:0.002000s ]

[ 2019-03-08T11:27:20+08:00 ] 127.0.0.1 /Uploads/Index/2019-03-08/5c81e00c37813.png
INFO: [ app_init ] --START--
INFO: Run Behavior\BuildLiteBehavior [ RunTime:0.000000s ]
INFO: [ app_init ] --END-- [ RunTime:0.001000s ]

[ 2019-03-08T11:27:23+08:00 ] 127.0.0.1 /Uploads/Index/2019-03-08/5c81e001b1279.png
INFO: [ app_init ] --START--
INFO: Run Behavior\BuildLiteBehavior [ RunTime:0.000000s ]
INFO: [ app_init ] --END-- [ RunTime:0.001000s ]

[ 2019-03-08T11:27:23+08:00 ] 127.0.0.1 /Uploads/Index/2019-03-08/5c81e00c37813.png
INFO: [ app_init ] --START--
INFO: Run Behavior\BuildLiteBehavior [ RunTime:0.000000s ]
INFO: [ app_init ] --END-- [ RunTime:0.001000s ]

[ 2019-03-08T11:27:24+08:00 ] 127.0.0.1 /Uploads/Index/2019-03-08/5c81e001b1279.png
INFO: [ app_init ] --START--
INFO: Run Behavior\BuildLiteBehavior [ RunTime:0.000000s ]
INFO: [ app_init ] --END-- [ RunTime:0.000000s ]

[ 2019-03-08T11:27:30+08:00 ] 127.0.0.1 /Uploads/Index/2019-03-08/5c81e00c37813.png
INFO: [ app_init ] --START--
INFO: Run Behavior\BuildLiteBehavior [ RunTime:0.000000s ]
INFO: [ app_init ] --END-- [ RunTime:0.000000s ]

[ 2019-03-08T11:27:33+08:00 ] 127.0.0.1 /Uploads/Index/2019-03-08/5c81e00c37813.png
INFO: [ app_init ] --START--
INFO: Run Behavior\BuildLiteBehavior [ RunTime:0.000000s ]
INFO: [ app_init ] --END-- [ RunTime:0.001000s ]

[ 2019-03-08T11:27:34+08:00 ] 127.0.0.1 /Uploads/Index/2019-03-08/5c81e00c37813.png
INFO: [ app_init ] --START--
INFO: Run Behavior\BuildLiteBehavior [ RunTime:0.000000s ]
INFO: [ app_init ] --END-- [ RunTime:0.000000s ]

[ 2019-03-08T11:27:50+08:00 ] 127.0.0.1 /Uploads/Member/defult.png
INFO: [ app_init ] --START--
INFO: Run Behavior\BuildLiteBehavior [ RunTime:0.000000s ]
INFO: [ app_init ] --END-- [ RunTime:0.000000s ]

[ 2019-03-08T11:28:04+08:00 ] 127.0.0.1 /Uploads/Member/defult.png
INFO: [ app_init ] --START--
INFO: Run Behavior\BuildLiteBehavior [ RunTime:0.000000s ]
INFO: [ app_init ] --END-- [ RunTime:0.001000s ]

[ 2019-03-08T11:28:13+08:00 ] 127.0.0.1 /Uploads/Member/defult.png
INFO: [ app_init ] --START--
INFO: Run Behavior\BuildLiteBehavior [ RunTime:0.000000s ]
INFO: [ app_init ] --END-- [ RunTime:0.001000s ]

[ 2019-03-08T11:28:28+08:00 ] 127.0.0.1 /Uploads/Member/defult.png
INFO: [ app_init ] --START--
INFO: Run Behavior\BuildLiteBehavior [ RunTime:0.000000s ]
INFO: [ app_init ] --END-- [ RunTime:0.001000s ]

[ 2019-03-08T11:28:37+08:00 ] 127.0.0.1 /Uploads/Member/defult.png
INFO: [ app_init ] --START--
INFO: Run Behavior\BuildLiteBehavior [ RunTime:0.000000s ]
INFO: [ app_init ] --END-- [ RunTime:0.000000s ]

[ 2019-03-08T11:30:02+08:00 ] 127.0.0.1 /Uploads/Member/defult.png
INFO: [ app_init ] --START--
INFO: Run Behavior\BuildLiteBehavior [ RunTime:0.000000s ]
INFO: [ app_init ] --END-- [ RunTime:0.001000s ]

[ 2019-03-08T11:30:02+08:00 ] 127.0.0.1 /welcome.html
INFO: [ app_init ] --START--
INFO: Run Behavior\BuildLiteBehavior [ RunTime:0.000000s ]
INFO: [ app_init ] --END-- [ RunTime:0.000000s ]
INFO: [ app_begin ] --START--
INFO: Run Behavior\ReadHtmlCacheBehavior [ RunTime:0.001000s ]
INFO: [ app_begin ] --END-- [ RunTime:0.001000s ]
ERR: 无法加载控制器:Welcome

[ 2019-03-08T11:30:31+08:00 ] 127.0.0.1 /welcome.html
INFO: [ app_init ] --START--
INFO: Run Behavior\BuildLiteBehavior [ RunTime:0.000000s ]
INFO: [ app_init ] --END-- [ RunTime:0.001000s ]
INFO: [ app_begin ] --START--
INFO: Run Behavior\ReadHtmlCacheBehavior [ RunTime:0.001000s ]
INFO: [ app_begin ] --END-- [ RunTime:0.002000s ]
ERR: 无法加载控制器:Welcome

[ 2019-03-08T11:41:15+08:00 ] 127.0.0.1 /welcome.html
INFO: [ app_init ] --START--
INFO: Run Behavior\BuildLiteBehavior [ RunTime:0.000000s ]
INFO: [ app_init ] --END-- [ RunTime:0.001000s ]
INFO: [ app_begin ] --START--
INFO: Run Behavior\ReadHtmlCacheBehavior [ RunTime:0.001000s ]
INFO: [ app_begin ] --END-- [ RunTime:0.001000s ]
ERR: 无法加载控制器:Welcome

[ 2019-03-08T11:41:27+08:00 ] 127.0.0.1 /Uploads/Index/2019-03-08/5c81e3f43a079.png
INFO: [ app_init ] --START--
INFO: Run Behavior\BuildLiteBehavior [ RunTime:0.000000s ]
INFO: [ app_init ] --END-- [ RunTime:0.001000s ]

[ 2019-03-08T11:41:27+08:00 ] 127.0.0.1 /Uploads/Index/2019-03-08/5c81e4009a13d.png
INFO: [ app_init ] --START--
INFO: Run Behavior\BuildLiteBehavior [ RunTime:0.000000s ]
INFO: [ app_init ] --END-- [ RunTime:0.001000s ]

[ 2019-03-08T11:41:27+08:00 ] 127.0.0.1 /Uploads/Index/2019-03-08/5c81e40a221ea.png
INFO: [ app_init ] --START--
INFO: Run Behavior\BuildLiteBehavior [ RunTime:0.000000s ]
INFO: [ app_init ] --END-- [ RunTime:0.000000s ]

[ 2019-03-08T11:41:31+08:00 ] 127.0.0.1 /Uploads/Index/2019-03-08/5c81e3f43a079.png
INFO: [ app_init ] --START--
INFO: Run Behavior\BuildLiteBehavior [ RunTime:0.000000s ]
INFO: [ app_init ] --END-- [ RunTime:0.001000s ]

[ 2019-03-08T11:41:31+08:00 ] 127.0.0.1 /Uploads/Index/2019-03-08/5c81e4009a13d.png
INFO: [ app_init ] --START--
INFO: Run Behavior\BuildLiteBehavior [ RunTime:0.000000s ]
INFO: [ app_init ] --END-- [ RunTime:0.001000s ]

[ 2019-03-08T11:41:31+08:00 ] 127.0.0.1 /Uploads/Index/2019-03-08/5c81e40a221ea.png
INFO: [ app_init ] --START--
INFO: Run Behavior\BuildLiteBehavior [ RunTime:0.000000s ]
INFO: [ app_init ] --END-- [ RunTime:0.000000s ]

[ 2019-03-08T11:41:33+08:00 ] 127.0.0.1 /Uploads/Index/2019-03-08/5c81e3f43a079.png
INFO: [ app_init ] --START--
INFO: Run Behavior\BuildLiteBehavior [ RunTime:0.000000s ]
INFO: [ app_init ] --END-- [ RunTime:0.000000s ]

[ 2019-03-08T11:41:35+08:00 ] 127.0.0.1 /Uploads/Index/2019-03-08/5c81e4009a13d.png
INFO: [ app_init ] --START--
INFO: Run Behavior\BuildLiteBehavior [ RunTime:0.000000s ]
INFO: [ app_init ] --END-- [ RunTime:0.001000s ]

[ 2019-03-08T11:41:35+08:00 ] 127.0.0.1 /Uploads/Index/2019-03-08/5c81e3f43a079.png
INFO: [ app_init ] --START--
INFO: Run Behavior\BuildLiteBehavior [ RunTime:0.000000s ]
INFO: [ app_init ] --END-- [ RunTime:0.001000s ]

[ 2019-03-08T11:41:35+08:00 ] 127.0.0.1 /Uploads/Index/2019-03-08/5c81e40a221ea.png
INFO: [ app_init ] --START--
INFO: Run Behavior\BuildLiteBehavior [ RunTime:0.000000s ]
INFO: [ app_init ] --END-- [ RunTime:0.001000s ]

[ 2019-03-08T11:45:08+08:00 ] 127.0.0.1 /Uploads/Index/2019-03-08/5c81e4009a13d.png
INFO: [ app_init ] --START--
INFO: Run Behavior\BuildLiteBehavior [ RunTime:0.000000s ]
INFO: [ app_init ] --END-- [ RunTime:0.000000s ]

[ 2019-03-08T11:45:08+08:00 ] 127.0.0.1 /Uploads/Index/2019-03-08/5c81e3f43a079.png
INFO: [ app_init ] --START--
INFO: Run Behavior\BuildLiteBehavior [ RunTime:0.000000s ]
INFO: [ app_init ] --END-- [ RunTime:0.001000s ]

[ 2019-03-08T11:45:08+08:00 ] 127.0.0.1 /Uploads/Index/2019-03-08/5c81e40a221ea.png
INFO: [ app_init ] --START--
INFO: Run Behavior\BuildLiteBehavior [ RunTime:0.000000s ]
INFO: [ app_init ] --END-- [ RunTime:0.001000s ]

[ 2019-03-08T11:45:41+08:00 ] 127.0.0.1 /Uploads/Index/2019-03-08/5c81e3f43a079.png
INFO: [ app_init ] --START--
INFO: Run Behavior\BuildLiteBehavior [ RunTime:0.000000s ]
INFO: [ app_init ] --END-- [ RunTime:0.000000s ]

[ 2019-03-08T11:45:41+08:00 ] 127.0.0.1 /Uploads/Index/2019-03-08/5c81e4009a13d.png
INFO: [ app_init ] --START--
INFO: Run Behavior\BuildLiteBehavior [ RunTime:0.000000s ]
INFO: [ app_init ] --END-- [ RunTime:0.000000s ]

[ 2019-03-08T11:45:41+08:00 ] 127.0.0.1 /Uploads/Index/2019-03-08/5c81e40a221ea.png
INFO: [ app_init ] --START--
INFO: Run Behavior\BuildLiteBehavior [ RunTime:0.000000s ]
INFO: [ app_init ] --END-- [ RunTime:0.000000s ]

[ 2019-03-08T11:45:48+08:00 ] 127.0.0.1 /Uploads/Index/2019-03-08/5c81e3f43a079.png
INFO: [ app_init ] --START--
INFO: Run Behavior\BuildLiteBehavior [ RunTime:0.000000s ]
INFO: [ app_init ] --END-- [ RunTime:0.001000s ]

[ 2019-03-08T11:45:48+08:00 ] 127.0.0.1 /Uploads/Index/2019-03-08/5c81e4009a13d.png
INFO: [ app_init ] --START--
INFO: Run Behavior\BuildLiteBehavior [ RunTime:0.000000s ]
INFO: [ app_init ] --END-- [ RunTime:0.000000s ]

[ 2019-03-08T11:45:48+08:00 ] 127.0.0.1 /Uploads/Index/2019-03-08/5c81e40a221ea.png
INFO: [ app_init ] --START--
INFO: Run Behavior\BuildLiteBehavior [ RunTime:0.001000s ]
INFO: [ app_init ] --END-- [ RunTime:0.001000s ]

[ 2019-03-08T11:46:19+08:00 ] 127.0.0.1 /Uploads/Index/2019-03-08/5c81e3f43a079.png
INFO: [ app_init ] --START--
INFO: Run Behavior\BuildLiteBehavior [ RunTime:0.000000s ]
INFO: [ app_init ] --END-- [ RunTime:0.001000s ]

[ 2019-03-08T11:46:19+08:00 ] 127.0.0.1 /Uploads/Index/2019-03-08/5c81e4009a13d.png
INFO: [ app_init ] --START--
INFO: Run Behavior\BuildLiteBehavior [ RunTime:0.000000s ]
INFO: [ app_init ] --END-- [ RunTime:0.001000s ]

[ 2019-03-08T11:46:19+08:00 ] 127.0.0.1 /Uploads/Index/2019-03-08/5c81e40a221ea.png
INFO: [ app_init ] --START--
INFO: Run Behavior\BuildLiteBehavior [ RunTime:0.000000s ]
INFO: [ app_init ] --END-- [ RunTime:0.001000s ]

[ 2019-03-08T11:46:20+08:00 ] 127.0.0.1 /Uploads/Index/2019-03-08/5c81e4009a13d.png
INFO: [ app_init ] --START--
INFO: Run Behavior\BuildLiteBehavior [ RunTime:0.000000s ]
INFO: [ app_init ] --END-- [ RunTime:0.000000s ]

[ 2019-03-08T11:46:20+08:00 ] 127.0.0.1 /Uploads/Index/2019-03-08/5c81e3f43a079.png
INFO: [ app_init ] --START--
INFO: Run Behavior\BuildLiteBehavior [ RunTime:0.000000s ]
INFO: [ app_init ] --END-- [ RunTime:0.001000s ]

[ 2019-03-08T11:46:20+08:00 ] 127.0.0.1 /Uploads/Index/2019-03-08/5c81e40a221ea.png
INFO: [ app_init ] --START--
INFO: Run Behavior\BuildLiteBehavior [ RunTime:0.000000s ]
INFO: [ app_init ] --END-- [ RunTime:0.001000s ]

[ 2019-03-08T11:47:16+08:00 ] 127.0.0.1 /Uploads/Index/2019-03-08/5c81e4009a13d.png
INFO: [ app_init ] --START--
INFO: Run Behavior\BuildLiteBehavior [ RunTime:0.000000s ]
INFO: [ app_init ] --END-- [ RunTime:0.000000s ]

[ 2019-03-08T11:47:16+08:00 ] 127.0.0.1 /Uploads/Index/2019-03-08/5c81e3f43a079.png
INFO: [ app_init ] --START--
INFO: Run Behavior\BuildLiteBehavior [ RunTime:0.000000s ]
INFO: [ app_init ] --END-- [ RunTime:0.001000s ]

[ 2019-03-08T11:47:16+08:00 ] 127.0.0.1 /Uploads/Index/2019-03-08/5c81e40a221ea.png
INFO: [ app_init ] --START--
INFO: Run Behavior\BuildLiteBehavior [ RunTime:0.000000s ]
INFO: [ app_init ] --END-- [ RunTime:0.001000s ]

[ 2019-03-08T11:47:41+08:00 ] 127.0.0.1 /Uploads/Index/2019-03-08/5c81e3f43a079.png
INFO: [ app_init ] --START--
INFO: Run Behavior\BuildLiteBehavior [ RunTime:0.000000s ]
INFO: [ app_init ] --END-- [ RunTime:0.001000s ]

[ 2019-03-08T11:47:41+08:00 ] 127.0.0.1 /Uploads/Index/2019-03-08/5c81e4009a13d.png
INFO: [ app_init ] --START--
INFO: Run Behavior\BuildLiteBehavior [ RunTime:0.000000s ]
INFO: [ app_init ] --END-- [ RunTime:0.000000s ]

[ 2019-03-08T11:47:41+08:00 ] 127.0.0.1 /Uploads/Index/2019-03-08/5c81e40a221ea.png
INFO: [ app_init ] --START--
INFO: Run Behavior\BuildLiteBehavior [ RunTime:0.000000s ]
INFO: [ app_init ] --END-- [ RunTime:0.001000s ]

[ 2019-03-08T13:07:46+08:00 ] 127.0.0.1 /Uploads/Index/2019-03-08/5c81e40a221ea.png
INFO: [ app_init ] --START--
INFO: Run Behavior\BuildLiteBehavior [ RunTime:0.000000s ]
INFO: [ app_init ] --END-- [ RunTime:0.001000s ]

[ 2019-03-08T13:07:46+08:00 ] 127.0.0.1 /Uploads/Index/2019-03-08/5c81e4009a13d.png
INFO: [ app_init ] --START--
INFO: Run Behavior\BuildLiteBehavior [ RunTime:0.000000s ]
INFO: [ app_init ] --END-- [ RunTime:0.006001s ]

[ 2019-03-08T13:07:46+08:00 ] 127.0.0.1 /Uploads/Index/2019-03-08/5c81e3f43a079.png
INFO: [ app_init ] --START--
INFO: Run Behavior\BuildLiteBehavior [ RunTime:0.000000s ]
INFO: [ app_init ] --END-- [ RunTime:0.001000s ]

[ 2019-03-08T13:07:49+08:00 ] 127.0.0.1 /Uploads/Index/2019-03-08/5c81e3f43a079.png
INFO: [ app_init ] --START--
INFO: Run Behavior\BuildLiteBehavior [ RunTime:0.000000s ]
INFO: [ app_init ] --END-- [ RunTime:0.001000s ]

[ 2019-03-08T13:07:49+08:00 ] 127.0.0.1 /Uploads/Index/2019-03-08/5c81e4009a13d.png
INFO: [ app_init ] --START--
INFO: Run Behavior\BuildLiteBehavior [ RunTime:0.000000s ]
INFO: [ app_init ] --END-- [ RunTime:0.001000s ]

[ 2019-03-08T13:07:49+08:00 ] 127.0.0.1 /Uploads/Index/2019-03-08/5c81e40a221ea.png
INFO: [ app_init ] --START--
INFO: Run Behavior\BuildLiteBehavior [ RunTime:0.000000s ]
INFO: [ app_init ] --END-- [ RunTime:0.001000s ]

[ 2019-03-08T13:08:32+08:00 ] 127.0.0.1 /Uploads/Index/2019-03-08/5c81e4009a13d.png
INFO: [ app_init ] --START--
INFO: Run Behavior\BuildLiteBehavior [ RunTime:0.000000s ]
INFO: [ app_init ] --END-- [ RunTime:0.001000s ]

[ 2019-03-08T13:08:32+08:00 ] 127.0.0.1 /Uploads/Index/2019-03-08/5c81e3f43a079.png
INFO: [ app_init ] --START--
INFO: Run Behavior\BuildLiteBehavior [ RunTime:0.000000s ]
INFO: [ app_init ] --END-- [ RunTime:0.001000s ]

[ 2019-03-08T13:08:32+08:00 ] 127.0.0.1 /Uploads/Index/2019-03-08/5c81e40a221ea.png
INFO: [ app_init ] --START--
INFO: Run Behavior\BuildLiteBehavior [ RunTime:0.000000s ]
INFO: [ app_init ] --END-- [ RunTime:0.001000s ]

