[ 2018-12-25T09:09:24+08:00 ] 127.0.0.1 /manager
INFO: [ app_init ] --START--
INFO: Run Behavior\BuildLiteBehavior [ RunTime:0.000000s ]
INFO: [ app_init ] --END-- [ RunTime:0.000000s ]
INFO: [ app_begin ] --START--
INFO: Run Behavior\ReadHtmlCacheBehavior [ RunTime:0.001000s ]
INFO: [ app_begin ] --END-- [ RunTime:0.001000s ]

[ 2018-12-25T09:09:24+08:00 ] 127.0.0.1 /index.php/Manager/Admin/login.html
INFO: [ app_init ] --START--
INFO: Run Behavior\BuildLiteBehavior [ RunTime:0.000000s ]
INFO: [ app_init ] --END-- [ RunTime:0.000000s ]
INFO: [ app_begin ] --START--
INFO: Run Behavior\ReadHtmlCacheBehavior [ RunTime:0.001000s ]
INFO: [ app_begin ] --END-- [ RunTime:0.001000s ]
INFO: [ view_parse ] --START--
INFO: [ template_filter ] --START--
INFO: Run Behavior\ContentReplaceBehavior [ RunTime:0.000000s ]
INFO: [ template_filter ] --END-- [ RunTime:0.000000s ]
INFO: Run Behavior\ParseTemplateBehavior [ RunTime:0.027002s ]
INFO: [ view_parse ] --END-- [ RunTime:0.028002s ]
INFO: [ view_filter ] --START--
INFO: Run Behavior\WriteHtmlCacheBehavior [ RunTime:0.009000s ]
INFO: [ view_filter ] --END-- [ RunTime:0.009000s ]
INFO: [ app_end ] --START--
INFO: Run Behavior\ShowPageTraceBehavior [ RunTime:0.001000s ]
INFO: [ app_end ] --END-- [ RunTime:0.001000s ]

[ 2018-12-25T09:09:24+08:00 ] 127.0.0.1 /index.php/Manager/Index/verifyImage.html
INFO: [ app_init ] --START--
INFO: Run Behavior\BuildLiteBehavior [ RunTime:0.000000s ]
INFO: [ app_init ] --END-- [ RunTime:0.000000s ]
INFO: [ app_begin ] --START--
INFO: Run Behavior\ReadHtmlCacheBehavior [ RunTime:0.000000s ]
INFO: [ app_begin ] --END-- [ RunTime:0.000000s ]
INFO: [ app_end ] --START--
INFO: Run Behavior\ShowPageTraceBehavior [ RunTime:0.001000s ]
INFO: [ app_end ] --END-- [ RunTime:0.001000s ]

[ 2018-12-25T09:09:30+08:00 ] 127.0.0.1 /index.php/Manager/Admin/login.html
INFO: [ app_init ] --START--
INFO: Run Behavior\BuildLiteBehavior [ RunTime:0.000000s ]
INFO: [ app_init ] --END-- [ RunTime:0.001000s ]
INFO: [ app_begin ] --START--
INFO: Run Behavior\ReadHtmlCacheBehavior [ RunTime:0.001000s ]
INFO: [ app_begin ] --END-- [ RunTime:0.001000s ]
NOTIC: [2] strpos() expects parameter 1 to be string, array given G:\Littlewhale\Vendor\Txunda\Txunda.Param.php 第 97 行.
SQL: SHOW COLUMNS FROM `db_admin` [ RunTime:0.0100s ]
NOTIC: [8] Undefined index: field_filter G:\Littlewhale\Application\Common\Service\ModelService.class.php 第 229 行.
NOTIC: [8] Undefined index: fetchSql G:\Littlewhale\Application\Common\Service\ModelService.class.php 第 245 行.
SQL: SELECT `id`,`group_id`,`username`,`password`,`salt`,`status` FROM `db_admin` WHERE `username` = 'admin' LIMIT 1   [ RunTime:0.0080s ]
SQL: SHOW COLUMNS FROM `db_admin_group` [ RunTime:0.0090s ]
SQL: SHOW COLUMNS FROM `db_admin_menu` [ RunTime:0.0100s ]
NOTIC: [8] Undefined index: field_filter G:\Littlewhale\Application\Common\Service\ModelService.class.php 第 229 行.
NOTIC: [8] Undefined index: fetchSql G:\Littlewhale\Application\Common\Service\ModelService.class.php 第 245 行.
SQL: SELECT `id`,`p_id`,`name`,`router`,`type`,`icon`,`system`,`sort`,`status` FROM `db_admin_menu` WHERE `status` <> 9 ORDER BY sort ASC, id ASC  [ RunTime:0.0110s ]

[ 2018-12-25T09:09:31+08:00 ] 127.0.0.1 /index.php/Manager/Index/index.html
INFO: [ app_init ] --START--
INFO: Run Behavior\BuildLiteBehavior [ RunTime:0.000000s ]
INFO: [ app_init ] --END-- [ RunTime:0.001001s ]
INFO: [ app_begin ] --START--
INFO: Run Behavior\ReadHtmlCacheBehavior [ RunTime:0.001000s ]
INFO: [ app_begin ] --END-- [ RunTime:0.001000s ]
SQL: SHOW COLUMNS FROM `db_file` [ RunTime:0.0110s ]
SQL: SELECT `path` FROM `db_file` WHERE `id` = 0 LIMIT 1   [ RunTime:0.0080s ]
INFO: [ view_parse ] --START--
INFO: [ template_filter ] --START--
INFO: Run Behavior\ContentReplaceBehavior [ RunTime:0.000000s ]
INFO: [ template_filter ] --END-- [ RunTime:0.000000s ]
INFO: Run Behavior\ParseTemplateBehavior [ RunTime:0.047002s ]
INFO: [ view_parse ] --END-- [ RunTime:0.047002s ]
INFO: [ view_filter ] --START--
INFO: Run Behavior\WriteHtmlCacheBehavior [ RunTime:0.001000s ]
INFO: [ view_filter ] --END-- [ RunTime:0.001000s ]
INFO: [ app_end ] --START--
INFO: Run Behavior\ShowPageTraceBehavior [ RunTime:0.001000s ]
INFO: [ app_end ] --END-- [ RunTime:0.001000s ]

[ 2018-12-25T09:09:32+08:00 ] 127.0.0.1 /index.php/Manager/Index/welcome.html
INFO: [ app_init ] --START--
INFO: Run Behavior\BuildLiteBehavior [ RunTime:0.000000s ]
INFO: [ app_init ] --END-- [ RunTime:0.001000s ]
INFO: [ app_begin ] --START--
INFO: Run Behavior\ReadHtmlCacheBehavior [ RunTime:0.001000s ]
INFO: [ app_begin ] --END-- [ RunTime:0.001000s ]
INFO: [ view_parse ] --START--
INFO: [ template_filter ] --START--
INFO: Run Behavior\ContentReplaceBehavior [ RunTime:0.001000s ]
INFO: [ template_filter ] --END-- [ RunTime:0.001000s ]
INFO: Run Behavior\ParseTemplateBehavior [ RunTime:0.013001s ]
INFO: [ view_parse ] --END-- [ RunTime:0.013001s ]
INFO: [ view_filter ] --START--
INFO: Run Behavior\WriteHtmlCacheBehavior [ RunTime:0.000000s ]
INFO: [ view_filter ] --END-- [ RunTime:0.001000s ]
INFO: [ app_end ] --START--
INFO: Run Behavior\ShowPageTraceBehavior [ RunTime:0.000000s ]
INFO: [ app_end ] --END-- [ RunTime:0.001000s ]

[ 2018-12-25T09:09:35+08:00 ] 127.0.0.1 /index.php/Manager/Index/index.html
INFO: [ app_init ] --START--
INFO: Run Behavior\BuildLiteBehavior [ RunTime:0.000000s ]
INFO: [ app_init ] --END-- [ RunTime:0.000000s ]
INFO: [ app_begin ] --START--
INFO: Run Behavior\ReadHtmlCacheBehavior [ RunTime:0.001001s ]
INFO: [ app_begin ] --END-- [ RunTime:0.001001s ]
SQL: SHOW COLUMNS FROM `db_file` [ RunTime:0.0110s ]
SQL: SELECT `path` FROM `db_file` WHERE `id` = 0 LIMIT 1   [ RunTime:0.0100s ]
INFO: [ view_parse ] --START--
INFO: [ template_filter ] --START--
INFO: Run Behavior\ContentReplaceBehavior [ RunTime:0.000000s ]
INFO: [ template_filter ] --END-- [ RunTime:0.000000s ]
INFO: Run Behavior\ParseTemplateBehavior [ RunTime:0.038003s ]
INFO: [ view_parse ] --END-- [ RunTime:0.038003s ]
INFO: [ view_filter ] --START--
INFO: Run Behavior\WriteHtmlCacheBehavior [ RunTime:0.000000s ]
INFO: [ view_filter ] --END-- [ RunTime:0.001000s ]
INFO: [ app_end ] --START--
INFO: Run Behavior\ShowPageTraceBehavior [ RunTime:0.001000s ]
INFO: [ app_end ] --END-- [ RunTime:0.001000s ]

[ 2018-12-25T09:09:35+08:00 ] 127.0.0.1 /index.php/Manager/Index/welcome.html
INFO: [ app_init ] --START--
INFO: Run Behavior\BuildLiteBehavior [ RunTime:0.000000s ]
INFO: [ app_init ] --END-- [ RunTime:0.001000s ]
INFO: [ app_begin ] --START--
INFO: Run Behavior\ReadHtmlCacheBehavior [ RunTime:0.000000s ]
INFO: [ app_begin ] --END-- [ RunTime:0.000000s ]
INFO: [ view_parse ] --START--
INFO: [ template_filter ] --START--
INFO: Run Behavior\ContentReplaceBehavior [ RunTime:0.001000s ]
INFO: [ template_filter ] --END-- [ RunTime:0.001000s ]
INFO: Run Behavior\ParseTemplateBehavior [ RunTime:0.009001s ]
INFO: [ view_parse ] --END-- [ RunTime:0.009001s ]
INFO: [ view_filter ] --START--
INFO: Run Behavior\WriteHtmlCacheBehavior [ RunTime:0.000000s ]
INFO: [ view_filter ] --END-- [ RunTime:0.000000s ]
INFO: [ app_end ] --START--
INFO: Run Behavior\ShowPageTraceBehavior [ RunTime:0.000000s ]
INFO: [ app_end ] --END-- [ RunTime:0.000000s ]

[ 2018-12-25T09:09:39+08:00 ] 127.0.0.1 /index.php/Manager/Config/index.html
INFO: [ app_init ] --START--
INFO: Run Behavior\BuildLiteBehavior [ RunTime:0.000000s ]
INFO: [ app_init ] --END-- [ RunTime:0.001000s ]
INFO: [ app_begin ] --START--
INFO: Run Behavior\ReadHtmlCacheBehavior [ RunTime:0.000000s ]
INFO: [ app_begin ] --END-- [ RunTime:0.000000s ]
NOTIC: [2] in_array() expects parameter 2 to be array, null given G:\Littlewhale\Application\Common\Service\ControllerService.class.php 第 45 行.
NOTIC: [2] in_array() expects parameter 2 to be array, null given G:\Littlewhale\Application\Common\Service\ControllerService.class.php 第 45 行.
SQL: SHOW COLUMNS FROM `db_admin_behavior` [ RunTime:0.0100s ]
NOTIC: [8] Undefined index: validate G:\Littlewhale\ThinkPHP\Library\Think\Model.class.php 第 1185 行.
NOTIC: [8] Undefined index: auto G:\Littlewhale\ThinkPHP\Library\Think\Model.class.php 第 1128 行.
SQL: INSERT INTO `db_admin_behavior` (`manager_id`,`username`,`name`,`router`,`url`,`param`,`is_ajax`,`add_time`) VALUES ('1','admin','基本配置','Manager/Config/index','http://www.xjxc.com/index.php/Manager/Config/index.html','POST: 
Cookie:PHPSESSID=7p70fqugvi1fhv8cue47bfro22&ADMUSERNAME=admin','0','1545700179') [ RunTime:0.0090s ]
SQL: SHOW COLUMNS FROM `db_config` [ RunTime:0.0100s ]
NOTIC: [8] Undefined index: field_filter G:\Littlewhale\Application\Common\Service\ModelService.class.php 第 229 行.
NOTIC: [8] Undefined index: fetchSql G:\Littlewhale\Application\Common\Service\ModelService.class.php 第 245 行.
SQL: SELECT `key`,`value` FROM `db_config`  [ RunTime:0.0090s ]
SQL: SHOW COLUMNS FROM `db_file` [ RunTime:0.0090s ]
SQL: SELECT `path` FROM `db_file` WHERE `id` = 0 LIMIT 1   [ RunTime:0.0070s ]
INFO: [ view_parse ] --START--
INFO: [ template_filter ] --START--
INFO: Run Behavior\ContentReplaceBehavior [ RunTime:0.000000s ]
INFO: [ template_filter ] --END-- [ RunTime:0.000000s ]
NOTIC: [8] Undefined variable: website G:\Littlewhale\#Runtime\Cache\Manager\7fa3d583be6d5c977c8acb6712f97b88.php 第 5 行.
NOTIC: [8] Undefined variable: row G:\Littlewhale\#Runtime\Cache\Manager\7fa3d583be6d5c977c8acb6712f97b88.php 第 189 行.
INFO: Run Behavior\ParseTemplateBehavior [ RunTime:0.019001s ]
INFO: [ view_parse ] --END-- [ RunTime:0.020001s ]
INFO: [ view_filter ] --START--
INFO: Run Behavior\WriteHtmlCacheBehavior [ RunTime:0.000000s ]
INFO: [ view_filter ] --END-- [ RunTime:0.001000s ]
INFO: [ app_end ] --START--
INFO: Run Behavior\ShowPageTraceBehavior [ RunTime:0.001000s ]
INFO: [ app_end ] --END-- [ RunTime:0.001000s ]

[ 2018-12-25T09:09:39+08:00 ] 127.0.0.1 /index.php/Manager/Config/index.html
INFO: [ app_init ] --START--
INFO: Run Behavior\BuildLiteBehavior [ RunTime:0.000000s ]
INFO: [ app_init ] --END-- [ RunTime:0.000000s ]
INFO: [ app_begin ] --START--
INFO: Run Behavior\ReadHtmlCacheBehavior [ RunTime:0.001000s ]
INFO: [ app_begin ] --END-- [ RunTime:0.001000s ]
NOTIC: [2] in_array() expects parameter 2 to be array, null given G:\Littlewhale\Application\Common\Service\ControllerService.class.php 第 45 行.
NOTIC: [2] in_array() expects parameter 2 to be array, null given G:\Littlewhale\Application\Common\Service\ControllerService.class.php 第 45 行.
SQL: SHOW COLUMNS FROM `db_admin_behavior` [ RunTime:0.0100s ]
NOTIC: [8] Undefined index: validate G:\Littlewhale\ThinkPHP\Library\Think\Model.class.php 第 1185 行.
NOTIC: [8] Undefined index: auto G:\Littlewhale\ThinkPHP\Library\Think\Model.class.php 第 1128 行.
SQL: INSERT INTO `db_admin_behavior` (`manager_id`,`username`,`name`,`router`,`url`,`param`,`is_ajax`,`add_time`) VALUES ('1','admin','基本配置','Manager/Config/index','http://www.xjxc.com/index.php/Manager/Config/index.html','POST: 
Cookie:PHPSESSID=7p70fqugvi1fhv8cue47bfro22&ADMUSERNAME=admin','0','1545700179') [ RunTime:0.0090s ]
SQL: SHOW COLUMNS FROM `db_config` [ RunTime:0.0080s ]
NOTIC: [8] Undefined index: field_filter G:\Littlewhale\Application\Common\Service\ModelService.class.php 第 229 行.
NOTIC: [8] Undefined index: fetchSql G:\Littlewhale\Application\Common\Service\ModelService.class.php 第 245 行.
SQL: SELECT `key`,`value` FROM `db_config`  [ RunTime:0.0090s ]
SQL: SHOW COLUMNS FROM `db_file` [ RunTime:0.0100s ]
SQL: SELECT `path` FROM `db_file` WHERE `id` = 0 LIMIT 1   [ RunTime:0.0090s ]
INFO: [ view_parse ] --START--
INFO: [ template_filter ] --START--
INFO: Run Behavior\ContentReplaceBehavior [ RunTime:0.000000s ]
INFO: [ template_filter ] --END-- [ RunTime:0.000000s ]
NOTIC: [8] Undefined variable: website G:\Littlewhale\#Runtime\Cache\Manager\7fa3d583be6d5c977c8acb6712f97b88.php 第 5 行.
NOTIC: [8] Undefined variable: row G:\Littlewhale\#Runtime\Cache\Manager\7fa3d583be6d5c977c8acb6712f97b88.php 第 189 行.
INFO: Run Behavior\ParseTemplateBehavior [ RunTime:0.009001s ]
INFO: [ view_parse ] --END-- [ RunTime:0.009001s ]
INFO: [ view_filter ] --START--
INFO: Run Behavior\WriteHtmlCacheBehavior [ RunTime:0.000000s ]
INFO: [ view_filter ] --END-- [ RunTime:0.000000s ]
INFO: [ app_end ] --START--
INFO: Run Behavior\ShowPageTraceBehavior [ RunTime:0.001000s ]
INFO: [ app_end ] --END-- [ RunTime:0.001000s ]

[ 2018-12-25T09:09:51+08:00 ] 127.0.0.1 /index.php/Manager/Index/uploadFile
INFO: [ app_init ] --START--
INFO: Run Behavior\BuildLiteBehavior [ RunTime:0.000000s ]
INFO: [ app_init ] --END-- [ RunTime:0.000000s ]
INFO: [ app_begin ] --START--
INFO: Run Behavior\ReadHtmlCacheBehavior [ RunTime:0.001000s ]
INFO: [ app_begin ] --END-- [ RunTime:0.001000s ]
NOTIC: [2] call_user_func() expects parameter 1 to be a valid callback, no array or string given G:\Littlewhale\ThinkPHP\Library\Think\Upload.class.php 第 171 行.
SQL: SHOW COLUMNS FROM `db_file` [ RunTime:0.0100s ]
SQL: INSERT INTO `db_file` (`savepath`,`path`,`size`,`name`,`ext`) VALUES ('/Uploads/Index/2018-12-25/5c21835f87dbb.png','/Uploads/Index/2018-12-25/5c21835f87dbb.png','11239','登录-LOGO@3x.png','png') [ RunTime:0.0090s ]

[ 2018-12-25T09:09:53+08:00 ] 127.0.0.1 /index.php/Manager/Config/index.html
INFO: [ app_init ] --START--
INFO: Run Behavior\BuildLiteBehavior [ RunTime:0.000000s ]
INFO: [ app_init ] --END-- [ RunTime:0.001000s ]
INFO: [ app_begin ] --START--
INFO: Run Behavior\ReadHtmlCacheBehavior [ RunTime:0.002000s ]
INFO: [ app_begin ] --END-- [ RunTime:0.002000s ]
NOTIC: [2] in_array() expects parameter 2 to be array, null given G:\Littlewhale\Application\Common\Service\ControllerService.class.php 第 45 行.
NOTIC: [2] in_array() expects parameter 2 to be array, null given G:\Littlewhale\Application\Common\Service\ControllerService.class.php 第 45 行.
SQL: SHOW COLUMNS FROM `db_admin_behavior` [ RunTime:0.0080s ]
NOTIC: [8] Undefined index: validate G:\Littlewhale\ThinkPHP\Library\Think\Model.class.php 第 1185 行.
NOTIC: [8] Undefined index: auto G:\Littlewhale\ThinkPHP\Library\Think\Model.class.php 第 1128 行.
SQL: INSERT INTO `db_admin_behavior` (`manager_id`,`username`,`name`,`router`,`url`,`param`,`is_ajax`,`add_time`) VALUES ('1','admin','基本配置','Manager/Config/index','http://www.xjxc.com/index.php/Manager/Config/index.html','POST: website_name=%E5%B0%8F%E9%B2%B8%E6%B4%97%E8%BD%A6&website_url=http%3A%2F%2Fwww.xiaojingxiche.com&website_keyword=%E5%B0%8F%E9%B2%B8%E9%B1%BC%E6%B4%97%E8%BD%A6+%E8%87%AA%E5%8A%A8%E6%B4%97%E8%BD%A6&website_description=%E5%B0%8F%E9%B2%B8%E9%B1%BC%E8%87%AA%E5%8A%A8%E6%B4%97%E8%BD%A6&app_logo=214&app_name=%E5%B0%8F%E9%B2%B8%E6%B4%97%E8%BD%A6&app_version=V1.0.0&app_intro=
Cookie:PHPSESSID=7p70fqugvi1fhv8cue47bfro22&ADMUSERNAME=admin','1','1545700193') [ RunTime:0.0070s ]
SQL: SHOW COLUMNS FROM `db_config` [ RunTime:0.0090s ]
SQL: SELECT `id` FROM `db_config` WHERE `key` = 'website_name' LIMIT 1   [ RunTime:0.0070s ]
SQL: UPDATE `db_config` SET `value`='小鲸洗车' WHERE `id` = 1 [ RunTime:0.0070s ]
SQL: SELECT `id` FROM `db_config` WHERE `key` = 'website_url' LIMIT 1   [ RunTime:0.0080s ]
SQL: UPDATE `db_config` SET `value`='http://www.xiaojingxiche.com' WHERE `id` = 2 [ RunTime:0.0080s ]
SQL: SELECT `id` FROM `db_config` WHERE `key` = 'website_keyword' LIMIT 1   [ RunTime:0.0080s ]
SQL: UPDATE `db_config` SET `value`='小鲸鱼洗车 自动洗车' WHERE `id` = 3 [ RunTime:0.0070s ]
SQL: SELECT `id` FROM `db_config` WHERE `key` = 'website_description' LIMIT 1   [ RunTime:0.0080s ]
SQL: UPDATE `db_config` SET `value`='小鲸鱼自动洗车' WHERE `id` = 4 [ RunTime:0.0080s ]
SQL: SELECT `id` FROM `db_config` WHERE `key` = 'app_logo' LIMIT 1   [ RunTime:0.0090s ]
SQL: UPDATE `db_config` SET `value`='214' WHERE `id` = 9 [ RunTime:0.0080s ]
SQL: SELECT `id` FROM `db_config` WHERE `key` = 'app_name' LIMIT 1   [ RunTime:0.0080s ]
SQL: UPDATE `db_config` SET `value`='小鲸洗车' WHERE `id` = 10 [ RunTime:0.0090s ]
SQL: SELECT `id` FROM `db_config` WHERE `key` = 'app_version' LIMIT 1   [ RunTime:0.0080s ]
SQL: UPDATE `db_config` SET `value`='V1.0.0' WHERE `id` = 11 [ RunTime:0.0080s ]
SQL: SELECT `id` FROM `db_config` WHERE `key` = 'app_intro' LIMIT 1   [ RunTime:0.0070s ]
SQL: UPDATE `db_config` SET `value`='' WHERE `id` = 12 [ RunTime:0.0080s ]
NOTIC: [8] Undefined index: field_filter G:\Littlewhale\Application\Common\Service\ModelService.class.php 第 229 行.
NOTIC: [8] Undefined index: fetchSql G:\Littlewhale\Application\Common\Service\ModelService.class.php 第 245 行.
SQL: SELECT `key`,`value` FROM `db_config`  [ RunTime:0.0080s ]

[ 2018-12-25T09:09:55+08:00 ] 127.0.0.1 /index.php/Manager/Config/index.html
INFO: [ app_init ] --START--
INFO: Run Behavior\BuildLiteBehavior [ RunTime:0.000000s ]
INFO: [ app_init ] --END-- [ RunTime:0.001000s ]
INFO: [ app_begin ] --START--
INFO: Run Behavior\ReadHtmlCacheBehavior [ RunTime:0.001000s ]
INFO: [ app_begin ] --END-- [ RunTime:0.001000s ]
NOTIC: [2] in_array() expects parameter 2 to be array, null given G:\Littlewhale\Application\Common\Service\ControllerService.class.php 第 45 行.
NOTIC: [2] in_array() expects parameter 2 to be array, null given G:\Littlewhale\Application\Common\Service\ControllerService.class.php 第 45 行.
SQL: SHOW COLUMNS FROM `db_admin_behavior` [ RunTime:0.0100s ]
NOTIC: [8] Undefined index: validate G:\Littlewhale\ThinkPHP\Library\Think\Model.class.php 第 1185 行.
NOTIC: [8] Undefined index: auto G:\Littlewhale\ThinkPHP\Library\Think\Model.class.php 第 1128 行.
SQL: INSERT INTO `db_admin_behavior` (`manager_id`,`username`,`name`,`router`,`url`,`param`,`is_ajax`,`add_time`) VALUES ('1','admin','基本配置','Manager/Config/index','http://www.xjxc.com/index.php/Manager/Config/index.html','POST: 
Cookie:PHPSESSID=7p70fqugvi1fhv8cue47bfro22&ADMUSERNAME=admin','0','1545700195') [ RunTime:0.0080s ]
SQL: SHOW COLUMNS FROM `db_config` [ RunTime:0.0080s ]
NOTIC: [8] Undefined index: field_filter G:\Littlewhale\Application\Common\Service\ModelService.class.php 第 229 行.
NOTIC: [8] Undefined index: fetchSql G:\Littlewhale\Application\Common\Service\ModelService.class.php 第 245 行.
SQL: SELECT `key`,`value` FROM `db_config`  [ RunTime:0.0090s ]
SQL: SHOW COLUMNS FROM `db_file` [ RunTime:0.0090s ]
SQL: SELECT `path` FROM `db_file` WHERE `id` = 214 LIMIT 1   [ RunTime:0.0080s ]
INFO: [ view_parse ] --START--
INFO: [ template_filter ] --START--
INFO: Run Behavior\ContentReplaceBehavior [ RunTime:0.000000s ]
INFO: [ template_filter ] --END-- [ RunTime:0.000000s ]
NOTIC: [8] Undefined variable: website G:\Littlewhale\#Runtime\Cache\Manager\7fa3d583be6d5c977c8acb6712f97b88.php 第 5 行.
NOTIC: [8] Undefined variable: row G:\Littlewhale\#Runtime\Cache\Manager\7fa3d583be6d5c977c8acb6712f97b88.php 第 189 行.
INFO: Run Behavior\ParseTemplateBehavior [ RunTime:0.013000s ]
INFO: [ view_parse ] --END-- [ RunTime:0.013000s ]
INFO: [ view_filter ] --START--
INFO: Run Behavior\WriteHtmlCacheBehavior [ RunTime:0.001000s ]
INFO: [ view_filter ] --END-- [ RunTime:0.001000s ]
INFO: [ app_end ] --START--
INFO: Run Behavior\ShowPageTraceBehavior [ RunTime:0.001000s ]
INFO: [ app_end ] --END-- [ RunTime:0.001000s ]

[ 2018-12-25T09:09:59+08:00 ] 127.0.0.1 /index.php/Manager/Config/refreshConfig.html
INFO: [ app_init ] --START--
INFO: Run Behavior\BuildLiteBehavior [ RunTime:0.000000s ]
INFO: [ app_init ] --END-- [ RunTime:0.001000s ]
INFO: [ app_begin ] --START--
INFO: Run Behavior\ReadHtmlCacheBehavior [ RunTime:0.000000s ]
INFO: [ app_begin ] --END-- [ RunTime:0.000000s ]
NOTIC: [2] in_array() expects parameter 2 to be array, null given G:\Littlewhale\Application\Common\Service\ControllerService.class.php 第 45 行.
NOTIC: [2] in_array() expects parameter 2 to be array, null given G:\Littlewhale\Application\Common\Service\ControllerService.class.php 第 45 行.
SQL: SHOW COLUMNS FROM `db_admin_behavior` [ RunTime:0.0090s ]
NOTIC: [8] Undefined index: validate G:\Littlewhale\ThinkPHP\Library\Think\Model.class.php 第 1185 行.
NOTIC: [8] Undefined index: auto G:\Littlewhale\ThinkPHP\Library\Think\Model.class.php 第 1128 行.
SQL: INSERT INTO `db_admin_behavior` (`manager_id`,`username`,`name`,`router`,`url`,`param`,`is_ajax`,`add_time`) VALUES ('1','admin','清除缓存','Manager/Config/refreshConfig','http://www.xjxc.com/index.php/Manager/Config/refreshConfig.html','POST: 
Cookie:PHPSESSID=7p70fqugvi1fhv8cue47bfro22&ADMUSERNAME=admin','0','1545700199') [ RunTime:0.0090s ]
SQL: SHOW COLUMNS FROM `db_admin_group` [ RunTime:0.0140s ]
SQL: SHOW COLUMNS FROM `db_admin_menu` [ RunTime:0.0120s ]
NOTIC: [8] Undefined index: field_filter G:\Littlewhale\Application\Common\Service\ModelService.class.php 第 229 行.
NOTIC: [8] Undefined index: fetchSql G:\Littlewhale\Application\Common\Service\ModelService.class.php 第 245 行.
SQL: SELECT `id`,`p_id`,`name`,`router`,`type`,`icon`,`system`,`sort`,`status` FROM `db_admin_menu` WHERE `status` <> 9 ORDER BY sort ASC, id ASC  [ RunTime:0.0120s ]
INFO: [ view_parse ] --START--
INFO: [ template_filter ] --START--
INFO: Run Behavior\ContentReplaceBehavior [ RunTime:0.000000s ]
INFO: [ template_filter ] --END-- [ RunTime:0.001000s ]
INFO: Run Behavior\ParseTemplateBehavior [ RunTime:0.030001s ]
INFO: [ view_parse ] --END-- [ RunTime:0.030001s ]
INFO: [ view_filter ] --START--
INFO: Run Behavior\WriteHtmlCacheBehavior [ RunTime:0.001000s ]
INFO: [ view_filter ] --END-- [ RunTime:0.001000s ]
INFO: [ app_end ] --START--
INFO: Run Behavior\ShowPageTraceBehavior [ RunTime:0.002001s ]
INFO: [ app_end ] --END-- [ RunTime:0.002001s ]

[ 2018-12-25T09:09:59+08:00 ] 127.0.0.1 /index.php/Manager/Config/refreshConfig.html
INFO: [ app_init ] --START--
INFO: Run Behavior\BuildLiteBehavior [ RunTime:0.000000s ]
INFO: [ app_init ] --END-- [ RunTime:0.001000s ]
INFO: [ app_begin ] --START--
INFO: Run Behavior\ReadHtmlCacheBehavior [ RunTime:0.001000s ]
INFO: [ app_begin ] --END-- [ RunTime:0.001000s ]
NOTIC: [2] in_array() expects parameter 2 to be array, null given G:\Littlewhale\Application\Common\Service\ControllerService.class.php 第 45 行.
NOTIC: [2] in_array() expects parameter 2 to be array, null given G:\Littlewhale\Application\Common\Service\ControllerService.class.php 第 45 行.
SQL: SHOW COLUMNS FROM `db_admin_behavior` [ RunTime:0.0130s ]
NOTIC: [8] Undefined index: validate G:\Littlewhale\ThinkPHP\Library\Think\Model.class.php 第 1185 行.
NOTIC: [8] Undefined index: auto G:\Littlewhale\ThinkPHP\Library\Think\Model.class.php 第 1128 行.
SQL: INSERT INTO `db_admin_behavior` (`manager_id`,`username`,`name`,`router`,`url`,`param`,`is_ajax`,`add_time`) VALUES ('1','admin','清除缓存','Manager/Config/refreshConfig','http://www.xjxc.com/index.php/Manager/Config/refreshConfig.html','POST: 
Cookie:PHPSESSID=7p70fqugvi1fhv8cue47bfro22&ADMUSERNAME=admin','0','1545700199') [ RunTime:0.0080s ]
SQL: SHOW COLUMNS FROM `db_admin_group` [ RunTime:0.0090s ]
SQL: SHOW COLUMNS FROM `db_admin_menu` [ RunTime:0.0100s ]
NOTIC: [8] Undefined index: field_filter G:\Littlewhale\Application\Common\Service\ModelService.class.php 第 229 行.
NOTIC: [8] Undefined index: fetchSql G:\Littlewhale\Application\Common\Service\ModelService.class.php 第 245 行.
SQL: SELECT `id`,`p_id`,`name`,`router`,`type`,`icon`,`system`,`sort`,`status` FROM `db_admin_menu` WHERE `status` <> 9 ORDER BY sort ASC, id ASC  [ RunTime:0.0100s ]
INFO: [ view_parse ] --START--
INFO: [ template_filter ] --START--
INFO: Run Behavior\ContentReplaceBehavior [ RunTime:0.000000s ]
INFO: [ template_filter ] --END-- [ RunTime:0.000000s ]
INFO: Run Behavior\ParseTemplateBehavior [ RunTime:0.008000s ]
INFO: [ view_parse ] --END-- [ RunTime:0.008000s ]
INFO: [ view_filter ] --START--
INFO: Run Behavior\WriteHtmlCacheBehavior [ RunTime:0.001000s ]
INFO: [ view_filter ] --END-- [ RunTime:0.001000s ]
INFO: [ app_end ] --START--
INFO: Run Behavior\ShowPageTraceBehavior [ RunTime:0.001000s ]
INFO: [ app_end ] --END-- [ RunTime:0.001000s ]

[ 2018-12-25T09:10:00+08:00 ] 127.0.0.1 /index.php/Manager/Config/refreshConfig/success/1.html
INFO: [ app_init ] --START--
INFO: Run Behavior\BuildLiteBehavior [ RunTime:0.000000s ]
INFO: [ app_init ] --END-- [ RunTime:0.001000s ]
INFO: [ app_begin ] --START--
INFO: Run Behavior\ReadHtmlCacheBehavior [ RunTime:0.000000s ]
INFO: [ app_begin ] --END-- [ RunTime:0.000000s ]
NOTIC: [2] in_array() expects parameter 2 to be array, null given G:\Littlewhale\Application\Common\Service\ControllerService.class.php 第 45 行.
NOTIC: [2] in_array() expects parameter 2 to be array, null given G:\Littlewhale\Application\Common\Service\ControllerService.class.php 第 45 行.
SQL: SHOW COLUMNS FROM `db_admin_behavior` [ RunTime:0.0100s ]
NOTIC: [8] Undefined index: validate G:\Littlewhale\ThinkPHP\Library\Think\Model.class.php 第 1185 行.
NOTIC: [8] Undefined index: auto G:\Littlewhale\ThinkPHP\Library\Think\Model.class.php 第 1128 行.
SQL: INSERT INTO `db_admin_behavior` (`manager_id`,`username`,`name`,`router`,`url`,`param`,`is_ajax`,`add_time`) VALUES ('1','admin','清除缓存','Manager/Config/refreshConfig','http://www.xjxc.com/index.php/Manager/Config/refreshConfig/success/1.html','POST: 
Cookie:PHPSESSID=7p70fqugvi1fhv8cue47bfro22&ADMUSERNAME=admin','0','1545700200') [ RunTime:0.0100s ]

[ 2018-12-25T09:10:00+08:00 ] 127.0.0.1 /index.php/Manager/Index/index.html
INFO: [ app_init ] --START--
INFO: Run Behavior\BuildLiteBehavior [ RunTime:0.000000s ]
INFO: [ app_init ] --END-- [ RunTime:0.001000s ]
INFO: [ app_begin ] --START--
INFO: Run Behavior\ReadHtmlCacheBehavior [ RunTime:0.001000s ]
INFO: [ app_begin ] --END-- [ RunTime:0.001000s ]
SQL: SHOW COLUMNS FROM `db_file` [ RunTime:0.0090s ]
SQL: SELECT `path` FROM `db_file` WHERE `id` = 214 LIMIT 1   [ RunTime:0.0090s ]
INFO: [ view_parse ] --START--
INFO: [ template_filter ] --START--
INFO: Run Behavior\ContentReplaceBehavior [ RunTime:0.000000s ]
INFO: [ template_filter ] --END-- [ RunTime:0.000000s ]
INFO: Run Behavior\ParseTemplateBehavior [ RunTime:0.022002s ]
INFO: [ view_parse ] --END-- [ RunTime:0.022002s ]
INFO: [ view_filter ] --START--
INFO: Run Behavior\WriteHtmlCacheBehavior [ RunTime:0.000000s ]
INFO: [ view_filter ] --END-- [ RunTime:0.001000s ]
INFO: [ app_end ] --START--
INFO: Run Behavior\ShowPageTraceBehavior [ RunTime:0.001000s ]
INFO: [ app_end ] --END-- [ RunTime:0.001000s ]

[ 2018-12-25T09:10:00+08:00 ] 127.0.0.1 /index.php/Manager/Index/welcome.html
INFO: [ app_init ] --START--
INFO: Run Behavior\BuildLiteBehavior [ RunTime:0.000000s ]
INFO: [ app_init ] --END-- [ RunTime:0.000000s ]
INFO: [ app_begin ] --START--
INFO: Run Behavior\ReadHtmlCacheBehavior [ RunTime:0.000000s ]
INFO: [ app_begin ] --END-- [ RunTime:0.001000s ]
INFO: [ view_parse ] --START--
INFO: [ template_filter ] --START--
INFO: Run Behavior\ContentReplaceBehavior [ RunTime:0.000000s ]
INFO: [ template_filter ] --END-- [ RunTime:0.000000s ]
INFO: Run Behavior\ParseTemplateBehavior [ RunTime:0.016001s ]
INFO: [ view_parse ] --END-- [ RunTime:0.016001s ]
INFO: [ view_filter ] --START--
INFO: Run Behavior\WriteHtmlCacheBehavior [ RunTime:0.001000s ]
INFO: [ view_filter ] --END-- [ RunTime:0.002000s ]
INFO: [ app_end ] --START--
INFO: Run Behavior\ShowPageTraceBehavior [ RunTime:0.002001s ]
INFO: [ app_end ] --END-- [ RunTime:0.002001s ]

[ 2018-12-25T09:10:02+08:00 ] 127.0.0.1 /index.php/Manager/Index/welcome.html
INFO: [ app_init ] --START--
INFO: Run Behavior\BuildLiteBehavior [ RunTime:0.000000s ]
INFO: [ app_init ] --END-- [ RunTime:0.001000s ]
INFO: [ app_begin ] --START--
INFO: Run Behavior\ReadHtmlCacheBehavior [ RunTime:0.001000s ]
INFO: [ app_begin ] --END-- [ RunTime:0.001000s ]
INFO: [ view_parse ] --START--
INFO: [ template_filter ] --START--
INFO: Run Behavior\ContentReplaceBehavior [ RunTime:0.000000s ]
INFO: [ template_filter ] --END-- [ RunTime:0.001000s ]
INFO: Run Behavior\ParseTemplateBehavior [ RunTime:0.013001s ]
INFO: [ view_parse ] --END-- [ RunTime:0.014001s ]
INFO: [ view_filter ] --START--
INFO: Run Behavior\WriteHtmlCacheBehavior [ RunTime:0.001000s ]
INFO: [ view_filter ] --END-- [ RunTime:0.001000s ]
INFO: [ app_end ] --START--
INFO: Run Behavior\ShowPageTraceBehavior [ RunTime:0.001000s ]
INFO: [ app_end ] --END-- [ RunTime:0.001000s ]

[ 2018-12-25T09:10:08+08:00 ] 127.0.0.1 /index.php/Manager/Config/index.html
INFO: [ app_init ] --START--
INFO: Run Behavior\BuildLiteBehavior [ RunTime:0.000000s ]
INFO: [ app_init ] --END-- [ RunTime:0.001000s ]
INFO: [ app_begin ] --START--
INFO: Run Behavior\ReadHtmlCacheBehavior [ RunTime:0.001000s ]
INFO: [ app_begin ] --END-- [ RunTime:0.001000s ]
NOTIC: [2] in_array() expects parameter 2 to be array, null given G:\Littlewhale\Application\Common\Service\ControllerService.class.php 第 45 行.
NOTIC: [2] in_array() expects parameter 2 to be array, null given G:\Littlewhale\Application\Common\Service\ControllerService.class.php 第 45 行.
SQL: SHOW COLUMNS FROM `db_admin_behavior` [ RunTime:0.0090s ]
NOTIC: [8] Undefined index: validate G:\Littlewhale\ThinkPHP\Library\Think\Model.class.php 第 1185 行.
NOTIC: [8] Undefined index: auto G:\Littlewhale\ThinkPHP\Library\Think\Model.class.php 第 1128 行.
SQL: INSERT INTO `db_admin_behavior` (`manager_id`,`username`,`name`,`router`,`url`,`param`,`is_ajax`,`add_time`) VALUES ('1','admin','基本配置','Manager/Config/index','http://www.xjxc.com/index.php/Manager/Config/index.html','POST: 
Cookie:PHPSESSID=7p70fqugvi1fhv8cue47bfro22&ADMUSERNAME=admin','0','1545700207') [ RunTime:0.0090s ]
SQL: SHOW COLUMNS FROM `db_config` [ RunTime:0.0090s ]
NOTIC: [8] Undefined index: field_filter G:\Littlewhale\Application\Common\Service\ModelService.class.php 第 229 行.
NOTIC: [8] Undefined index: fetchSql G:\Littlewhale\Application\Common\Service\ModelService.class.php 第 245 行.
SQL: SELECT `key`,`value` FROM `db_config`  [ RunTime:0.0100s ]
SQL: SHOW COLUMNS FROM `db_file` [ RunTime:0.0090s ]
SQL: SELECT `path` FROM `db_file` WHERE `id` = 214 LIMIT 1   [ RunTime:0.0090s ]
INFO: [ view_parse ] --START--
INFO: [ template_filter ] --START--
INFO: Run Behavior\ContentReplaceBehavior [ RunTime:0.000000s ]
INFO: [ template_filter ] --END-- [ RunTime:0.001000s ]
NOTIC: [8] Undefined variable: website G:\Littlewhale\#Runtime\Cache\Manager\7fa3d583be6d5c977c8acb6712f97b88.php 第 5 行.
NOTIC: [8] Undefined variable: row G:\Littlewhale\#Runtime\Cache\Manager\7fa3d583be6d5c977c8acb6712f97b88.php 第 189 行.
INFO: Run Behavior\ParseTemplateBehavior [ RunTime:0.010001s ]
INFO: [ view_parse ] --END-- [ RunTime:0.010001s ]
INFO: [ view_filter ] --START--
INFO: Run Behavior\WriteHtmlCacheBehavior [ RunTime:0.001000s ]
INFO: [ view_filter ] --END-- [ RunTime:0.001000s ]
INFO: [ app_end ] --START--
INFO: Run Behavior\ShowPageTraceBehavior [ RunTime:0.001000s ]
INFO: [ app_end ] --END-- [ RunTime:0.001000s ]

[ 2018-12-25T09:10:08+08:00 ] 127.0.0.1 /index.php/Manager/Config/index.html
INFO: [ app_init ] --START--
INFO: Run Behavior\BuildLiteBehavior [ RunTime:0.000000s ]
INFO: [ app_init ] --END-- [ RunTime:0.000000s ]
INFO: [ app_begin ] --START--
INFO: Run Behavior\ReadHtmlCacheBehavior [ RunTime:0.001000s ]
INFO: [ app_begin ] --END-- [ RunTime:0.001000s ]
NOTIC: [2] in_array() expects parameter 2 to be array, null given G:\Littlewhale\Application\Common\Service\ControllerService.class.php 第 45 行.
NOTIC: [2] in_array() expects parameter 2 to be array, null given G:\Littlewhale\Application\Common\Service\ControllerService.class.php 第 45 行.
SQL: SHOW COLUMNS FROM `db_admin_behavior` [ RunTime:0.0100s ]
NOTIC: [8] Undefined index: validate G:\Littlewhale\ThinkPHP\Library\Think\Model.class.php 第 1185 行.
NOTIC: [8] Undefined index: auto G:\Littlewhale\ThinkPHP\Library\Think\Model.class.php 第 1128 行.
SQL: INSERT INTO `db_admin_behavior` (`manager_id`,`username`,`name`,`router`,`url`,`param`,`is_ajax`,`add_time`) VALUES ('1','admin','基本配置','Manager/Config/index','http://www.xjxc.com/index.php/Manager/Config/index.html','POST: 
Cookie:PHPSESSID=7p70fqugvi1fhv8cue47bfro22&ADMUSERNAME=admin','0','1545700208') [ RunTime:0.0100s ]
SQL: SHOW COLUMNS FROM `db_config` [ RunTime:0.0100s ]
NOTIC: [8] Undefined index: field_filter G:\Littlewhale\Application\Common\Service\ModelService.class.php 第 229 行.
NOTIC: [8] Undefined index: fetchSql G:\Littlewhale\Application\Common\Service\ModelService.class.php 第 245 行.
SQL: SELECT `key`,`value` FROM `db_config`  [ RunTime:0.0090s ]
SQL: SHOW COLUMNS FROM `db_file` [ RunTime:0.0120s ]
SQL: SELECT `path` FROM `db_file` WHERE `id` = 214 LIMIT 1   [ RunTime:0.0090s ]
INFO: [ view_parse ] --START--
INFO: [ template_filter ] --START--
INFO: Run Behavior\ContentReplaceBehavior [ RunTime:0.000000s ]
INFO: [ template_filter ] --END-- [ RunTime:0.000000s ]
NOTIC: [8] Undefined variable: website G:\Littlewhale\#Runtime\Cache\Manager\7fa3d583be6d5c977c8acb6712f97b88.php 第 5 行.
NOTIC: [8] Undefined variable: row G:\Littlewhale\#Runtime\Cache\Manager\7fa3d583be6d5c977c8acb6712f97b88.php 第 189 行.
INFO: Run Behavior\ParseTemplateBehavior [ RunTime:0.013001s ]
INFO: [ view_parse ] --END-- [ RunTime:0.013001s ]
INFO: [ view_filter ] --START--
INFO: Run Behavior\WriteHtmlCacheBehavior [ RunTime:0.001000s ]
INFO: [ view_filter ] --END-- [ RunTime:0.001000s ]
INFO: [ app_end ] --START--
INFO: Run Behavior\ShowPageTraceBehavior [ RunTime:0.001000s ]
INFO: [ app_end ] --END-- [ RunTime:0.001000s ]

[ 2018-12-25T09:10:45+08:00 ] 127.0.0.1 /index.php/Manager/Article/index.html
INFO: [ app_init ] --START--
INFO: Run Behavior\BuildLiteBehavior [ RunTime:0.000000s ]
INFO: [ app_init ] --END-- [ RunTime:0.002000s ]
INFO: [ app_begin ] --START--
INFO: Run Behavior\ReadHtmlCacheBehavior [ RunTime:0.001000s ]
INFO: [ app_begin ] --END-- [ RunTime:0.001000s ]
SQL: SHOW COLUMNS FROM `db_admin_behavior` [ RunTime:0.0100s ]
NOTIC: [8] Undefined index: validate G:\Littlewhale\ThinkPHP\Library\Think\Model.class.php 第 1185 行.
NOTIC: [8] Undefined index: auto G:\Littlewhale\ThinkPHP\Library\Think\Model.class.php 第 1128 行.
SQL: INSERT INTO `db_admin_behavior` (`manager_id`,`username`,`name`,`router`,`url`,`param`,`is_ajax`,`add_time`) VALUES ('1','admin','文章列表','Manager/Article/index','http://www.xjxc.com/index.php/Manager/Article/index.html','POST: 
Cookie:PHPSESSID=7p70fqugvi1fhv8cue47bfro22&ADMUSERNAME=admin','0','1545700245') [ RunTime:0.0090s ]
NOTIC: [8] Undefined index: title G:\Littlewhale\Application\Manager\Controller\ArticleController.class.php 第 23 行.
NOTIC: [8] Undefined index: id G:\Littlewhale\Application\Manager\Controller\ArticleController.class.php 第 26 行.
SQL: SHOW COLUMNS FROM `db_article` [ RunTime:0.0100s ]
NOTIC: [8] Undefined index: field_filter G:\Littlewhale\Application\Common\Service\ModelService.class.php 第 229 行.
NOTIC: [8] Undefined index: fetchSql G:\Littlewhale\Application\Common\Service\ModelService.class.php 第 245 行.
SQL: SELECT COUNT(*) AS tp_count FROM `db_article` WHERE `status` < 9 ORDER BY sort desc , id  desc LIMIT 1   [ RunTime:0.0100s ]
NOTIC: [8] Undefined index: parameter G:\Littlewhale\Application\Common\Service\ModelService.class.php 第 67 行.
NOTIC: [8] Undefined index: field_filter G:\Littlewhale\Application\Common\Service\ModelService.class.php 第 229 行.
NOTIC: [8] Undefined index: fetchSql G:\Littlewhale\Application\Common\Service\ModelService.class.php 第 245 行.
SQL: SELECT * FROM `db_article` WHERE `status` < 9 ORDER BY sort desc , id  desc LIMIT 0,15   [ RunTime:0.0100s ]
INFO: [ view_parse ] --START--
INFO: [ template_filter ] --START--
INFO: Run Behavior\ContentReplaceBehavior [ RunTime:0.000000s ]
INFO: [ template_filter ] --END-- [ RunTime:0.000000s ]
NOTIC: [8] Undefined index: title G:\Littlewhale\#Runtime\Cache\Manager\6e453c12a3cee21da8cfd4c387431496.php 第 135 行.
NOTIC: [8] Undefined index: id G:\Littlewhale\#Runtime\Cache\Manager\6e453c12a3cee21da8cfd4c387431496.php 第 140 行.
NOTIC: [8] Undefined index: sub_list G:\Littlewhale\#Runtime\Cache\Manager\6e453c12a3cee21da8cfd4c387431496.php 第 174 行.
NOTIC: [8] Undefined index: sub_list G:\Littlewhale\#Runtime\Cache\Manager\6e453c12a3cee21da8cfd4c387431496.php 第 174 行.
NOTIC: [8] Undefined index: sub_list G:\Littlewhale\#Runtime\Cache\Manager\6e453c12a3cee21da8cfd4c387431496.php 第 174 行.
NOTIC: [8] Undefined index: sub_list G:\Littlewhale\#Runtime\Cache\Manager\6e453c12a3cee21da8cfd4c387431496.php 第 174 行.
NOTIC: [8] Undefined index: sub_list G:\Littlewhale\#Runtime\Cache\Manager\6e453c12a3cee21da8cfd4c387431496.php 第 174 行.
NOTIC: [8] Undefined index: sub_list G:\Littlewhale\#Runtime\Cache\Manager\6e453c12a3cee21da8cfd4c387431496.php 第 174 行.
NOTIC: [8] Undefined index: sub_list G:\Littlewhale\#Runtime\Cache\Manager\6e453c12a3cee21da8cfd4c387431496.php 第 174 行.
NOTIC: [8] Undefined index: sub_list G:\Littlewhale\#Runtime\Cache\Manager\6e453c12a3cee21da8cfd4c387431496.php 第 174 行.
NOTIC: [8] Undefined index: sub_list G:\Littlewhale\#Runtime\Cache\Manager\6e453c12a3cee21da8cfd4c387431496.php 第 174 行.
NOTIC: [8] Undefined index: sub_list G:\Littlewhale\#Runtime\Cache\Manager\6e453c12a3cee21da8cfd4c387431496.php 第 174 行.
NOTIC: [8] Undefined index: sub_list G:\Littlewhale\#Runtime\Cache\Manager\6e453c12a3cee21da8cfd4c387431496.php 第 174 行.
NOTIC: [8] Undefined index: sub_list G:\Littlewhale\#Runtime\Cache\Manager\6e453c12a3cee21da8cfd4c387431496.php 第 174 行.
NOTIC: [8] Undefined index: sub_list G:\Littlewhale\#Runtime\Cache\Manager\6e453c12a3cee21da8cfd4c387431496.php 第 174 行.
INFO: Run Behavior\ParseTemplateBehavior [ RunTime:0.057003s ]
INFO: [ view_parse ] --END-- [ RunTime:0.058003s ]
INFO: [ view_filter ] --START--
INFO: Run Behavior\WriteHtmlCacheBehavior [ RunTime:0.001000s ]
INFO: [ view_filter ] --END-- [ RunTime:0.001000s ]
INFO: [ app_end ] --START--
INFO: Run Behavior\ShowPageTraceBehavior [ RunTime:0.001000s ]
INFO: [ app_end ] --END-- [ RunTime:0.002000s ]

[ 2018-12-25T09:10:45+08:00 ] 127.0.0.1 /index.php/Manager/Article/index.html
INFO: [ app_init ] --START--
INFO: Run Behavior\BuildLiteBehavior [ RunTime:0.000000s ]
INFO: [ app_init ] --END-- [ RunTime:0.001000s ]
INFO: [ app_begin ] --START--
INFO: Run Behavior\ReadHtmlCacheBehavior [ RunTime:0.001000s ]
INFO: [ app_begin ] --END-- [ RunTime:0.001000s ]
SQL: SHOW COLUMNS FROM `db_admin_behavior` [ RunTime:0.0100s ]
NOTIC: [8] Undefined index: validate G:\Littlewhale\ThinkPHP\Library\Think\Model.class.php 第 1185 行.
NOTIC: [8] Undefined index: auto G:\Littlewhale\ThinkPHP\Library\Think\Model.class.php 第 1128 行.
SQL: INSERT INTO `db_admin_behavior` (`manager_id`,`username`,`name`,`router`,`url`,`param`,`is_ajax`,`add_time`) VALUES ('1','admin','文章列表','Manager/Article/index','http://www.xjxc.com/index.php/Manager/Article/index.html','POST: 
Cookie:PHPSESSID=7p70fqugvi1fhv8cue47bfro22&ADMUSERNAME=admin','0','1545700245') [ RunTime:0.0080s ]
NOTIC: [8] Undefined index: title G:\Littlewhale\Application\Manager\Controller\ArticleController.class.php 第 23 行.
NOTIC: [8] Undefined index: id G:\Littlewhale\Application\Manager\Controller\ArticleController.class.php 第 26 行.
SQL: SHOW COLUMNS FROM `db_article` [ RunTime:0.0090s ]
NOTIC: [8] Undefined index: field_filter G:\Littlewhale\Application\Common\Service\ModelService.class.php 第 229 行.
NOTIC: [8] Undefined index: fetchSql G:\Littlewhale\Application\Common\Service\ModelService.class.php 第 245 行.
SQL: SELECT COUNT(*) AS tp_count FROM `db_article` WHERE `status` < 9 ORDER BY sort desc , id  desc LIMIT 1   [ RunTime:0.0080s ]
NOTIC: [8] Undefined index: parameter G:\Littlewhale\Application\Common\Service\ModelService.class.php 第 67 行.
NOTIC: [8] Undefined index: field_filter G:\Littlewhale\Application\Common\Service\ModelService.class.php 第 229 行.
NOTIC: [8] Undefined index: fetchSql G:\Littlewhale\Application\Common\Service\ModelService.class.php 第 245 行.
SQL: SELECT * FROM `db_article` WHERE `status` < 9 ORDER BY sort desc , id  desc LIMIT 0,15   [ RunTime:0.0090s ]
INFO: [ view_parse ] --START--
INFO: [ template_filter ] --START--
INFO: Run Behavior\ContentReplaceBehavior [ RunTime:0.000000s ]
INFO: [ template_filter ] --END-- [ RunTime:0.001000s ]
NOTIC: [8] Undefined index: title G:\Littlewhale\#Runtime\Cache\Manager\6e453c12a3cee21da8cfd4c387431496.php 第 135 行.
NOTIC: [8] Undefined index: id G:\Littlewhale\#Runtime\Cache\Manager\6e453c12a3cee21da8cfd4c387431496.php 第 140 行.
NOTIC: [8] Undefined index: sub_list G:\Littlewhale\#Runtime\Cache\Manager\6e453c12a3cee21da8cfd4c387431496.php 第 174 行.
NOTIC: [8] Undefined index: sub_list G:\Littlewhale\#Runtime\Cache\Manager\6e453c12a3cee21da8cfd4c387431496.php 第 174 行.
NOTIC: [8] Undefined index: sub_list G:\Littlewhale\#Runtime\Cache\Manager\6e453c12a3cee21da8cfd4c387431496.php 第 174 行.
NOTIC: [8] Undefined index: sub_list G:\Littlewhale\#Runtime\Cache\Manager\6e453c12a3cee21da8cfd4c387431496.php 第 174 行.
NOTIC: [8] Undefined index: sub_list G:\Littlewhale\#Runtime\Cache\Manager\6e453c12a3cee21da8cfd4c387431496.php 第 174 行.
NOTIC: [8] Undefined index: sub_list G:\Littlewhale\#Runtime\Cache\Manager\6e453c12a3cee21da8cfd4c387431496.php 第 174 行.
NOTIC: [8] Undefined index: sub_list G:\Littlewhale\#Runtime\Cache\Manager\6e453c12a3cee21da8cfd4c387431496.php 第 174 行.
NOTIC: [8] Undefined index: sub_list G:\Littlewhale\#Runtime\Cache\Manager\6e453c12a3cee21da8cfd4c387431496.php 第 174 行.
NOTIC: [8] Undefined index: sub_list G:\Littlewhale\#Runtime\Cache\Manager\6e453c12a3cee21da8cfd4c387431496.php 第 174 行.
NOTIC: [8] Undefined index: sub_list G:\Littlewhale\#Runtime\Cache\Manager\6e453c12a3cee21da8cfd4c387431496.php 第 174 行.
NOTIC: [8] Undefined index: sub_list G:\Littlewhale\#Runtime\Cache\Manager\6e453c12a3cee21da8cfd4c387431496.php 第 174 行.
NOTIC: [8] Undefined index: sub_list G:\Littlewhale\#Runtime\Cache\Manager\6e453c12a3cee21da8cfd4c387431496.php 第 174 行.
NOTIC: [8] Undefined index: sub_list G:\Littlewhale\#Runtime\Cache\Manager\6e453c12a3cee21da8cfd4c387431496.php 第 174 行.
INFO: Run Behavior\ParseTemplateBehavior [ RunTime:0.045003s ]
INFO: [ view_parse ] --END-- [ RunTime:0.045003s ]
INFO: [ view_filter ] --START--
INFO: Run Behavior\WriteHtmlCacheBehavior [ RunTime:0.001000s ]
INFO: [ view_filter ] --END-- [ RunTime:0.001000s ]
INFO: [ app_end ] --START--
INFO: Run Behavior\ShowPageTraceBehavior [ RunTime:0.001000s ]
INFO: [ app_end ] --END-- [ RunTime:0.001000s ]

[ 2018-12-25T09:10:46+08:00 ] 127.0.0.1 /index.php/Manager/Push/index.html
INFO: [ app_init ] --START--
INFO: Run Behavior\BuildLiteBehavior [ RunTime:0.000000s ]
INFO: [ app_init ] --END-- [ RunTime:0.001000s ]
INFO: [ app_begin ] --START--
INFO: Run Behavior\ReadHtmlCacheBehavior [ RunTime:0.001000s ]
INFO: [ app_begin ] --END-- [ RunTime:0.001000s ]

[ 2018-12-25T09:10:46+08:00 ] 127.0.0.1 /index.php/Manager/Push/index.html
INFO: [ app_init ] --START--
INFO: Run Behavior\BuildLiteBehavior [ RunTime:0.000000s ]
INFO: [ app_init ] --END-- [ RunTime:0.000000s ]
INFO: [ app_begin ] --START--
INFO: Run Behavior\ReadHtmlCacheBehavior [ RunTime:0.001000s ]
INFO: [ app_begin ] --END-- [ RunTime:0.001000s ]

[ 2018-12-25T09:10:48+08:00 ] 127.0.0.1 /index.php/Manager/Article/index.html
INFO: [ app_init ] --START--
INFO: Run Behavior\BuildLiteBehavior [ RunTime:0.000000s ]
INFO: [ app_init ] --END-- [ RunTime:0.001001s ]
INFO: [ app_begin ] --START--
INFO: Run Behavior\ReadHtmlCacheBehavior [ RunTime:0.001000s ]
INFO: [ app_begin ] --END-- [ RunTime:0.001000s ]
SQL: SHOW COLUMNS FROM `db_admin_behavior` [ RunTime:0.0130s ]
NOTIC: [8] Undefined index: validate G:\Littlewhale\ThinkPHP\Library\Think\Model.class.php 第 1185 行.
NOTIC: [8] Undefined index: auto G:\Littlewhale\ThinkPHP\Library\Think\Model.class.php 第 1128 行.
SQL: INSERT INTO `db_admin_behavior` (`manager_id`,`username`,`name`,`router`,`url`,`param`,`is_ajax`,`add_time`) VALUES ('1','admin','文章列表','Manager/Article/index','http://www.xjxc.com/index.php/Manager/Article/index.html','POST: 
Cookie:PHPSESSID=7p70fqugvi1fhv8cue47bfro22&ADMUSERNAME=admin','0','1545700248') [ RunTime:0.0100s ]
NOTIC: [8] Undefined index: title G:\Littlewhale\Application\Manager\Controller\ArticleController.class.php 第 23 行.
NOTIC: [8] Undefined index: id G:\Littlewhale\Application\Manager\Controller\ArticleController.class.php 第 26 行.
SQL: SHOW COLUMNS FROM `db_article` [ RunTime:0.0110s ]
NOTIC: [8] Undefined index: field_filter G:\Littlewhale\Application\Common\Service\ModelService.class.php 第 229 行.
NOTIC: [8] Undefined index: fetchSql G:\Littlewhale\Application\Common\Service\ModelService.class.php 第 245 行.
SQL: SELECT COUNT(*) AS tp_count FROM `db_article` WHERE `status` < 9 ORDER BY sort desc , id  desc LIMIT 1   [ RunTime:0.0120s ]
NOTIC: [8] Undefined index: parameter G:\Littlewhale\Application\Common\Service\ModelService.class.php 第 67 行.
NOTIC: [8] Undefined index: field_filter G:\Littlewhale\Application\Common\Service\ModelService.class.php 第 229 行.
NOTIC: [8] Undefined index: fetchSql G:\Littlewhale\Application\Common\Service\ModelService.class.php 第 245 行.
SQL: SELECT * FROM `db_article` WHERE `status` < 9 ORDER BY sort desc , id  desc LIMIT 0,15   [ RunTime:0.0110s ]
INFO: [ view_parse ] --START--
INFO: [ template_filter ] --START--
INFO: Run Behavior\ContentReplaceBehavior [ RunTime:0.000000s ]
INFO: [ template_filter ] --END-- [ RunTime:0.000000s ]
NOTIC: [8] Undefined index: title G:\Littlewhale\#Runtime\Cache\Manager\6e453c12a3cee21da8cfd4c387431496.php 第 135 行.
NOTIC: [8] Undefined index: id G:\Littlewhale\#Runtime\Cache\Manager\6e453c12a3cee21da8cfd4c387431496.php 第 140 行.
NOTIC: [8] Undefined index: sub_list G:\Littlewhale\#Runtime\Cache\Manager\6e453c12a3cee21da8cfd4c387431496.php 第 174 行.
NOTIC: [8] Undefined index: sub_list G:\Littlewhale\#Runtime\Cache\Manager\6e453c12a3cee21da8cfd4c387431496.php 第 174 行.
NOTIC: [8] Undefined index: sub_list G:\Littlewhale\#Runtime\Cache\Manager\6e453c12a3cee21da8cfd4c387431496.php 第 174 行.
NOTIC: [8] Undefined index: sub_list G:\Littlewhale\#Runtime\Cache\Manager\6e453c12a3cee21da8cfd4c387431496.php 第 174 行.
NOTIC: [8] Undefined index: sub_list G:\Littlewhale\#Runtime\Cache\Manager\6e453c12a3cee21da8cfd4c387431496.php 第 174 行.
NOTIC: [8] Undefined index: sub_list G:\Littlewhale\#Runtime\Cache\Manager\6e453c12a3cee21da8cfd4c387431496.php 第 174 行.
NOTIC: [8] Undefined index: sub_list G:\Littlewhale\#Runtime\Cache\Manager\6e453c12a3cee21da8cfd4c387431496.php 第 174 行.
NOTIC: [8] Undefined index: sub_list G:\Littlewhale\#Runtime\Cache\Manager\6e453c12a3cee21da8cfd4c387431496.php 第 174 行.
NOTIC: [8] Undefined index: sub_list G:\Littlewhale\#Runtime\Cache\Manager\6e453c12a3cee21da8cfd4c387431496.php 第 174 行.
NOTIC: [8] Undefined index: sub_list G:\Littlewhale\#Runtime\Cache\Manager\6e453c12a3cee21da8cfd4c387431496.php 第 174 行.
NOTIC: [8] Undefined index: sub_list G:\Littlewhale\#Runtime\Cache\Manager\6e453c12a3cee21da8cfd4c387431496.php 第 174 行.
NOTIC: [8] Undefined index: sub_list G:\Littlewhale\#Runtime\Cache\Manager\6e453c12a3cee21da8cfd4c387431496.php 第 174 行.
NOTIC: [8] Undefined index: sub_list G:\Littlewhale\#Runtime\Cache\Manager\6e453c12a3cee21da8cfd4c387431496.php 第 174 行.
INFO: Run Behavior\ParseTemplateBehavior [ RunTime:0.024001s ]
INFO: [ view_parse ] --END-- [ RunTime:0.024001s ]
INFO: [ view_filter ] --START--
INFO: Run Behavior\WriteHtmlCacheBehavior [ RunTime:0.001000s ]
INFO: [ view_filter ] --END-- [ RunTime:0.001000s ]
INFO: [ app_end ] --START--
INFO: Run Behavior\ShowPageTraceBehavior [ RunTime:0.001000s ]
INFO: [ app_end ] --END-- [ RunTime:0.002000s ]

[ 2018-12-25T09:10:51+08:00 ] 127.0.0.1 /index.php/Manager/Feedback/index.html
INFO: [ app_init ] --START--
INFO: Run Behavior\BuildLiteBehavior [ RunTime:0.000000s ]
INFO: [ app_init ] --END-- [ RunTime:0.001000s ]
INFO: [ app_begin ] --START--
INFO: Run Behavior\ReadHtmlCacheBehavior [ RunTime:0.002000s ]
INFO: [ app_begin ] --END-- [ RunTime:0.002000s ]
SQL: SHOW COLUMNS FROM `db_admin_behavior` [ RunTime:0.0110s ]
NOTIC: [8] Undefined index: validate G:\Littlewhale\ThinkPHP\Library\Think\Model.class.php 第 1185 行.
NOTIC: [8] Undefined index: auto G:\Littlewhale\ThinkPHP\Library\Think\Model.class.php 第 1128 行.
SQL: INSERT INTO `db_admin_behavior` (`manager_id`,`username`,`name`,`router`,`url`,`param`,`is_ajax`,`add_time`) VALUES ('1','admin','意见反馈','Manager/Feedback/index','http://www.xjxc.com/index.php/Manager/Feedback/index.html','POST: 
Cookie:PHPSESSID=7p70fqugvi1fhv8cue47bfro22&ADMUSERNAME=admin','0','1545700251') [ RunTime:0.0080s ]
SQL: SHOW COLUMNS FROM `db_feedback` [ RunTime:0.0090s ]
NOTIC: [8] Undefined index: field_filter G:\Littlewhale\Application\Common\Service\ModelService.class.php 第 229 行.
NOTIC: [8] Undefined index: fetchSql G:\Littlewhale\Application\Common\Service\ModelService.class.php 第 245 行.
SQL: SELECT COUNT(*) AS tp_count FROM `db_feedback` WHERE `status` < 9 ORDER BY id  desc LIMIT 1   [ RunTime:0.0090s ]
NOTIC: [8] Undefined index: parameter G:\Littlewhale\Application\Common\Service\ModelService.class.php 第 67 行.
NOTIC: [8] Undefined index: field_filter G:\Littlewhale\Application\Common\Service\ModelService.class.php 第 229 行.
NOTIC: [8] Undefined index: fetchSql G:\Littlewhale\Application\Common\Service\ModelService.class.php 第 245 行.
SQL: SELECT * FROM `db_feedback` WHERE `status` < 9 ORDER BY id  desc LIMIT 0,15   [ RunTime:0.0090s ]
INFO: [ view_parse ] --START--
INFO: [ template_filter ] --START--
INFO: Run Behavior\ContentReplaceBehavior [ RunTime:0.000000s ]
INFO: [ template_filter ] --END-- [ RunTime:0.000000s ]
INFO: Run Behavior\ParseTemplateBehavior [ RunTime:0.104006s ]
INFO: [ view_parse ] --END-- [ RunTime:0.105006s ]
INFO: [ view_filter ] --START--
INFO: Run Behavior\WriteHtmlCacheBehavior [ RunTime:0.002000s ]
INFO: [ view_filter ] --END-- [ RunTime:0.002000s ]
INFO: [ app_end ] --START--
INFO: Run Behavior\ShowPageTraceBehavior [ RunTime:0.003000s ]
INFO: [ app_end ] --END-- [ RunTime:0.003000s ]

[ 2018-12-25T09:10:52+08:00 ] 127.0.0.1 /index.php/Manager/Feedback/index.html
INFO: [ app_init ] --START--
INFO: Run Behavior\BuildLiteBehavior [ RunTime:0.000000s ]
INFO: [ app_init ] --END-- [ RunTime:0.001000s ]
INFO: [ app_begin ] --START--
INFO: Run Behavior\ReadHtmlCacheBehavior [ RunTime:0.001000s ]
INFO: [ app_begin ] --END-- [ RunTime:0.001000s ]
SQL: SHOW COLUMNS FROM `db_admin_behavior` [ RunTime:0.0100s ]
NOTIC: [8] Undefined index: validate G:\Littlewhale\ThinkPHP\Library\Think\Model.class.php 第 1185 行.
NOTIC: [8] Undefined index: auto G:\Littlewhale\ThinkPHP\Library\Think\Model.class.php 第 1128 行.
SQL: INSERT INTO `db_admin_behavior` (`manager_id`,`username`,`name`,`router`,`url`,`param`,`is_ajax`,`add_time`) VALUES ('1','admin','意见反馈','Manager/Feedback/index','http://www.xjxc.com/index.php/Manager/Feedback/index.html','POST: 
Cookie:PHPSESSID=7p70fqugvi1fhv8cue47bfro22&ADMUSERNAME=admin','0','1545700251') [ RunTime:0.0110s ]
SQL: SHOW COLUMNS FROM `db_feedback` [ RunTime:0.0120s ]
NOTIC: [8] Undefined index: field_filter G:\Littlewhale\Application\Common\Service\ModelService.class.php 第 229 行.
NOTIC: [8] Undefined index: fetchSql G:\Littlewhale\Application\Common\Service\ModelService.class.php 第 245 行.
SQL: SELECT COUNT(*) AS tp_count FROM `db_feedback` WHERE `status` < 9 ORDER BY id  desc LIMIT 1   [ RunTime:0.0100s ]
NOTIC: [8] Undefined index: parameter G:\Littlewhale\Application\Common\Service\ModelService.class.php 第 67 行.
NOTIC: [8] Undefined index: field_filter G:\Littlewhale\Application\Common\Service\ModelService.class.php 第 229 行.
NOTIC: [8] Undefined index: fetchSql G:\Littlewhale\Application\Common\Service\ModelService.class.php 第 245 行.
SQL: SELECT * FROM `db_feedback` WHERE `status` < 9 ORDER BY id  desc LIMIT 0,15   [ RunTime:0.0100s ]
INFO: [ view_parse ] --START--
INFO: [ template_filter ] --START--
INFO: Run Behavior\ContentReplaceBehavior [ RunTime:0.000000s ]
INFO: [ template_filter ] --END-- [ RunTime:0.000000s ]
INFO: Run Behavior\ParseTemplateBehavior [ RunTime:0.025001s ]
INFO: [ view_parse ] --END-- [ RunTime:0.027001s ]
INFO: [ view_filter ] --START--
INFO: Run Behavior\WriteHtmlCacheBehavior [ RunTime:0.001000s ]
INFO: [ view_filter ] --END-- [ RunTime:0.001000s ]
INFO: [ app_end ] --START--
INFO: Run Behavior\ShowPageTraceBehavior [ RunTime:0.002001s ]
INFO: [ app_end ] --END-- [ RunTime:0.002001s ]

[ 2018-12-25T09:10:55+08:00 ] 127.0.0.1 /index.php/Manager/Article/cateindexArticle.html
INFO: [ app_init ] --START--
INFO: Run Behavior\BuildLiteBehavior [ RunTime:0.000000s ]
INFO: [ app_init ] --END-- [ RunTime:0.001000s ]
INFO: [ app_begin ] --START--
INFO: Run Behavior\ReadHtmlCacheBehavior [ RunTime:0.000000s ]
INFO: [ app_begin ] --END-- [ RunTime:0.001000s ]
SQL: SHOW COLUMNS FROM `db_admin_behavior` [ RunTime:0.0090s ]
NOTIC: [8] Undefined index: validate G:\Littlewhale\ThinkPHP\Library\Think\Model.class.php 第 1185 行.
NOTIC: [8] Undefined index: auto G:\Littlewhale\ThinkPHP\Library\Think\Model.class.php 第 1128 行.
SQL: INSERT INTO `db_admin_behavior` (`manager_id`,`username`,`name`,`router`,`url`,`param`,`is_ajax`,`add_time`) VALUES ('1','admin','文章分类列表','Manager/Article/cateindexArticle','http://www.xjxc.com/index.php/Manager/Article/cateindexArticle.html','POST: 
Cookie:PHPSESSID=7p70fqugvi1fhv8cue47bfro22&ADMUSERNAME=admin','0','1545700255') [ RunTime:0.0090s ]
SQL: SHOW COLUMNS FROM `db_article_cate` [ RunTime:0.0100s ]
SQL: SELECT * FROM `db_article_cate` WHERE `status` < 9 AND `p_id` = 0  [ RunTime:0.0110s ]
SQL: SELECT * FROM `db_article_cate` WHERE `status` < 9 AND `p_id` = 1  [ RunTime:0.0140s ]
SQL: SELECT * FROM `db_article_cate` WHERE `status` < 9 AND `p_id` = 3  [ RunTime:0.0090s ]
INFO: [ view_parse ] --START--
INFO: [ template_filter ] --START--
INFO: Run Behavior\ContentReplaceBehavior [ RunTime:0.000000s ]
INFO: [ template_filter ] --END-- [ RunTime:0.001000s ]
NOTIC: [8] Undefined index: s_cated G:\Littlewhale\#Runtime\Cache\Manager\493515876cb05c1c44db1471900d10c3.php 第 158 行.
NOTIC: [8] Undefined index: s_cated G:\Littlewhale\#Runtime\Cache\Manager\493515876cb05c1c44db1471900d10c3.php 第 158 行.
NOTIC: [8] Undefined variable: page G:\Littlewhale\#Runtime\Cache\Manager\493515876cb05c1c44db1471900d10c3.php 第 172 行.
INFO: Run Behavior\ParseTemplateBehavior [ RunTime:0.033002s ]
INFO: [ view_parse ] --END-- [ RunTime:0.033002s ]
INFO: [ view_filter ] --START--
INFO: Run Behavior\WriteHtmlCacheBehavior [ RunTime:0.000000s ]
INFO: [ view_filter ] --END-- [ RunTime:0.000000s ]
INFO: [ app_end ] --START--
INFO: Run Behavior\ShowPageTraceBehavior [ RunTime:0.000000s ]
INFO: [ app_end ] --END-- [ RunTime:0.000000s ]

[ 2018-12-25T09:10:55+08:00 ] 127.0.0.1 /index.php/Manager/Article/cateindexArticle.html
INFO: [ app_init ] --START--
INFO: Run Behavior\BuildLiteBehavior [ RunTime:0.000000s ]
INFO: [ app_init ] --END-- [ RunTime:0.001000s ]
INFO: [ app_begin ] --START--
INFO: Run Behavior\ReadHtmlCacheBehavior [ RunTime:0.001000s ]
INFO: [ app_begin ] --END-- [ RunTime:0.002001s ]
SQL: SHOW COLUMNS FROM `db_admin_behavior` [ RunTime:0.0110s ]
NOTIC: [8] Undefined index: validate G:\Littlewhale\ThinkPHP\Library\Think\Model.class.php 第 1185 行.
NOTIC: [8] Undefined index: auto G:\Littlewhale\ThinkPHP\Library\Think\Model.class.php 第 1128 行.
SQL: INSERT INTO `db_admin_behavior` (`manager_id`,`username`,`name`,`router`,`url`,`param`,`is_ajax`,`add_time`) VALUES ('1','admin','文章分类列表','Manager/Article/cateindexArticle','http://www.xjxc.com/index.php/Manager/Article/cateindexArticle.html','POST: 
Cookie:PHPSESSID=7p70fqugvi1fhv8cue47bfro22&ADMUSERNAME=admin','0','1545700255') [ RunTime:0.0100s ]
SQL: SHOW COLUMNS FROM `db_article_cate` [ RunTime:0.0100s ]
SQL: SELECT * FROM `db_article_cate` WHERE `status` < 9 AND `p_id` = 0  [ RunTime:0.0100s ]
SQL: SELECT * FROM `db_article_cate` WHERE `status` < 9 AND `p_id` = 1  [ RunTime:0.0100s ]
SQL: SELECT * FROM `db_article_cate` WHERE `status` < 9 AND `p_id` = 3  [ RunTime:0.0090s ]
INFO: [ view_parse ] --START--
INFO: [ template_filter ] --START--
INFO: Run Behavior\ContentReplaceBehavior [ RunTime:0.000000s ]
INFO: [ template_filter ] --END-- [ RunTime:0.001000s ]
NOTIC: [8] Undefined index: s_cated G:\Littlewhale\#Runtime\Cache\Manager\493515876cb05c1c44db1471900d10c3.php 第 158 行.
NOTIC: [8] Undefined index: s_cated G:\Littlewhale\#Runtime\Cache\Manager\493515876cb05c1c44db1471900d10c3.php 第 158 行.
NOTIC: [8] Undefined variable: page G:\Littlewhale\#Runtime\Cache\Manager\493515876cb05c1c44db1471900d10c3.php 第 172 行.
INFO: Run Behavior\ParseTemplateBehavior [ RunTime:0.032002s ]
INFO: [ view_parse ] --END-- [ RunTime:0.032002s ]
INFO: [ view_filter ] --START--
INFO: Run Behavior\WriteHtmlCacheBehavior [ RunTime:0.002000s ]
INFO: [ view_filter ] --END-- [ RunTime:0.002000s ]
INFO: [ app_end ] --START--
INFO: Run Behavior\ShowPageTraceBehavior [ RunTime:0.008001s ]
INFO: [ app_end ] --END-- [ RunTime:0.008001s ]

[ 2018-12-25T09:10:57+08:00 ] 127.0.0.1 /index.php/Manager/SendLog/index.html
INFO: [ app_init ] --START--
INFO: Run Behavior\BuildLiteBehavior [ RunTime:0.000000s ]
INFO: [ app_init ] --END-- [ RunTime:0.000000s ]
INFO: [ app_begin ] --START--
INFO: Run Behavior\ReadHtmlCacheBehavior [ RunTime:0.001000s ]
INFO: [ app_begin ] --END-- [ RunTime:0.001000s ]
SQL: SHOW COLUMNS FROM `db_admin_behavior` [ RunTime:0.0090s ]
NOTIC: [8] Undefined index: validate G:\Littlewhale\ThinkPHP\Library\Think\Model.class.php 第 1185 行.
NOTIC: [8] Undefined index: auto G:\Littlewhale\ThinkPHP\Library\Think\Model.class.php 第 1128 行.
SQL: INSERT INTO `db_admin_behavior` (`manager_id`,`username`,`name`,`router`,`url`,`param`,`is_ajax`,`add_time`) VALUES ('1','admin','发信记录','Manager/SendLog/index','http://www.xjxc.com/index.php/Manager/SendLog/index.html','POST: 
Cookie:PHPSESSID=7p70fqugvi1fhv8cue47bfro22&ADMUSERNAME=admin','0','1545700257') [ RunTime:0.0100s ]
SQL: SHOW COLUMNS FROM `db_send_log` [ RunTime:0.0110s ]
NOTIC: [8] Undefined index: field_filter G:\Littlewhale\Application\Common\Service\ModelService.class.php 第 229 行.
NOTIC: [8] Undefined index: fetchSql G:\Littlewhale\Application\Common\Service\ModelService.class.php 第 245 行.
SQL: SELECT COUNT(*) AS tp_count FROM `db_send_log` WHERE `status` < 9 ORDER BY id  desc LIMIT 1   [ RunTime:0.0080s ]
NOTIC: [8] Undefined index: parameter G:\Littlewhale\Application\Common\Service\ModelService.class.php 第 67 行.
NOTIC: [8] Undefined index: field_filter G:\Littlewhale\Application\Common\Service\ModelService.class.php 第 229 行.
NOTIC: [8] Undefined index: fetchSql G:\Littlewhale\Application\Common\Service\ModelService.class.php 第 245 行.
SQL: SELECT * FROM `db_send_log` WHERE `status` < 9 ORDER BY id  desc LIMIT 0,15   [ RunTime:0.0100s ]
INFO: [ view_parse ] --START--
INFO: [ template_filter ] --START--
INFO: Run Behavior\ContentReplaceBehavior [ RunTime:0.000000s ]
INFO: [ template_filter ] --END-- [ RunTime:0.001000s ]
INFO: Run Behavior\ParseTemplateBehavior [ RunTime:0.031002s ]
INFO: [ view_parse ] --END-- [ RunTime:0.031002s ]
INFO: [ view_filter ] --START--
INFO: Run Behavior\WriteHtmlCacheBehavior [ RunTime:0.001000s ]
INFO: [ view_filter ] --END-- [ RunTime:0.002000s ]
INFO: [ app_end ] --START--
INFO: Run Behavior\ShowPageTraceBehavior [ RunTime:0.002000s ]
INFO: [ app_end ] --END-- [ RunTime:0.002000s ]

[ 2018-12-25T09:10:57+08:00 ] 127.0.0.1 /index.php/Manager/SendLog/index.html
INFO: [ app_init ] --START--
INFO: Run Behavior\BuildLiteBehavior [ RunTime:0.000000s ]
INFO: [ app_init ] --END-- [ RunTime:0.001000s ]
INFO: [ app_begin ] --START--
INFO: Run Behavior\ReadHtmlCacheBehavior [ RunTime:0.001000s ]
INFO: [ app_begin ] --END-- [ RunTime:0.001000s ]
SQL: SHOW COLUMNS FROM `db_admin_behavior` [ RunTime:0.0110s ]
NOTIC: [8] Undefined index: validate G:\Littlewhale\ThinkPHP\Library\Think\Model.class.php 第 1185 行.
NOTIC: [8] Undefined index: auto G:\Littlewhale\ThinkPHP\Library\Think\Model.class.php 第 1128 行.
SQL: INSERT INTO `db_admin_behavior` (`manager_id`,`username`,`name`,`router`,`url`,`param`,`is_ajax`,`add_time`) VALUES ('1','admin','发信记录','Manager/SendLog/index','http://www.xjxc.com/index.php/Manager/SendLog/index.html','POST: 
Cookie:PHPSESSID=7p70fqugvi1fhv8cue47bfro22&ADMUSERNAME=admin','0','1545700257') [ RunTime:0.0090s ]
SQL: SHOW COLUMNS FROM `db_send_log` [ RunTime:0.0100s ]
NOTIC: [8] Undefined index: field_filter G:\Littlewhale\Application\Common\Service\ModelService.class.php 第 229 行.
NOTIC: [8] Undefined index: fetchSql G:\Littlewhale\Application\Common\Service\ModelService.class.php 第 245 行.
SQL: SELECT COUNT(*) AS tp_count FROM `db_send_log` WHERE `status` < 9 ORDER BY id  desc LIMIT 1   [ RunTime:0.0090s ]
NOTIC: [8] Undefined index: parameter G:\Littlewhale\Application\Common\Service\ModelService.class.php 第 67 行.
NOTIC: [8] Undefined index: field_filter G:\Littlewhale\Application\Common\Service\ModelService.class.php 第 229 行.
NOTIC: [8] Undefined index: fetchSql G:\Littlewhale\Application\Common\Service\ModelService.class.php 第 245 行.
SQL: SELECT * FROM `db_send_log` WHERE `status` < 9 ORDER BY id  desc LIMIT 0,15   [ RunTime:0.0110s ]
INFO: [ view_parse ] --START--
INFO: [ template_filter ] --START--
INFO: Run Behavior\ContentReplaceBehavior [ RunTime:0.000000s ]
INFO: [ template_filter ] --END-- [ RunTime:0.000000s ]
INFO: Run Behavior\ParseTemplateBehavior [ RunTime:0.013001s ]
INFO: [ view_parse ] --END-- [ RunTime:0.013001s ]
INFO: [ view_filter ] --START--
INFO: Run Behavior\WriteHtmlCacheBehavior [ RunTime:0.001000s ]
INFO: [ view_filter ] --END-- [ RunTime:0.001000s ]
INFO: [ app_end ] --START--
INFO: Run Behavior\ShowPageTraceBehavior [ RunTime:0.001000s ]
INFO: [ app_end ] --END-- [ RunTime:0.001000s ]

[ 2018-12-25T09:11:06+08:00 ] 127.0.0.1 /index.php/Manager/Config/index.html
INFO: [ app_init ] --START--
INFO: Run Behavior\BuildLiteBehavior [ RunTime:0.000000s ]
INFO: [ app_init ] --END-- [ RunTime:0.000000s ]
INFO: [ app_begin ] --START--
INFO: Run Behavior\ReadHtmlCacheBehavior [ RunTime:0.000000s ]
INFO: [ app_begin ] --END-- [ RunTime:0.001000s ]
NOTIC: [2] in_array() expects parameter 2 to be array, null given G:\Littlewhale\Application\Common\Service\ControllerService.class.php 第 45 行.
NOTIC: [2] in_array() expects parameter 2 to be array, null given G:\Littlewhale\Application\Common\Service\ControllerService.class.php 第 45 行.
SQL: SHOW COLUMNS FROM `db_admin_behavior` [ RunTime:0.0090s ]
NOTIC: [8] Undefined index: validate G:\Littlewhale\ThinkPHP\Library\Think\Model.class.php 第 1185 行.
NOTIC: [8] Undefined index: auto G:\Littlewhale\ThinkPHP\Library\Think\Model.class.php 第 1128 行.
SQL: INSERT INTO `db_admin_behavior` (`manager_id`,`username`,`name`,`router`,`url`,`param`,`is_ajax`,`add_time`) VALUES ('1','admin','基本配置','Manager/Config/index','http://www.xjxc.com/index.php/Manager/Config/index.html','POST: 
Cookie:PHPSESSID=7p70fqugvi1fhv8cue47bfro22&ADMUSERNAME=admin','0','1545700265') [ RunTime:0.0080s ]
SQL: SHOW COLUMNS FROM `db_config` [ RunTime:0.0080s ]
NOTIC: [8] Undefined index: field_filter G:\Littlewhale\Application\Common\Service\ModelService.class.php 第 229 行.
NOTIC: [8] Undefined index: fetchSql G:\Littlewhale\Application\Common\Service\ModelService.class.php 第 245 行.
SQL: SELECT `key`,`value` FROM `db_config`  [ RunTime:0.0090s ]
SQL: SHOW COLUMNS FROM `db_file` [ RunTime:0.0100s ]
SQL: SELECT `path` FROM `db_file` WHERE `id` = 214 LIMIT 1   [ RunTime:0.0080s ]
INFO: [ view_parse ] --START--
INFO: [ template_filter ] --START--
INFO: Run Behavior\ContentReplaceBehavior [ RunTime:0.000000s ]
INFO: [ template_filter ] --END-- [ RunTime:0.000000s ]
NOTIC: [8] Undefined variable: website G:\Littlewhale\#Runtime\Cache\Manager\7fa3d583be6d5c977c8acb6712f97b88.php 第 5 行.
NOTIC: [8] Undefined variable: row G:\Littlewhale\#Runtime\Cache\Manager\7fa3d583be6d5c977c8acb6712f97b88.php 第 189 行.
INFO: Run Behavior\ParseTemplateBehavior [ RunTime:0.031001s ]
INFO: [ view_parse ] --END-- [ RunTime:0.032002s ]
INFO: [ view_filter ] --START--
INFO: Run Behavior\WriteHtmlCacheBehavior [ RunTime:0.001000s ]
INFO: [ view_filter ] --END-- [ RunTime:0.002000s ]
INFO: [ app_end ] --START--
INFO: Run Behavior\ShowPageTraceBehavior [ RunTime:0.002001s ]
INFO: [ app_end ] --END-- [ RunTime:0.003001s ]

