[ 2018-12-17T17:06:42+08:00 ] 127.0.0.1 /Littlewhale/index.php/Manager/Index/index.html
INFO: [ app_init ] --START--
INFO: Run Behavior\BuildLiteBehavior [ RunTime:0.000027s ]
INFO: [ app_init ] --END-- [ RunTime:0.001269s ]
INFO: [ app_begin ] --START--
INFO: Run Behavior\ReadHtmlCacheBehavior [ RunTime:0.002222s ]
INFO: [ app_begin ] --END-- [ RunTime:0.002307s ]

[ 2018-12-17T17:06:42+08:00 ] 127.0.0.1 /Littlewhale/index.php/Manager/Admin/login.html
INFO: [ app_init ] --START--
INFO: Run Behavior\BuildLiteBehavior [ RunTime:0.000017s ]
INFO: [ app_init ] --END-- [ RunTime:0.000098s ]
INFO: [ app_begin ] --START--
INFO: Run Behavior\ReadHtmlCacheBehavior [ RunTime:0.000106s ]
INFO: [ app_begin ] --END-- [ RunTime:0.000246s ]
INFO: [ view_parse ] --START--
INFO: [ template_filter ] --START--
INFO: Run Behavior\ContentReplaceBehavior [ RunTime:0.000068s ]
INFO: [ template_filter ] --END-- [ RunTime:0.000131s ]
INFO: Run Behavior\ParseTemplateBehavior [ RunTime:0.016479s ]
INFO: [ view_parse ] --END-- [ RunTime:0.016550s ]
INFO: [ view_filter ] --START--
INFO: Run Behavior\WriteHtmlCacheBehavior [ RunTime:0.000904s ]
INFO: [ view_filter ] --END-- [ RunTime:0.000958s ]
INFO: [ app_end ] --START--
INFO: Run Behavior\ShowPageTraceBehavior [ RunTime:0.001501s ]
INFO: [ app_end ] --END-- [ RunTime:0.001576s ]

[ 2018-12-17T17:06:42+08:00 ] 127.0.0.1 /Littlewhale/index.php/Manager/Index/verifyImage.html
INFO: [ app_init ] --START--
INFO: Run Behavior\BuildLiteBehavior [ RunTime:0.000129s ]
INFO: [ app_init ] --END-- [ RunTime:0.000352s ]
INFO: [ app_begin ] --START--
INFO: Run Behavior\ReadHtmlCacheBehavior [ RunTime:0.001017s ]
INFO: [ app_begin ] --END-- [ RunTime:0.001334s ]
INFO: [ app_end ] --START--
INFO: Run Behavior\ShowPageTraceBehavior [ RunTime:0.002146s ]
INFO: [ app_end ] --END-- [ RunTime:0.002314s ]

[ 2018-12-17T17:06:52+08:00 ] 127.0.0.1 /Littlewhale/index.php/Manager/Admin/login.html
INFO: [ app_init ] --START--
INFO: Run Behavior\BuildLiteBehavior [ RunTime:0.000016s ]
INFO: [ app_init ] --END-- [ RunTime:0.000233s ]
INFO: [ app_begin ] --START--
INFO: Run Behavior\ReadHtmlCacheBehavior [ RunTime:0.000081s ]
INFO: [ app_begin ] --END-- [ RunTime:0.000144s ]
NOTIC: [2] strpos() expects parameter 1 to be string, array given D:\test\Littlewhale\Vendor\Txunda\Txunda.Param.php 第 97 行.
SQL: SHOW COLUMNS FROM `db_admin` [ RunTime:0.0110s ]
NOTIC: [8] Undefined index: field_filter D:\test\Littlewhale\Application\Common\Service\ModelService.class.php 第 229 行.
NOTIC: [8] Undefined index: fetchSql D:\test\Littlewhale\Application\Common\Service\ModelService.class.php 第 245 行.
SQL: SELECT `id`,`group_id`,`username`,`password`,`salt`,`status` FROM `db_admin` WHERE `username` = 'admin' LIMIT 1   [ RunTime:0.0236s ]

[ 2018-12-17T17:06:54+08:00 ] 127.0.0.1 /Littlewhale/index.php/Manager/Index/verifyImage.html?v=0.00023227765092004304
INFO: [ app_init ] --START--
INFO: Run Behavior\BuildLiteBehavior [ RunTime:0.000017s ]
INFO: [ app_init ] --END-- [ RunTime:0.000107s ]
INFO: [ app_begin ] --START--
INFO: Run Behavior\ReadHtmlCacheBehavior [ RunTime:0.000246s ]
INFO: [ app_begin ] --END-- [ RunTime:0.000516s ]
INFO: [ app_end ] --START--
INFO: Run Behavior\ShowPageTraceBehavior [ RunTime:0.000125s ]
INFO: [ app_end ] --END-- [ RunTime:0.000195s ]

[ 2018-12-17T17:06:58+08:00 ] 127.0.0.1 /Littlewhale/index.php/Manager/Admin/login.html
INFO: [ app_init ] --START--
INFO: Run Behavior\BuildLiteBehavior [ RunTime:0.000032s ]
INFO: [ app_init ] --END-- [ RunTime:0.000203s ]
INFO: [ app_begin ] --START--
INFO: Run Behavior\ReadHtmlCacheBehavior [ RunTime:0.000639s ]
INFO: [ app_begin ] --END-- [ RunTime:0.000892s ]
NOTIC: [2] strpos() expects parameter 1 to be string, array given D:\test\Littlewhale\Vendor\Txunda\Txunda.Param.php 第 97 行.

[ 2018-12-17T17:06:59+08:00 ] 127.0.0.1 /Littlewhale/index.php/Manager/Index/verifyImage.html?v=0.699646236925638
INFO: [ app_init ] --START--
INFO: Run Behavior\BuildLiteBehavior [ RunTime:0.000064s ]
INFO: [ app_init ] --END-- [ RunTime:0.000415s ]
INFO: [ app_begin ] --START--
INFO: Run Behavior\ReadHtmlCacheBehavior [ RunTime:0.000190s ]
INFO: [ app_begin ] --END-- [ RunTime:0.000386s ]
INFO: [ app_end ] --START--
INFO: Run Behavior\ShowPageTraceBehavior [ RunTime:0.000140s ]
INFO: [ app_end ] --END-- [ RunTime:0.000283s ]

[ 2018-12-17T17:07:05+08:00 ] 127.0.0.1 /Littlewhale/index.php/Manager/Admin/login.html
INFO: [ app_init ] --START--
INFO: Run Behavior\BuildLiteBehavior [ RunTime:0.000019s ]
INFO: [ app_init ] --END-- [ RunTime:0.000128s ]
INFO: [ app_begin ] --START--
INFO: Run Behavior\ReadHtmlCacheBehavior [ RunTime:0.000083s ]
INFO: [ app_begin ] --END-- [ RunTime:0.000140s ]
NOTIC: [2] strpos() expects parameter 1 to be string, array given D:\test\Littlewhale\Vendor\Txunda\Txunda.Param.php 第 97 行.
SQL: SHOW COLUMNS FROM `db_admin` [ RunTime:0.0487s ]
NOTIC: [8] Undefined index: field_filter D:\test\Littlewhale\Application\Common\Service\ModelService.class.php 第 229 行.
NOTIC: [8] Undefined index: fetchSql D:\test\Littlewhale\Application\Common\Service\ModelService.class.php 第 245 行.
SQL: SELECT `id`,`group_id`,`username`,`password`,`salt`,`status` FROM `db_admin` WHERE `username` = 'admin' LIMIT 1   [ RunTime:0.0104s ]
SQL: SHOW COLUMNS FROM `db_admin_group` [ RunTime:0.0115s ]
SQL: SHOW COLUMNS FROM `db_admin_menu` [ RunTime:0.2251s ]
NOTIC: [8] Undefined index: field_filter D:\test\Littlewhale\Application\Common\Service\ModelService.class.php 第 229 行.
NOTIC: [8] Undefined index: fetchSql D:\test\Littlewhale\Application\Common\Service\ModelService.class.php 第 245 行.
SQL: SELECT `id`,`p_id`,`name`,`router`,`type`,`icon`,`system`,`sort`,`status` FROM `db_admin_menu` WHERE `status` <> 9 ORDER BY sort ASC, id ASC  [ RunTime:0.5420s ]
NOTIC: [2] file_put_contents(./Cache/AdminMenu/1): failed to open stream: No such file or directory D:\test\Littlewhale\Application\Manager\Model\AdminGroupModel.class.php 第 76 行.

[ 2018-12-17T17:07:07+08:00 ] 127.0.0.1 /Littlewhale/index.php/Manager/Index/verifyImage.html?v=0.3473652506402518
INFO: [ app_init ] --START--
INFO: Run Behavior\BuildLiteBehavior [ RunTime:0.000065s ]
INFO: [ app_init ] --END-- [ RunTime:0.000348s ]
INFO: [ app_begin ] --START--
INFO: Run Behavior\ReadHtmlCacheBehavior [ RunTime:0.000162s ]
INFO: [ app_begin ] --END-- [ RunTime:0.000289s ]
INFO: [ app_end ] --START--
INFO: Run Behavior\ShowPageTraceBehavior [ RunTime:0.000675s ]
INFO: [ app_end ] --END-- [ RunTime:0.000851s ]

[ 2018-12-17T17:07:43+08:00 ] 127.0.0.1 /Littlewhale/index.php/Manager/Admin/login.html
INFO: [ app_init ] --START--
INFO: Run Behavior\BuildLiteBehavior [ RunTime:0.000023s ]
INFO: [ app_init ] --END-- [ RunTime:0.000149s ]
INFO: [ app_begin ] --START--
INFO: Run Behavior\ReadHtmlCacheBehavior [ RunTime:0.000210s ]
INFO: [ app_begin ] --END-- [ RunTime:0.000401s ]
NOTIC: [2] strpos() expects parameter 1 to be string, array given D:\test\Littlewhale\Vendor\Txunda\Txunda.Param.php 第 97 行.

[ 2018-12-17T17:07:45+08:00 ] 127.0.0.1 /Littlewhale/index.php/Manager/Index/verifyImage.html?v=0.6986116418180677
INFO: [ app_init ] --START--
INFO: Run Behavior\BuildLiteBehavior [ RunTime:0.000034s ]
INFO: [ app_init ] --END-- [ RunTime:0.000189s ]
INFO: [ app_begin ] --START--
INFO: Run Behavior\ReadHtmlCacheBehavior [ RunTime:0.000130s ]
INFO: [ app_begin ] --END-- [ RunTime:0.000261s ]
INFO: [ app_end ] --START--
INFO: Run Behavior\ShowPageTraceBehavior [ RunTime:0.000261s ]
INFO: [ app_end ] --END-- [ RunTime:0.000355s ]

[ 2018-12-17T17:07:49+08:00 ] 127.0.0.1 /Littlewhale/index.php/Manager/Admin/login.html
INFO: [ app_init ] --START--
INFO: Run Behavior\BuildLiteBehavior [ RunTime:0.000029s ]
INFO: [ app_init ] --END-- [ RunTime:0.000341s ]
INFO: [ app_begin ] --START--
INFO: Run Behavior\ReadHtmlCacheBehavior [ RunTime:0.000306s ]
INFO: [ app_begin ] --END-- [ RunTime:0.000604s ]
NOTIC: [2] strpos() expects parameter 1 to be string, array given D:\test\Littlewhale\Vendor\Txunda\Txunda.Param.php 第 97 行.
SQL: SHOW COLUMNS FROM `db_admin` [ RunTime:0.0107s ]
NOTIC: [8] Undefined index: field_filter D:\test\Littlewhale\Application\Common\Service\ModelService.class.php 第 229 行.
NOTIC: [8] Undefined index: fetchSql D:\test\Littlewhale\Application\Common\Service\ModelService.class.php 第 245 行.
SQL: SELECT `id`,`group_id`,`username`,`password`,`salt`,`status` FROM `db_admin` WHERE `username` = 'admin' LIMIT 1   [ RunTime:0.0091s ]
SQL: SHOW COLUMNS FROM `db_admin_group` [ RunTime:0.4384s ]
SQL: SHOW COLUMNS FROM `db_admin_menu` [ RunTime:0.0123s ]
NOTIC: [8] Undefined index: field_filter D:\test\Littlewhale\Application\Common\Service\ModelService.class.php 第 229 行.
NOTIC: [8] Undefined index: fetchSql D:\test\Littlewhale\Application\Common\Service\ModelService.class.php 第 245 行.
SQL: SELECT `id`,`p_id`,`name`,`router`,`type`,`icon`,`system`,`sort`,`status` FROM `db_admin_menu` WHERE `status` <> 9 ORDER BY sort ASC, id ASC  [ RunTime:0.0108s ]

[ 2018-12-17T17:07:52+08:00 ] 127.0.0.1 /Littlewhale/index.php/Manager/Index/index.html
INFO: [ app_init ] --START--
INFO: Run Behavior\BuildLiteBehavior [ RunTime:0.000018s ]
INFO: [ app_init ] --END-- [ RunTime:0.000114s ]
INFO: [ app_begin ] --START--
INFO: Run Behavior\ReadHtmlCacheBehavior [ RunTime:0.000162s ]
INFO: [ app_begin ] --END-- [ RunTime:0.000257s ]
SQL: SHOW COLUMNS FROM `db_file` [ RunTime:0.5326s ]
SQL: SELECT `path` FROM `db_file` WHERE `id` = 205 LIMIT 1   [ RunTime:0.0390s ]
INFO: [ view_parse ] --START--
INFO: [ template_filter ] --START--
INFO: Run Behavior\ContentReplaceBehavior [ RunTime:0.000131s ]
INFO: [ template_filter ] --END-- [ RunTime:0.000189s ]
INFO: Run Behavior\ParseTemplateBehavior [ RunTime:0.012810s ]
INFO: [ view_parse ] --END-- [ RunTime:0.012887s ]
INFO: [ view_filter ] --START--
INFO: Run Behavior\WriteHtmlCacheBehavior [ RunTime:0.000409s ]
INFO: [ view_filter ] --END-- [ RunTime:0.000459s ]
INFO: [ app_end ] --START--
INFO: Run Behavior\ShowPageTraceBehavior [ RunTime:0.000090s ]
INFO: [ app_end ] --END-- [ RunTime:0.000147s ]

[ 2018-12-17T17:07:52+08:00 ] 127.0.0.1 /Littlewhale/index.php/Manager/Index/welcome.html
INFO: [ app_init ] --START--
INFO: Run Behavior\BuildLiteBehavior [ RunTime:0.000041s ]
INFO: [ app_init ] --END-- [ RunTime:0.000528s ]
INFO: [ app_begin ] --START--
INFO: Run Behavior\ReadHtmlCacheBehavior [ RunTime:0.000856s ]
INFO: [ app_begin ] --END-- [ RunTime:0.000992s ]
INFO: [ view_parse ] --START--
INFO: [ template_filter ] --START--
INFO: Run Behavior\ContentReplaceBehavior [ RunTime:0.000167s ]
INFO: [ template_filter ] --END-- [ RunTime:0.000314s ]
INFO: Run Behavior\ParseTemplateBehavior [ RunTime:0.014008s ]
INFO: [ view_parse ] --END-- [ RunTime:0.014177s ]
INFO: [ view_filter ] --START--
INFO: Run Behavior\WriteHtmlCacheBehavior [ RunTime:0.000662s ]
INFO: [ view_filter ] --END-- [ RunTime:0.000804s ]
INFO: [ app_end ] --START--
INFO: Run Behavior\ShowPageTraceBehavior [ RunTime:0.000573s ]
INFO: [ app_end ] --END-- [ RunTime:0.000699s ]

[ 2018-12-17T17:08:02+08:00 ] 127.0.0.1 /Littlewhale/index.php/Manager/Index/index.html
INFO: [ app_init ] --START--
INFO: Run Behavior\BuildLiteBehavior [ RunTime:0.000055s ]
INFO: [ app_init ] --END-- [ RunTime:0.000638s ]
INFO: [ app_begin ] --START--
INFO: Run Behavior\ReadHtmlCacheBehavior [ RunTime:0.000726s ]
INFO: [ app_begin ] --END-- [ RunTime:0.000821s ]
SQL: SHOW COLUMNS FROM `db_file` [ RunTime:0.0105s ]
SQL: SELECT `path` FROM `db_file` WHERE `id` = 205 LIMIT 1   [ RunTime:0.0101s ]
INFO: [ view_parse ] --START--
INFO: [ template_filter ] --START--
INFO: Run Behavior\ContentReplaceBehavior [ RunTime:0.000122s ]
INFO: [ template_filter ] --END-- [ RunTime:0.000187s ]
INFO: Run Behavior\ParseTemplateBehavior [ RunTime:0.012031s ]
INFO: [ view_parse ] --END-- [ RunTime:0.012131s ]
INFO: [ view_filter ] --START--
INFO: Run Behavior\WriteHtmlCacheBehavior [ RunTime:0.000397s ]
INFO: [ view_filter ] --END-- [ RunTime:0.000446s ]
INFO: [ app_end ] --START--
INFO: Run Behavior\ShowPageTraceBehavior [ RunTime:0.000615s ]
INFO: [ app_end ] --END-- [ RunTime:0.000709s ]

[ 2018-12-17T17:08:02+08:00 ] 127.0.0.1 /Littlewhale/index.php/Manager/Index/welcome.html
INFO: [ app_init ] --START--
INFO: Run Behavior\BuildLiteBehavior [ RunTime:0.000025s ]
INFO: [ app_init ] --END-- [ RunTime:0.000159s ]
INFO: [ app_begin ] --START--
INFO: Run Behavior\ReadHtmlCacheBehavior [ RunTime:0.000592s ]
INFO: [ app_begin ] --END-- [ RunTime:0.000848s ]
INFO: [ view_parse ] --START--
INFO: [ template_filter ] --START--
INFO: Run Behavior\ContentReplaceBehavior [ RunTime:0.000169s ]
INFO: [ template_filter ] --END-- [ RunTime:0.000248s ]
INFO: Run Behavior\ParseTemplateBehavior [ RunTime:0.005500s ]
INFO: [ view_parse ] --END-- [ RunTime:0.005652s ]
INFO: [ view_filter ] --START--
INFO: Run Behavior\WriteHtmlCacheBehavior [ RunTime:0.000277s ]
INFO: [ view_filter ] --END-- [ RunTime:0.000652s ]
INFO: [ app_end ] --START--
INFO: Run Behavior\ShowPageTraceBehavior [ RunTime:0.000315s ]
INFO: [ app_end ] --END-- [ RunTime:0.000556s ]

[ 2018-12-17T17:08:06+08:00 ] 127.0.0.1 /Littlewhale/index.php/Manager/Member/index.html
INFO: [ app_init ] --START--
INFO: Run Behavior\BuildLiteBehavior [ RunTime:0.000019s ]
INFO: [ app_init ] --END-- [ RunTime:0.000141s ]
INFO: [ app_begin ] --START--
INFO: Run Behavior\ReadHtmlCacheBehavior [ RunTime:0.000207s ]
INFO: [ app_begin ] --END-- [ RunTime:0.000352s ]
SQL: SHOW COLUMNS FROM `db_admin_behavior` [ RunTime:0.0162s ]
NOTIC: [8] Undefined index: validate D:\test\Littlewhale\ThinkPHP\Library\Think\Model.class.php 第 1185 行.
NOTIC: [8] Undefined index: auto D:\test\Littlewhale\ThinkPHP\Library\Think\Model.class.php 第 1128 行.
SQL: INSERT INTO `db_admin_behavior` (`manager_id`,`username`,`name`,`router`,`url`,`param`,`is_ajax`,`add_time`) VALUES ('1','admin','用户列表','Manager/Member/index','http://www.test.com/Littlewhale/index.php/Manager/Member/index.html','POST: 
Cookie:PHPSESSID=plgm3glever12mq5s2tb50nooc&ADMUSERNAME=admin','0','1545037685') [ RunTime:0.5427s ]
SQL: SHOW COLUMNS FROM `db_member` [ RunTime:0.0112s ]
NOTIC: [8] Undefined index: field_filter D:\test\Littlewhale\Application\Common\Service\ModelService.class.php 第 229 行.
NOTIC: [8] Undefined index: fetchSql D:\test\Littlewhale\Application\Common\Service\ModelService.class.php 第 245 行.
SQL: SELECT COUNT(*) AS tp_count FROM `db_member` WHERE `status` < 9 ORDER BY sort desc , create_time desc LIMIT 1   [ RunTime:0.0104s ]
NOTIC: [8] Undefined index: parameter D:\test\Littlewhale\Application\Common\Service\ModelService.class.php 第 67 行.
NOTIC: [8] Undefined index: field_filter D:\test\Littlewhale\Application\Common\Service\ModelService.class.php 第 229 行.
NOTIC: [8] Undefined index: fetchSql D:\test\Littlewhale\Application\Common\Service\ModelService.class.php 第 245 行.
SQL: SELECT * FROM `db_member` WHERE `status` < 9 ORDER BY sort desc , create_time desc LIMIT 0,15   [ RunTime:0.0118s ]
INFO: [ view_parse ] --START--
INFO: [ template_filter ] --START--
INFO: Run Behavior\ContentReplaceBehavior [ RunTime:0.000292s ]
INFO: [ template_filter ] --END-- [ RunTime:0.000506s ]
NOTIC: [8] Undefined index: account D:\test\Littlewhale\#Runtime\Cache\Manager\0c81d401ff07d30607b0f8454a56b8c3.php 第 137 行.
NOTIC: [8] Undefined index: nickname D:\test\Littlewhale\#Runtime\Cache\Manager\0c81d401ff07d30607b0f8454a56b8c3.php 第 140 行.
NOTIC: [8] Undefined index: sex D:\test\Littlewhale\#Runtime\Cache\Manager\0c81d401ff07d30607b0f8454a56b8c3.php 第 145 行.
NOTIC: [8] Undefined index: sex D:\test\Littlewhale\#Runtime\Cache\Manager\0c81d401ff07d30607b0f8454a56b8c3.php 第 146 行.
NOTIC: [8] Undefined index: start_time D:\test\Littlewhale\#Runtime\Cache\Manager\0c81d401ff07d30607b0f8454a56b8c3.php 第 151 行.
NOTIC: [8] Undefined index: start_time D:\test\Littlewhale\#Runtime\Cache\Manager\0c81d401ff07d30607b0f8454a56b8c3.php 第 152 行.
NOTIC: [8] Undefined index: end_time D:\test\Littlewhale\#Runtime\Cache\Manager\0c81d401ff07d30607b0f8454a56b8c3.php 第 156 行.
NOTIC: [8] Undefined index: end_time D:\test\Littlewhale\#Runtime\Cache\Manager\0c81d401ff07d30607b0f8454a56b8c3.php 第 157 行.
NOTIC: [8] Undefined index: sort_order D:\test\Littlewhale\#Runtime\Cache\Manager\0c81d401ff07d30607b0f8454a56b8c3.php 第 233 行.
INFO: Run Behavior\ParseTemplateBehavior [ RunTime:0.021292s ]
INFO: [ view_parse ] --END-- [ RunTime:0.021560s ]
INFO: [ view_filter ] --START--
INFO: Run Behavior\WriteHtmlCacheBehavior [ RunTime:0.000282s ]
INFO: [ view_filter ] --END-- [ RunTime:0.000418s ]
INFO: [ app_end ] --START--
INFO: Run Behavior\ShowPageTraceBehavior [ RunTime:0.000250s ]
INFO: [ app_end ] --END-- [ RunTime:0.000394s ]

[ 2018-12-17T17:08:09+08:00 ] 127.0.0.1 /Littlewhale/index.php/Manager/Member/index.html
INFO: [ app_init ] --START--
INFO: Run Behavior\BuildLiteBehavior [ RunTime:0.000015s ]
INFO: [ app_init ] --END-- [ RunTime:0.000093s ]
INFO: [ app_begin ] --START--
INFO: Run Behavior\ReadHtmlCacheBehavior [ RunTime:0.000877s ]
INFO: [ app_begin ] --END-- [ RunTime:0.001218s ]
SQL: SHOW COLUMNS FROM `db_admin_behavior` [ RunTime:0.0114s ]
NOTIC: [8] Undefined index: validate D:\test\Littlewhale\ThinkPHP\Library\Think\Model.class.php 第 1185 行.
NOTIC: [8] Undefined index: auto D:\test\Littlewhale\ThinkPHP\Library\Think\Model.class.php 第 1128 行.
SQL: INSERT INTO `db_admin_behavior` (`manager_id`,`username`,`name`,`router`,`url`,`param`,`is_ajax`,`add_time`) VALUES ('1','admin','用户列表','Manager/Member/index','http://www.test.com/Littlewhale/index.php/Manager/Member/index.html','POST: 
Cookie:PHPSESSID=plgm3glever12mq5s2tb50nooc&ADMUSERNAME=admin','0','1545037686') [ RunTime:0.3720s ]
SQL: SHOW COLUMNS FROM `db_member` [ RunTime:0.0144s ]
NOTIC: [8] Undefined index: field_filter D:\test\Littlewhale\Application\Common\Service\ModelService.class.php 第 229 行.
NOTIC: [8] Undefined index: fetchSql D:\test\Littlewhale\Application\Common\Service\ModelService.class.php 第 245 行.
SQL: SELECT COUNT(*) AS tp_count FROM `db_member` WHERE `status` < 9 ORDER BY sort desc , create_time desc LIMIT 1   [ RunTime:0.0113s ]
NOTIC: [8] Undefined index: parameter D:\test\Littlewhale\Application\Common\Service\ModelService.class.php 第 67 行.
NOTIC: [8] Undefined index: field_filter D:\test\Littlewhale\Application\Common\Service\ModelService.class.php 第 229 行.
NOTIC: [8] Undefined index: fetchSql D:\test\Littlewhale\Application\Common\Service\ModelService.class.php 第 245 行.
SQL: SELECT * FROM `db_member` WHERE `status` < 9 ORDER BY sort desc , create_time desc LIMIT 0,15   [ RunTime:0.0125s ]
INFO: [ view_parse ] --START--
INFO: [ template_filter ] --START--
INFO: Run Behavior\ContentReplaceBehavior [ RunTime:0.000157s ]
INFO: [ template_filter ] --END-- [ RunTime:0.000242s ]
NOTIC: [8] Undefined index: account D:\test\Littlewhale\#Runtime\Cache\Manager\0c81d401ff07d30607b0f8454a56b8c3.php 第 137 行.
NOTIC: [8] Undefined index: nickname D:\test\Littlewhale\#Runtime\Cache\Manager\0c81d401ff07d30607b0f8454a56b8c3.php 第 140 行.
NOTIC: [8] Undefined index: sex D:\test\Littlewhale\#Runtime\Cache\Manager\0c81d401ff07d30607b0f8454a56b8c3.php 第 145 行.
NOTIC: [8] Undefined index: sex D:\test\Littlewhale\#Runtime\Cache\Manager\0c81d401ff07d30607b0f8454a56b8c3.php 第 146 行.
NOTIC: [8] Undefined index: start_time D:\test\Littlewhale\#Runtime\Cache\Manager\0c81d401ff07d30607b0f8454a56b8c3.php 第 151 行.
NOTIC: [8] Undefined index: start_time D:\test\Littlewhale\#Runtime\Cache\Manager\0c81d401ff07d30607b0f8454a56b8c3.php 第 152 行.
NOTIC: [8] Undefined index: end_time D:\test\Littlewhale\#Runtime\Cache\Manager\0c81d401ff07d30607b0f8454a56b8c3.php 第 156 行.
NOTIC: [8] Undefined index: end_time D:\test\Littlewhale\#Runtime\Cache\Manager\0c81d401ff07d30607b0f8454a56b8c3.php 第 157 行.
NOTIC: [8] Undefined index: sort_order D:\test\Littlewhale\#Runtime\Cache\Manager\0c81d401ff07d30607b0f8454a56b8c3.php 第 233 行.
INFO: Run Behavior\ParseTemplateBehavior [ RunTime:0.017404s ]
INFO: [ view_parse ] --END-- [ RunTime:0.017557s ]
INFO: [ view_filter ] --START--
INFO: Run Behavior\WriteHtmlCacheBehavior [ RunTime:0.000726s ]
INFO: [ view_filter ] --END-- [ RunTime:0.000861s ]
INFO: [ app_end ] --START--
INFO: Run Behavior\ShowPageTraceBehavior [ RunTime:0.000814s ]
INFO: [ app_end ] --END-- [ RunTime:0.000953s ]

[ 2018-12-17T17:28:42+08:00 ] 127.0.0.1 /Littlewhale/index.php/Manager/Article/index.html
INFO: [ app_init ] --START--
INFO: Run Behavior\BuildLiteBehavior [ RunTime:0.000016s ]
INFO: [ app_init ] --END-- [ RunTime:0.000235s ]
INFO: [ app_begin ] --START--
INFO: Run Behavior\ReadHtmlCacheBehavior [ RunTime:0.000542s ]
INFO: [ app_begin ] --END-- [ RunTime:0.000599s ]
SQL: SHOW COLUMNS FROM `db_admin_behavior` [ RunTime:0.0133s ]
NOTIC: [8] Undefined index: validate D:\test\Littlewhale\ThinkPHP\Library\Think\Model.class.php 第 1185 行.
NOTIC: [8] Undefined index: auto D:\test\Littlewhale\ThinkPHP\Library\Think\Model.class.php 第 1128 行.
SQL: INSERT INTO `db_admin_behavior` (`manager_id`,`username`,`name`,`router`,`url`,`param`,`is_ajax`,`add_time`) VALUES ('1','admin','文章列表','Manager/Article/index','http://www.test.com/Littlewhale/index.php/Manager/Article/index.html','POST: 
Cookie:PHPSESSID=plgm3glever12mq5s2tb50nooc&ADMUSERNAME=admin','0','1545038922') [ RunTime:0.0325s ]
NOTIC: [8] Undefined index: title D:\test\Littlewhale\Application\Manager\Controller\ArticleController.class.php 第 23 行.
NOTIC: [8] Undefined index: id D:\test\Littlewhale\Application\Manager\Controller\ArticleController.class.php 第 26 行.
SQL: SHOW COLUMNS FROM `db_article` [ RunTime:0.0180s ]
NOTIC: [8] Undefined index: field_filter D:\test\Littlewhale\Application\Common\Service\ModelService.class.php 第 229 行.
NOTIC: [8] Undefined index: fetchSql D:\test\Littlewhale\Application\Common\Service\ModelService.class.php 第 245 行.
SQL: SELECT COUNT(*) AS tp_count FROM `db_article` WHERE `status` < 9 ORDER BY sort desc , id  desc LIMIT 1   [ RunTime:0.0242s ]
NOTIC: [8] Undefined index: parameter D:\test\Littlewhale\Application\Common\Service\ModelService.class.php 第 67 行.
NOTIC: [8] Undefined index: field_filter D:\test\Littlewhale\Application\Common\Service\ModelService.class.php 第 229 行.
NOTIC: [8] Undefined index: fetchSql D:\test\Littlewhale\Application\Common\Service\ModelService.class.php 第 245 行.
SQL: SELECT * FROM `db_article` WHERE `status` < 9 ORDER BY sort desc , id  desc LIMIT 0,15   [ RunTime:0.0226s ]
INFO: [ view_parse ] --START--
INFO: [ template_filter ] --START--
INFO: Run Behavior\ContentReplaceBehavior [ RunTime:0.000199s ]
INFO: [ template_filter ] --END-- [ RunTime:0.000356s ]
NOTIC: [8] Undefined index: title D:\test\Littlewhale\#Runtime\Cache\Manager\6e453c12a3cee21da8cfd4c387431496.php 第 135 行.
NOTIC: [8] Undefined index: id D:\test\Littlewhale\#Runtime\Cache\Manager\6e453c12a3cee21da8cfd4c387431496.php 第 140 行.
NOTIC: [8] Undefined index: sub_list D:\test\Littlewhale\#Runtime\Cache\Manager\6e453c12a3cee21da8cfd4c387431496.php 第 174 行.
NOTIC: [8] Undefined index: sub_list D:\test\Littlewhale\#Runtime\Cache\Manager\6e453c12a3cee21da8cfd4c387431496.php 第 174 行.
NOTIC: [8] Undefined index: sub_list D:\test\Littlewhale\#Runtime\Cache\Manager\6e453c12a3cee21da8cfd4c387431496.php 第 174 行.
NOTIC: [8] Undefined index: sub_list D:\test\Littlewhale\#Runtime\Cache\Manager\6e453c12a3cee21da8cfd4c387431496.php 第 174 行.
NOTIC: [8] Undefined index: sub_list D:\test\Littlewhale\#Runtime\Cache\Manager\6e453c12a3cee21da8cfd4c387431496.php 第 174 行.
NOTIC: [8] Undefined index: sub_list D:\test\Littlewhale\#Runtime\Cache\Manager\6e453c12a3cee21da8cfd4c387431496.php 第 174 行.
NOTIC: [8] Undefined index: sub_list D:\test\Littlewhale\#Runtime\Cache\Manager\6e453c12a3cee21da8cfd4c387431496.php 第 174 行.
NOTIC: [8] Undefined index: sub_list D:\test\Littlewhale\#Runtime\Cache\Manager\6e453c12a3cee21da8cfd4c387431496.php 第 174 行.
NOTIC: [8] Undefined index: sub_list D:\test\Littlewhale\#Runtime\Cache\Manager\6e453c12a3cee21da8cfd4c387431496.php 第 174 行.
NOTIC: [8] Undefined index: sub_list D:\test\Littlewhale\#Runtime\Cache\Manager\6e453c12a3cee21da8cfd4c387431496.php 第 174 行.
NOTIC: [8] Undefined index: sub_list D:\test\Littlewhale\#Runtime\Cache\Manager\6e453c12a3cee21da8cfd4c387431496.php 第 174 行.
NOTIC: [8] Undefined index: sub_list D:\test\Littlewhale\#Runtime\Cache\Manager\6e453c12a3cee21da8cfd4c387431496.php 第 174 行.
NOTIC: [8] Undefined index: sub_list D:\test\Littlewhale\#Runtime\Cache\Manager\6e453c12a3cee21da8cfd4c387431496.php 第 174 行.
INFO: Run Behavior\ParseTemplateBehavior [ RunTime:0.015934s ]
INFO: [ view_parse ] --END-- [ RunTime:0.016009s ]
INFO: [ view_filter ] --START--
INFO: Run Behavior\WriteHtmlCacheBehavior [ RunTime:0.000579s ]
INFO: [ view_filter ] --END-- [ RunTime:0.000669s ]
INFO: [ app_end ] --START--
INFO: Run Behavior\ShowPageTraceBehavior [ RunTime:0.000607s ]
INFO: [ app_end ] --END-- [ RunTime:0.000668s ]

[ 2018-12-17T17:28:42+08:00 ] 127.0.0.1 /Littlewhale/index.php/Manager/Article/index.html
INFO: [ app_init ] --START--
INFO: Run Behavior\BuildLiteBehavior [ RunTime:0.000019s ]
INFO: [ app_init ] --END-- [ RunTime:0.000288s ]
INFO: [ app_begin ] --START--
INFO: Run Behavior\ReadHtmlCacheBehavior [ RunTime:0.000555s ]
INFO: [ app_begin ] --END-- [ RunTime:0.000632s ]
SQL: SHOW COLUMNS FROM `db_admin_behavior` [ RunTime:0.0131s ]
NOTIC: [8] Undefined index: validate D:\test\Littlewhale\ThinkPHP\Library\Think\Model.class.php 第 1185 行.
NOTIC: [8] Undefined index: auto D:\test\Littlewhale\ThinkPHP\Library\Think\Model.class.php 第 1128 行.
SQL: INSERT INTO `db_admin_behavior` (`manager_id`,`username`,`name`,`router`,`url`,`param`,`is_ajax`,`add_time`) VALUES ('1','admin','文章列表','Manager/Article/index','http://www.test.com/Littlewhale/index.php/Manager/Article/index.html','POST: 
Cookie:PHPSESSID=plgm3glever12mq5s2tb50nooc&ADMUSERNAME=admin','0','1545038922') [ RunTime:0.0101s ]
NOTIC: [8] Undefined index: title D:\test\Littlewhale\Application\Manager\Controller\ArticleController.class.php 第 23 行.
NOTIC: [8] Undefined index: id D:\test\Littlewhale\Application\Manager\Controller\ArticleController.class.php 第 26 行.
SQL: SHOW COLUMNS FROM `db_article` [ RunTime:0.0122s ]
NOTIC: [8] Undefined index: field_filter D:\test\Littlewhale\Application\Common\Service\ModelService.class.php 第 229 行.
NOTIC: [8] Undefined index: fetchSql D:\test\Littlewhale\Application\Common\Service\ModelService.class.php 第 245 行.
SQL: SELECT COUNT(*) AS tp_count FROM `db_article` WHERE `status` < 9 ORDER BY sort desc , id  desc LIMIT 1   [ RunTime:0.0101s ]
NOTIC: [8] Undefined index: parameter D:\test\Littlewhale\Application\Common\Service\ModelService.class.php 第 67 行.
NOTIC: [8] Undefined index: field_filter D:\test\Littlewhale\Application\Common\Service\ModelService.class.php 第 229 行.
NOTIC: [8] Undefined index: fetchSql D:\test\Littlewhale\Application\Common\Service\ModelService.class.php 第 245 行.
SQL: SELECT * FROM `db_article` WHERE `status` < 9 ORDER BY sort desc , id  desc LIMIT 0,15   [ RunTime:0.0099s ]
INFO: [ view_parse ] --START--
INFO: [ template_filter ] --START--
INFO: Run Behavior\ContentReplaceBehavior [ RunTime:0.000118s ]
INFO: [ template_filter ] --END-- [ RunTime:0.000221s ]
NOTIC: [8] Undefined index: title D:\test\Littlewhale\#Runtime\Cache\Manager\6e453c12a3cee21da8cfd4c387431496.php 第 135 行.
NOTIC: [8] Undefined index: id D:\test\Littlewhale\#Runtime\Cache\Manager\6e453c12a3cee21da8cfd4c387431496.php 第 140 行.
NOTIC: [8] Undefined index: sub_list D:\test\Littlewhale\#Runtime\Cache\Manager\6e453c12a3cee21da8cfd4c387431496.php 第 174 行.
NOTIC: [8] Undefined index: sub_list D:\test\Littlewhale\#Runtime\Cache\Manager\6e453c12a3cee21da8cfd4c387431496.php 第 174 行.
NOTIC: [8] Undefined index: sub_list D:\test\Littlewhale\#Runtime\Cache\Manager\6e453c12a3cee21da8cfd4c387431496.php 第 174 行.
NOTIC: [8] Undefined index: sub_list D:\test\Littlewhale\#Runtime\Cache\Manager\6e453c12a3cee21da8cfd4c387431496.php 第 174 行.
NOTIC: [8] Undefined index: sub_list D:\test\Littlewhale\#Runtime\Cache\Manager\6e453c12a3cee21da8cfd4c387431496.php 第 174 行.
NOTIC: [8] Undefined index: sub_list D:\test\Littlewhale\#Runtime\Cache\Manager\6e453c12a3cee21da8cfd4c387431496.php 第 174 行.
NOTIC: [8] Undefined index: sub_list D:\test\Littlewhale\#Runtime\Cache\Manager\6e453c12a3cee21da8cfd4c387431496.php 第 174 行.
NOTIC: [8] Undefined index: sub_list D:\test\Littlewhale\#Runtime\Cache\Manager\6e453c12a3cee21da8cfd4c387431496.php 第 174 行.
NOTIC: [8] Undefined index: sub_list D:\test\Littlewhale\#Runtime\Cache\Manager\6e453c12a3cee21da8cfd4c387431496.php 第 174 行.
NOTIC: [8] Undefined index: sub_list D:\test\Littlewhale\#Runtime\Cache\Manager\6e453c12a3cee21da8cfd4c387431496.php 第 174 行.
NOTIC: [8] Undefined index: sub_list D:\test\Littlewhale\#Runtime\Cache\Manager\6e453c12a3cee21da8cfd4c387431496.php 第 174 行.
NOTIC: [8] Undefined index: sub_list D:\test\Littlewhale\#Runtime\Cache\Manager\6e453c12a3cee21da8cfd4c387431496.php 第 174 行.
NOTIC: [8] Undefined index: sub_list D:\test\Littlewhale\#Runtime\Cache\Manager\6e453c12a3cee21da8cfd4c387431496.php 第 174 行.
INFO: Run Behavior\ParseTemplateBehavior [ RunTime:0.015252s ]
INFO: [ view_parse ] --END-- [ RunTime:0.015355s ]
INFO: [ view_filter ] --START--
INFO: Run Behavior\WriteHtmlCacheBehavior [ RunTime:0.000493s ]
INFO: [ view_filter ] --END-- [ RunTime:0.000557s ]
INFO: [ app_end ] --START--
INFO: Run Behavior\ShowPageTraceBehavior [ RunTime:0.000377s ]
INFO: [ app_end ] --END-- [ RunTime:0.000432s ]

[ 2018-12-17T17:28:44+08:00 ] 127.0.0.1 /Littlewhale/index.php/Manager/Article/addArticle.html
INFO: [ app_init ] --START--
INFO: Run Behavior\BuildLiteBehavior [ RunTime:0.000022s ]
INFO: [ app_init ] --END-- [ RunTime:0.000130s ]
INFO: [ app_begin ] --START--
INFO: Run Behavior\ReadHtmlCacheBehavior [ RunTime:0.000509s ]
INFO: [ app_begin ] --END-- [ RunTime:0.000592s ]
INFO: [ view_parse ] --START--
INFO: [ template_filter ] --START--
INFO: Run Behavior\ContentReplaceBehavior [ RunTime:0.000055s ]
INFO: [ template_filter ] --END-- [ RunTime:0.000130s ]
INFO: Run Behavior\ParseTemplateBehavior [ RunTime:0.006823s ]
INFO: [ view_parse ] --END-- [ RunTime:0.006938s ]
INFO: [ view_filter ] --START--
INFO: Run Behavior\WriteHtmlCacheBehavior [ RunTime:0.000418s ]
INFO: [ view_filter ] --END-- [ RunTime:0.000483s ]

[ 2018-12-17T17:28:51+08:00 ] 127.0.0.1 /Littlewhale/index.php/Manager/Advert/index.html
INFO: [ app_init ] --START--
INFO: Run Behavior\BuildLiteBehavior [ RunTime:0.000036s ]
INFO: [ app_init ] --END-- [ RunTime:0.000477s ]
INFO: [ app_begin ] --START--
INFO: Run Behavior\ReadHtmlCacheBehavior [ RunTime:0.000153s ]
INFO: [ app_begin ] --END-- [ RunTime:0.000279s ]
SQL: SHOW COLUMNS FROM `db_admin_behavior` [ RunTime:0.0115s ]
NOTIC: [8] Undefined index: validate D:\test\Littlewhale\ThinkPHP\Library\Think\Model.class.php 第 1185 行.
NOTIC: [8] Undefined index: auto D:\test\Littlewhale\ThinkPHP\Library\Think\Model.class.php 第 1128 行.
SQL: INSERT INTO `db_admin_behavior` (`manager_id`,`username`,`name`,`router`,`url`,`param`,`is_ajax`,`add_time`) VALUES ('1','admin','广告列表','Manager/Advert/index','http://www.test.com/Littlewhale/index.php/Manager/Advert/index.html','POST: 
Cookie:PHPSESSID=plgm3glever12mq5s2tb50nooc&ADMUSERNAME=admin','0','1545038931') [ RunTime:0.0110s ]
SQL: SHOW COLUMNS FROM `db_advert` [ RunTime:0.0105s ]
NOTIC: [8] Undefined index: field_filter D:\test\Littlewhale\Application\Common\Service\ModelService.class.php 第 229 行.
NOTIC: [8] Undefined index: fetchSql D:\test\Littlewhale\Application\Common\Service\ModelService.class.php 第 245 行.
SQL: SELECT COUNT(*) AS tp_count FROM `db_advert` WHERE `status` < 9 ORDER BY sort desc , id  desc LIMIT 1   [ RunTime:0.0246s ]
NOTIC: [8] Undefined index: parameter D:\test\Littlewhale\Application\Common\Service\ModelService.class.php 第 67 行.
NOTIC: [8] Undefined index: field_filter D:\test\Littlewhale\Application\Common\Service\ModelService.class.php 第 229 行.
NOTIC: [8] Undefined index: fetchSql D:\test\Littlewhale\Application\Common\Service\ModelService.class.php 第 245 行.
SQL: SELECT * FROM `db_advert` WHERE `status` < 9 ORDER BY sort desc , id  desc LIMIT 0,15   [ RunTime:0.0095s ]
INFO: [ view_parse ] --START--
INFO: [ template_filter ] --START--
INFO: Run Behavior\ContentReplaceBehavior [ RunTime:0.000099s ]
INFO: [ template_filter ] --END-- [ RunTime:0.000158s ]
INFO: Run Behavior\ParseTemplateBehavior [ RunTime:0.007432s ]
INFO: [ view_parse ] --END-- [ RunTime:0.007534s ]
INFO: [ view_filter ] --START--
INFO: Run Behavior\WriteHtmlCacheBehavior [ RunTime:0.000093s ]
INFO: [ view_filter ] --END-- [ RunTime:0.000141s ]
INFO: [ app_end ] --START--
INFO: Run Behavior\ShowPageTraceBehavior [ RunTime:0.000392s ]
INFO: [ app_end ] --END-- [ RunTime:0.000452s ]

[ 2018-12-17T17:28:52+08:00 ] 127.0.0.1 /Littlewhale/index.php/Manager/Advert/index.html
INFO: [ app_init ] --START--
INFO: Run Behavior\BuildLiteBehavior [ RunTime:0.000014s ]
INFO: [ app_init ] --END-- [ RunTime:0.000109s ]
INFO: [ app_begin ] --START--
INFO: Run Behavior\ReadHtmlCacheBehavior [ RunTime:0.000435s ]
INFO: [ app_begin ] --END-- [ RunTime:0.000496s ]
SQL: SHOW COLUMNS FROM `db_admin_behavior` [ RunTime:0.0220s ]
NOTIC: [8] Undefined index: validate D:\test\Littlewhale\ThinkPHP\Library\Think\Model.class.php 第 1185 行.
NOTIC: [8] Undefined index: auto D:\test\Littlewhale\ThinkPHP\Library\Think\Model.class.php 第 1128 行.
SQL: INSERT INTO `db_admin_behavior` (`manager_id`,`username`,`name`,`router`,`url`,`param`,`is_ajax`,`add_time`) VALUES ('1','admin','广告列表','Manager/Advert/index','http://www.test.com/Littlewhale/index.php/Manager/Advert/index.html','POST: 
Cookie:PHPSESSID=plgm3glever12mq5s2tb50nooc&ADMUSERNAME=admin','0','1545038931') [ RunTime:0.0125s ]
SQL: SHOW COLUMNS FROM `db_advert` [ RunTime:0.0156s ]
NOTIC: [8] Undefined index: field_filter D:\test\Littlewhale\Application\Common\Service\ModelService.class.php 第 229 行.
NOTIC: [8] Undefined index: fetchSql D:\test\Littlewhale\Application\Common\Service\ModelService.class.php 第 245 行.
SQL: SELECT COUNT(*) AS tp_count FROM `db_advert` WHERE `status` < 9 ORDER BY sort desc , id  desc LIMIT 1   [ RunTime:0.0099s ]
NOTIC: [8] Undefined index: parameter D:\test\Littlewhale\Application\Common\Service\ModelService.class.php 第 67 行.
NOTIC: [8] Undefined index: field_filter D:\test\Littlewhale\Application\Common\Service\ModelService.class.php 第 229 行.
NOTIC: [8] Undefined index: fetchSql D:\test\Littlewhale\Application\Common\Service\ModelService.class.php 第 245 行.
SQL: SELECT * FROM `db_advert` WHERE `status` < 9 ORDER BY sort desc , id  desc LIMIT 0,15   [ RunTime:0.0103s ]
INFO: [ view_parse ] --START--
INFO: [ template_filter ] --START--
INFO: Run Behavior\ContentReplaceBehavior [ RunTime:0.000079s ]
INFO: [ template_filter ] --END-- [ RunTime:0.000150s ]
INFO: Run Behavior\ParseTemplateBehavior [ RunTime:0.007245s ]
INFO: [ view_parse ] --END-- [ RunTime:0.007352s ]
INFO: [ view_filter ] --START--
INFO: Run Behavior\WriteHtmlCacheBehavior [ RunTime:0.000379s ]
INFO: [ view_filter ] --END-- [ RunTime:0.000427s ]
INFO: [ app_end ] --START--
INFO: Run Behavior\ShowPageTraceBehavior [ RunTime:0.000371s ]
INFO: [ app_end ] --END-- [ RunTime:0.000480s ]

[ 2018-12-17T17:28:54+08:00 ] 127.0.0.1 /Littlewhale/index.php/Manager/Advert/addAdvert.html
INFO: [ app_init ] --START--
INFO: Run Behavior\BuildLiteBehavior [ RunTime:0.000019s ]
INFO: [ app_init ] --END-- [ RunTime:0.000114s ]
INFO: [ app_begin ] --START--
INFO: Run Behavior\ReadHtmlCacheBehavior [ RunTime:0.000121s ]
INFO: [ app_begin ] --END-- [ RunTime:0.000214s ]
SQL: SHOW COLUMNS FROM `db_admin_behavior` [ RunTime:0.0309s ]
NOTIC: [8] Undefined index: validate D:\test\Littlewhale\ThinkPHP\Library\Think\Model.class.php 第 1185 行.
NOTIC: [8] Undefined index: auto D:\test\Littlewhale\ThinkPHP\Library\Think\Model.class.php 第 1128 行.
SQL: INSERT INTO `db_admin_behavior` (`manager_id`,`username`,`name`,`router`,`url`,`param`,`is_ajax`,`add_time`) VALUES ('1','admin','添加广告','Manager/Advert/addAdvert','http://www.test.com/Littlewhale/index.php/Manager/Advert/addAdvert.html','POST: 
Cookie:PHPSESSID=plgm3glever12mq5s2tb50nooc&ADMUSERNAME=admin','0','1545038933') [ RunTime:0.0181s ]
SQL: SHOW COLUMNS FROM `db_advert_position` [ RunTime:0.0374s ]
SQL: SELECT * FROM `db_advert_position` WHERE `status` = 1  [ RunTime:0.0412s ]
INFO: [ view_parse ] --START--
INFO: [ template_filter ] --START--
INFO: Run Behavior\ContentReplaceBehavior [ RunTime:0.000149s ]
INFO: [ template_filter ] --END-- [ RunTime:0.000237s ]
NOTIC: [8] Undefined variable: row D:\test\Littlewhale\#Runtime\Cache\Manager\fdb7f0f9ea3c76feabd1bdc71d3ca369.php 第 132 行.
NOTIC: [8] Undefined variable: row D:\test\Littlewhale\#Runtime\Cache\Manager\fdb7f0f9ea3c76feabd1bdc71d3ca369.php 第 138 行.
NOTIC: [8] Undefined variable: row D:\test\Littlewhale\#Runtime\Cache\Manager\fdb7f0f9ea3c76feabd1bdc71d3ca369.php 第 149 行.
NOTIC: [8] Undefined variable: row D:\test\Littlewhale\#Runtime\Cache\Manager\fdb7f0f9ea3c76feabd1bdc71d3ca369.php 第 166 行.
NOTIC: [8] Undefined variable: row D:\test\Littlewhale\#Runtime\Cache\Manager\fdb7f0f9ea3c76feabd1bdc71d3ca369.php 第 179 行.
NOTIC: [8] Undefined variable: row D:\test\Littlewhale\#Runtime\Cache\Manager\fdb7f0f9ea3c76feabd1bdc71d3ca369.php 第 180 行.
NOTIC: [8] Undefined variable: row D:\test\Littlewhale\#Runtime\Cache\Manager\fdb7f0f9ea3c76feabd1bdc71d3ca369.php 第 199 行.
NOTIC: [8] Undefined variable: row D:\test\Littlewhale\#Runtime\Cache\Manager\fdb7f0f9ea3c76feabd1bdc71d3ca369.php 第 249 行.
INFO: Run Behavior\ParseTemplateBehavior [ RunTime:0.009967s ]
INFO: [ view_parse ] --END-- [ RunTime:0.010058s ]
INFO: [ view_filter ] --START--
INFO: Run Behavior\WriteHtmlCacheBehavior [ RunTime:0.000172s ]
INFO: [ view_filter ] --END-- [ RunTime:0.000258s ]
INFO: [ app_end ] --START--
INFO: Run Behavior\ShowPageTraceBehavior [ RunTime:0.000176s ]
INFO: [ app_end ] --END-- [ RunTime:0.000333s ]

[ 2018-12-17T17:33:00+08:00 ] 127.0.0.1 /index.php/manager/login
INFO: [ app_init ] --START--
INFO: Run Behavior\BuildLiteBehavior [ RunTime:0.000028s ]
INFO: [ app_init ] --END-- [ RunTime:0.001123s ]
INFO: [ app_begin ] --START--
INFO: Run Behavior\ReadHtmlCacheBehavior [ RunTime:0.003137s ]
INFO: [ app_begin ] --END-- [ RunTime:0.003340s ]
ERR: 无法加载控制器:Login

