[ 2019-05-06T18:03:59+08:00 ] 127.0.0.1 /index.php/Manager/CarWasher/index.html
INFO: [ app_init ] --START--
INFO: Run Behavior\BuildLiteBehavior [ RunTime:0.000016s ]
INFO: [ app_init ] --END-- [ RunTime:0.000520s ]
INFO: [ app_begin ] --START--
INFO: Run Behavior\ReadHtmlCacheBehavior [ RunTime:0.000564s ]
INFO: [ app_begin ] --END-- [ RunTime:0.000613s ]
SQL: SHOW COLUMNS FROM `db_admin_behavior` [ RunTime:0.0398s ]
NOTIC: [8] Undefined index: validate D:\test\Littlewhale\ThinkPHP\Library\Think\Model.class.php 第 1185 行.
NOTIC: [8] Undefined index: auto D:\test\Littlewhale\ThinkPHP\Library\Think\Model.class.php 第 1128 行.
SQL: INSERT INTO `db_admin_behavior` (`manager_id`,`username`,`name`,`router`,`url`,`param`,`is_ajax`,`add_time`) VALUES ('1','admin','洗车机列表','Manager/CarWasher/index','http://littlewhale.com/index.php/Manager/CarWasher/index.html','POST: 
Cookie:PHPSESSID=438klphpbt7c8d8sqfjoh36ju2&ADMUSERNAME=admin','0','1557137037') [ RunTime:0.0462s ]
NOTIC: [8] Undefined index: status D:\test\Littlewhale\Application\Manager\Controller\CarWasherController.class.php 第 57 行.
SQL: SHOW COLUMNS FROM `db_car_washer` [ RunTime:0.0500s ]
NOTIC: [8] Undefined index: field_filter D:\test\Littlewhale\Application\Common\Service\ModelService.class.php 第 229 行.
NOTIC: [8] Undefined index: fetchSql D:\test\Littlewhale\Application\Common\Service\ModelService.class.php 第 245 行.
SQL: SELECT COUNT(*) AS tp_count FROM `db_car_washer` WHERE `status` < 9 LIMIT 1   [ RunTime:0.0412s ]
NOTIC: [8] Undefined index: parameter D:\test\Littlewhale\Application\Common\Service\ModelService.class.php 第 67 行.
NOTIC: [8] Undefined index: field_filter D:\test\Littlewhale\Application\Common\Service\ModelService.class.php 第 229 行.
NOTIC: [8] Undefined index: fetchSql D:\test\Littlewhale\Application\Common\Service\ModelService.class.php 第 245 行.
SQL: SELECT * FROM `db_car_washer` WHERE `status` < 9 LIMIT 0,15   [ RunTime:0.0494s ]
SQL: SHOW COLUMNS FROM `db_agent` [ RunTime:0.0410s ]
SQL: SELECT `nickname` FROM `db_agent` WHERE `id` = 1 LIMIT 1   [ RunTime:0.0453s ]
SQL: SHOW COLUMNS FROM `db_washshop` [ RunTime:0.0379s ]
SQL: SELECT `shop_name` FROM `db_washshop` WHERE `id` = 1 LIMIT 1   [ RunTime:0.0482s ]
SQL: SELECT `nickname` FROM `db_agent` WHERE `id` = 4 LIMIT 1   [ RunTime:0.0434s ]
SQL: SELECT `shop_name` FROM `db_washshop` WHERE `id` = 2 LIMIT 1   [ RunTime:0.0452s ]
SQL: SELECT `nickname` FROM `db_agent` WHERE `id` = 1 LIMIT 1   [ RunTime:0.0368s ]
SQL: SELECT `shop_name` FROM `db_washshop` WHERE `id` = 3 LIMIT 1   [ RunTime:0.0420s ]
SQL: SELECT `nickname` FROM `db_agent` WHERE `id` = 1 LIMIT 1   [ RunTime:0.0397s ]
SQL: SELECT `shop_name` FROM `db_washshop` WHERE `id` = 7 LIMIT 1   [ RunTime:0.0346s ]
SQL: SELECT `nickname` FROM `db_agent` WHERE `id` = 1 LIMIT 1   [ RunTime:0.0550s ]
SQL: SELECT `shop_name` FROM `db_washshop` WHERE `id` = 5 LIMIT 1   [ RunTime:0.0399s ]
SQL: SELECT `nickname` FROM `db_agent` WHERE `id` = 1 LIMIT 1   [ RunTime:0.0362s ]
SQL: SELECT `shop_name` FROM `db_washshop` WHERE `id` = 5 LIMIT 1   [ RunTime:0.0418s ]
SQL: SELECT `nickname` FROM `db_agent` WHERE `id` = 1 LIMIT 1   [ RunTime:0.0427s ]
SQL: SELECT `shop_name` FROM `db_washshop` WHERE `id` = 8 LIMIT 1   [ RunTime:0.0464s ]
SQL: SELECT `nickname` FROM `db_agent` WHERE `id` = 1 LIMIT 1   [ RunTime:0.0458s ]
SQL: SELECT `shop_name` FROM `db_washshop` WHERE `id` = 5 LIMIT 1   [ RunTime:0.0423s ]
SQL: SELECT `nickname` FROM `db_agent` WHERE `id` = 1 LIMIT 1   [ RunTime:0.0425s ]
SQL: SELECT `shop_name` FROM `db_washshop` WHERE `id` = 5 LIMIT 1   [ RunTime:0.0597s ]
SQL: SELECT `nickname` FROM `db_agent` WHERE `id` = 1 LIMIT 1   [ RunTime:0.0422s ]
SQL: SELECT `shop_name` FROM `db_washshop` WHERE `id` = 5 LIMIT 1   [ RunTime:0.0421s ]
SQL: SELECT `nickname` FROM `db_agent` WHERE `id` = 1 LIMIT 1   [ RunTime:0.0485s ]
SQL: SELECT `shop_name` FROM `db_washshop` WHERE `id` = 6 LIMIT 1   [ RunTime:0.0484s ]
INFO: [ view_parse ] --START--
INFO: [ template_filter ] --START--
INFO: Run Behavior\ContentReplaceBehavior [ RunTime:0.000135s ]
INFO: [ template_filter ] --END-- [ RunTime:0.000189s ]
NOTIC: [8] Undefined index: mc_code D:\test\Littlewhale\#Runtime\Cache\Manager\be8842bea68334d53818e8c7018fa208.php 第 143 行.
NOTIC: [8] Undefined index: mc_id D:\test\Littlewhale\#Runtime\Cache\Manager\be8842bea68334d53818e8c7018fa208.php 第 147 行.
NOTIC: [8] Undefined index: type D:\test\Littlewhale\#Runtime\Cache\Manager\be8842bea68334d53818e8c7018fa208.php 第 153 行.
NOTIC: [8] Undefined index: type D:\test\Littlewhale\#Runtime\Cache\Manager\be8842bea68334d53818e8c7018fa208.php 第 156 行.
NOTIC: [8] Undefined index: type D:\test\Littlewhale\#Runtime\Cache\Manager\be8842bea68334d53818e8c7018fa208.php 第 159 行.
NOTIC: [8] Undefined index: type D:\test\Littlewhale\#Runtime\Cache\Manager\be8842bea68334d53818e8c7018fa208.php 第 162 行.
NOTIC: [8] Undefined index: status D:\test\Littlewhale\#Runtime\Cache\Manager\be8842bea68334d53818e8c7018fa208.php 第 170 行.
NOTIC: [8] Undefined index: status D:\test\Littlewhale\#Runtime\Cache\Manager\be8842bea68334d53818e8c7018fa208.php 第 173 行.
NOTIC: [8] Undefined index: status D:\test\Littlewhale\#Runtime\Cache\Manager\be8842bea68334d53818e8c7018fa208.php 第 176 行.
NOTIC: [8] Undefined index: status D:\test\Littlewhale\#Runtime\Cache\Manager\be8842bea68334d53818e8c7018fa208.php 第 179 行.
NOTIC: [8] Undefined index: status D:\test\Littlewhale\#Runtime\Cache\Manager\be8842bea68334d53818e8c7018fa208.php 第 182 行.
NOTIC: [8] Undefined index: sort_order D:\test\Littlewhale\#Runtime\Cache\Manager\be8842bea68334d53818e8c7018fa208.php 第 284 行.
INFO: Run Behavior\ParseTemplateBehavior [ RunTime:0.018881s ]
INFO: [ view_parse ] --END-- [ RunTime:0.018928s ]
INFO: [ view_filter ] --START--
INFO: Run Behavior\WriteHtmlCacheBehavior [ RunTime:0.000429s ]
INFO: [ view_filter ] --END-- [ RunTime:0.000470s ]
INFO: [ app_end ] --START--
INFO: Run Behavior\ShowPageTraceBehavior [ RunTime:0.000717s ]
INFO: [ app_end ] --END-- [ RunTime:0.000786s ]

[ 2019-05-06T18:04:01+08:00 ] 127.0.0.1 /index.php/Manager/CarWasher/index.html
INFO: [ app_init ] --START--
INFO: Run Behavior\BuildLiteBehavior [ RunTime:0.000013s ]
INFO: [ app_init ] --END-- [ RunTime:0.000336s ]
INFO: [ app_begin ] --START--
INFO: Run Behavior\ReadHtmlCacheBehavior [ RunTime:0.000527s ]
INFO: [ app_begin ] --END-- [ RunTime:0.000575s ]
SQL: SHOW COLUMNS FROM `db_admin_behavior` [ RunTime:0.0366s ]
NOTIC: [8] Undefined index: validate D:\test\Littlewhale\ThinkPHP\Library\Think\Model.class.php 第 1185 行.
NOTIC: [8] Undefined index: auto D:\test\Littlewhale\ThinkPHP\Library\Think\Model.class.php 第 1128 行.
SQL: INSERT INTO `db_admin_behavior` (`manager_id`,`username`,`name`,`router`,`url`,`param`,`is_ajax`,`add_time`) VALUES ('1','admin','洗车机列表','Manager/CarWasher/index','http://littlewhale.com/index.php/Manager/CarWasher/index.html','POST: 
Cookie:PHPSESSID=438klphpbt7c8d8sqfjoh36ju2&ADMUSERNAME=admin','0','1557137039') [ RunTime:0.0490s ]
NOTIC: [8] Undefined index: status D:\test\Littlewhale\Application\Manager\Controller\CarWasherController.class.php 第 57 行.
SQL: SHOW COLUMNS FROM `db_car_washer` [ RunTime:0.0428s ]
NOTIC: [8] Undefined index: field_filter D:\test\Littlewhale\Application\Common\Service\ModelService.class.php 第 229 行.
NOTIC: [8] Undefined index: fetchSql D:\test\Littlewhale\Application\Common\Service\ModelService.class.php 第 245 行.
SQL: SELECT COUNT(*) AS tp_count FROM `db_car_washer` WHERE `status` < 9 LIMIT 1   [ RunTime:0.0448s ]
NOTIC: [8] Undefined index: parameter D:\test\Littlewhale\Application\Common\Service\ModelService.class.php 第 67 行.
NOTIC: [8] Undefined index: field_filter D:\test\Littlewhale\Application\Common\Service\ModelService.class.php 第 229 行.
NOTIC: [8] Undefined index: fetchSql D:\test\Littlewhale\Application\Common\Service\ModelService.class.php 第 245 行.
SQL: SELECT * FROM `db_car_washer` WHERE `status` < 9 LIMIT 0,15   [ RunTime:0.0489s ]
SQL: SHOW COLUMNS FROM `db_agent` [ RunTime:0.0555s ]
SQL: SELECT `nickname` FROM `db_agent` WHERE `id` = 1 LIMIT 1   [ RunTime:0.0429s ]
SQL: SHOW COLUMNS FROM `db_washshop` [ RunTime:0.0405s ]
SQL: SELECT `shop_name` FROM `db_washshop` WHERE `id` = 1 LIMIT 1   [ RunTime:0.0423s ]
SQL: SELECT `nickname` FROM `db_agent` WHERE `id` = 4 LIMIT 1   [ RunTime:0.0437s ]
SQL: SELECT `shop_name` FROM `db_washshop` WHERE `id` = 2 LIMIT 1   [ RunTime:0.0510s ]
SQL: SELECT `nickname` FROM `db_agent` WHERE `id` = 1 LIMIT 1   [ RunTime:0.0584s ]
SQL: SELECT `shop_name` FROM `db_washshop` WHERE `id` = 3 LIMIT 1   [ RunTime:0.0455s ]
SQL: SELECT `nickname` FROM `db_agent` WHERE `id` = 1 LIMIT 1   [ RunTime:0.0426s ]
SQL: SELECT `shop_name` FROM `db_washshop` WHERE `id` = 7 LIMIT 1   [ RunTime:0.0439s ]
SQL: SELECT `nickname` FROM `db_agent` WHERE `id` = 1 LIMIT 1   [ RunTime:0.0441s ]
SQL: SELECT `shop_name` FROM `db_washshop` WHERE `id` = 5 LIMIT 1   [ RunTime:0.0433s ]
SQL: SELECT `nickname` FROM `db_agent` WHERE `id` = 1 LIMIT 1   [ RunTime:0.0439s ]
SQL: SELECT `shop_name` FROM `db_washshop` WHERE `id` = 5 LIMIT 1   [ RunTime:0.0409s ]
SQL: SELECT `nickname` FROM `db_agent` WHERE `id` = 1 LIMIT 1   [ RunTime:0.0467s ]
SQL: SELECT `shop_name` FROM `db_washshop` WHERE `id` = 8 LIMIT 1   [ RunTime:0.0525s ]
SQL: SELECT `nickname` FROM `db_agent` WHERE `id` = 1 LIMIT 1   [ RunTime:0.0479s ]
SQL: SELECT `shop_name` FROM `db_washshop` WHERE `id` = 5 LIMIT 1   [ RunTime:0.0467s ]
SQL: SELECT `nickname` FROM `db_agent` WHERE `id` = 1 LIMIT 1   [ RunTime:0.0499s ]
SQL: SELECT `shop_name` FROM `db_washshop` WHERE `id` = 5 LIMIT 1   [ RunTime:0.0414s ]
SQL: SELECT `nickname` FROM `db_agent` WHERE `id` = 1 LIMIT 1   [ RunTime:0.0456s ]
SQL: SELECT `shop_name` FROM `db_washshop` WHERE `id` = 5 LIMIT 1   [ RunTime:0.0458s ]
SQL: SELECT `nickname` FROM `db_agent` WHERE `id` = 1 LIMIT 1   [ RunTime:0.0479s ]
SQL: SELECT `shop_name` FROM `db_washshop` WHERE `id` = 6 LIMIT 1   [ RunTime:0.0500s ]
INFO: [ view_parse ] --START--
INFO: [ template_filter ] --START--
INFO: Run Behavior\ContentReplaceBehavior [ RunTime:0.000127s ]
INFO: [ template_filter ] --END-- [ RunTime:0.000173s ]
NOTIC: [8] Undefined index: mc_code D:\test\Littlewhale\#Runtime\Cache\Manager\be8842bea68334d53818e8c7018fa208.php 第 143 行.
NOTIC: [8] Undefined index: mc_id D:\test\Littlewhale\#Runtime\Cache\Manager\be8842bea68334d53818e8c7018fa208.php 第 147 行.
NOTIC: [8] Undefined index: type D:\test\Littlewhale\#Runtime\Cache\Manager\be8842bea68334d53818e8c7018fa208.php 第 153 行.
NOTIC: [8] Undefined index: type D:\test\Littlewhale\#Runtime\Cache\Manager\be8842bea68334d53818e8c7018fa208.php 第 156 行.
NOTIC: [8] Undefined index: type D:\test\Littlewhale\#Runtime\Cache\Manager\be8842bea68334d53818e8c7018fa208.php 第 159 行.
NOTIC: [8] Undefined index: type D:\test\Littlewhale\#Runtime\Cache\Manager\be8842bea68334d53818e8c7018fa208.php 第 162 行.
NOTIC: [8] Undefined index: status D:\test\Littlewhale\#Runtime\Cache\Manager\be8842bea68334d53818e8c7018fa208.php 第 170 行.
NOTIC: [8] Undefined index: status D:\test\Littlewhale\#Runtime\Cache\Manager\be8842bea68334d53818e8c7018fa208.php 第 173 行.
NOTIC: [8] Undefined index: status D:\test\Littlewhale\#Runtime\Cache\Manager\be8842bea68334d53818e8c7018fa208.php 第 176 行.
NOTIC: [8] Undefined index: status D:\test\Littlewhale\#Runtime\Cache\Manager\be8842bea68334d53818e8c7018fa208.php 第 179 行.
NOTIC: [8] Undefined index: status D:\test\Littlewhale\#Runtime\Cache\Manager\be8842bea68334d53818e8c7018fa208.php 第 182 行.
NOTIC: [8] Undefined index: sort_order D:\test\Littlewhale\#Runtime\Cache\Manager\be8842bea68334d53818e8c7018fa208.php 第 284 行.
INFO: Run Behavior\ParseTemplateBehavior [ RunTime:0.013812s ]
INFO: [ view_parse ] --END-- [ RunTime:0.013866s ]
INFO: [ view_filter ] --START--
INFO: Run Behavior\WriteHtmlCacheBehavior [ RunTime:0.000772s ]
INFO: [ view_filter ] --END-- [ RunTime:0.000824s ]
INFO: [ app_end ] --START--
INFO: Run Behavior\ShowPageTraceBehavior [ RunTime:0.000890s ]
INFO: [ app_end ] --END-- [ RunTime:0.000950s ]

[ 2019-05-06T18:04:02+08:00 ] 127.0.0.1 /index.php/Manager/CarWasher/index.html
INFO: [ app_init ] --START--
INFO: Run Behavior\BuildLiteBehavior [ RunTime:0.000014s ]
INFO: [ app_init ] --END-- [ RunTime:0.000342s ]
INFO: [ app_begin ] --START--
INFO: Run Behavior\ReadHtmlCacheBehavior [ RunTime:0.000425s ]
INFO: [ app_begin ] --END-- [ RunTime:0.000470s ]
SQL: SHOW COLUMNS FROM `db_admin_behavior` [ RunTime:0.0383s ]
NOTIC: [8] Undefined index: validate D:\test\Littlewhale\ThinkPHP\Library\Think\Model.class.php 第 1185 行.
NOTIC: [8] Undefined index: auto D:\test\Littlewhale\ThinkPHP\Library\Think\Model.class.php 第 1128 行.
SQL: INSERT INTO `db_admin_behavior` (`manager_id`,`username`,`name`,`router`,`url`,`param`,`is_ajax`,`add_time`) VALUES ('1','admin','洗车机列表','Manager/CarWasher/index','http://littlewhale.com/index.php/Manager/CarWasher/index.html','POST: 
Cookie:PHPSESSID=438klphpbt7c8d8sqfjoh36ju2&ADMUSERNAME=admin','0','1557137041') [ RunTime:0.0471s ]
NOTIC: [8] Undefined index: status D:\test\Littlewhale\Application\Manager\Controller\CarWasherController.class.php 第 57 行.
SQL: SHOW COLUMNS FROM `db_car_washer` [ RunTime:0.0397s ]
NOTIC: [8] Undefined index: field_filter D:\test\Littlewhale\Application\Common\Service\ModelService.class.php 第 229 行.
NOTIC: [8] Undefined index: fetchSql D:\test\Littlewhale\Application\Common\Service\ModelService.class.php 第 245 行.
SQL: SELECT COUNT(*) AS tp_count FROM `db_car_washer` WHERE `status` < 9 LIMIT 1   [ RunTime:0.0490s ]
NOTIC: [8] Undefined index: parameter D:\test\Littlewhale\Application\Common\Service\ModelService.class.php 第 67 行.
NOTIC: [8] Undefined index: field_filter D:\test\Littlewhale\Application\Common\Service\ModelService.class.php 第 229 行.
NOTIC: [8] Undefined index: fetchSql D:\test\Littlewhale\Application\Common\Service\ModelService.class.php 第 245 行.
SQL: SELECT * FROM `db_car_washer` WHERE `status` < 9 LIMIT 0,15   [ RunTime:0.0438s ]
SQL: SHOW COLUMNS FROM `db_agent` [ RunTime:0.0534s ]
SQL: SELECT `nickname` FROM `db_agent` WHERE `id` = 1 LIMIT 1   [ RunTime:0.0422s ]
SQL: SHOW COLUMNS FROM `db_washshop` [ RunTime:0.0384s ]
SQL: SELECT `shop_name` FROM `db_washshop` WHERE `id` = 1 LIMIT 1   [ RunTime:0.0659s ]
SQL: SELECT `nickname` FROM `db_agent` WHERE `id` = 4 LIMIT 1   [ RunTime:0.0458s ]
SQL: SELECT `shop_name` FROM `db_washshop` WHERE `id` = 2 LIMIT 1   [ RunTime:0.0509s ]
SQL: SELECT `nickname` FROM `db_agent` WHERE `id` = 1 LIMIT 1   [ RunTime:0.0473s ]
SQL: SELECT `shop_name` FROM `db_washshop` WHERE `id` = 3 LIMIT 1   [ RunTime:0.0486s ]
SQL: SELECT `nickname` FROM `db_agent` WHERE `id` = 1 LIMIT 1   [ RunTime:0.0576s ]
SQL: SELECT `shop_name` FROM `db_washshop` WHERE `id` = 7 LIMIT 1   [ RunTime:0.0554s ]
SQL: SELECT `nickname` FROM `db_agent` WHERE `id` = 1 LIMIT 1   [ RunTime:0.0427s ]
SQL: SELECT `shop_name` FROM `db_washshop` WHERE `id` = 5 LIMIT 1   [ RunTime:0.0450s ]
SQL: SELECT `nickname` FROM `db_agent` WHERE `id` = 1 LIMIT 1   [ RunTime:0.0473s ]
SQL: SELECT `shop_name` FROM `db_washshop` WHERE `id` = 5 LIMIT 1   [ RunTime:0.0464s ]
SQL: SELECT `nickname` FROM `db_agent` WHERE `id` = 1 LIMIT 1   [ RunTime:0.0438s ]
SQL: SELECT `shop_name` FROM `db_washshop` WHERE `id` = 8 LIMIT 1   [ RunTime:0.0446s ]
SQL: SELECT `nickname` FROM `db_agent` WHERE `id` = 1 LIMIT 1   [ RunTime:0.0432s ]
SQL: SELECT `shop_name` FROM `db_washshop` WHERE `id` = 5 LIMIT 1   [ RunTime:0.0434s ]
SQL: SELECT `nickname` FROM `db_agent` WHERE `id` = 1 LIMIT 1   [ RunTime:0.0471s ]
SQL: SELECT `shop_name` FROM `db_washshop` WHERE `id` = 5 LIMIT 1   [ RunTime:0.0432s ]
SQL: SELECT `nickname` FROM `db_agent` WHERE `id` = 1 LIMIT 1   [ RunTime:0.0523s ]
SQL: SELECT `shop_name` FROM `db_washshop` WHERE `id` = 5 LIMIT 1   [ RunTime:0.0423s ]
SQL: SELECT `nickname` FROM `db_agent` WHERE `id` = 1 LIMIT 1   [ RunTime:0.0437s ]
SQL: SELECT `shop_name` FROM `db_washshop` WHERE `id` = 6 LIMIT 1   [ RunTime:0.0416s ]
INFO: [ view_parse ] --START--
INFO: [ template_filter ] --START--
INFO: Run Behavior\ContentReplaceBehavior [ RunTime:0.000220s ]
INFO: [ template_filter ] --END-- [ RunTime:0.000292s ]
NOTIC: [8] Undefined index: mc_code D:\test\Littlewhale\#Runtime\Cache\Manager\be8842bea68334d53818e8c7018fa208.php 第 143 行.
NOTIC: [8] Undefined index: mc_id D:\test\Littlewhale\#Runtime\Cache\Manager\be8842bea68334d53818e8c7018fa208.php 第 147 行.
NOTIC: [8] Undefined index: type D:\test\Littlewhale\#Runtime\Cache\Manager\be8842bea68334d53818e8c7018fa208.php 第 153 行.
NOTIC: [8] Undefined index: type D:\test\Littlewhale\#Runtime\Cache\Manager\be8842bea68334d53818e8c7018fa208.php 第 156 行.
NOTIC: [8] Undefined index: type D:\test\Littlewhale\#Runtime\Cache\Manager\be8842bea68334d53818e8c7018fa208.php 第 159 行.
NOTIC: [8] Undefined index: type D:\test\Littlewhale\#Runtime\Cache\Manager\be8842bea68334d53818e8c7018fa208.php 第 162 行.
NOTIC: [8] Undefined index: status D:\test\Littlewhale\#Runtime\Cache\Manager\be8842bea68334d53818e8c7018fa208.php 第 170 行.
NOTIC: [8] Undefined index: status D:\test\Littlewhale\#Runtime\Cache\Manager\be8842bea68334d53818e8c7018fa208.php 第 173 行.
NOTIC: [8] Undefined index: status D:\test\Littlewhale\#Runtime\Cache\Manager\be8842bea68334d53818e8c7018fa208.php 第 176 行.
NOTIC: [8] Undefined index: status D:\test\Littlewhale\#Runtime\Cache\Manager\be8842bea68334d53818e8c7018fa208.php 第 179 行.
NOTIC: [8] Undefined index: status D:\test\Littlewhale\#Runtime\Cache\Manager\be8842bea68334d53818e8c7018fa208.php 第 182 行.
NOTIC: [8] Undefined index: sort_order D:\test\Littlewhale\#Runtime\Cache\Manager\be8842bea68334d53818e8c7018fa208.php 第 284 行.
INFO: Run Behavior\ParseTemplateBehavior [ RunTime:0.025343s ]
INFO: [ view_parse ] --END-- [ RunTime:0.025438s ]
INFO: [ view_filter ] --START--
INFO: Run Behavior\WriteHtmlCacheBehavior [ RunTime:0.000966s ]
INFO: [ view_filter ] --END-- [ RunTime:0.001088s ]
INFO: [ app_end ] --START--
INFO: Run Behavior\ShowPageTraceBehavior [ RunTime:0.001762s ]
INFO: [ app_end ] --END-- [ RunTime:0.001884s ]

[ 2019-05-06T18:04:04+08:00 ] 127.0.0.1 /index.php/Manager/CarWasher/index.html
INFO: [ app_init ] --START--
INFO: Run Behavior\BuildLiteBehavior [ RunTime:0.000013s ]
INFO: [ app_init ] --END-- [ RunTime:0.000296s ]
INFO: [ app_begin ] --START--
INFO: Run Behavior\ReadHtmlCacheBehavior [ RunTime:0.000501s ]
INFO: [ app_begin ] --END-- [ RunTime:0.000551s ]
SQL: SHOW COLUMNS FROM `db_admin_behavior` [ RunTime:0.0383s ]
NOTIC: [8] Undefined index: validate D:\test\Littlewhale\ThinkPHP\Library\Think\Model.class.php 第 1185 行.
NOTIC: [8] Undefined index: auto D:\test\Littlewhale\ThinkPHP\Library\Think\Model.class.php 第 1128 行.
SQL: INSERT INTO `db_admin_behavior` (`manager_id`,`username`,`name`,`router`,`url`,`param`,`is_ajax`,`add_time`) VALUES ('1','admin','洗车机列表','Manager/CarWasher/index','http://littlewhale.com/index.php/Manager/CarWasher/index.html','POST: 
Cookie:PHPSESSID=438klphpbt7c8d8sqfjoh36ju2&ADMUSERNAME=admin','0','1557137042') [ RunTime:0.0447s ]
NOTIC: [8] Undefined index: status D:\test\Littlewhale\Application\Manager\Controller\CarWasherController.class.php 第 57 行.
SQL: SHOW COLUMNS FROM `db_car_washer` [ RunTime:0.0539s ]
NOTIC: [8] Undefined index: field_filter D:\test\Littlewhale\Application\Common\Service\ModelService.class.php 第 229 行.
NOTIC: [8] Undefined index: fetchSql D:\test\Littlewhale\Application\Common\Service\ModelService.class.php 第 245 行.
SQL: SELECT COUNT(*) AS tp_count FROM `db_car_washer` WHERE `status` < 9 LIMIT 1   [ RunTime:0.0451s ]
NOTIC: [8] Undefined index: parameter D:\test\Littlewhale\Application\Common\Service\ModelService.class.php 第 67 行.
NOTIC: [8] Undefined index: field_filter D:\test\Littlewhale\Application\Common\Service\ModelService.class.php 第 229 行.
NOTIC: [8] Undefined index: fetchSql D:\test\Littlewhale\Application\Common\Service\ModelService.class.php 第 245 行.
SQL: SELECT * FROM `db_car_washer` WHERE `status` < 9 LIMIT 0,15   [ RunTime:0.0557s ]
SQL: SHOW COLUMNS FROM `db_agent` [ RunTime:0.0502s ]
SQL: SELECT `nickname` FROM `db_agent` WHERE `id` = 1 LIMIT 1   [ RunTime:0.0476s ]
SQL: SHOW COLUMNS FROM `db_washshop` [ RunTime:0.0490s ]
SQL: SELECT `shop_name` FROM `db_washshop` WHERE `id` = 1 LIMIT 1   [ RunTime:0.0445s ]
SQL: SELECT `nickname` FROM `db_agent` WHERE `id` = 4 LIMIT 1   [ RunTime:0.0497s ]
SQL: SELECT `shop_name` FROM `db_washshop` WHERE `id` = 2 LIMIT 1   [ RunTime:0.0429s ]
SQL: SELECT `nickname` FROM `db_agent` WHERE `id` = 1 LIMIT 1   [ RunTime:0.0461s ]
SQL: SELECT `shop_name` FROM `db_washshop` WHERE `id` = 3 LIMIT 1   [ RunTime:0.0457s ]
SQL: SELECT `nickname` FROM `db_agent` WHERE `id` = 1 LIMIT 1   [ RunTime:0.0439s ]
SQL: SELECT `shop_name` FROM `db_washshop` WHERE `id` = 7 LIMIT 1   [ RunTime:0.0435s ]
SQL: SELECT `nickname` FROM `db_agent` WHERE `id` = 1 LIMIT 1   [ RunTime:0.0434s ]
SQL: SELECT `shop_name` FROM `db_washshop` WHERE `id` = 5 LIMIT 1   [ RunTime:0.0458s ]
SQL: SELECT `nickname` FROM `db_agent` WHERE `id` = 1 LIMIT 1   [ RunTime:0.0473s ]
SQL: SELECT `shop_name` FROM `db_washshop` WHERE `id` = 5 LIMIT 1   [ RunTime:0.0466s ]
SQL: SELECT `nickname` FROM `db_agent` WHERE `id` = 1 LIMIT 1   [ RunTime:0.0478s ]
SQL: SELECT `shop_name` FROM `db_washshop` WHERE `id` = 8 LIMIT 1   [ RunTime:0.0423s ]
SQL: SELECT `nickname` FROM `db_agent` WHERE `id` = 1 LIMIT 1   [ RunTime:0.0447s ]
SQL: SELECT `shop_name` FROM `db_washshop` WHERE `id` = 5 LIMIT 1   [ RunTime:0.0501s ]
SQL: SELECT `nickname` FROM `db_agent` WHERE `id` = 1 LIMIT 1   [ RunTime:0.0444s ]
SQL: SELECT `shop_name` FROM `db_washshop` WHERE `id` = 5 LIMIT 1   [ RunTime:0.0456s ]
SQL: SELECT `nickname` FROM `db_agent` WHERE `id` = 1 LIMIT 1   [ RunTime:0.0412s ]
SQL: SELECT `shop_name` FROM `db_washshop` WHERE `id` = 5 LIMIT 1   [ RunTime:0.0422s ]
SQL: SELECT `nickname` FROM `db_agent` WHERE `id` = 1 LIMIT 1   [ RunTime:0.0414s ]
SQL: SELECT `shop_name` FROM `db_washshop` WHERE `id` = 6 LIMIT 1   [ RunTime:0.0456s ]
INFO: [ view_parse ] --START--
INFO: [ template_filter ] --START--
INFO: Run Behavior\ContentReplaceBehavior [ RunTime:0.000319s ]
INFO: [ template_filter ] --END-- [ RunTime:0.000431s ]
NOTIC: [8] Undefined index: mc_code D:\test\Littlewhale\#Runtime\Cache\Manager\be8842bea68334d53818e8c7018fa208.php 第 143 行.
NOTIC: [8] Undefined index: mc_id D:\test\Littlewhale\#Runtime\Cache\Manager\be8842bea68334d53818e8c7018fa208.php 第 147 行.
NOTIC: [8] Undefined index: type D:\test\Littlewhale\#Runtime\Cache\Manager\be8842bea68334d53818e8c7018fa208.php 第 153 行.
NOTIC: [8] Undefined index: type D:\test\Littlewhale\#Runtime\Cache\Manager\be8842bea68334d53818e8c7018fa208.php 第 156 行.
NOTIC: [8] Undefined index: type D:\test\Littlewhale\#Runtime\Cache\Manager\be8842bea68334d53818e8c7018fa208.php 第 159 行.
NOTIC: [8] Undefined index: type D:\test\Littlewhale\#Runtime\Cache\Manager\be8842bea68334d53818e8c7018fa208.php 第 162 行.
NOTIC: [8] Undefined index: status D:\test\Littlewhale\#Runtime\Cache\Manager\be8842bea68334d53818e8c7018fa208.php 第 170 行.
NOTIC: [8] Undefined index: status D:\test\Littlewhale\#Runtime\Cache\Manager\be8842bea68334d53818e8c7018fa208.php 第 173 行.
NOTIC: [8] Undefined index: status D:\test\Littlewhale\#Runtime\Cache\Manager\be8842bea68334d53818e8c7018fa208.php 第 176 行.
NOTIC: [8] Undefined index: status D:\test\Littlewhale\#Runtime\Cache\Manager\be8842bea68334d53818e8c7018fa208.php 第 179 行.
NOTIC: [8] Undefined index: status D:\test\Littlewhale\#Runtime\Cache\Manager\be8842bea68334d53818e8c7018fa208.php 第 182 行.
NOTIC: [8] Undefined index: sort_order D:\test\Littlewhale\#Runtime\Cache\Manager\be8842bea68334d53818e8c7018fa208.php 第 284 行.
INFO: Run Behavior\ParseTemplateBehavior [ RunTime:0.027865s ]
INFO: [ view_parse ] --END-- [ RunTime:0.028021s ]
INFO: [ view_filter ] --START--
INFO: Run Behavior\WriteHtmlCacheBehavior [ RunTime:0.000911s ]
INFO: [ view_filter ] --END-- [ RunTime:0.000991s ]
INFO: [ app_end ] --START--
INFO: Run Behavior\ShowPageTraceBehavior [ RunTime:0.001258s ]
INFO: [ app_end ] --END-- [ RunTime:0.001458s ]

