[ 2019-01-04T10:58:16+08:00 ] 127.0.0.1 /manager
INFO: [ app_init ] --START--
INFO: Run Behavior\BuildLiteBehavior [ RunTime:0.000000s ]
INFO: [ app_init ] --END-- [ RunTime:0.001000s ]
INFO: [ app_begin ] --START--
INFO: Run Behavior\ReadHtmlCacheBehavior [ RunTime:0.001000s ]
INFO: [ app_begin ] --END-- [ RunTime:0.001000s ]

[ 2019-01-04T10:58:16+08:00 ] 127.0.0.1 /index.php/Manager/Admin/login.html
INFO: [ app_init ] --START--
INFO: Run Behavior\BuildLiteBehavior [ RunTime:0.000000s ]
INFO: [ app_init ] --END-- [ RunTime:0.000000s ]
INFO: [ app_begin ] --START--
INFO: Run Behavior\ReadHtmlCacheBehavior [ RunTime:0.001000s ]
INFO: [ app_begin ] --END-- [ RunTime:0.001000s ]
INFO: [ view_parse ] --START--
INFO: [ template_filter ] --START--
INFO: Run Behavior\ContentReplaceBehavior [ RunTime:0.000000s ]
INFO: [ template_filter ] --END-- [ RunTime:0.001000s ]
INFO: Run Behavior\ParseTemplateBehavior [ RunTime:0.021002s ]
INFO: [ view_parse ] --END-- [ RunTime:0.021002s ]
INFO: [ view_filter ] --START--
INFO: Run Behavior\WriteHtmlCacheBehavior [ RunTime:0.000000s ]
INFO: [ view_filter ] --END-- [ RunTime:0.000000s ]
INFO: [ app_end ] --START--
INFO: Run Behavior\ShowPageTraceBehavior [ RunTime:0.001000s ]
INFO: [ app_end ] --END-- [ RunTime:0.001000s ]

[ 2019-01-04T10:58:16+08:00 ] 127.0.0.1 /index.php/Manager/Index/verifyImage.html
INFO: [ app_init ] --START--
INFO: Run Behavior\BuildLiteBehavior [ RunTime:0.000000s ]
INFO: [ app_init ] --END-- [ RunTime:0.001001s ]
INFO: [ app_begin ] --START--
INFO: Run Behavior\ReadHtmlCacheBehavior [ RunTime:0.001000s ]
INFO: [ app_begin ] --END-- [ RunTime:0.001000s ]
INFO: [ app_end ] --START--
INFO: Run Behavior\ShowPageTraceBehavior [ RunTime:0.000000s ]
INFO: [ app_end ] --END-- [ RunTime:0.001000s ]

[ 2019-01-04T11:11:52+08:00 ] 127.0.0.1 /manager
INFO: [ app_init ] --START--
INFO: Run Behavior\BuildLiteBehavior [ RunTime:0.000000s ]
INFO: [ app_init ] --END-- [ RunTime:0.001000s ]
INFO: [ app_begin ] --START--
INFO: Run Behavior\ReadHtmlCacheBehavior [ RunTime:0.000000s ]
INFO: [ app_begin ] --END-- [ RunTime:0.001001s ]

[ 2019-01-04T11:11:52+08:00 ] 127.0.0.1 /index.php/Manager/Admin/login.html
INFO: [ app_init ] --START--
INFO: Run Behavior\BuildLiteBehavior [ RunTime:0.000000s ]
INFO: [ app_init ] --END-- [ RunTime:0.001000s ]
INFO: [ app_begin ] --START--
INFO: Run Behavior\ReadHtmlCacheBehavior [ RunTime:0.001000s ]
INFO: [ app_begin ] --END-- [ RunTime:0.001000s ]
INFO: [ view_parse ] --START--
INFO: [ template_filter ] --START--
INFO: Run Behavior\ContentReplaceBehavior [ RunTime:0.000000s ]
INFO: [ template_filter ] --END-- [ RunTime:0.000000s ]
INFO: Run Behavior\ParseTemplateBehavior [ RunTime:0.014001s ]
INFO: [ view_parse ] --END-- [ RunTime:0.014001s ]
INFO: [ view_filter ] --START--
INFO: Run Behavior\WriteHtmlCacheBehavior [ RunTime:0.000000s ]
INFO: [ view_filter ] --END-- [ RunTime:0.001000s ]
INFO: [ app_end ] --START--
INFO: Run Behavior\ShowPageTraceBehavior [ RunTime:0.000000s ]
INFO: [ app_end ] --END-- [ RunTime:0.000000s ]

[ 2019-01-04T11:11:52+08:00 ] 127.0.0.1 /index.php/Manager/Index/verifyImage.html
INFO: [ app_init ] --START--
INFO: Run Behavior\BuildLiteBehavior [ RunTime:0.000000s ]
INFO: [ app_init ] --END-- [ RunTime:0.001000s ]
INFO: [ app_begin ] --START--
INFO: Run Behavior\ReadHtmlCacheBehavior [ RunTime:0.001000s ]
INFO: [ app_begin ] --END-- [ RunTime:0.002001s ]
INFO: [ app_end ] --START--
INFO: Run Behavior\ShowPageTraceBehavior [ RunTime:0.002000s ]
INFO: [ app_end ] --END-- [ RunTime:0.002000s ]

[ 2019-01-04T11:11:58+08:00 ] 127.0.0.1 /index.php/Manager/Admin/login.html
INFO: [ app_init ] --START--
INFO: Run Behavior\BuildLiteBehavior [ RunTime:0.000000s ]
INFO: [ app_init ] --END-- [ RunTime:0.000000s ]
INFO: [ app_begin ] --START--
INFO: Run Behavior\ReadHtmlCacheBehavior [ RunTime:0.000000s ]
INFO: [ app_begin ] --END-- [ RunTime:0.000000s ]
NOTIC: [2] strpos() expects parameter 1 to be string, array given G:\Littlewhale\Vendor\Txunda\Txunda.Param.php 第 97 行.
SQL: SHOW COLUMNS FROM `db_admin` [ RunTime:0.0070s ]
NOTIC: [8] Undefined index: field_filter G:\Littlewhale\Application\Common\Service\ModelService.class.php 第 229 行.
NOTIC: [8] Undefined index: fetchSql G:\Littlewhale\Application\Common\Service\ModelService.class.php 第 245 行.
SQL: SELECT `id`,`group_id`,`username`,`password`,`salt`,`status` FROM `db_admin` WHERE `username` = 'admin' LIMIT 1   [ RunTime:0.0080s ]
SQL: SHOW COLUMNS FROM `db_admin_group` [ RunTime:0.0080s ]
SQL: SHOW COLUMNS FROM `db_admin_menu` [ RunTime:0.0080s ]
NOTIC: [8] Undefined index: field_filter G:\Littlewhale\Application\Common\Service\ModelService.class.php 第 229 行.
NOTIC: [8] Undefined index: fetchSql G:\Littlewhale\Application\Common\Service\ModelService.class.php 第 245 行.
SQL: SELECT `id`,`p_id`,`name`,`router`,`type`,`icon`,`system`,`sort`,`status` FROM `db_admin_menu` WHERE `status` <> 9 ORDER BY sort ASC, id ASC  [ RunTime:0.0130s ]

[ 2019-01-04T11:12:00+08:00 ] 127.0.0.1 /index.php/Manager/Index/index.html
INFO: [ app_init ] --START--
INFO: Run Behavior\BuildLiteBehavior [ RunTime:0.000000s ]
INFO: [ app_init ] --END-- [ RunTime:0.001000s ]
INFO: [ app_begin ] --START--
INFO: Run Behavior\ReadHtmlCacheBehavior [ RunTime:0.001000s ]
INFO: [ app_begin ] --END-- [ RunTime:0.001000s ]
SQL: SHOW COLUMNS FROM `db_file` [ RunTime:0.0080s ]
SQL: SELECT `path` FROM `db_file` WHERE `id` = 218 LIMIT 1   [ RunTime:0.0180s ]
INFO: [ view_parse ] --START--
INFO: [ template_filter ] --START--
INFO: Run Behavior\ContentReplaceBehavior [ RunTime:0.001000s ]
INFO: [ template_filter ] --END-- [ RunTime:0.001000s ]
INFO: Run Behavior\ParseTemplateBehavior [ RunTime:0.037003s ]
INFO: [ view_parse ] --END-- [ RunTime:0.038003s ]
INFO: [ view_filter ] --START--
INFO: Run Behavior\WriteHtmlCacheBehavior [ RunTime:0.001000s ]
INFO: [ view_filter ] --END-- [ RunTime:0.001000s ]
INFO: [ app_end ] --START--
INFO: Run Behavior\ShowPageTraceBehavior [ RunTime:0.001000s ]
INFO: [ app_end ] --END-- [ RunTime:0.001000s ]

[ 2019-01-04T11:12:00+08:00 ] 127.0.0.1 /index.php/Manager/Index/welcome.html
INFO: [ app_init ] --START--
INFO: Run Behavior\BuildLiteBehavior [ RunTime:0.000000s ]
INFO: [ app_init ] --END-- [ RunTime:0.001000s ]
INFO: [ app_begin ] --START--
INFO: Run Behavior\ReadHtmlCacheBehavior [ RunTime:0.001000s ]
INFO: [ app_begin ] --END-- [ RunTime:0.001000s ]
INFO: [ view_parse ] --START--
INFO: [ template_filter ] --START--
INFO: Run Behavior\ContentReplaceBehavior [ RunTime:0.000000s ]
INFO: [ template_filter ] --END-- [ RunTime:0.001000s ]
INFO: Run Behavior\ParseTemplateBehavior [ RunTime:0.021001s ]
INFO: [ view_parse ] --END-- [ RunTime:0.021001s ]
INFO: [ view_filter ] --START--
INFO: Run Behavior\WriteHtmlCacheBehavior [ RunTime:0.000000s ]
INFO: [ view_filter ] --END-- [ RunTime:0.001000s ]
INFO: [ app_end ] --START--
INFO: Run Behavior\ShowPageTraceBehavior [ RunTime:0.001000s ]
INFO: [ app_end ] --END-- [ RunTime:0.001000s ]

[ 2019-01-04T11:12:05+08:00 ] 127.0.0.1 /index.php/Manager/SendLog/index.html
INFO: [ app_init ] --START--
INFO: Run Behavior\BuildLiteBehavior [ RunTime:0.000000s ]
INFO: [ app_init ] --END-- [ RunTime:0.000000s ]
INFO: [ app_begin ] --START--
INFO: Run Behavior\ReadHtmlCacheBehavior [ RunTime:0.000000s ]
INFO: [ app_begin ] --END-- [ RunTime:0.002000s ]
SQL: SHOW COLUMNS FROM `db_admin_behavior` [ RunTime:0.0070s ]
NOTIC: [8] Undefined index: validate G:\Littlewhale\ThinkPHP\Library\Think\Model.class.php 第 1185 行.
NOTIC: [8] Undefined index: auto G:\Littlewhale\ThinkPHP\Library\Think\Model.class.php 第 1128 行.
SQL: INSERT INTO `db_admin_behavior` (`manager_id`,`username`,`name`,`router`,`url`,`param`,`is_ajax`,`add_time`) VALUES ('1','admin','发信记录','Manager/SendLog/index','http://www.xjxc.com/index.php/Manager/SendLog/index.html','POST: 
Cookie:PHPSESSID=dc9opbff7e68tf032abaqpq4i6&ADMUSERNAME=admin','0','1546571525') [ RunTime:0.0060s ]
SQL: SHOW COLUMNS FROM `db_send_log` [ RunTime:0.0070s ]
NOTIC: [8] Undefined index: field_filter G:\Littlewhale\Application\Common\Service\ModelService.class.php 第 229 行.
NOTIC: [8] Undefined index: fetchSql G:\Littlewhale\Application\Common\Service\ModelService.class.php 第 245 行.
SQL: SELECT COUNT(*) AS tp_count FROM `db_send_log` WHERE `status` < 9 ORDER BY id  desc LIMIT 1   [ RunTime:0.0200s ]
NOTIC: [8] Undefined index: parameter G:\Littlewhale\Application\Common\Service\ModelService.class.php 第 67 行.
NOTIC: [8] Undefined index: field_filter G:\Littlewhale\Application\Common\Service\ModelService.class.php 第 229 行.
NOTIC: [8] Undefined index: fetchSql G:\Littlewhale\Application\Common\Service\ModelService.class.php 第 245 行.
SQL: SELECT * FROM `db_send_log` WHERE `status` < 9 ORDER BY id  desc LIMIT 0,15   [ RunTime:0.0080s ]
INFO: [ view_parse ] --START--
INFO: [ template_filter ] --START--
INFO: Run Behavior\ContentReplaceBehavior [ RunTime:0.000000s ]
INFO: [ template_filter ] --END-- [ RunTime:0.000000s ]
INFO: Run Behavior\ParseTemplateBehavior [ RunTime:0.016001s ]
INFO: [ view_parse ] --END-- [ RunTime:0.016001s ]
INFO: [ view_filter ] --START--
INFO: Run Behavior\WriteHtmlCacheBehavior [ RunTime:0.001000s ]
INFO: [ view_filter ] --END-- [ RunTime:0.001000s ]
INFO: [ app_end ] --START--
INFO: Run Behavior\ShowPageTraceBehavior [ RunTime:0.001000s ]
INFO: [ app_end ] --END-- [ RunTime:0.001000s ]

[ 2019-01-04T11:12:05+08:00 ] 127.0.0.1 /index.php/Manager/SendLog/index.html
INFO: [ app_init ] --START--
INFO: Run Behavior\BuildLiteBehavior [ RunTime:0.000000s ]
INFO: [ app_init ] --END-- [ RunTime:0.001000s ]
INFO: [ app_begin ] --START--
INFO: Run Behavior\ReadHtmlCacheBehavior [ RunTime:0.001000s ]
INFO: [ app_begin ] --END-- [ RunTime:0.001000s ]
SQL: SHOW COLUMNS FROM `db_admin_behavior` [ RunTime:0.0080s ]
NOTIC: [8] Undefined index: validate G:\Littlewhale\ThinkPHP\Library\Think\Model.class.php 第 1185 行.
NOTIC: [8] Undefined index: auto G:\Littlewhale\ThinkPHP\Library\Think\Model.class.php 第 1128 行.
SQL: INSERT INTO `db_admin_behavior` (`manager_id`,`username`,`name`,`router`,`url`,`param`,`is_ajax`,`add_time`) VALUES ('1','admin','发信记录','Manager/SendLog/index','http://www.xjxc.com/index.php/Manager/SendLog/index.html','POST: 
Cookie:PHPSESSID=dc9opbff7e68tf032abaqpq4i6&ADMUSERNAME=admin','0','1546571525') [ RunTime:0.0070s ]
SQL: SHOW COLUMNS FROM `db_send_log` [ RunTime:0.0080s ]
NOTIC: [8] Undefined index: field_filter G:\Littlewhale\Application\Common\Service\ModelService.class.php 第 229 行.
NOTIC: [8] Undefined index: fetchSql G:\Littlewhale\Application\Common\Service\ModelService.class.php 第 245 行.
SQL: SELECT COUNT(*) AS tp_count FROM `db_send_log` WHERE `status` < 9 ORDER BY id  desc LIMIT 1   [ RunTime:0.0070s ]
NOTIC: [8] Undefined index: parameter G:\Littlewhale\Application\Common\Service\ModelService.class.php 第 67 行.
NOTIC: [8] Undefined index: field_filter G:\Littlewhale\Application\Common\Service\ModelService.class.php 第 229 行.
NOTIC: [8] Undefined index: fetchSql G:\Littlewhale\Application\Common\Service\ModelService.class.php 第 245 行.
SQL: SELECT * FROM `db_send_log` WHERE `status` < 9 ORDER BY id  desc LIMIT 0,15   [ RunTime:0.0080s ]
INFO: [ view_parse ] --START--
INFO: [ template_filter ] --START--
INFO: Run Behavior\ContentReplaceBehavior [ RunTime:0.000000s ]
INFO: [ template_filter ] --END-- [ RunTime:0.000000s ]
INFO: Run Behavior\ParseTemplateBehavior [ RunTime:0.015000s ]
INFO: [ view_parse ] --END-- [ RunTime:0.015000s ]
INFO: [ view_filter ] --START--
INFO: Run Behavior\WriteHtmlCacheBehavior [ RunTime:0.001000s ]
INFO: [ view_filter ] --END-- [ RunTime:0.001000s ]
INFO: [ app_end ] --START--
INFO: Run Behavior\ShowPageTraceBehavior [ RunTime:0.001001s ]
INFO: [ app_end ] --END-- [ RunTime:0.001001s ]

[ 2019-01-04T11:12:21+08:00 ] 127.0.0.1 /index.php/Manager/SendLog/index.html
INFO: [ app_init ] --START--
INFO: Run Behavior\BuildLiteBehavior [ RunTime:0.000000s ]
INFO: [ app_init ] --END-- [ RunTime:0.001000s ]
INFO: [ app_begin ] --START--
INFO: Run Behavior\ReadHtmlCacheBehavior [ RunTime:0.001000s ]
INFO: [ app_begin ] --END-- [ RunTime:0.001000s ]
SQL: SHOW COLUMNS FROM `db_admin_behavior` [ RunTime:0.0090s ]
NOTIC: [8] Undefined index: validate G:\Littlewhale\ThinkPHP\Library\Think\Model.class.php 第 1185 行.
NOTIC: [8] Undefined index: auto G:\Littlewhale\ThinkPHP\Library\Think\Model.class.php 第 1128 行.
SQL: INSERT INTO `db_admin_behavior` (`manager_id`,`username`,`name`,`router`,`url`,`param`,`is_ajax`,`add_time`) VALUES ('1','admin','发信记录','Manager/SendLog/index','http://www.xjxc.com/index.php/Manager/SendLog/index.html','POST: 
Cookie:PHPSESSID=dc9opbff7e68tf032abaqpq4i6&ADMUSERNAME=admin','0','1546571541') [ RunTime:0.0080s ]
SQL: SHOW COLUMNS FROM `db_send_log` [ RunTime:0.0090s ]
NOTIC: [8] Undefined index: field_filter G:\Littlewhale\Application\Common\Service\ModelService.class.php 第 229 行.
NOTIC: [8] Undefined index: fetchSql G:\Littlewhale\Application\Common\Service\ModelService.class.php 第 245 行.
SQL: SELECT COUNT(*) AS tp_count FROM `db_send_log` WHERE `status` < 9 ORDER BY id  desc LIMIT 1   [ RunTime:0.0080s ]
NOTIC: [8] Undefined index: parameter G:\Littlewhale\Application\Common\Service\ModelService.class.php 第 67 行.
NOTIC: [8] Undefined index: field_filter G:\Littlewhale\Application\Common\Service\ModelService.class.php 第 229 行.
NOTIC: [8] Undefined index: fetchSql G:\Littlewhale\Application\Common\Service\ModelService.class.php 第 245 行.
SQL: SELECT * FROM `db_send_log` WHERE `status` < 9 ORDER BY id  desc LIMIT 0,15   [ RunTime:0.0100s ]
INFO: [ view_parse ] --START--
INFO: [ template_filter ] --START--
INFO: Run Behavior\ContentReplaceBehavior [ RunTime:0.001000s ]
INFO: [ template_filter ] --END-- [ RunTime:0.001000s ]
INFO: Run Behavior\ParseTemplateBehavior [ RunTime:0.017001s ]
INFO: [ view_parse ] --END-- [ RunTime:0.017001s ]
INFO: [ view_filter ] --START--
INFO: Run Behavior\WriteHtmlCacheBehavior [ RunTime:0.002000s ]
INFO: [ view_filter ] --END-- [ RunTime:0.002000s ]
INFO: [ app_end ] --START--
INFO: Run Behavior\ShowPageTraceBehavior [ RunTime:0.001000s ]
INFO: [ app_end ] --END-- [ RunTime:0.001000s ]

[ 2019-01-04T11:15:22+08:00 ] 127.0.0.1 /index.php/Manager/SendLog/index.html
INFO: [ app_init ] --START--
INFO: Run Behavior\BuildLiteBehavior [ RunTime:0.000000s ]
INFO: [ app_init ] --END-- [ RunTime:0.001000s ]
INFO: [ app_begin ] --START--
INFO: Run Behavior\ReadHtmlCacheBehavior [ RunTime:0.001001s ]
INFO: [ app_begin ] --END-- [ RunTime:0.001001s ]
SQL: SHOW COLUMNS FROM `db_admin_behavior` [ RunTime:0.0090s ]
NOTIC: [8] Undefined index: validate G:\Littlewhale\ThinkPHP\Library\Think\Model.class.php 第 1185 行.
NOTIC: [8] Undefined index: auto G:\Littlewhale\ThinkPHP\Library\Think\Model.class.php 第 1128 行.
SQL: INSERT INTO `db_admin_behavior` (`manager_id`,`username`,`name`,`router`,`url`,`param`,`is_ajax`,`add_time`) VALUES ('1','admin','发信记录','Manager/SendLog/index','http://www.xjxc.com/index.php/Manager/SendLog/index.html','POST: 
Cookie:PHPSESSID=dc9opbff7e68tf032abaqpq4i6&ADMUSERNAME=admin','0','1546571722') [ RunTime:0.0080s ]
SQL: SHOW COLUMNS FROM `db_send_log` [ RunTime:0.0090s ]
NOTIC: [8] Undefined index: field_filter G:\Littlewhale\Application\Common\Service\ModelService.class.php 第 229 行.
NOTIC: [8] Undefined index: fetchSql G:\Littlewhale\Application\Common\Service\ModelService.class.php 第 245 行.
SQL: SELECT COUNT(*) AS tp_count FROM `db_send_log` WHERE `status` < 9 ORDER BY id  desc LIMIT 1   [ RunTime:0.0080s ]
NOTIC: [8] Undefined index: parameter G:\Littlewhale\Application\Common\Service\ModelService.class.php 第 67 行.
NOTIC: [8] Undefined index: field_filter G:\Littlewhale\Application\Common\Service\ModelService.class.php 第 229 行.
NOTIC: [8] Undefined index: fetchSql G:\Littlewhale\Application\Common\Service\ModelService.class.php 第 245 行.
SQL: SELECT * FROM `db_send_log` WHERE `status` < 9 ORDER BY id  desc LIMIT 0,15   [ RunTime:0.0090s ]
INFO: [ view_parse ] --START--
INFO: [ template_filter ] --START--
INFO: Run Behavior\ContentReplaceBehavior [ RunTime:0.000000s ]
INFO: [ template_filter ] --END-- [ RunTime:0.000000s ]
INFO: Run Behavior\ParseTemplateBehavior [ RunTime:0.018001s ]
INFO: [ view_parse ] --END-- [ RunTime:0.019001s ]
INFO: [ view_filter ] --START--
INFO: Run Behavior\WriteHtmlCacheBehavior [ RunTime:0.001000s ]
INFO: [ view_filter ] --END-- [ RunTime:0.001000s ]
INFO: [ app_end ] --START--
INFO: Run Behavior\ShowPageTraceBehavior [ RunTime:0.001000s ]
INFO: [ app_end ] --END-- [ RunTime:0.002000s ]

[ 2019-01-04T11:16:53+08:00 ] 127.0.0.1 /index.php/Manager/SendLog/index.html
INFO: [ app_init ] --START--
INFO: Run Behavior\BuildLiteBehavior [ RunTime:0.000000s ]
INFO: [ app_init ] --END-- [ RunTime:0.001000s ]
INFO: [ app_begin ] --START--
INFO: Run Behavior\ReadHtmlCacheBehavior [ RunTime:0.001000s ]
INFO: [ app_begin ] --END-- [ RunTime:0.001000s ]
SQL: SHOW COLUMNS FROM `db_admin_behavior` [ RunTime:0.0070s ]
NOTIC: [8] Undefined index: validate G:\Littlewhale\ThinkPHP\Library\Think\Model.class.php 第 1185 行.
NOTIC: [8] Undefined index: auto G:\Littlewhale\ThinkPHP\Library\Think\Model.class.php 第 1128 行.
SQL: INSERT INTO `db_admin_behavior` (`manager_id`,`username`,`name`,`router`,`url`,`param`,`is_ajax`,`add_time`) VALUES ('1','admin','发信记录','Manager/SendLog/index','http://www.xjxc.com/index.php/Manager/SendLog/index.html','POST: 
Cookie:PHPSESSID=dc9opbff7e68tf032abaqpq4i6&ADMUSERNAME=admin','0','1546571812') [ RunTime:0.0070s ]
SQL: SHOW COLUMNS FROM `db_send_log` [ RunTime:0.0080s ]
NOTIC: [8] Undefined index: field_filter G:\Littlewhale\Application\Common\Service\ModelService.class.php 第 229 行.
NOTIC: [8] Undefined index: fetchSql G:\Littlewhale\Application\Common\Service\ModelService.class.php 第 245 行.
SQL: SELECT COUNT(*) AS tp_count FROM `db_send_log` WHERE `status` < 9 ORDER BY id  desc LIMIT 1   [ RunTime:0.0060s ]
NOTIC: [8] Undefined index: parameter G:\Littlewhale\Application\Common\Service\ModelService.class.php 第 67 行.
NOTIC: [8] Undefined index: field_filter G:\Littlewhale\Application\Common\Service\ModelService.class.php 第 229 行.
NOTIC: [8] Undefined index: fetchSql G:\Littlewhale\Application\Common\Service\ModelService.class.php 第 245 行.
SQL: SELECT * FROM `db_send_log` WHERE `status` < 9 ORDER BY id  desc LIMIT 0,15   [ RunTime:0.0080s ]
INFO: [ view_parse ] --START--
INFO: [ template_filter ] --START--
INFO: Run Behavior\ContentReplaceBehavior [ RunTime:0.000000s ]
INFO: [ template_filter ] --END-- [ RunTime:0.001000s ]
INFO: Run Behavior\ParseTemplateBehavior [ RunTime:0.019001s ]
INFO: [ view_parse ] --END-- [ RunTime:0.019001s ]
INFO: [ view_filter ] --START--
INFO: Run Behavior\WriteHtmlCacheBehavior [ RunTime:0.001000s ]
INFO: [ view_filter ] --END-- [ RunTime:0.001000s ]
INFO: [ app_end ] --START--
INFO: Run Behavior\ShowPageTraceBehavior [ RunTime:0.000000s ]
INFO: [ app_end ] --END-- [ RunTime:0.000000s ]

[ 2019-01-04T11:33:06+08:00 ] 127.0.0.1 /index.php/Manager/Admin/login.html
INFO: [ app_init ] --START--
INFO: Run Behavior\BuildLiteBehavior [ RunTime:0.000000s ]
INFO: [ app_init ] --END-- [ RunTime:0.001000s ]
INFO: [ app_begin ] --START--
INFO: Run Behavior\ReadHtmlCacheBehavior [ RunTime:0.001000s ]
INFO: [ app_begin ] --END-- [ RunTime:0.001000s ]

[ 2019-01-04T11:33:07+08:00 ] 127.0.0.1 /index.php/Manager/Index/welcome.html
INFO: [ app_init ] --START--
INFO: Run Behavior\BuildLiteBehavior [ RunTime:0.000000s ]
INFO: [ app_init ] --END-- [ RunTime:0.000000s ]
INFO: [ app_begin ] --START--
INFO: Run Behavior\ReadHtmlCacheBehavior [ RunTime:0.001000s ]
INFO: [ app_begin ] --END-- [ RunTime:0.001000s ]
INFO: [ view_parse ] --START--
INFO: [ template_filter ] --START--
INFO: Run Behavior\ContentReplaceBehavior [ RunTime:0.000000s ]
INFO: [ template_filter ] --END-- [ RunTime:0.000000s ]
INFO: Run Behavior\ParseTemplateBehavior [ RunTime:0.017001s ]
INFO: [ view_parse ] --END-- [ RunTime:0.017001s ]
INFO: [ view_filter ] --START--
INFO: Run Behavior\WriteHtmlCacheBehavior [ RunTime:0.001000s ]
INFO: [ view_filter ] --END-- [ RunTime:0.001000s ]
INFO: [ app_end ] --START--
INFO: Run Behavior\ShowPageTraceBehavior [ RunTime:0.003000s ]
INFO: [ app_end ] --END-- [ RunTime:0.003000s ]

[ 2019-01-04T11:33:26+08:00 ] 127.0.0.1 /index.php/Manager/SendLog/index.html
INFO: [ app_init ] --START--
INFO: Run Behavior\BuildLiteBehavior [ RunTime:0.000000s ]
INFO: [ app_init ] --END-- [ RunTime:0.001000s ]
INFO: [ app_begin ] --START--
INFO: Run Behavior\ReadHtmlCacheBehavior [ RunTime:0.001000s ]
INFO: [ app_begin ] --END-- [ RunTime:0.001000s ]
SQL: SHOW COLUMNS FROM `db_admin_behavior` [ RunTime:0.0080s ]
NOTIC: [8] Undefined index: validate G:\Littlewhale\ThinkPHP\Library\Think\Model.class.php 第 1185 行.
NOTIC: [8] Undefined index: auto G:\Littlewhale\ThinkPHP\Library\Think\Model.class.php 第 1128 行.
SQL: INSERT INTO `db_admin_behavior` (`manager_id`,`username`,`name`,`router`,`url`,`param`,`is_ajax`,`add_time`) VALUES ('1','admin','发信记录','Manager/SendLog/index','http://www.xjxc.com/index.php/Manager/SendLog/index.html','POST: 
Cookie:PHPSESSID=dc9opbff7e68tf032abaqpq4i6&ADMUSERNAME=admin','0','1546572805') [ RunTime:0.0070s ]
SQL: SHOW COLUMNS FROM `db_send_log` [ RunTime:0.0070s ]
NOTIC: [8] Undefined index: field_filter G:\Littlewhale\Application\Common\Service\ModelService.class.php 第 229 行.
NOTIC: [8] Undefined index: fetchSql G:\Littlewhale\Application\Common\Service\ModelService.class.php 第 245 行.
SQL: SELECT COUNT(*) AS tp_count FROM `db_send_log` WHERE `status` < 9 ORDER BY id  desc LIMIT 1   [ RunTime:0.0070s ]
NOTIC: [8] Undefined index: parameter G:\Littlewhale\Application\Common\Service\ModelService.class.php 第 67 行.
NOTIC: [8] Undefined index: field_filter G:\Littlewhale\Application\Common\Service\ModelService.class.php 第 229 行.
NOTIC: [8] Undefined index: fetchSql G:\Littlewhale\Application\Common\Service\ModelService.class.php 第 245 行.
SQL: SELECT * FROM `db_send_log` WHERE `status` < 9 ORDER BY id  desc LIMIT 0,15   [ RunTime:0.0080s ]
INFO: [ view_parse ] --START--
INFO: [ template_filter ] --START--
INFO: Run Behavior\ContentReplaceBehavior [ RunTime:0.000000s ]
INFO: [ template_filter ] --END-- [ RunTime:0.001000s ]
INFO: Run Behavior\ParseTemplateBehavior [ RunTime:0.015001s ]
INFO: [ view_parse ] --END-- [ RunTime:0.015001s ]
INFO: [ view_filter ] --START--
INFO: Run Behavior\WriteHtmlCacheBehavior [ RunTime:0.000000s ]
INFO: [ view_filter ] --END-- [ RunTime:0.001000s ]
INFO: [ app_end ] --START--
INFO: Run Behavior\ShowPageTraceBehavior [ RunTime:0.001000s ]
INFO: [ app_end ] --END-- [ RunTime:0.001000s ]

[ 2019-01-04T11:46:36+08:00 ] 127.0.0.1 /index.php/Manager/SendLog/index.html
INFO: [ app_init ] --START--
INFO: Run Behavior\BuildLiteBehavior [ RunTime:0.000000s ]
INFO: [ app_init ] --END-- [ RunTime:0.001000s ]
INFO: [ app_begin ] --START--
INFO: Run Behavior\ReadHtmlCacheBehavior [ RunTime:0.000000s ]
INFO: [ app_begin ] --END-- [ RunTime:0.000000s ]
SQL: SHOW COLUMNS FROM `db_admin_behavior` [ RunTime:0.0080s ]
NOTIC: [8] Undefined index: validate G:\Littlewhale\ThinkPHP\Library\Think\Model.class.php 第 1185 行.
NOTIC: [8] Undefined index: auto G:\Littlewhale\ThinkPHP\Library\Think\Model.class.php 第 1128 行.
SQL: INSERT INTO `db_admin_behavior` (`manager_id`,`username`,`name`,`router`,`url`,`param`,`is_ajax`,`add_time`) VALUES ('1','admin','发信记录','Manager/SendLog/index','http://www.xjxc.com/index.php/Manager/SendLog/index.html','POST: 
Cookie:PHPSESSID=dc9opbff7e68tf032abaqpq4i6&ADMUSERNAME=admin','0','1546573596') [ RunTime:0.0080s ]
SQL: SHOW COLUMNS FROM `db_send_log` [ RunTime:0.0080s ]
NOTIC: [8] Undefined index: field_filter G:\Littlewhale\Application\Common\Service\ModelService.class.php 第 229 行.
NOTIC: [8] Undefined index: fetchSql G:\Littlewhale\Application\Common\Service\ModelService.class.php 第 245 行.
SQL: SELECT COUNT(*) AS tp_count FROM `db_send_log` WHERE `status` < 9 ORDER BY id  desc LIMIT 1   [ RunTime:0.0060s ]
NOTIC: [8] Undefined index: parameter G:\Littlewhale\Application\Common\Service\ModelService.class.php 第 67 行.
NOTIC: [8] Undefined index: field_filter G:\Littlewhale\Application\Common\Service\ModelService.class.php 第 229 行.
NOTIC: [8] Undefined index: fetchSql G:\Littlewhale\Application\Common\Service\ModelService.class.php 第 245 行.
SQL: SELECT * FROM `db_send_log` WHERE `status` < 9 ORDER BY id  desc LIMIT 0,15   [ RunTime:0.0090s ]
INFO: [ view_parse ] --START--
INFO: [ template_filter ] --START--
INFO: Run Behavior\ContentReplaceBehavior [ RunTime:0.000000s ]
INFO: [ template_filter ] --END-- [ RunTime:0.001000s ]
INFO: Run Behavior\ParseTemplateBehavior [ RunTime:0.015001s ]
INFO: [ view_parse ] --END-- [ RunTime:0.016001s ]
INFO: [ view_filter ] --START--
INFO: Run Behavior\WriteHtmlCacheBehavior [ RunTime:0.001000s ]
INFO: [ view_filter ] --END-- [ RunTime:0.001000s ]
INFO: [ app_end ] --START--
INFO: Run Behavior\ShowPageTraceBehavior [ RunTime:0.001000s ]
INFO: [ app_end ] --END-- [ RunTime:0.001000s ]

[ 2019-01-04T11:56:04+08:00 ] 127.0.0.1 /index.php/Manager/SendLog/index.html
INFO: [ app_init ] --START--
INFO: Run Behavior\BuildLiteBehavior [ RunTime:0.000000s ]
INFO: [ app_init ] --END-- [ RunTime:0.001000s ]
INFO: [ app_begin ] --START--
INFO: Run Behavior\ReadHtmlCacheBehavior [ RunTime:0.001000s ]
INFO: [ app_begin ] --END-- [ RunTime:0.001000s ]
SQL: SHOW COLUMNS FROM `db_admin_behavior` [ RunTime:0.0090s ]
NOTIC: [8] Undefined index: validate G:\Littlewhale\ThinkPHP\Library\Think\Model.class.php 第 1185 行.
NOTIC: [8] Undefined index: auto G:\Littlewhale\ThinkPHP\Library\Think\Model.class.php 第 1128 行.
SQL: INSERT INTO `db_admin_behavior` (`manager_id`,`username`,`name`,`router`,`url`,`param`,`is_ajax`,`add_time`) VALUES ('1','admin','发信记录','Manager/SendLog/index','http://www.xjxc.com/index.php/Manager/SendLog/index.html','POST: 
Cookie:PHPSESSID=dc9opbff7e68tf032abaqpq4i6&ADMUSERNAME=admin','0','1546574164') [ RunTime:0.0070s ]
SQL: SHOW COLUMNS FROM `db_send_log` [ RunTime:0.0080s ]
NOTIC: [8] Undefined index: field_filter G:\Littlewhale\Application\Common\Service\ModelService.class.php 第 229 行.
NOTIC: [8] Undefined index: fetchSql G:\Littlewhale\Application\Common\Service\ModelService.class.php 第 245 行.
SQL: SELECT COUNT(*) AS tp_count FROM `db_send_log` WHERE `status` < 9 ORDER BY id  desc LIMIT 1   [ RunTime:0.0070s ]
NOTIC: [8] Undefined index: parameter G:\Littlewhale\Application\Common\Service\ModelService.class.php 第 67 行.
NOTIC: [8] Undefined index: field_filter G:\Littlewhale\Application\Common\Service\ModelService.class.php 第 229 行.
NOTIC: [8] Undefined index: fetchSql G:\Littlewhale\Application\Common\Service\ModelService.class.php 第 245 行.
SQL: SELECT * FROM `db_send_log` WHERE `status` < 9 ORDER BY id  desc LIMIT 0,15   [ RunTime:0.0080s ]
INFO: [ view_parse ] --START--
INFO: [ template_filter ] --START--
INFO: Run Behavior\ContentReplaceBehavior [ RunTime:0.000000s ]
INFO: [ template_filter ] --END-- [ RunTime:0.000000s ]
INFO: Run Behavior\ParseTemplateBehavior [ RunTime:0.015001s ]
INFO: [ view_parse ] --END-- [ RunTime:0.015001s ]
INFO: [ view_filter ] --START--
INFO: Run Behavior\WriteHtmlCacheBehavior [ RunTime:0.000000s ]
INFO: [ view_filter ] --END-- [ RunTime:0.001000s ]
INFO: [ app_end ] --START--
INFO: Run Behavior\ShowPageTraceBehavior [ RunTime:0.001000s ]
INFO: [ app_end ] --END-- [ RunTime:0.002000s ]

[ 2019-01-04T11:58:05+08:00 ] 127.0.0.1 /index.php/Manager/SendLog/index.html
INFO: [ app_init ] --START--
INFO: Run Behavior\BuildLiteBehavior [ RunTime:0.000000s ]
INFO: [ app_init ] --END-- [ RunTime:0.001000s ]
INFO: [ app_begin ] --START--
INFO: Run Behavior\ReadHtmlCacheBehavior [ RunTime:0.001000s ]
INFO: [ app_begin ] --END-- [ RunTime:0.001000s ]
SQL: SHOW COLUMNS FROM `db_admin_behavior` [ RunTime:0.0090s ]
NOTIC: [8] Undefined index: validate G:\Littlewhale\ThinkPHP\Library\Think\Model.class.php 第 1185 行.
NOTIC: [8] Undefined index: auto G:\Littlewhale\ThinkPHP\Library\Think\Model.class.php 第 1128 行.
SQL: INSERT INTO `db_admin_behavior` (`manager_id`,`username`,`name`,`router`,`url`,`param`,`is_ajax`,`add_time`) VALUES ('1','admin','发信记录','Manager/SendLog/index','http://www.xjxc.com/index.php/Manager/SendLog/index.html','POST: 
Cookie:PHPSESSID=dc9opbff7e68tf032abaqpq4i6&ADMUSERNAME=admin','0','1546574285') [ RunTime:0.0080s ]
SQL: SHOW COLUMNS FROM `db_send_log` [ RunTime:0.0090s ]
NOTIC: [8] Undefined index: field_filter G:\Littlewhale\Application\Common\Service\ModelService.class.php 第 229 行.
NOTIC: [8] Undefined index: fetchSql G:\Littlewhale\Application\Common\Service\ModelService.class.php 第 245 行.
SQL: SELECT COUNT(*) AS tp_count FROM `db_send_log` WHERE `status` < 9 ORDER BY id  desc LIMIT 1   [ RunTime:0.0090s ]
NOTIC: [8] Undefined index: parameter G:\Littlewhale\Application\Common\Service\ModelService.class.php 第 67 行.
NOTIC: [8] Undefined index: field_filter G:\Littlewhale\Application\Common\Service\ModelService.class.php 第 229 行.
NOTIC: [8] Undefined index: fetchSql G:\Littlewhale\Application\Common\Service\ModelService.class.php 第 245 行.
SQL: SELECT * FROM `db_send_log` WHERE `status` < 9 ORDER BY id  desc LIMIT 0,15   [ RunTime:0.0090s ]
INFO: [ view_parse ] --START--
INFO: [ template_filter ] --START--
INFO: Run Behavior\ContentReplaceBehavior [ RunTime:0.000000s ]
INFO: [ template_filter ] --END-- [ RunTime:0.000000s ]
INFO: Run Behavior\ParseTemplateBehavior [ RunTime:0.015001s ]
INFO: [ view_parse ] --END-- [ RunTime:0.015001s ]
INFO: [ view_filter ] --START--
INFO: Run Behavior\WriteHtmlCacheBehavior [ RunTime:0.000000s ]
INFO: [ view_filter ] --END-- [ RunTime:0.000000s ]
INFO: [ app_end ] --START--
INFO: Run Behavior\ShowPageTraceBehavior [ RunTime:0.001000s ]
INFO: [ app_end ] --END-- [ RunTime:0.001000s ]

[ 2019-01-04T12:13:19+08:00 ] 127.0.0.1 /index.php/Manager/SendLog/index.html
INFO: [ app_init ] --START--
INFO: Run Behavior\BuildLiteBehavior [ RunTime:0.000000s ]
INFO: [ app_init ] --END-- [ RunTime:0.000000s ]
INFO: [ app_begin ] --START--
INFO: Run Behavior\ReadHtmlCacheBehavior [ RunTime:0.000000s ]
INFO: [ app_begin ] --END-- [ RunTime:0.001000s ]
SQL: SHOW COLUMNS FROM `db_admin_behavior` [ RunTime:0.0110s ]
NOTIC: [8] Undefined index: validate G:\Littlewhale\ThinkPHP\Library\Think\Model.class.php 第 1185 行.
NOTIC: [8] Undefined index: auto G:\Littlewhale\ThinkPHP\Library\Think\Model.class.php 第 1128 行.
SQL: INSERT INTO `db_admin_behavior` (`manager_id`,`username`,`name`,`router`,`url`,`param`,`is_ajax`,`add_time`) VALUES ('1','admin','发信记录','Manager/SendLog/index','http://www.xjxc.com/index.php/Manager/SendLog/index.html','POST: 
Cookie:PHPSESSID=dc9opbff7e68tf032abaqpq4i6&ADMUSERNAME=admin','0','1546575199') [ RunTime:0.0090s ]
SQL: SHOW COLUMNS FROM `db_send_log` [ RunTime:0.0090s ]
NOTIC: [8] Undefined index: field_filter G:\Littlewhale\Application\Common\Service\ModelService.class.php 第 229 行.
NOTIC: [8] Undefined index: fetchSql G:\Littlewhale\Application\Common\Service\ModelService.class.php 第 245 行.
SQL: SELECT COUNT(*) AS tp_count FROM `db_send_log` WHERE `status` < 9 ORDER BY id  desc LIMIT 1   [ RunTime:0.0080s ]
NOTIC: [8] Undefined index: parameter G:\Littlewhale\Application\Common\Service\ModelService.class.php 第 67 行.
NOTIC: [8] Undefined index: field_filter G:\Littlewhale\Application\Common\Service\ModelService.class.php 第 229 行.
NOTIC: [8] Undefined index: fetchSql G:\Littlewhale\Application\Common\Service\ModelService.class.php 第 245 行.
SQL: SELECT * FROM `db_send_log` WHERE `status` < 9 ORDER BY id  desc LIMIT 0,15   [ RunTime:0.0100s ]
INFO: [ view_parse ] --START--
INFO: [ template_filter ] --START--
INFO: Run Behavior\ContentReplaceBehavior [ RunTime:0.000000s ]
INFO: [ template_filter ] --END-- [ RunTime:0.000000s ]
INFO: Run Behavior\ParseTemplateBehavior [ RunTime:0.027002s ]
INFO: [ view_parse ] --END-- [ RunTime:0.027002s ]
INFO: [ view_filter ] --START--
INFO: Run Behavior\WriteHtmlCacheBehavior [ RunTime:0.001000s ]
INFO: [ view_filter ] --END-- [ RunTime:0.001000s ]
INFO: [ app_end ] --START--
INFO: Run Behavior\ShowPageTraceBehavior [ RunTime:0.001000s ]
INFO: [ app_end ] --END-- [ RunTime:0.002000s ]

[ 2019-01-04T16:16:26+08:00 ] 127.0.0.1 /index.php/Manager/Config/index.html
INFO: [ app_init ] --START--
INFO: Run Behavior\BuildLiteBehavior [ RunTime:0.000000s ]
INFO: [ app_init ] --END-- [ RunTime:0.001000s ]
INFO: [ app_begin ] --START--
INFO: Run Behavior\ReadHtmlCacheBehavior [ RunTime:0.001000s ]
INFO: [ app_begin ] --END-- [ RunTime:0.001000s ]
NOTIC: [2] in_array() expects parameter 2 to be array, null given G:\Littlewhale\Application\Common\Service\ControllerService.class.php 第 45 行.
NOTIC: [2] in_array() expects parameter 2 to be array, null given G:\Littlewhale\Application\Common\Service\ControllerService.class.php 第 45 行.
SQL: SHOW COLUMNS FROM `db_admin_behavior` [ RunTime:0.0070s ]
NOTIC: [8] Undefined index: validate G:\Littlewhale\ThinkPHP\Library\Think\Model.class.php 第 1185 行.
NOTIC: [8] Undefined index: auto G:\Littlewhale\ThinkPHP\Library\Think\Model.class.php 第 1128 行.
SQL: INSERT INTO `db_admin_behavior` (`manager_id`,`username`,`name`,`router`,`url`,`param`,`is_ajax`,`add_time`) VALUES ('1','admin','基本配置','Manager/Config/index','http://www.xjxc.com/index.php/Manager/Config/index.html','POST: 
Cookie:PHPSESSID=dc9opbff7e68tf032abaqpq4i6&ADMUSERNAME=admin','0','1546589786') [ RunTime:0.0070s ]
SQL: SHOW COLUMNS FROM `db_config` [ RunTime:0.0070s ]
NOTIC: [8] Undefined index: field_filter G:\Littlewhale\Application\Common\Service\ModelService.class.php 第 229 行.
NOTIC: [8] Undefined index: fetchSql G:\Littlewhale\Application\Common\Service\ModelService.class.php 第 245 行.
SQL: SELECT `key`,`value` FROM `db_config`  [ RunTime:0.0270s ]
SQL: SHOW COLUMNS FROM `db_file` [ RunTime:0.0100s ]
SQL: SELECT `path` FROM `db_file` WHERE `id` = 218 LIMIT 1   [ RunTime:0.0080s ]
INFO: [ view_parse ] --START--
INFO: [ template_filter ] --START--
INFO: Run Behavior\ContentReplaceBehavior [ RunTime:0.001000s ]
INFO: [ template_filter ] --END-- [ RunTime:0.001000s ]
NOTIC: [8] Undefined variable: website G:\Littlewhale\#Runtime\Cache\Manager\7fa3d583be6d5c977c8acb6712f97b88.php 第 5 行.
NOTIC: [8] Undefined variable: row G:\Littlewhale\#Runtime\Cache\Manager\7fa3d583be6d5c977c8acb6712f97b88.php 第 189 行.
INFO: Run Behavior\ParseTemplateBehavior [ RunTime:0.040003s ]
INFO: [ view_parse ] --END-- [ RunTime:0.041003s ]
INFO: [ view_filter ] --START--
INFO: Run Behavior\WriteHtmlCacheBehavior [ RunTime:0.000000s ]
INFO: [ view_filter ] --END-- [ RunTime:0.001000s ]
INFO: [ app_end ] --START--
INFO: Run Behavior\ShowPageTraceBehavior [ RunTime:0.001000s ]
INFO: [ app_end ] --END-- [ RunTime:0.001000s ]

[ 2019-01-04T16:16:26+08:00 ] 127.0.0.1 /index.php/Manager/Config/index.html
INFO: [ app_init ] --START--
INFO: Run Behavior\BuildLiteBehavior [ RunTime:0.000000s ]
INFO: [ app_init ] --END-- [ RunTime:0.000000s ]
INFO: [ app_begin ] --START--
INFO: Run Behavior\ReadHtmlCacheBehavior [ RunTime:0.001000s ]
INFO: [ app_begin ] --END-- [ RunTime:0.001000s ]
NOTIC: [2] in_array() expects parameter 2 to be array, null given G:\Littlewhale\Application\Common\Service\ControllerService.class.php 第 45 行.
NOTIC: [2] in_array() expects parameter 2 to be array, null given G:\Littlewhale\Application\Common\Service\ControllerService.class.php 第 45 行.
SQL: SHOW COLUMNS FROM `db_admin_behavior` [ RunTime:0.0080s ]
NOTIC: [8] Undefined index: validate G:\Littlewhale\ThinkPHP\Library\Think\Model.class.php 第 1185 行.
NOTIC: [8] Undefined index: auto G:\Littlewhale\ThinkPHP\Library\Think\Model.class.php 第 1128 行.
SQL: INSERT INTO `db_admin_behavior` (`manager_id`,`username`,`name`,`router`,`url`,`param`,`is_ajax`,`add_time`) VALUES ('1','admin','基本配置','Manager/Config/index','http://www.xjxc.com/index.php/Manager/Config/index.html','POST: 
Cookie:PHPSESSID=dc9opbff7e68tf032abaqpq4i6&ADMUSERNAME=admin','0','1546589786') [ RunTime:0.0080s ]
SQL: SHOW COLUMNS FROM `db_config` [ RunTime:0.0090s ]
NOTIC: [8] Undefined index: field_filter G:\Littlewhale\Application\Common\Service\ModelService.class.php 第 229 行.
NOTIC: [8] Undefined index: fetchSql G:\Littlewhale\Application\Common\Service\ModelService.class.php 第 245 行.
SQL: SELECT `key`,`value` FROM `db_config`  [ RunTime:0.0080s ]
SQL: SHOW COLUMNS FROM `db_file` [ RunTime:0.0090s ]
SQL: SELECT `path` FROM `db_file` WHERE `id` = 218 LIMIT 1   [ RunTime:0.0080s ]
INFO: [ view_parse ] --START--
INFO: [ template_filter ] --START--
INFO: Run Behavior\ContentReplaceBehavior [ RunTime:0.000000s ]
INFO: [ template_filter ] --END-- [ RunTime:0.000000s ]
NOTIC: [8] Undefined variable: website G:\Littlewhale\#Runtime\Cache\Manager\7fa3d583be6d5c977c8acb6712f97b88.php 第 5 行.
NOTIC: [8] Undefined variable: row G:\Littlewhale\#Runtime\Cache\Manager\7fa3d583be6d5c977c8acb6712f97b88.php 第 189 行.
INFO: Run Behavior\ParseTemplateBehavior [ RunTime:0.009001s ]
INFO: [ view_parse ] --END-- [ RunTime:0.009001s ]
INFO: [ view_filter ] --START--
INFO: Run Behavior\WriteHtmlCacheBehavior [ RunTime:0.000000s ]
INFO: [ view_filter ] --END-- [ RunTime:0.000000s ]
INFO: [ app_end ] --START--
INFO: Run Behavior\ShowPageTraceBehavior [ RunTime:0.001000s ]
INFO: [ app_end ] --END-- [ RunTime:0.001000s ]

[ 2019-01-04T16:17:25+08:00 ] 127.0.0.1 /index.php/Manager/Config/index.html
INFO: [ app_init ] --START--
INFO: Run Behavior\BuildLiteBehavior [ RunTime:0.000000s ]
INFO: [ app_init ] --END-- [ RunTime:0.000000s ]
INFO: [ app_begin ] --START--
INFO: Run Behavior\ReadHtmlCacheBehavior [ RunTime:0.000000s ]
INFO: [ app_begin ] --END-- [ RunTime:0.000000s ]
NOTIC: [2] in_array() expects parameter 2 to be array, null given G:\Littlewhale\Application\Common\Service\ControllerService.class.php 第 45 行.
NOTIC: [2] in_array() expects parameter 2 to be array, null given G:\Littlewhale\Application\Common\Service\ControllerService.class.php 第 45 行.
SQL: SHOW COLUMNS FROM `db_admin_behavior` [ RunTime:0.0080s ]
NOTIC: [8] Undefined index: validate G:\Littlewhale\ThinkPHP\Library\Think\Model.class.php 第 1185 行.
NOTIC: [8] Undefined index: auto G:\Littlewhale\ThinkPHP\Library\Think\Model.class.php 第 1128 行.
SQL: INSERT INTO `db_admin_behavior` (`manager_id`,`username`,`name`,`router`,`url`,`param`,`is_ajax`,`add_time`) VALUES ('1','admin','基本配置','Manager/Config/index','http://www.xjxc.com/index.php/Manager/Config/index.html','POST: website_name=%E5%B0%8F%E9%B2%B8%E6%B4%97%E8%BD%A6&website_url=http%3A%2F%2Fwww.xiaojingxiche.com&website_keyword=%E5%B0%8F%E9%B2%B8%E9%B1%BC%E6%B4%97%E8%BD%A6+%E8%87%AA%E5%8A%A8%E6%B4%97%E8%BD%A6&website_description=%E5%B0%8F%E9%B2%B8%E9%B1%BC%E8%87%AA%E5%8A%A8%E6%B4%97%E8%BD%A6&app_logo=&app_name=%E5%B0%8F%E9%B2%B8%E6%B4%97%E8%BD%A6&app_version=V1.0.0&app_intro=Copyright+%C2%A9+2019-2020++++%0A%E5%8C%97%E4%BA%AC%E5%B0%8F%E9%B2%B8%E4%B8%80%E8%AF%BA%E7%A7%91%E6%8A%80%E6%9C%89%E9%99%90%E5%85%AC%E5%8F%B8
Cookie:PHPSESSID=dc9opbff7e68tf032abaqpq4i6&ADMUSERNAME=admin','1','1546589844') [ RunTime:0.0090s ]
SQL: SHOW COLUMNS FROM `db_config` [ RunTime:0.0080s ]
SQL: SELECT `id` FROM `db_config` WHERE `key` = 'website_name' LIMIT 1   [ RunTime:0.0090s ]
SQL: UPDATE `db_config` SET `value`='小鲸洗车' WHERE `id` = 1 [ RunTime:0.0070s ]
SQL: SELECT `id` FROM `db_config` WHERE `key` = 'website_url' LIMIT 1   [ RunTime:0.0070s ]
SQL: UPDATE `db_config` SET `value`='http://www.xiaojingxiche.com' WHERE `id` = 2 [ RunTime:0.0090s ]
SQL: SELECT `id` FROM `db_config` WHERE `key` = 'website_keyword' LIMIT 1   [ RunTime:0.0070s ]
SQL: UPDATE `db_config` SET `value`='小鲸鱼洗车 自动洗车' WHERE `id` = 3 [ RunTime:0.0070s ]
SQL: SELECT `id` FROM `db_config` WHERE `key` = 'website_description' LIMIT 1   [ RunTime:0.0090s ]
SQL: UPDATE `db_config` SET `value`='小鲸鱼自动洗车' WHERE `id` = 4 [ RunTime:0.0130s ]
SQL: SELECT `id` FROM `db_config` WHERE `key` = 'app_logo' LIMIT 1   [ RunTime:0.0080s ]
SQL: UPDATE `db_config` SET `value`='' WHERE `id` = 9 [ RunTime:0.0070s ]
SQL: SELECT `id` FROM `db_config` WHERE `key` = 'app_name' LIMIT 1   [ RunTime:0.0080s ]
SQL: UPDATE `db_config` SET `value`='小鲸洗车' WHERE `id` = 10 [ RunTime:0.0080s ]
SQL: SELECT `id` FROM `db_config` WHERE `key` = 'app_version' LIMIT 1   [ RunTime:0.0070s ]
SQL: UPDATE `db_config` SET `value`='V1.0.0' WHERE `id` = 11 [ RunTime:0.0080s ]
SQL: SELECT `id` FROM `db_config` WHERE `key` = 'app_intro' LIMIT 1   [ RunTime:0.0080s ]
SQL: UPDATE `db_config` SET `value`='Copyright © 2019-2020    
北京小鲸一诺科技有限公司' WHERE `id` = 12 [ RunTime:0.0080s ]
NOTIC: [8] Undefined index: field_filter G:\Littlewhale\Application\Common\Service\ModelService.class.php 第 229 行.
NOTIC: [8] Undefined index: fetchSql G:\Littlewhale\Application\Common\Service\ModelService.class.php 第 245 行.
SQL: SELECT `key`,`value` FROM `db_config`  [ RunTime:0.0080s ]

[ 2019-01-04T16:17:26+08:00 ] 127.0.0.1 /index.php/Manager/Config/index.html
INFO: [ app_init ] --START--
INFO: Run Behavior\BuildLiteBehavior [ RunTime:0.000000s ]
INFO: [ app_init ] --END-- [ RunTime:0.001000s ]
INFO: [ app_begin ] --START--
INFO: Run Behavior\ReadHtmlCacheBehavior [ RunTime:0.001000s ]
INFO: [ app_begin ] --END-- [ RunTime:0.001000s ]
NOTIC: [2] in_array() expects parameter 2 to be array, null given G:\Littlewhale\Application\Common\Service\ControllerService.class.php 第 45 行.
NOTIC: [2] in_array() expects parameter 2 to be array, null given G:\Littlewhale\Application\Common\Service\ControllerService.class.php 第 45 行.
SQL: SHOW COLUMNS FROM `db_admin_behavior` [ RunTime:0.0080s ]
NOTIC: [8] Undefined index: validate G:\Littlewhale\ThinkPHP\Library\Think\Model.class.php 第 1185 行.
NOTIC: [8] Undefined index: auto G:\Littlewhale\ThinkPHP\Library\Think\Model.class.php 第 1128 行.
SQL: INSERT INTO `db_admin_behavior` (`manager_id`,`username`,`name`,`router`,`url`,`param`,`is_ajax`,`add_time`) VALUES ('1','admin','基本配置','Manager/Config/index','http://www.xjxc.com/index.php/Manager/Config/index.html','POST: 
Cookie:PHPSESSID=dc9opbff7e68tf032abaqpq4i6&ADMUSERNAME=admin','0','1546589846') [ RunTime:0.0080s ]
SQL: SHOW COLUMNS FROM `db_config` [ RunTime:0.0080s ]
NOTIC: [8] Undefined index: field_filter G:\Littlewhale\Application\Common\Service\ModelService.class.php 第 229 行.
NOTIC: [8] Undefined index: fetchSql G:\Littlewhale\Application\Common\Service\ModelService.class.php 第 245 行.
SQL: SELECT `key`,`value` FROM `db_config`  [ RunTime:0.0070s ]
SQL: SHOW COLUMNS FROM `db_file` [ RunTime:0.0070s ]
SQL: SELECT `path` FROM `db_file` WHERE `id` = 0 LIMIT 1   [ RunTime:0.0080s ]
INFO: [ view_parse ] --START--
INFO: [ template_filter ] --START--
INFO: Run Behavior\ContentReplaceBehavior [ RunTime:0.000000s ]
INFO: [ template_filter ] --END-- [ RunTime:0.001001s ]
NOTIC: [8] Undefined variable: website G:\Littlewhale\#Runtime\Cache\Manager\7fa3d583be6d5c977c8acb6712f97b88.php 第 5 行.
NOTIC: [8] Undefined variable: row G:\Littlewhale\#Runtime\Cache\Manager\7fa3d583be6d5c977c8acb6712f97b88.php 第 189 行.
INFO: Run Behavior\ParseTemplateBehavior [ RunTime:0.011001s ]
INFO: [ view_parse ] --END-- [ RunTime:0.011001s ]
INFO: [ view_filter ] --START--
INFO: Run Behavior\WriteHtmlCacheBehavior [ RunTime:0.000000s ]
INFO: [ view_filter ] --END-- [ RunTime:0.001000s ]
INFO: [ app_end ] --START--
INFO: Run Behavior\ShowPageTraceBehavior [ RunTime:0.001000s ]
INFO: [ app_end ] --END-- [ RunTime:0.001000s ]

