[ 2019-03-11T11:26:27+08:00 ] 127.0.0.1 /manager
INFO: [ app_init ] --START--
INFO: Run Behavior\BuildLiteBehavior [ RunTime:0.000000s ]
INFO: [ app_init ] --END-- [ RunTime:0.001000s ]
INFO: [ app_begin ] --START--
INFO: Run Behavior\ReadHtmlCacheBehavior [ RunTime:0.001000s ]
INFO: [ app_begin ] --END-- [ RunTime:0.001000s ]

[ 2019-03-11T11:26:27+08:00 ] 127.0.0.1 /index.php/Manager/Admin/login.html
INFO: [ app_init ] --START--
INFO: Run Behavior\BuildLiteBehavior [ RunTime:0.000000s ]
INFO: [ app_init ] --END-- [ RunTime:0.001000s ]
INFO: [ app_begin ] --START--
INFO: Run Behavior\ReadHtmlCacheBehavior [ RunTime:0.000000s ]
INFO: [ app_begin ] --END-- [ RunTime:0.001000s ]
INFO: [ view_parse ] --START--
INFO: [ template_filter ] --START--
INFO: Run Behavior\ContentReplaceBehavior [ RunTime:0.000000s ]
INFO: [ template_filter ] --END-- [ RunTime:0.000000s ]
INFO: Run Behavior\ParseTemplateBehavior [ RunTime:0.009000s ]
INFO: [ view_parse ] --END-- [ RunTime:0.009000s ]
INFO: [ view_filter ] --START--
INFO: Run Behavior\WriteHtmlCacheBehavior [ RunTime:0.001000s ]
INFO: [ view_filter ] --END-- [ RunTime:0.001000s ]
INFO: [ app_end ] --START--
INFO: Run Behavior\ShowPageTraceBehavior [ RunTime:0.001000s ]
INFO: [ app_end ] --END-- [ RunTime:0.001000s ]

[ 2019-03-11T11:26:28+08:00 ] 127.0.0.1 /index.php/Manager/Index/verifyImage.html
INFO: [ app_init ] --START--
INFO: Run Behavior\BuildLiteBehavior [ RunTime:0.000000s ]
INFO: [ app_init ] --END-- [ RunTime:0.001000s ]
INFO: [ app_begin ] --START--
INFO: Run Behavior\ReadHtmlCacheBehavior [ RunTime:0.001000s ]
INFO: [ app_begin ] --END-- [ RunTime:0.001000s ]
INFO: [ app_end ] --START--
INFO: Run Behavior\ShowPageTraceBehavior [ RunTime:0.000000s ]
INFO: [ app_end ] --END-- [ RunTime:0.001000s ]

[ 2019-03-11T11:26:37+08:00 ] 127.0.0.1 /index.php/Manager/Admin/login.html
INFO: [ app_init ] --START--
INFO: Run Behavior\BuildLiteBehavior [ RunTime:0.000000s ]
INFO: [ app_init ] --END-- [ RunTime:0.001000s ]
INFO: [ app_begin ] --START--
INFO: Run Behavior\ReadHtmlCacheBehavior [ RunTime:0.001000s ]
INFO: [ app_begin ] --END-- [ RunTime:0.001000s ]
NOTIC: [2] strpos() expects parameter 1 to be string, array given G:\Littlewhale\Vendor\Txunda\Txunda.Param.php 第 97 行.
SQL: SHOW COLUMNS FROM `db_admin` [ RunTime:0.0090s ]
NOTIC: [8] Undefined index: field_filter G:\Littlewhale\Application\Common\Service\ModelService.class.php 第 229 行.
NOTIC: [8] Undefined index: fetchSql G:\Littlewhale\Application\Common\Service\ModelService.class.php 第 245 行.
SQL: SELECT `id`,`group_id`,`username`,`password`,`salt`,`status` FROM `db_admin` WHERE `username` = 'admin' LIMIT 1   [ RunTime:0.0280s ]
SQL: SHOW COLUMNS FROM `db_admin_group` [ RunTime:0.0100s ]
SQL: SHOW COLUMNS FROM `db_admin_menu` [ RunTime:0.0100s ]
NOTIC: [8] Undefined index: field_filter G:\Littlewhale\Application\Common\Service\ModelService.class.php 第 229 行.
NOTIC: [8] Undefined index: fetchSql G:\Littlewhale\Application\Common\Service\ModelService.class.php 第 245 行.
SQL: SELECT `id`,`p_id`,`name`,`router`,`type`,`icon`,`system`,`sort`,`status` FROM `db_admin_menu` WHERE `status` <> 9 ORDER BY sort ASC, id ASC  [ RunTime:0.0130s ]

[ 2019-03-11T11:26:39+08:00 ] 127.0.0.1 /index.php/Manager/Index/index.html
INFO: [ app_init ] --START--
INFO: Run Behavior\BuildLiteBehavior [ RunTime:0.000000s ]
INFO: [ app_init ] --END-- [ RunTime:0.001000s ]
INFO: [ app_begin ] --START--
INFO: Run Behavior\ReadHtmlCacheBehavior [ RunTime:0.000000s ]
INFO: [ app_begin ] --END-- [ RunTime:0.001000s ]
SQL: SHOW COLUMNS FROM `db_file` [ RunTime:0.0090s ]
SQL: SELECT `path` FROM `db_file` WHERE `id` = 18 LIMIT 1   [ RunTime:0.0200s ]
INFO: [ view_parse ] --START--
INFO: [ template_filter ] --START--
INFO: Run Behavior\ContentReplaceBehavior [ RunTime:0.000000s ]
INFO: [ template_filter ] --END-- [ RunTime:0.000000s ]
INFO: Run Behavior\ParseTemplateBehavior [ RunTime:0.023001s ]
INFO: [ view_parse ] --END-- [ RunTime:0.023001s ]
INFO: [ view_filter ] --START--
INFO: Run Behavior\WriteHtmlCacheBehavior [ RunTime:0.000000s ]
INFO: [ view_filter ] --END-- [ RunTime:0.000000s ]
INFO: [ app_end ] --START--
INFO: Run Behavior\ShowPageTraceBehavior [ RunTime:0.000000s ]
INFO: [ app_end ] --END-- [ RunTime:0.001000s ]

[ 2019-03-11T11:26:39+08:00 ] 127.0.0.1 /index.php/Manager/Index/welcome.html
INFO: [ app_init ] --START--
INFO: Run Behavior\BuildLiteBehavior [ RunTime:0.000000s ]
INFO: [ app_init ] --END-- [ RunTime:0.000000s ]
INFO: [ app_begin ] --START--
INFO: Run Behavior\ReadHtmlCacheBehavior [ RunTime:0.001000s ]
INFO: [ app_begin ] --END-- [ RunTime:0.001000s ]
INFO: [ view_parse ] --START--
INFO: [ template_filter ] --START--
INFO: Run Behavior\ContentReplaceBehavior [ RunTime:0.001000s ]
INFO: [ template_filter ] --END-- [ RunTime:0.001000s ]
INFO: Run Behavior\ParseTemplateBehavior [ RunTime:0.012000s ]
INFO: [ view_parse ] --END-- [ RunTime:0.013000s ]
INFO: [ view_filter ] --START--
INFO: Run Behavior\WriteHtmlCacheBehavior [ RunTime:0.001000s ]
INFO: [ view_filter ] --END-- [ RunTime:0.001000s ]
INFO: [ app_end ] --START--
INFO: Run Behavior\ShowPageTraceBehavior [ RunTime:0.001000s ]
INFO: [ app_end ] --END-- [ RunTime:0.001000s ]

[ 2019-03-11T11:26:50+08:00 ] 127.0.0.1 /index.php/Manager/BankCard/index.html
INFO: [ app_init ] --START--
INFO: Run Behavior\BuildLiteBehavior [ RunTime:0.000000s ]
INFO: [ app_init ] --END-- [ RunTime:0.001000s ]
INFO: [ app_begin ] --START--
INFO: Run Behavior\ReadHtmlCacheBehavior [ RunTime:0.001000s ]
INFO: [ app_begin ] --END-- [ RunTime:0.001000s ]
SQL: SHOW COLUMNS FROM `db_admin_behavior` [ RunTime:0.0080s ]
NOTIC: [8] Undefined index: validate G:\Littlewhale\ThinkPHP\Library\Think\Model.class.php 第 1185 行.
NOTIC: [8] Undefined index: auto G:\Littlewhale\ThinkPHP\Library\Think\Model.class.php 第 1128 行.
SQL: INSERT INTO `db_admin_behavior` (`manager_id`,`username`,`name`,`router`,`url`,`param`,`is_ajax`,`add_time`) VALUES ('1','admin','绑定列表','Manager/BankCard/index','http://www.xjxc.com/index.php/Manager/BankCard/index.html','POST: 
Cookie:PHPSESSID=908qjbtda9u1k4vgebbrhiol55&ADMUSERNAME=admin','0','1552274810') [ RunTime:0.0730s ]
NOTIC: [8] Undefined index: status G:\Littlewhale\Application\Manager\Controller\BankCardController.class.php 第 30 行.
SQL: SHOW COLUMNS FROM `db_bank_card` [ RunTime:0.0080s ]
NOTIC: [8] Undefined index: field_filter G:\Littlewhale\Application\Common\Service\ModelService.class.php 第 229 行.
NOTIC: [8] Undefined index: fetchSql G:\Littlewhale\Application\Common\Service\ModelService.class.php 第 245 行.
SQL: SELECT COUNT(*) AS tp_count FROM `db_bank_card` WHERE `status` < 9 ORDER BY sort desc , create_time desc LIMIT 1   [ RunTime:0.0080s ]
NOTIC: [8] Undefined index: parameter G:\Littlewhale\Application\Common\Service\ModelService.class.php 第 67 行.
NOTIC: [8] Undefined index: field_filter G:\Littlewhale\Application\Common\Service\ModelService.class.php 第 229 行.
NOTIC: [8] Undefined index: fetchSql G:\Littlewhale\Application\Common\Service\ModelService.class.php 第 245 行.
SQL: SELECT * FROM `db_bank_card` WHERE `status` < 9 ORDER BY sort desc , create_time desc LIMIT 0,15   [ RunTime:0.0090s ]
SQL: SHOW COLUMNS FROM `db_bank_type` [ RunTime:0.0090s ]
SQL: SELECT `bank_name` FROM `db_bank_type` WHERE `id` = 2 LIMIT 1   [ RunTime:0.0070s ]
SQL: SHOW COLUMNS FROM `db_agent` [ RunTime:0.0080s ]
SQL: SELECT `nickname` FROM `db_agent` WHERE `id` = 1 LIMIT 1   [ RunTime:0.0080s ]
SQL: SELECT `bank_name` FROM `db_bank_type` WHERE `id` = 1 LIMIT 1   [ RunTime:0.0090s ]
SQL: SELECT `nickname` FROM `db_agent` WHERE `id` = 2 LIMIT 1   [ RunTime:0.0080s ]
SQL: SELECT `bank_name` FROM `db_bank_type` WHERE `id` = 3 LIMIT 1   [ RunTime:0.0080s ]
SQL: SELECT `nickname` FROM `db_agent` WHERE `id` = 1 LIMIT 1   [ RunTime:0.0090s ]
INFO: [ view_parse ] --START--
INFO: [ template_filter ] --START--
INFO: Run Behavior\ContentReplaceBehavior [ RunTime:0.001000s ]
INFO: [ template_filter ] --END-- [ RunTime:0.001000s ]
NOTIC: [8] Undefined index: card_name G:\Littlewhale\#Runtime\Cache\Manager\4e294aeafa56a1d9617e773ba0a8c3e0.php 第 135 行.
NOTIC: [8] Undefined index: card_code G:\Littlewhale\#Runtime\Cache\Manager\4e294aeafa56a1d9617e773ba0a8c3e0.php 第 139 行.
NOTIC: [8] Undefined index: ID_card G:\Littlewhale\#Runtime\Cache\Manager\4e294aeafa56a1d9617e773ba0a8c3e0.php 第 143 行.
NOTIC: [8] Undefined index: phone G:\Littlewhale\#Runtime\Cache\Manager\4e294aeafa56a1d9617e773ba0a8c3e0.php 第 147 行.
NOTIC: [8] Undefined index: sort_order G:\Littlewhale\#Runtime\Cache\Manager\4e294aeafa56a1d9617e773ba0a8c3e0.php 第 209 行.
INFO: Run Behavior\ParseTemplateBehavior [ RunTime:0.013001s ]
INFO: [ view_parse ] --END-- [ RunTime:0.013001s ]
INFO: [ view_filter ] --START--
INFO: Run Behavior\WriteHtmlCacheBehavior [ RunTime:0.001000s ]
INFO: [ view_filter ] --END-- [ RunTime:0.001000s ]
INFO: [ app_end ] --START--
INFO: Run Behavior\ShowPageTraceBehavior [ RunTime:0.001000s ]
INFO: [ app_end ] --END-- [ RunTime:0.001000s ]

[ 2019-03-11T11:26:50+08:00 ] 127.0.0.1 /index.php/Manager/BankCard/index.html
INFO: [ app_init ] --START--
INFO: Run Behavior\BuildLiteBehavior [ RunTime:0.000000s ]
INFO: [ app_init ] --END-- [ RunTime:0.001000s ]
INFO: [ app_begin ] --START--
INFO: Run Behavior\ReadHtmlCacheBehavior [ RunTime:0.001000s ]
INFO: [ app_begin ] --END-- [ RunTime:0.003000s ]
SQL: SHOW COLUMNS FROM `db_admin_behavior` [ RunTime:0.0090s ]
NOTIC: [8] Undefined index: validate G:\Littlewhale\ThinkPHP\Library\Think\Model.class.php 第 1185 行.
NOTIC: [8] Undefined index: auto G:\Littlewhale\ThinkPHP\Library\Think\Model.class.php 第 1128 行.
SQL: INSERT INTO `db_admin_behavior` (`manager_id`,`username`,`name`,`router`,`url`,`param`,`is_ajax`,`add_time`) VALUES ('1','admin','绑定列表','Manager/BankCard/index','http://www.xjxc.com/index.php/Manager/BankCard/index.html','POST: 
Cookie:PHPSESSID=908qjbtda9u1k4vgebbrhiol55&ADMUSERNAME=admin','0','1552274810') [ RunTime:0.0070s ]
NOTIC: [8] Undefined index: status G:\Littlewhale\Application\Manager\Controller\BankCardController.class.php 第 30 行.
SQL: SHOW COLUMNS FROM `db_bank_card` [ RunTime:0.0080s ]
NOTIC: [8] Undefined index: field_filter G:\Littlewhale\Application\Common\Service\ModelService.class.php 第 229 行.
NOTIC: [8] Undefined index: fetchSql G:\Littlewhale\Application\Common\Service\ModelService.class.php 第 245 行.
SQL: SELECT COUNT(*) AS tp_count FROM `db_bank_card` WHERE `status` < 9 ORDER BY sort desc , create_time desc LIMIT 1   [ RunTime:0.0070s ]
NOTIC: [8] Undefined index: parameter G:\Littlewhale\Application\Common\Service\ModelService.class.php 第 67 行.
NOTIC: [8] Undefined index: field_filter G:\Littlewhale\Application\Common\Service\ModelService.class.php 第 229 行.
NOTIC: [8] Undefined index: fetchSql G:\Littlewhale\Application\Common\Service\ModelService.class.php 第 245 行.
SQL: SELECT * FROM `db_bank_card` WHERE `status` < 9 ORDER BY sort desc , create_time desc LIMIT 0,15   [ RunTime:0.0080s ]
SQL: SHOW COLUMNS FROM `db_bank_type` [ RunTime:0.0080s ]
SQL: SELECT `bank_name` FROM `db_bank_type` WHERE `id` = 2 LIMIT 1   [ RunTime:0.0070s ]
SQL: SHOW COLUMNS FROM `db_agent` [ RunTime:0.0090s ]
SQL: SELECT `nickname` FROM `db_agent` WHERE `id` = 1 LIMIT 1   [ RunTime:0.0090s ]
SQL: SELECT `bank_name` FROM `db_bank_type` WHERE `id` = 1 LIMIT 1   [ RunTime:0.0080s ]
SQL: SELECT `nickname` FROM `db_agent` WHERE `id` = 2 LIMIT 1   [ RunTime:0.0080s ]
SQL: SELECT `bank_name` FROM `db_bank_type` WHERE `id` = 3 LIMIT 1   [ RunTime:0.0080s ]
SQL: SELECT `nickname` FROM `db_agent` WHERE `id` = 1 LIMIT 1   [ RunTime:0.0080s ]
INFO: [ view_parse ] --START--
INFO: [ template_filter ] --START--
INFO: Run Behavior\ContentReplaceBehavior [ RunTime:0.000000s ]
INFO: [ template_filter ] --END-- [ RunTime:0.000000s ]
NOTIC: [8] Undefined index: card_name G:\Littlewhale\#Runtime\Cache\Manager\4e294aeafa56a1d9617e773ba0a8c3e0.php 第 135 行.
NOTIC: [8] Undefined index: card_code G:\Littlewhale\#Runtime\Cache\Manager\4e294aeafa56a1d9617e773ba0a8c3e0.php 第 139 行.
NOTIC: [8] Undefined index: ID_card G:\Littlewhale\#Runtime\Cache\Manager\4e294aeafa56a1d9617e773ba0a8c3e0.php 第 143 行.
NOTIC: [8] Undefined index: phone G:\Littlewhale\#Runtime\Cache\Manager\4e294aeafa56a1d9617e773ba0a8c3e0.php 第 147 行.
NOTIC: [8] Undefined index: sort_order G:\Littlewhale\#Runtime\Cache\Manager\4e294aeafa56a1d9617e773ba0a8c3e0.php 第 209 行.
INFO: Run Behavior\ParseTemplateBehavior [ RunTime:0.014001s ]
INFO: [ view_parse ] --END-- [ RunTime:0.014001s ]
INFO: [ view_filter ] --START--
INFO: Run Behavior\WriteHtmlCacheBehavior [ RunTime:0.000000s ]
INFO: [ view_filter ] --END-- [ RunTime:0.000000s ]
INFO: [ app_end ] --START--
INFO: Run Behavior\ShowPageTraceBehavior [ RunTime:0.001000s ]
INFO: [ app_end ] --END-- [ RunTime:0.001000s ]

[ 2019-03-11T11:26:52+08:00 ] 127.0.0.1 /index.php/Manager/BankType/index.html
INFO: [ app_init ] --START--
INFO: Run Behavior\BuildLiteBehavior [ RunTime:0.000000s ]
INFO: [ app_init ] --END-- [ RunTime:0.000000s ]
INFO: [ app_begin ] --START--
INFO: Run Behavior\ReadHtmlCacheBehavior [ RunTime:0.001000s ]
INFO: [ app_begin ] --END-- [ RunTime:0.001000s ]
SQL: SHOW COLUMNS FROM `db_admin_behavior` [ RunTime:0.0140s ]
NOTIC: [8] Undefined index: validate G:\Littlewhale\ThinkPHP\Library\Think\Model.class.php 第 1185 行.
NOTIC: [8] Undefined index: auto G:\Littlewhale\ThinkPHP\Library\Think\Model.class.php 第 1128 行.
SQL: INSERT INTO `db_admin_behavior` (`manager_id`,`username`,`name`,`router`,`url`,`param`,`is_ajax`,`add_time`) VALUES ('1','admin','银行卡列','Manager/BankType/index','http://www.xjxc.com/index.php/Manager/BankType/index.html','POST: 
Cookie:PHPSESSID=908qjbtda9u1k4vgebbrhiol55&ADMUSERNAME=admin','0','1552274811') [ RunTime:0.0150s ]
NOTIC: [8] Undefined index: status G:\Littlewhale\Application\Manager\Controller\BankTypeController.class.php 第 38 行.
SQL: SHOW COLUMNS FROM `db_bank_type` [ RunTime:0.0160s ]
NOTIC: [8] Undefined index: field_filter G:\Littlewhale\Application\Common\Service\ModelService.class.php 第 229 行.
NOTIC: [8] Undefined index: fetchSql G:\Littlewhale\Application\Common\Service\ModelService.class.php 第 245 行.
SQL: SELECT COUNT(*) AS tp_count FROM `db_bank_type` WHERE `status` < 9 ORDER BY sort desc , create_time desc LIMIT 1   [ RunTime:0.0140s ]
NOTIC: [8] Undefined index: parameter G:\Littlewhale\Application\Common\Service\ModelService.class.php 第 67 行.
NOTIC: [8] Undefined index: field_filter G:\Littlewhale\Application\Common\Service\ModelService.class.php 第 229 行.
NOTIC: [8] Undefined index: fetchSql G:\Littlewhale\Application\Common\Service\ModelService.class.php 第 245 行.
SQL: SELECT * FROM `db_bank_type` WHERE `status` < 9 ORDER BY sort desc , create_time desc LIMIT 0,15   [ RunTime:0.0100s ]
SQL: SHOW COLUMNS FROM `db_file` [ RunTime:0.0090s ]
SQL: SELECT `path` FROM `db_file` WHERE `id` = 21 LIMIT 1   [ RunTime:0.0120s ]
SQL: SELECT `path` FROM `db_file` WHERE `id` = 22 LIMIT 1   [ RunTime:0.0090s ]
SQL: SELECT `path` FROM `db_file` WHERE `id` = 23 LIMIT 1   [ RunTime:0.6430s ]
INFO: [ view_parse ] --START--
INFO: [ template_filter ] --START--
INFO: Run Behavior\ContentReplaceBehavior [ RunTime:0.000000s ]
INFO: [ template_filter ] --END-- [ RunTime:0.001000s ]
NOTIC: [8] Undefined index: bank_name G:\Littlewhale\#Runtime\Cache\Manager\53d3d5016f689d4d3ec5746519054fa2.php 第 137 行.
NOTIC: [8] Undefined index: status G:\Littlewhale\#Runtime\Cache\Manager\53d3d5016f689d4d3ec5746519054fa2.php 第 143 行.
NOTIC: [8] Undefined index: status G:\Littlewhale\#Runtime\Cache\Manager\53d3d5016f689d4d3ec5746519054fa2.php 第 146 行.
NOTIC: [8] Undefined index: start_time G:\Littlewhale\#Runtime\Cache\Manager\53d3d5016f689d4d3ec5746519054fa2.php 第 152 行.
NOTIC: [8] Undefined index: end_time G:\Littlewhale\#Runtime\Cache\Manager\53d3d5016f689d4d3ec5746519054fa2.php 第 157 行.
NOTIC: [8] Undefined index: sort_order G:\Littlewhale\#Runtime\Cache\Manager\53d3d5016f689d4d3ec5746519054fa2.php 第 227 行.
INFO: Run Behavior\ParseTemplateBehavior [ RunTime:0.040002s ]
INFO: [ view_parse ] --END-- [ RunTime:0.040002s ]
INFO: [ view_filter ] --START--
INFO: Run Behavior\WriteHtmlCacheBehavior [ RunTime:0.001000s ]
INFO: [ view_filter ] --END-- [ RunTime:0.001000s ]
INFO: [ app_end ] --START--
INFO: Run Behavior\ShowPageTraceBehavior [ RunTime:0.001000s ]
INFO: [ app_end ] --END-- [ RunTime:0.001000s ]

[ 2019-03-11T11:26:52+08:00 ] 127.0.0.1 /index.php/Manager/BankType/index.html
INFO: [ app_init ] --START--
INFO: Run Behavior\BuildLiteBehavior [ RunTime:0.001000s ]
INFO: [ app_init ] --END-- [ RunTime:0.001000s ]
INFO: [ app_begin ] --START--
INFO: Run Behavior\ReadHtmlCacheBehavior [ RunTime:0.001000s ]
INFO: [ app_begin ] --END-- [ RunTime:0.001000s ]
SQL: SHOW COLUMNS FROM `db_admin_behavior` [ RunTime:0.0120s ]
NOTIC: [8] Undefined index: validate G:\Littlewhale\ThinkPHP\Library\Think\Model.class.php 第 1185 行.
NOTIC: [8] Undefined index: auto G:\Littlewhale\ThinkPHP\Library\Think\Model.class.php 第 1128 行.
SQL: INSERT INTO `db_admin_behavior` (`manager_id`,`username`,`name`,`router`,`url`,`param`,`is_ajax`,`add_time`) VALUES ('1','admin','银行卡列','Manager/BankType/index','http://www.xjxc.com/index.php/Manager/BankType/index.html','POST: 
Cookie:PHPSESSID=908qjbtda9u1k4vgebbrhiol55&ADMUSERNAME=admin','0','1552274812') [ RunTime:0.0080s ]
NOTIC: [8] Undefined index: status G:\Littlewhale\Application\Manager\Controller\BankTypeController.class.php 第 38 行.
SQL: SHOW COLUMNS FROM `db_bank_type` [ RunTime:0.0090s ]
NOTIC: [8] Undefined index: field_filter G:\Littlewhale\Application\Common\Service\ModelService.class.php 第 229 行.
NOTIC: [8] Undefined index: fetchSql G:\Littlewhale\Application\Common\Service\ModelService.class.php 第 245 行.
SQL: SELECT COUNT(*) AS tp_count FROM `db_bank_type` WHERE `status` < 9 ORDER BY sort desc , create_time desc LIMIT 1   [ RunTime:0.0090s ]
NOTIC: [8] Undefined index: parameter G:\Littlewhale\Application\Common\Service\ModelService.class.php 第 67 行.
NOTIC: [8] Undefined index: field_filter G:\Littlewhale\Application\Common\Service\ModelService.class.php 第 229 行.
NOTIC: [8] Undefined index: fetchSql G:\Littlewhale\Application\Common\Service\ModelService.class.php 第 245 行.
SQL: SELECT * FROM `db_bank_type` WHERE `status` < 9 ORDER BY sort desc , create_time desc LIMIT 0,15   [ RunTime:0.0090s ]
SQL: SHOW COLUMNS FROM `db_file` [ RunTime:0.0110s ]
SQL: SELECT `path` FROM `db_file` WHERE `id` = 21 LIMIT 1   [ RunTime:0.0090s ]
SQL: SELECT `path` FROM `db_file` WHERE `id` = 22 LIMIT 1   [ RunTime:0.0080s ]
SQL: SELECT `path` FROM `db_file` WHERE `id` = 23 LIMIT 1   [ RunTime:0.0080s ]
INFO: [ view_parse ] --START--
INFO: [ template_filter ] --START--
INFO: Run Behavior\ContentReplaceBehavior [ RunTime:0.001000s ]
INFO: [ template_filter ] --END-- [ RunTime:0.001000s ]
NOTIC: [8] Undefined index: bank_name G:\Littlewhale\#Runtime\Cache\Manager\53d3d5016f689d4d3ec5746519054fa2.php 第 137 行.
NOTIC: [8] Undefined index: status G:\Littlewhale\#Runtime\Cache\Manager\53d3d5016f689d4d3ec5746519054fa2.php 第 143 行.
NOTIC: [8] Undefined index: status G:\Littlewhale\#Runtime\Cache\Manager\53d3d5016f689d4d3ec5746519054fa2.php 第 146 行.
NOTIC: [8] Undefined index: start_time G:\Littlewhale\#Runtime\Cache\Manager\53d3d5016f689d4d3ec5746519054fa2.php 第 152 行.
NOTIC: [8] Undefined index: end_time G:\Littlewhale\#Runtime\Cache\Manager\53d3d5016f689d4d3ec5746519054fa2.php 第 157 行.
NOTIC: [8] Undefined index: sort_order G:\Littlewhale\#Runtime\Cache\Manager\53d3d5016f689d4d3ec5746519054fa2.php 第 227 行.
INFO: Run Behavior\ParseTemplateBehavior [ RunTime:0.021002s ]
INFO: [ view_parse ] --END-- [ RunTime:0.021002s ]
INFO: [ view_filter ] --START--
INFO: Run Behavior\WriteHtmlCacheBehavior [ RunTime:0.000000s ]
INFO: [ view_filter ] --END-- [ RunTime:0.000000s ]
INFO: [ app_end ] --START--
INFO: Run Behavior\ShowPageTraceBehavior [ RunTime:0.001000s ]
INFO: [ app_end ] --END-- [ RunTime:0.001000s ]

[ 2019-03-11T11:26:54+08:00 ] 127.0.0.1 /index.php/Manager/Withdraw/index.html
INFO: [ app_init ] --START--
INFO: Run Behavior\BuildLiteBehavior [ RunTime:0.000000s ]
INFO: [ app_init ] --END-- [ RunTime:0.001000s ]
INFO: [ app_begin ] --START--
INFO: Run Behavior\ReadHtmlCacheBehavior [ RunTime:0.001000s ]
INFO: [ app_begin ] --END-- [ RunTime:0.001000s ]
SQL: SHOW COLUMNS FROM `db_admin_behavior` [ RunTime:0.0100s ]
NOTIC: [8] Undefined index: validate G:\Littlewhale\ThinkPHP\Library\Think\Model.class.php 第 1185 行.
NOTIC: [8] Undefined index: auto G:\Littlewhale\ThinkPHP\Library\Think\Model.class.php 第 1128 行.
SQL: INSERT INTO `db_admin_behavior` (`manager_id`,`username`,`name`,`router`,`url`,`param`,`is_ajax`,`add_time`) VALUES ('1','admin','提现列表','Manager/Withdraw/index','http://www.xjxc.com/index.php/Manager/Withdraw/index.html','POST: 
Cookie:PHPSESSID=908qjbtda9u1k4vgebbrhiol55&ADMUSERNAME=admin','0','1552274814') [ RunTime:0.0100s ]
NOTIC: [8] Undefined index: status G:\Littlewhale\Application\Manager\Controller\WithdrawController.class.php 第 55 行.
SQL: SHOW COLUMNS FROM `db_withdraw` [ RunTime:0.0100s ]
NOTIC: [8] Undefined index: field_filter G:\Littlewhale\Application\Common\Service\ModelService.class.php 第 229 行.
NOTIC: [8] Undefined index: fetchSql G:\Littlewhale\Application\Common\Service\ModelService.class.php 第 245 行.
SQL: SELECT COUNT(*) AS tp_count FROM `db_withdraw` WHERE `status` < 9 ORDER BY sort desc , create_time desc LIMIT 1   [ RunTime:0.0100s ]
NOTIC: [8] Undefined index: parameter G:\Littlewhale\Application\Common\Service\ModelService.class.php 第 67 行.
NOTIC: [8] Undefined index: field_filter G:\Littlewhale\Application\Common\Service\ModelService.class.php 第 229 行.
NOTIC: [8] Undefined index: fetchSql G:\Littlewhale\Application\Common\Service\ModelService.class.php 第 245 行.
SQL: SELECT * FROM `db_withdraw` WHERE `status` < 9 ORDER BY sort desc , create_time desc LIMIT 0,15   [ RunTime:0.0100s ]
SQL: SHOW COLUMNS FROM `db_agent` [ RunTime:0.0100s ]
SQL: SELECT `nickname` FROM `db_agent` WHERE `id` = 1 LIMIT 1   [ RunTime:0.0090s ]
SQL: SHOW COLUMNS FROM `db_bank_card` [ RunTime:0.0100s ]
SQL: SELECT `card_code`,`card_name`,`card_id` FROM `db_bank_card` WHERE `id` = 3 LIMIT 1   [ RunTime:0.0100s ]
SQL: SHOW COLUMNS FROM `db_bank_type` [ RunTime:0.0100s ]
SQL: SELECT `bank_name`,`bank_pic` FROM `db_bank_type` WHERE `id` = 3 LIMIT 1   [ RunTime:0.0090s ]
SQL: SELECT `nickname` FROM `db_agent` WHERE `id` = 1 LIMIT 1   [ RunTime:0.0100s ]
SQL: SELECT `card_code`,`card_name`,`card_id` FROM `db_bank_card` WHERE `id` = 3 LIMIT 1   [ RunTime:0.0090s ]
SQL: SELECT `bank_name`,`bank_pic` FROM `db_bank_type` WHERE `id` = 3 LIMIT 1   [ RunTime:0.0080s ]
SQL: SELECT `nickname` FROM `db_agent` WHERE `id` = 1 LIMIT 1   [ RunTime:0.0100s ]
SQL: SELECT `card_code`,`card_name`,`card_id` FROM `db_bank_card` WHERE `id` = 3 LIMIT 1   [ RunTime:0.0090s ]
SQL: SELECT `bank_name`,`bank_pic` FROM `db_bank_type` WHERE `id` = 3 LIMIT 1   [ RunTime:0.0090s ]
SQL: SELECT `nickname` FROM `db_agent` WHERE `id` = 1 LIMIT 1   [ RunTime:0.0090s ]
SQL: SELECT `card_code`,`card_name`,`card_id` FROM `db_bank_card` WHERE `id` = 3 LIMIT 1   [ RunTime:0.0090s ]
SQL: SELECT `bank_name`,`bank_pic` FROM `db_bank_type` WHERE `id` = 3 LIMIT 1   [ RunTime:0.0090s ]
SQL: SELECT `nickname` FROM `db_agent` WHERE `id` = 1 LIMIT 1   [ RunTime:0.0090s ]
SQL: SELECT `card_code`,`card_name`,`card_id` FROM `db_bank_card` WHERE `id` = 3 LIMIT 1   [ RunTime:0.0090s ]
SQL: SELECT `bank_name`,`bank_pic` FROM `db_bank_type` WHERE `id` = 3 LIMIT 1   [ RunTime:0.0100s ]
SQL: SELECT `nickname` FROM `db_agent` WHERE `id` = 2 LIMIT 1   [ RunTime:0.0100s ]
SQL: SELECT `card_code`,`card_name`,`card_id` FROM `db_bank_card` WHERE `id` = 1 LIMIT 1   [ RunTime:0.0100s ]
SQL: SELECT `bank_name`,`bank_pic` FROM `db_bank_type` WHERE `id` = 2 LIMIT 1   [ RunTime:0.0090s ]
SQL: SELECT `nickname` FROM `db_agent` WHERE `id` = 1 LIMIT 1   [ RunTime:0.0090s ]
SQL: SELECT `card_code`,`card_name`,`card_id` FROM `db_bank_card` WHERE `id` = 2 LIMIT 1   [ RunTime:0.0100s ]
SQL: SELECT `bank_name`,`bank_pic` FROM `db_bank_type` WHERE `id` = 1 LIMIT 1   [ RunTime:0.0090s ]
SQL: SELECT `nickname` FROM `db_agent` WHERE `id` = 1 LIMIT 1   [ RunTime:0.0090s ]
SQL: SELECT `card_code`,`card_name`,`card_id` FROM `db_bank_card` WHERE `id` = 1 LIMIT 1   [ RunTime:0.0090s ]
SQL: SELECT `bank_name`,`bank_pic` FROM `db_bank_type` WHERE `id` = 2 LIMIT 1   [ RunTime:0.0090s ]
INFO: [ view_parse ] --START--
INFO: [ template_filter ] --START--
INFO: Run Behavior\ContentReplaceBehavior [ RunTime:0.001000s ]
INFO: [ template_filter ] --END-- [ RunTime:0.001000s ]
NOTIC: [8] Undefined index: account G:\Littlewhale\#Runtime\Cache\Manager\f3ca292281c04edf2c39b64ec4c65216.php 第 141 行.
NOTIC: [8] Undefined index: nickname G:\Littlewhale\#Runtime\Cache\Manager\f3ca292281c04edf2c39b64ec4c65216.php 第 145 行.
NOTIC: [8] Undefined index: grade G:\Littlewhale\#Runtime\Cache\Manager\f3ca292281c04edf2c39b64ec4c65216.php 第 151 行.
NOTIC: [8] Undefined index: grade G:\Littlewhale\#Runtime\Cache\Manager\f3ca292281c04edf2c39b64ec4c65216.php 第 154 行.
NOTIC: [8] Undefined index: grade G:\Littlewhale\#Runtime\Cache\Manager\f3ca292281c04edf2c39b64ec4c65216.php 第 157 行.
NOTIC: [8] Undefined index: start_time G:\Littlewhale\#Runtime\Cache\Manager\f3ca292281c04edf2c39b64ec4c65216.php 第 164 行.
NOTIC: [8] Undefined index: start_time G:\Littlewhale\#Runtime\Cache\Manager\f3ca292281c04edf2c39b64ec4c65216.php 第 165 行.
NOTIC: [8] Undefined index: end_time G:\Littlewhale\#Runtime\Cache\Manager\f3ca292281c04edf2c39b64ec4c65216.php 第 170 行.
NOTIC: [8] Undefined index: end_time G:\Littlewhale\#Runtime\Cache\Manager\f3ca292281c04edf2c39b64ec4c65216.php 第 171 行.
NOTIC: [8] Undefined index: sort_order G:\Littlewhale\#Runtime\Cache\Manager\f3ca292281c04edf2c39b64ec4c65216.php 第 266 行.
INFO: Run Behavior\ParseTemplateBehavior [ RunTime:0.038003s ]
INFO: [ view_parse ] --END-- [ RunTime:0.039003s ]
INFO: [ view_filter ] --START--
INFO: Run Behavior\WriteHtmlCacheBehavior [ RunTime:0.000000s ]
INFO: [ view_filter ] --END-- [ RunTime:0.001000s ]
INFO: [ app_end ] --START--
INFO: Run Behavior\ShowPageTraceBehavior [ RunTime:0.001000s ]
INFO: [ app_end ] --END-- [ RunTime:0.001000s ]

[ 2019-03-11T11:26:55+08:00 ] 127.0.0.1 /index.php/Manager/Withdraw/index.html
INFO: [ app_init ] --START--
INFO: Run Behavior\BuildLiteBehavior [ RunTime:0.000000s ]
INFO: [ app_init ] --END-- [ RunTime:0.001000s ]
INFO: [ app_begin ] --START--
INFO: Run Behavior\ReadHtmlCacheBehavior [ RunTime:0.001000s ]
INFO: [ app_begin ] --END-- [ RunTime:0.001000s ]
SQL: SHOW COLUMNS FROM `db_admin_behavior` [ RunTime:0.0090s ]
NOTIC: [8] Undefined index: validate G:\Littlewhale\ThinkPHP\Library\Think\Model.class.php 第 1185 行.
NOTIC: [8] Undefined index: auto G:\Littlewhale\ThinkPHP\Library\Think\Model.class.php 第 1128 行.
SQL: INSERT INTO `db_admin_behavior` (`manager_id`,`username`,`name`,`router`,`url`,`param`,`is_ajax`,`add_time`) VALUES ('1','admin','提现列表','Manager/Withdraw/index','http://www.xjxc.com/index.php/Manager/Withdraw/index.html','POST: 
Cookie:PHPSESSID=908qjbtda9u1k4vgebbrhiol55&ADMUSERNAME=admin','0','1552274814') [ RunTime:0.0090s ]
NOTIC: [8] Undefined index: status G:\Littlewhale\Application\Manager\Controller\WithdrawController.class.php 第 55 行.
SQL: SHOW COLUMNS FROM `db_withdraw` [ RunTime:0.0090s ]
NOTIC: [8] Undefined index: field_filter G:\Littlewhale\Application\Common\Service\ModelService.class.php 第 229 行.
NOTIC: [8] Undefined index: fetchSql G:\Littlewhale\Application\Common\Service\ModelService.class.php 第 245 行.
SQL: SELECT COUNT(*) AS tp_count FROM `db_withdraw` WHERE `status` < 9 ORDER BY sort desc , create_time desc LIMIT 1   [ RunTime:0.0080s ]
NOTIC: [8] Undefined index: parameter G:\Littlewhale\Application\Common\Service\ModelService.class.php 第 67 行.
NOTIC: [8] Undefined index: field_filter G:\Littlewhale\Application\Common\Service\ModelService.class.php 第 229 行.
NOTIC: [8] Undefined index: fetchSql G:\Littlewhale\Application\Common\Service\ModelService.class.php 第 245 行.
SQL: SELECT * FROM `db_withdraw` WHERE `status` < 9 ORDER BY sort desc , create_time desc LIMIT 0,15   [ RunTime:0.0080s ]
SQL: SHOW COLUMNS FROM `db_agent` [ RunTime:0.0100s ]
SQL: SELECT `nickname` FROM `db_agent` WHERE `id` = 1 LIMIT 1   [ RunTime:0.0080s ]
SQL: SHOW COLUMNS FROM `db_bank_card` [ RunTime:0.0090s ]
SQL: SELECT `card_code`,`card_name`,`card_id` FROM `db_bank_card` WHERE `id` = 3 LIMIT 1   [ RunTime:0.0080s ]
SQL: SHOW COLUMNS FROM `db_bank_type` [ RunTime:0.0090s ]
SQL: SELECT `bank_name`,`bank_pic` FROM `db_bank_type` WHERE `id` = 3 LIMIT 1   [ RunTime:0.0080s ]
SQL: SELECT `nickname` FROM `db_agent` WHERE `id` = 1 LIMIT 1   [ RunTime:0.0070s ]
SQL: SELECT `card_code`,`card_name`,`card_id` FROM `db_bank_card` WHERE `id` = 3 LIMIT 1   [ RunTime:0.0080s ]
SQL: SELECT `bank_name`,`bank_pic` FROM `db_bank_type` WHERE `id` = 3 LIMIT 1   [ RunTime:0.0080s ]
SQL: SELECT `nickname` FROM `db_agent` WHERE `id` = 1 LIMIT 1   [ RunTime:0.0080s ]
SQL: SELECT `card_code`,`card_name`,`card_id` FROM `db_bank_card` WHERE `id` = 3 LIMIT 1   [ RunTime:0.0080s ]
SQL: SELECT `bank_name`,`bank_pic` FROM `db_bank_type` WHERE `id` = 3 LIMIT 1   [ RunTime:0.0080s ]
SQL: SELECT `nickname` FROM `db_agent` WHERE `id` = 1 LIMIT 1   [ RunTime:0.0080s ]
SQL: SELECT `card_code`,`card_name`,`card_id` FROM `db_bank_card` WHERE `id` = 3 LIMIT 1   [ RunTime:0.0080s ]
SQL: SELECT `bank_name`,`bank_pic` FROM `db_bank_type` WHERE `id` = 3 LIMIT 1   [ RunTime:0.0080s ]
SQL: SELECT `nickname` FROM `db_agent` WHERE `id` = 1 LIMIT 1   [ RunTime:0.0080s ]
SQL: SELECT `card_code`,`card_name`,`card_id` FROM `db_bank_card` WHERE `id` = 3 LIMIT 1   [ RunTime:0.0080s ]
SQL: SELECT `bank_name`,`bank_pic` FROM `db_bank_type` WHERE `id` = 3 LIMIT 1   [ RunTime:0.0080s ]
SQL: SELECT `nickname` FROM `db_agent` WHERE `id` = 2 LIMIT 1   [ RunTime:0.0080s ]
SQL: SELECT `card_code`,`card_name`,`card_id` FROM `db_bank_card` WHERE `id` = 1 LIMIT 1   [ RunTime:0.0090s ]
SQL: SELECT `bank_name`,`bank_pic` FROM `db_bank_type` WHERE `id` = 2 LIMIT 1   [ RunTime:0.0080s ]
SQL: SELECT `nickname` FROM `db_agent` WHERE `id` = 1 LIMIT 1   [ RunTime:0.0090s ]
SQL: SELECT `card_code`,`card_name`,`card_id` FROM `db_bank_card` WHERE `id` = 2 LIMIT 1   [ RunTime:0.0080s ]
SQL: SELECT `bank_name`,`bank_pic` FROM `db_bank_type` WHERE `id` = 1 LIMIT 1   [ RunTime:0.0080s ]
SQL: SELECT `nickname` FROM `db_agent` WHERE `id` = 1 LIMIT 1   [ RunTime:0.0080s ]
SQL: SELECT `card_code`,`card_name`,`card_id` FROM `db_bank_card` WHERE `id` = 1 LIMIT 1   [ RunTime:0.0080s ]
SQL: SELECT `bank_name`,`bank_pic` FROM `db_bank_type` WHERE `id` = 2 LIMIT 1   [ RunTime:0.0080s ]
INFO: [ view_parse ] --START--
INFO: [ template_filter ] --START--
INFO: Run Behavior\ContentReplaceBehavior [ RunTime:0.000000s ]
INFO: [ template_filter ] --END-- [ RunTime:0.000000s ]
NOTIC: [8] Undefined index: account G:\Littlewhale\#Runtime\Cache\Manager\f3ca292281c04edf2c39b64ec4c65216.php 第 141 行.
NOTIC: [8] Undefined index: nickname G:\Littlewhale\#Runtime\Cache\Manager\f3ca292281c04edf2c39b64ec4c65216.php 第 145 行.
NOTIC: [8] Undefined index: grade G:\Littlewhale\#Runtime\Cache\Manager\f3ca292281c04edf2c39b64ec4c65216.php 第 151 行.
NOTIC: [8] Undefined index: grade G:\Littlewhale\#Runtime\Cache\Manager\f3ca292281c04edf2c39b64ec4c65216.php 第 154 行.
NOTIC: [8] Undefined index: grade G:\Littlewhale\#Runtime\Cache\Manager\f3ca292281c04edf2c39b64ec4c65216.php 第 157 行.
NOTIC: [8] Undefined index: start_time G:\Littlewhale\#Runtime\Cache\Manager\f3ca292281c04edf2c39b64ec4c65216.php 第 164 行.
NOTIC: [8] Undefined index: start_time G:\Littlewhale\#Runtime\Cache\Manager\f3ca292281c04edf2c39b64ec4c65216.php 第 165 行.
NOTIC: [8] Undefined index: end_time G:\Littlewhale\#Runtime\Cache\Manager\f3ca292281c04edf2c39b64ec4c65216.php 第 170 行.
NOTIC: [8] Undefined index: end_time G:\Littlewhale\#Runtime\Cache\Manager\f3ca292281c04edf2c39b64ec4c65216.php 第 171 行.
NOTIC: [8] Undefined index: sort_order G:\Littlewhale\#Runtime\Cache\Manager\f3ca292281c04edf2c39b64ec4c65216.php 第 266 行.
INFO: Run Behavior\ParseTemplateBehavior [ RunTime:0.025001s ]
INFO: [ view_parse ] --END-- [ RunTime:0.026001s ]
INFO: [ view_filter ] --START--
INFO: Run Behavior\WriteHtmlCacheBehavior [ RunTime:0.000000s ]
INFO: [ view_filter ] --END-- [ RunTime:0.000000s ]
INFO: [ app_end ] --START--
INFO: Run Behavior\ShowPageTraceBehavior [ RunTime:0.002001s ]
INFO: [ app_end ] --END-- [ RunTime:0.002001s ]

[ 2019-03-11T11:26:59+08:00 ] 127.0.0.1 /index.php/Manager/Agent/index.html
INFO: [ app_init ] --START--
INFO: Run Behavior\BuildLiteBehavior [ RunTime:0.000000s ]
INFO: [ app_init ] --END-- [ RunTime:0.001000s ]
INFO: [ app_begin ] --START--
INFO: Run Behavior\ReadHtmlCacheBehavior [ RunTime:0.001000s ]
INFO: [ app_begin ] --END-- [ RunTime:0.001000s ]
SQL: SHOW COLUMNS FROM `db_admin_behavior` [ RunTime:0.0090s ]
NOTIC: [8] Undefined index: validate G:\Littlewhale\ThinkPHP\Library\Think\Model.class.php 第 1185 行.
NOTIC: [8] Undefined index: auto G:\Littlewhale\ThinkPHP\Library\Think\Model.class.php 第 1128 行.
SQL: INSERT INTO `db_admin_behavior` (`manager_id`,`username`,`name`,`router`,`url`,`param`,`is_ajax`,`add_time`) VALUES ('1','admin','代理商列表','Manager/Agent/index','http://www.xjxc.com/index.php/Manager/Agent/index.html','POST: 
Cookie:PHPSESSID=908qjbtda9u1k4vgebbrhiol55&ADMUSERNAME=admin','0','1552274819') [ RunTime:0.0090s ]
NOTIC: [8] Undefined index: status G:\Littlewhale\Application\Manager\Controller\AgentController.class.php 第 59 行.
SQL: SHOW COLUMNS FROM `db_agent` [ RunTime:0.0090s ]
NOTIC: [8] Undefined index: field_filter G:\Littlewhale\Application\Common\Service\ModelService.class.php 第 229 行.
NOTIC: [8] Undefined index: fetchSql G:\Littlewhale\Application\Common\Service\ModelService.class.php 第 245 行.
SQL: SELECT COUNT(*) AS tp_count FROM `db_agent` WHERE `status` < 9 LIMIT 1   [ RunTime:0.0080s ]
NOTIC: [8] Undefined index: parameter G:\Littlewhale\Application\Common\Service\ModelService.class.php 第 67 行.
NOTIC: [8] Undefined index: field_filter G:\Littlewhale\Application\Common\Service\ModelService.class.php 第 229 行.
NOTIC: [8] Undefined index: fetchSql G:\Littlewhale\Application\Common\Service\ModelService.class.php 第 245 行.
SQL: SELECT * FROM `db_agent` WHERE `status` < 9 LIMIT 0,15   [ RunTime:0.0100s ]
INFO: [ view_parse ] --START--
INFO: [ template_filter ] --START--
INFO: Run Behavior\ContentReplaceBehavior [ RunTime:0.000000s ]
INFO: [ template_filter ] --END-- [ RunTime:0.001000s ]
NOTIC: [8] Undefined index: account G:\Littlewhale\#Runtime\Cache\Manager\fa1a303bbc768851fc027ca35c481ede.php 第 141 行.
NOTIC: [8] Undefined index: nickname G:\Littlewhale\#Runtime\Cache\Manager\fa1a303bbc768851fc027ca35c481ede.php 第 145 行.
NOTIC: [8] Undefined index: grade G:\Littlewhale\#Runtime\Cache\Manager\fa1a303bbc768851fc027ca35c481ede.php 第 151 行.
NOTIC: [8] Undefined index: grade G:\Littlewhale\#Runtime\Cache\Manager\fa1a303bbc768851fc027ca35c481ede.php 第 154 行.
NOTIC: [8] Undefined index: grade G:\Littlewhale\#Runtime\Cache\Manager\fa1a303bbc768851fc027ca35c481ede.php 第 157 行.
NOTIC: [8] Undefined index: start_time G:\Littlewhale\#Runtime\Cache\Manager\fa1a303bbc768851fc027ca35c481ede.php 第 164 行.
NOTIC: [8] Undefined index: start_time G:\Littlewhale\#Runtime\Cache\Manager\fa1a303bbc768851fc027ca35c481ede.php 第 165 行.
NOTIC: [8] Undefined index: end_time G:\Littlewhale\#Runtime\Cache\Manager\fa1a303bbc768851fc027ca35c481ede.php 第 170 行.
NOTIC: [8] Undefined index: end_time G:\Littlewhale\#Runtime\Cache\Manager\fa1a303bbc768851fc027ca35c481ede.php 第 171 行.
NOTIC: [8] Undefined index: sort_order G:\Littlewhale\#Runtime\Cache\Manager\fa1a303bbc768851fc027ca35c481ede.php 第 247 行.
INFO: Run Behavior\ParseTemplateBehavior [ RunTime:0.045003s ]
INFO: [ view_parse ] --END-- [ RunTime:0.045003s ]
INFO: [ view_filter ] --START--
INFO: Run Behavior\WriteHtmlCacheBehavior [ RunTime:0.000000s ]
INFO: [ view_filter ] --END-- [ RunTime:0.002000s ]
INFO: [ app_end ] --START--
INFO: Run Behavior\ShowPageTraceBehavior [ RunTime:0.002000s ]
INFO: [ app_end ] --END-- [ RunTime:0.002000s ]

[ 2019-03-11T11:26:59+08:00 ] 127.0.0.1 /index.php/Manager/Agent/index.html
INFO: [ app_init ] --START--
INFO: Run Behavior\BuildLiteBehavior [ RunTime:0.000000s ]
INFO: [ app_init ] --END-- [ RunTime:0.001000s ]
INFO: [ app_begin ] --START--
INFO: Run Behavior\ReadHtmlCacheBehavior [ RunTime:0.001000s ]
INFO: [ app_begin ] --END-- [ RunTime:0.002001s ]
SQL: SHOW COLUMNS FROM `db_admin_behavior` [ RunTime:0.0110s ]
NOTIC: [8] Undefined index: validate G:\Littlewhale\ThinkPHP\Library\Think\Model.class.php 第 1185 行.
NOTIC: [8] Undefined index: auto G:\Littlewhale\ThinkPHP\Library\Think\Model.class.php 第 1128 行.
SQL: INSERT INTO `db_admin_behavior` (`manager_id`,`username`,`name`,`router`,`url`,`param`,`is_ajax`,`add_time`) VALUES ('1','admin','代理商列表','Manager/Agent/index','http://www.xjxc.com/index.php/Manager/Agent/index.html','POST: 
Cookie:PHPSESSID=908qjbtda9u1k4vgebbrhiol55&ADMUSERNAME=admin','0','1552274819') [ RunTime:0.0100s ]
NOTIC: [8] Undefined index: status G:\Littlewhale\Application\Manager\Controller\AgentController.class.php 第 59 行.
SQL: SHOW COLUMNS FROM `db_agent` [ RunTime:0.0100s ]
NOTIC: [8] Undefined index: field_filter G:\Littlewhale\Application\Common\Service\ModelService.class.php 第 229 行.
NOTIC: [8] Undefined index: fetchSql G:\Littlewhale\Application\Common\Service\ModelService.class.php 第 245 行.
SQL: SELECT COUNT(*) AS tp_count FROM `db_agent` WHERE `status` < 9 LIMIT 1   [ RunTime:0.0110s ]
NOTIC: [8] Undefined index: parameter G:\Littlewhale\Application\Common\Service\ModelService.class.php 第 67 行.
NOTIC: [8] Undefined index: field_filter G:\Littlewhale\Application\Common\Service\ModelService.class.php 第 229 行.
NOTIC: [8] Undefined index: fetchSql G:\Littlewhale\Application\Common\Service\ModelService.class.php 第 245 行.
SQL: SELECT * FROM `db_agent` WHERE `status` < 9 LIMIT 0,15   [ RunTime:0.0110s ]
INFO: [ view_parse ] --START--
INFO: [ template_filter ] --START--
INFO: Run Behavior\ContentReplaceBehavior [ RunTime:0.001001s ]
INFO: [ template_filter ] --END-- [ RunTime:0.001001s ]
NOTIC: [8] Undefined index: account G:\Littlewhale\#Runtime\Cache\Manager\fa1a303bbc768851fc027ca35c481ede.php 第 141 行.
NOTIC: [8] Undefined index: nickname G:\Littlewhale\#Runtime\Cache\Manager\fa1a303bbc768851fc027ca35c481ede.php 第 145 行.
NOTIC: [8] Undefined index: grade G:\Littlewhale\#Runtime\Cache\Manager\fa1a303bbc768851fc027ca35c481ede.php 第 151 行.
NOTIC: [8] Undefined index: grade G:\Littlewhale\#Runtime\Cache\Manager\fa1a303bbc768851fc027ca35c481ede.php 第 154 行.
NOTIC: [8] Undefined index: grade G:\Littlewhale\#Runtime\Cache\Manager\fa1a303bbc768851fc027ca35c481ede.php 第 157 行.
NOTIC: [8] Undefined index: start_time G:\Littlewhale\#Runtime\Cache\Manager\fa1a303bbc768851fc027ca35c481ede.php 第 164 行.
NOTIC: [8] Undefined index: start_time G:\Littlewhale\#Runtime\Cache\Manager\fa1a303bbc768851fc027ca35c481ede.php 第 165 行.
NOTIC: [8] Undefined index: end_time G:\Littlewhale\#Runtime\Cache\Manager\fa1a303bbc768851fc027ca35c481ede.php 第 170 行.
NOTIC: [8] Undefined index: end_time G:\Littlewhale\#Runtime\Cache\Manager\fa1a303bbc768851fc027ca35c481ede.php 第 171 行.
NOTIC: [8] Undefined index: sort_order G:\Littlewhale\#Runtime\Cache\Manager\fa1a303bbc768851fc027ca35c481ede.php 第 247 行.
INFO: Run Behavior\ParseTemplateBehavior [ RunTime:0.056003s ]
INFO: [ view_parse ] --END-- [ RunTime:0.056003s ]
INFO: [ view_filter ] --START--
INFO: Run Behavior\WriteHtmlCacheBehavior [ RunTime:0.001000s ]
INFO: [ view_filter ] --END-- [ RunTime:0.001000s ]
INFO: [ app_end ] --START--
INFO: Run Behavior\ShowPageTraceBehavior [ RunTime:0.001000s ]
INFO: [ app_end ] --END-- [ RunTime:0.001000s ]

[ 2019-03-11T11:27:01+08:00 ] 127.0.0.1 /index.php/Manager/Order/index.html
INFO: [ app_init ] --START--
INFO: Run Behavior\BuildLiteBehavior [ RunTime:0.000000s ]
INFO: [ app_init ] --END-- [ RunTime:0.001000s ]
INFO: [ app_begin ] --START--
INFO: Run Behavior\ReadHtmlCacheBehavior [ RunTime:0.000000s ]
INFO: [ app_begin ] --END-- [ RunTime:0.001000s ]
SQL: SHOW COLUMNS FROM `db_admin_behavior` [ RunTime:0.0070s ]
NOTIC: [8] Undefined index: validate G:\Littlewhale\ThinkPHP\Library\Think\Model.class.php 第 1185 行.
NOTIC: [8] Undefined index: auto G:\Littlewhale\ThinkPHP\Library\Think\Model.class.php 第 1128 行.
SQL: INSERT INTO `db_admin_behavior` (`manager_id`,`username`,`name`,`router`,`url`,`param`,`is_ajax`,`add_time`) VALUES ('1','admin','订单列表','Manager/Order/index','http://www.xjxc.com/index.php/Manager/Order/index.html','POST: 
Cookie:PHPSESSID=908qjbtda9u1k4vgebbrhiol55&ADMUSERNAME=admin','0','1552274821') [ RunTime:0.0080s ]
NOTIC: [8] Undefined index: status G:\Littlewhale\Application\Manager\Controller\OrderController.class.php 第 52 行.
SQL: SHOW COLUMNS FROM `db_order` [ RunTime:0.0080s ]
NOTIC: [8] Undefined index: field_filter G:\Littlewhale\Application\Common\Service\ModelService.class.php 第 229 行.
NOTIC: [8] Undefined index: fetchSql G:\Littlewhale\Application\Common\Service\ModelService.class.php 第 245 行.
SQL: SELECT COUNT(*) AS tp_count FROM `db_order` WHERE `status` < 9 LIMIT 1   [ RunTime:0.0070s ]
NOTIC: [8] Undefined index: parameter G:\Littlewhale\Application\Common\Service\ModelService.class.php 第 67 行.
NOTIC: [8] Undefined index: field_filter G:\Littlewhale\Application\Common\Service\ModelService.class.php 第 229 行.
NOTIC: [8] Undefined index: fetchSql G:\Littlewhale\Application\Common\Service\ModelService.class.php 第 245 行.
SQL: SELECT * FROM `db_order` WHERE `status` < 9 LIMIT 0,15   [ RunTime:0.0140s ]
SQL: SHOW COLUMNS FROM `db_member` [ RunTime:0.0190s ]
SQL: SELECT `account` FROM `db_member` WHERE `id` = 1 LIMIT 1   [ RunTime:0.0090s ]
SQL: SELECT `account` FROM `db_member` WHERE `id` = 1 LIMIT 1   [ RunTime:0.0060s ]
SQL: SELECT `account` FROM `db_member` WHERE `id` = 1 LIMIT 1   [ RunTime:0.0100s ]
SQL: SELECT `account` FROM `db_member` WHERE `id` = 3 LIMIT 1   [ RunTime:0.0100s ]
SQL: SELECT `account` FROM `db_member` WHERE `id` = 14 LIMIT 1   [ RunTime:0.0080s ]
INFO: [ view_parse ] --START--
INFO: [ template_filter ] --START--
INFO: Run Behavior\ContentReplaceBehavior [ RunTime:0.000000s ]
INFO: [ template_filter ] --END-- [ RunTime:0.000000s ]
NOTIC: [8] Undefined index: orderid G:\Littlewhale\#Runtime\Cache\Manager\1d8a473f003d40f35f558446cd57648d.php 第 134 行.
NOTIC: [8] Undefined index: trade_no G:\Littlewhale\#Runtime\Cache\Manager\1d8a473f003d40f35f558446cd57648d.php 第 138 行.
NOTIC: [8] Undefined index: account G:\Littlewhale\#Runtime\Cache\Manager\1d8a473f003d40f35f558446cd57648d.php 第 142 行.
NOTIC: [8] Undefined index: status G:\Littlewhale\#Runtime\Cache\Manager\1d8a473f003d40f35f558446cd57648d.php 第 148 行.
NOTIC: [8] Undefined index: status G:\Littlewhale\#Runtime\Cache\Manager\1d8a473f003d40f35f558446cd57648d.php 第 151 行.
NOTIC: [8] Undefined index: pay_type G:\Littlewhale\#Runtime\Cache\Manager\1d8a473f003d40f35f558446cd57648d.php 第 159 行.
NOTIC: [8] Undefined index: pay_type G:\Littlewhale\#Runtime\Cache\Manager\1d8a473f003d40f35f558446cd57648d.php 第 162 行.
NOTIC: [8] Undefined index: pay_type G:\Littlewhale\#Runtime\Cache\Manager\1d8a473f003d40f35f558446cd57648d.php 第 165 行.
NOTIC: [8] Undefined index: o_type G:\Littlewhale\#Runtime\Cache\Manager\1d8a473f003d40f35f558446cd57648d.php 第 173 行.
NOTIC: [8] Undefined index: o_type G:\Littlewhale\#Runtime\Cache\Manager\1d8a473f003d40f35f558446cd57648d.php 第 176 行.
NOTIC: [8] Undefined index: o_type G:\Littlewhale\#Runtime\Cache\Manager\1d8a473f003d40f35f558446cd57648d.php 第 179 行.
NOTIC: [8] Undefined index: pay_type G:\Littlewhale\#Runtime\Cache\Manager\1d8a473f003d40f35f558446cd57648d.php 第 187 行.
NOTIC: [8] Undefined index: pay_type G:\Littlewhale\#Runtime\Cache\Manager\1d8a473f003d40f35f558446cd57648d.php 第 190 行.
NOTIC: [8] Undefined index: sort_order G:\Littlewhale\#Runtime\Cache\Manager\1d8a473f003d40f35f558446cd57648d.php 第 309 行.
INFO: Run Behavior\ParseTemplateBehavior [ RunTime:0.021002s ]
INFO: [ view_parse ] --END-- [ RunTime:0.021002s ]
INFO: [ view_filter ] --START--
INFO: Run Behavior\WriteHtmlCacheBehavior [ RunTime:0.001000s ]
INFO: [ view_filter ] --END-- [ RunTime:0.001000s ]
INFO: [ app_end ] --START--
INFO: Run Behavior\ShowPageTraceBehavior [ RunTime:0.001000s ]
INFO: [ app_end ] --END-- [ RunTime:0.001000s ]

[ 2019-03-11T11:27:01+08:00 ] 127.0.0.1 /index.php/Manager/Order/index.html
INFO: [ app_init ] --START--
INFO: Run Behavior\BuildLiteBehavior [ RunTime:0.000000s ]
INFO: [ app_init ] --END-- [ RunTime:0.000000s ]
INFO: [ app_begin ] --START--
INFO: Run Behavior\ReadHtmlCacheBehavior [ RunTime:0.001000s ]
INFO: [ app_begin ] --END-- [ RunTime:0.001000s ]
SQL: SHOW COLUMNS FROM `db_admin_behavior` [ RunTime:0.0090s ]
NOTIC: [8] Undefined index: validate G:\Littlewhale\ThinkPHP\Library\Think\Model.class.php 第 1185 行.
NOTIC: [8] Undefined index: auto G:\Littlewhale\ThinkPHP\Library\Think\Model.class.php 第 1128 行.
SQL: INSERT INTO `db_admin_behavior` (`manager_id`,`username`,`name`,`router`,`url`,`param`,`is_ajax`,`add_time`) VALUES ('1','admin','订单列表','Manager/Order/index','http://www.xjxc.com/index.php/Manager/Order/index.html','POST: 
Cookie:PHPSESSID=908qjbtda9u1k4vgebbrhiol55&ADMUSERNAME=admin','0','1552274821') [ RunTime:0.0090s ]
NOTIC: [8] Undefined index: status G:\Littlewhale\Application\Manager\Controller\OrderController.class.php 第 52 行.
SQL: SHOW COLUMNS FROM `db_order` [ RunTime:0.0090s ]
NOTIC: [8] Undefined index: field_filter G:\Littlewhale\Application\Common\Service\ModelService.class.php 第 229 行.
NOTIC: [8] Undefined index: fetchSql G:\Littlewhale\Application\Common\Service\ModelService.class.php 第 245 行.
SQL: SELECT COUNT(*) AS tp_count FROM `db_order` WHERE `status` < 9 LIMIT 1   [ RunTime:0.0090s ]
NOTIC: [8] Undefined index: parameter G:\Littlewhale\Application\Common\Service\ModelService.class.php 第 67 行.
NOTIC: [8] Undefined index: field_filter G:\Littlewhale\Application\Common\Service\ModelService.class.php 第 229 行.
NOTIC: [8] Undefined index: fetchSql G:\Littlewhale\Application\Common\Service\ModelService.class.php 第 245 行.
SQL: SELECT * FROM `db_order` WHERE `status` < 9 LIMIT 0,15   [ RunTime:0.0090s ]
SQL: SHOW COLUMNS FROM `db_member` [ RunTime:0.0100s ]
SQL: SELECT `account` FROM `db_member` WHERE `id` = 1 LIMIT 1   [ RunTime:0.0090s ]
SQL: SELECT `account` FROM `db_member` WHERE `id` = 1 LIMIT 1   [ RunTime:0.0080s ]
SQL: SELECT `account` FROM `db_member` WHERE `id` = 1 LIMIT 1   [ RunTime:0.0070s ]
SQL: SELECT `account` FROM `db_member` WHERE `id` = 3 LIMIT 1   [ RunTime:0.0080s ]
SQL: SELECT `account` FROM `db_member` WHERE `id` = 14 LIMIT 1   [ RunTime:0.0080s ]
INFO: [ view_parse ] --START--
INFO: [ template_filter ] --START--
INFO: Run Behavior\ContentReplaceBehavior [ RunTime:0.000000s ]
INFO: [ template_filter ] --END-- [ RunTime:0.001000s ]
NOTIC: [8] Undefined index: orderid G:\Littlewhale\#Runtime\Cache\Manager\1d8a473f003d40f35f558446cd57648d.php 第 134 行.
NOTIC: [8] Undefined index: trade_no G:\Littlewhale\#Runtime\Cache\Manager\1d8a473f003d40f35f558446cd57648d.php 第 138 行.
NOTIC: [8] Undefined index: account G:\Littlewhale\#Runtime\Cache\Manager\1d8a473f003d40f35f558446cd57648d.php 第 142 行.
NOTIC: [8] Undefined index: status G:\Littlewhale\#Runtime\Cache\Manager\1d8a473f003d40f35f558446cd57648d.php 第 148 行.
NOTIC: [8] Undefined index: status G:\Littlewhale\#Runtime\Cache\Manager\1d8a473f003d40f35f558446cd57648d.php 第 151 行.
NOTIC: [8] Undefined index: pay_type G:\Littlewhale\#Runtime\Cache\Manager\1d8a473f003d40f35f558446cd57648d.php 第 159 行.
NOTIC: [8] Undefined index: pay_type G:\Littlewhale\#Runtime\Cache\Manager\1d8a473f003d40f35f558446cd57648d.php 第 162 行.
NOTIC: [8] Undefined index: pay_type G:\Littlewhale\#Runtime\Cache\Manager\1d8a473f003d40f35f558446cd57648d.php 第 165 行.
NOTIC: [8] Undefined index: o_type G:\Littlewhale\#Runtime\Cache\Manager\1d8a473f003d40f35f558446cd57648d.php 第 173 行.
NOTIC: [8] Undefined index: o_type G:\Littlewhale\#Runtime\Cache\Manager\1d8a473f003d40f35f558446cd57648d.php 第 176 行.
NOTIC: [8] Undefined index: o_type G:\Littlewhale\#Runtime\Cache\Manager\1d8a473f003d40f35f558446cd57648d.php 第 179 行.
NOTIC: [8] Undefined index: pay_type G:\Littlewhale\#Runtime\Cache\Manager\1d8a473f003d40f35f558446cd57648d.php 第 187 行.
NOTIC: [8] Undefined index: pay_type G:\Littlewhale\#Runtime\Cache\Manager\1d8a473f003d40f35f558446cd57648d.php 第 190 行.
NOTIC: [8] Undefined index: sort_order G:\Littlewhale\#Runtime\Cache\Manager\1d8a473f003d40f35f558446cd57648d.php 第 309 行.
INFO: Run Behavior\ParseTemplateBehavior [ RunTime:0.025002s ]
INFO: [ view_parse ] --END-- [ RunTime:0.025002s ]
INFO: [ view_filter ] --START--
INFO: Run Behavior\WriteHtmlCacheBehavior [ RunTime:0.001000s ]
INFO: [ view_filter ] --END-- [ RunTime:0.001000s ]
INFO: [ app_end ] --START--
INFO: Run Behavior\ShowPageTraceBehavior [ RunTime:0.001000s ]
INFO: [ app_end ] --END-- [ RunTime:0.001000s ]

[ 2019-03-11T11:27:05+08:00 ] 127.0.0.1 /index.php/Manager/CarWasher/index.html
INFO: [ app_init ] --START--
INFO: Run Behavior\BuildLiteBehavior [ RunTime:0.000000s ]
INFO: [ app_init ] --END-- [ RunTime:0.000000s ]
INFO: [ app_begin ] --START--
INFO: Run Behavior\ReadHtmlCacheBehavior [ RunTime:0.001000s ]
INFO: [ app_begin ] --END-- [ RunTime:0.001000s ]
SQL: SHOW COLUMNS FROM `db_admin_behavior` [ RunTime:0.0100s ]
NOTIC: [8] Undefined index: validate G:\Littlewhale\ThinkPHP\Library\Think\Model.class.php 第 1185 行.
NOTIC: [8] Undefined index: auto G:\Littlewhale\ThinkPHP\Library\Think\Model.class.php 第 1128 行.
SQL: INSERT INTO `db_admin_behavior` (`manager_id`,`username`,`name`,`router`,`url`,`param`,`is_ajax`,`add_time`) VALUES ('1','admin','洗车机列表','Manager/CarWasher/index','http://www.xjxc.com/index.php/Manager/CarWasher/index.html','POST: 
Cookie:PHPSESSID=908qjbtda9u1k4vgebbrhiol55&ADMUSERNAME=admin','0','1552274824') [ RunTime:0.2210s ]
NOTIC: [8] Undefined index: status G:\Littlewhale\Application\Manager\Controller\CarWasherController.class.php 第 62 行.
SQL: SHOW COLUMNS FROM `db_car_washer` [ RunTime:0.0130s ]
NOTIC: [8] Undefined index: field_filter G:\Littlewhale\Application\Common\Service\ModelService.class.php 第 229 行.
NOTIC: [8] Undefined index: fetchSql G:\Littlewhale\Application\Common\Service\ModelService.class.php 第 245 行.
SQL: SELECT COUNT(*) AS tp_count FROM `db_car_washer` WHERE `status` < 9 LIMIT 1   [ RunTime:0.0090s ]
NOTIC: [8] Undefined index: parameter G:\Littlewhale\Application\Common\Service\ModelService.class.php 第 67 行.
NOTIC: [8] Undefined index: field_filter G:\Littlewhale\Application\Common\Service\ModelService.class.php 第 229 行.
NOTIC: [8] Undefined index: fetchSql G:\Littlewhale\Application\Common\Service\ModelService.class.php 第 245 行.
SQL: SELECT * FROM `db_car_washer` WHERE `status` < 9 LIMIT 0,15   [ RunTime:0.0160s ]
SQL: SHOW COLUMNS FROM `db_agent` [ RunTime:0.0120s ]
SQL: SELECT `nickname` FROM `db_agent` WHERE `id` = 1 LIMIT 1   [ RunTime:0.0110s ]
SQL: SHOW COLUMNS FROM `db_washshop` [ RunTime:0.0120s ]
SQL: SELECT `shop_name` FROM `db_washshop` WHERE `id` = 1 LIMIT 1   [ RunTime:0.0120s ]
SQL: SELECT `nickname` FROM `db_agent` WHERE `id` = 4 LIMIT 1   [ RunTime:0.0130s ]
SQL: SELECT `shop_name` FROM `db_washshop` WHERE `id` = 5 LIMIT 1   [ RunTime:0.0160s ]
INFO: [ view_parse ] --START--
INFO: [ template_filter ] --START--
INFO: Run Behavior\ContentReplaceBehavior [ RunTime:0.000000s ]
INFO: [ template_filter ] --END-- [ RunTime:0.001000s ]
NOTIC: [8] Undefined index: mc_code G:\Littlewhale\#Runtime\Cache\Manager\be8842bea68334d53818e8c7018fa208.php 第 143 行.
NOTIC: [8] Undefined index: mc_id G:\Littlewhale\#Runtime\Cache\Manager\be8842bea68334d53818e8c7018fa208.php 第 147 行.
NOTIC: [8] Undefined index: type G:\Littlewhale\#Runtime\Cache\Manager\be8842bea68334d53818e8c7018fa208.php 第 153 行.
NOTIC: [8] Undefined index: type G:\Littlewhale\#Runtime\Cache\Manager\be8842bea68334d53818e8c7018fa208.php 第 156 行.
NOTIC: [8] Undefined index: type G:\Littlewhale\#Runtime\Cache\Manager\be8842bea68334d53818e8c7018fa208.php 第 159 行.
NOTIC: [8] Undefined index: status G:\Littlewhale\#Runtime\Cache\Manager\be8842bea68334d53818e8c7018fa208.php 第 167 行.
NOTIC: [8] Undefined index: status G:\Littlewhale\#Runtime\Cache\Manager\be8842bea68334d53818e8c7018fa208.php 第 170 行.
NOTIC: [8] Undefined index: status G:\Littlewhale\#Runtime\Cache\Manager\be8842bea68334d53818e8c7018fa208.php 第 173 行.
NOTIC: [8] Undefined index: status G:\Littlewhale\#Runtime\Cache\Manager\be8842bea68334d53818e8c7018fa208.php 第 176 行.
NOTIC: [8] Undefined index: sort_order G:\Littlewhale\#Runtime\Cache\Manager\be8842bea68334d53818e8c7018fa208.php 第 277 行.
INFO: Run Behavior\ParseTemplateBehavior [ RunTime:0.095005s ]
INFO: [ view_parse ] --END-- [ RunTime:0.095005s ]
INFO: [ view_filter ] --START--
INFO: Run Behavior\WriteHtmlCacheBehavior [ RunTime:0.000000s ]
INFO: [ view_filter ] --END-- [ RunTime:0.001000s ]
INFO: [ app_end ] --START--
INFO: Run Behavior\ShowPageTraceBehavior [ RunTime:0.001000s ]
INFO: [ app_end ] --END-- [ RunTime:0.002000s ]

[ 2019-03-11T11:27:05+08:00 ] 127.0.0.1 /index.php/Manager/CarWasher/index.html
INFO: [ app_init ] --START--
INFO: Run Behavior\BuildLiteBehavior [ RunTime:0.000000s ]
INFO: [ app_init ] --END-- [ RunTime:0.001000s ]
INFO: [ app_begin ] --START--
INFO: Run Behavior\ReadHtmlCacheBehavior [ RunTime:0.001001s ]
INFO: [ app_begin ] --END-- [ RunTime:0.001001s ]
SQL: SHOW COLUMNS FROM `db_admin_behavior` [ RunTime:0.0150s ]
NOTIC: [8] Undefined index: validate G:\Littlewhale\ThinkPHP\Library\Think\Model.class.php 第 1185 行.
NOTIC: [8] Undefined index: auto G:\Littlewhale\ThinkPHP\Library\Think\Model.class.php 第 1128 行.
SQL: INSERT INTO `db_admin_behavior` (`manager_id`,`username`,`name`,`router`,`url`,`param`,`is_ajax`,`add_time`) VALUES ('1','admin','洗车机列表','Manager/CarWasher/index','http://www.xjxc.com/index.php/Manager/CarWasher/index.html','POST: 
Cookie:PHPSESSID=908qjbtda9u1k4vgebbrhiol55&ADMUSERNAME=admin','0','1552274825') [ RunTime:0.0140s ]
NOTIC: [8] Undefined index: status G:\Littlewhale\Application\Manager\Controller\CarWasherController.class.php 第 62 行.
SQL: SHOW COLUMNS FROM `db_car_washer` [ RunTime:0.0150s ]
NOTIC: [8] Undefined index: field_filter G:\Littlewhale\Application\Common\Service\ModelService.class.php 第 229 行.
NOTIC: [8] Undefined index: fetchSql G:\Littlewhale\Application\Common\Service\ModelService.class.php 第 245 行.
SQL: SELECT COUNT(*) AS tp_count FROM `db_car_washer` WHERE `status` < 9 LIMIT 1   [ RunTime:0.0200s ]
NOTIC: [8] Undefined index: parameter G:\Littlewhale\Application\Common\Service\ModelService.class.php 第 67 行.
NOTIC: [8] Undefined index: field_filter G:\Littlewhale\Application\Common\Service\ModelService.class.php 第 229 行.
NOTIC: [8] Undefined index: fetchSql G:\Littlewhale\Application\Common\Service\ModelService.class.php 第 245 行.
SQL: SELECT * FROM `db_car_washer` WHERE `status` < 9 LIMIT 0,15   [ RunTime:0.0100s ]
SQL: SHOW COLUMNS FROM `db_agent` [ RunTime:0.0110s ]
SQL: SELECT `nickname` FROM `db_agent` WHERE `id` = 1 LIMIT 1   [ RunTime:0.0090s ]
SQL: SHOW COLUMNS FROM `db_washshop` [ RunTime:0.0150s ]
SQL: SELECT `shop_name` FROM `db_washshop` WHERE `id` = 1 LIMIT 1   [ RunTime:0.0090s ]
SQL: SELECT `nickname` FROM `db_agent` WHERE `id` = 4 LIMIT 1   [ RunTime:0.0160s ]
SQL: SELECT `shop_name` FROM `db_washshop` WHERE `id` = 5 LIMIT 1   [ RunTime:0.0100s ]
INFO: [ view_parse ] --START--
INFO: [ template_filter ] --START--
INFO: Run Behavior\ContentReplaceBehavior [ RunTime:0.000000s ]
INFO: [ template_filter ] --END-- [ RunTime:0.000000s ]
NOTIC: [8] Undefined index: mc_code G:\Littlewhale\#Runtime\Cache\Manager\be8842bea68334d53818e8c7018fa208.php 第 143 行.
NOTIC: [8] Undefined index: mc_id G:\Littlewhale\#Runtime\Cache\Manager\be8842bea68334d53818e8c7018fa208.php 第 147 行.
NOTIC: [8] Undefined index: type G:\Littlewhale\#Runtime\Cache\Manager\be8842bea68334d53818e8c7018fa208.php 第 153 行.
NOTIC: [8] Undefined index: type G:\Littlewhale\#Runtime\Cache\Manager\be8842bea68334d53818e8c7018fa208.php 第 156 行.
NOTIC: [8] Undefined index: type G:\Littlewhale\#Runtime\Cache\Manager\be8842bea68334d53818e8c7018fa208.php 第 159 行.
NOTIC: [8] Undefined index: status G:\Littlewhale\#Runtime\Cache\Manager\be8842bea68334d53818e8c7018fa208.php 第 167 行.
NOTIC: [8] Undefined index: status G:\Littlewhale\#Runtime\Cache\Manager\be8842bea68334d53818e8c7018fa208.php 第 170 行.
NOTIC: [8] Undefined index: status G:\Littlewhale\#Runtime\Cache\Manager\be8842bea68334d53818e8c7018fa208.php 第 173 行.
NOTIC: [8] Undefined index: status G:\Littlewhale\#Runtime\Cache\Manager\be8842bea68334d53818e8c7018fa208.php 第 176 行.
NOTIC: [8] Undefined index: sort_order G:\Littlewhale\#Runtime\Cache\Manager\be8842bea68334d53818e8c7018fa208.php 第 277 行.
INFO: Run Behavior\ParseTemplateBehavior [ RunTime:0.025001s ]
INFO: [ view_parse ] --END-- [ RunTime:0.025001s ]
INFO: [ view_filter ] --START--
INFO: Run Behavior\WriteHtmlCacheBehavior [ RunTime:0.001000s ]
INFO: [ view_filter ] --END-- [ RunTime:0.001000s ]
INFO: [ app_end ] --START--
INFO: Run Behavior\ShowPageTraceBehavior [ RunTime:0.001000s ]
INFO: [ app_end ] --END-- [ RunTime:0.001000s ]

[ 2019-03-11T11:27:07+08:00 ] 127.0.0.1 /index.php/Manager/Voice/index.html
INFO: [ app_init ] --START--
INFO: Run Behavior\BuildLiteBehavior [ RunTime:0.000000s ]
INFO: [ app_init ] --END-- [ RunTime:0.001000s ]
INFO: [ app_begin ] --START--
INFO: Run Behavior\ReadHtmlCacheBehavior [ RunTime:0.000000s ]
INFO: [ app_begin ] --END-- [ RunTime:0.000000s ]
SQL: SHOW COLUMNS FROM `db_admin_behavior` [ RunTime:0.0090s ]
NOTIC: [8] Undefined index: validate G:\Littlewhale\ThinkPHP\Library\Think\Model.class.php 第 1185 行.
NOTIC: [8] Undefined index: auto G:\Littlewhale\ThinkPHP\Library\Think\Model.class.php 第 1128 行.
SQL: INSERT INTO `db_admin_behavior` (`manager_id`,`username`,`name`,`router`,`url`,`param`,`is_ajax`,`add_time`) VALUES ('1','admin','提示音列表','Manager/Voice/index','http://www.xjxc.com/index.php/Manager/Voice/index.html','POST: 
Cookie:PHPSESSID=908qjbtda9u1k4vgebbrhiol55&ADMUSERNAME=admin','0','1552274825') [ RunTime:0.0090s ]
NOTIC: [8] Undefined index: status G:\Littlewhale\Application\Manager\Controller\VoiceController.class.php 第 33 行.
SQL: SHOW COLUMNS FROM `db_voice` [ RunTime:0.0120s ]
NOTIC: [8] Undefined index: field_filter G:\Littlewhale\Application\Common\Service\ModelService.class.php 第 229 行.
NOTIC: [8] Undefined index: fetchSql G:\Littlewhale\Application\Common\Service\ModelService.class.php 第 245 行.
SQL: SELECT COUNT(*) AS tp_count FROM `db_voice` WHERE `status` < 9 LIMIT 1   [ RunTime:0.0090s ]
NOTIC: [8] Undefined index: parameter G:\Littlewhale\Application\Common\Service\ModelService.class.php 第 67 行.
NOTIC: [8] Undefined index: field_filter G:\Littlewhale\Application\Common\Service\ModelService.class.php 第 229 行.
NOTIC: [8] Undefined index: fetchSql G:\Littlewhale\Application\Common\Service\ModelService.class.php 第 245 行.
SQL: SELECT * FROM `db_voice` WHERE `status` < 9 LIMIT 0,15   [ RunTime:0.0160s ]
INFO: [ view_parse ] --START--
INFO: [ template_filter ] --START--
INFO: Run Behavior\ContentReplaceBehavior [ RunTime:0.000000s ]
INFO: [ template_filter ] --END-- [ RunTime:0.000000s ]
NOTIC: [8] Undefined index: voice_type G:\Littlewhale\#Runtime\Cache\Manager\47e64c1aa43d61ff0d27c7c5694216c1.php 第 138 行.
NOTIC: [8] Undefined index: voice_type G:\Littlewhale\#Runtime\Cache\Manager\47e64c1aa43d61ff0d27c7c5694216c1.php 第 141 行.
NOTIC: [8] Undefined index: voice_type G:\Littlewhale\#Runtime\Cache\Manager\47e64c1aa43d61ff0d27c7c5694216c1.php 第 144 行.
NOTIC: [8] Undefined index: voice_type G:\Littlewhale\#Runtime\Cache\Manager\47e64c1aa43d61ff0d27c7c5694216c1.php 第 147 行.
NOTIC: [8] Undefined index: voice_type G:\Littlewhale\#Runtime\Cache\Manager\47e64c1aa43d61ff0d27c7c5694216c1.php 第 150 行.
NOTIC: [8] Undefined index: voice_type G:\Littlewhale\#Runtime\Cache\Manager\47e64c1aa43d61ff0d27c7c5694216c1.php 第 153 行.
NOTIC: [8] Undefined index: status G:\Littlewhale\#Runtime\Cache\Manager\47e64c1aa43d61ff0d27c7c5694216c1.php 第 161 行.
NOTIC: [8] Undefined index: status G:\Littlewhale\#Runtime\Cache\Manager\47e64c1aa43d61ff0d27c7c5694216c1.php 第 164 行.
NOTIC: [8] Undefined index: sort_order G:\Littlewhale\#Runtime\Cache\Manager\47e64c1aa43d61ff0d27c7c5694216c1.php 第 242 行.
INFO: Run Behavior\ParseTemplateBehavior [ RunTime:0.058004s ]
INFO: [ view_parse ] --END-- [ RunTime:0.058004s ]
INFO: [ view_filter ] --START--
INFO: Run Behavior\WriteHtmlCacheBehavior [ RunTime:0.001000s ]
INFO: [ view_filter ] --END-- [ RunTime:0.001000s ]
INFO: [ app_end ] --START--
INFO: Run Behavior\ShowPageTraceBehavior [ RunTime:0.001000s ]
INFO: [ app_end ] --END-- [ RunTime:0.001000s ]

[ 2019-03-11T11:27:07+08:00 ] 127.0.0.1 /index.php/Manager/Voice/index.html
INFO: [ app_init ] --START--
INFO: Run Behavior\BuildLiteBehavior [ RunTime:0.000000s ]
INFO: [ app_init ] --END-- [ RunTime:0.000000s ]
INFO: [ app_begin ] --START--
INFO: Run Behavior\ReadHtmlCacheBehavior [ RunTime:0.000000s ]
INFO: [ app_begin ] --END-- [ RunTime:0.000000s ]
SQL: SHOW COLUMNS FROM `db_admin_behavior` [ RunTime:0.0100s ]
NOTIC: [8] Undefined index: validate G:\Littlewhale\ThinkPHP\Library\Think\Model.class.php 第 1185 行.
NOTIC: [8] Undefined index: auto G:\Littlewhale\ThinkPHP\Library\Think\Model.class.php 第 1128 行.
SQL: INSERT INTO `db_admin_behavior` (`manager_id`,`username`,`name`,`router`,`url`,`param`,`is_ajax`,`add_time`) VALUES ('1','admin','提示音列表','Manager/Voice/index','http://www.xjxc.com/index.php/Manager/Voice/index.html','POST: 
Cookie:PHPSESSID=908qjbtda9u1k4vgebbrhiol55&ADMUSERNAME=admin','0','1552274827') [ RunTime:0.0100s ]
NOTIC: [8] Undefined index: status G:\Littlewhale\Application\Manager\Controller\VoiceController.class.php 第 33 行.
SQL: SHOW COLUMNS FROM `db_voice` [ RunTime:0.0110s ]
NOTIC: [8] Undefined index: field_filter G:\Littlewhale\Application\Common\Service\ModelService.class.php 第 229 行.
NOTIC: [8] Undefined index: fetchSql G:\Littlewhale\Application\Common\Service\ModelService.class.php 第 245 行.
SQL: SELECT COUNT(*) AS tp_count FROM `db_voice` WHERE `status` < 9 LIMIT 1   [ RunTime:0.0090s ]
NOTIC: [8] Undefined index: parameter G:\Littlewhale\Application\Common\Service\ModelService.class.php 第 67 行.
NOTIC: [8] Undefined index: field_filter G:\Littlewhale\Application\Common\Service\ModelService.class.php 第 229 行.
NOTIC: [8] Undefined index: fetchSql G:\Littlewhale\Application\Common\Service\ModelService.class.php 第 245 行.
SQL: SELECT * FROM `db_voice` WHERE `status` < 9 LIMIT 0,15   [ RunTime:0.0100s ]
INFO: [ view_parse ] --START--
INFO: [ template_filter ] --START--
INFO: Run Behavior\ContentReplaceBehavior [ RunTime:0.001000s ]
INFO: [ template_filter ] --END-- [ RunTime:0.001000s ]
NOTIC: [8] Undefined index: voice_type G:\Littlewhale\#Runtime\Cache\Manager\47e64c1aa43d61ff0d27c7c5694216c1.php 第 138 行.
NOTIC: [8] Undefined index: voice_type G:\Littlewhale\#Runtime\Cache\Manager\47e64c1aa43d61ff0d27c7c5694216c1.php 第 141 行.
NOTIC: [8] Undefined index: voice_type G:\Littlewhale\#Runtime\Cache\Manager\47e64c1aa43d61ff0d27c7c5694216c1.php 第 144 行.
NOTIC: [8] Undefined index: voice_type G:\Littlewhale\#Runtime\Cache\Manager\47e64c1aa43d61ff0d27c7c5694216c1.php 第 147 行.
NOTIC: [8] Undefined index: voice_type G:\Littlewhale\#Runtime\Cache\Manager\47e64c1aa43d61ff0d27c7c5694216c1.php 第 150 行.
NOTIC: [8] Undefined index: voice_type G:\Littlewhale\#Runtime\Cache\Manager\47e64c1aa43d61ff0d27c7c5694216c1.php 第 153 行.
NOTIC: [8] Undefined index: status G:\Littlewhale\#Runtime\Cache\Manager\47e64c1aa43d61ff0d27c7c5694216c1.php 第 161 行.
NOTIC: [8] Undefined index: status G:\Littlewhale\#Runtime\Cache\Manager\47e64c1aa43d61ff0d27c7c5694216c1.php 第 164 行.
NOTIC: [8] Undefined index: sort_order G:\Littlewhale\#Runtime\Cache\Manager\47e64c1aa43d61ff0d27c7c5694216c1.php 第 242 行.
INFO: Run Behavior\ParseTemplateBehavior [ RunTime:0.025002s ]
INFO: [ view_parse ] --END-- [ RunTime:0.025002s ]
INFO: [ view_filter ] --START--
INFO: Run Behavior\WriteHtmlCacheBehavior [ RunTime:0.000000s ]
INFO: [ view_filter ] --END-- [ RunTime:0.000000s ]
INFO: [ app_end ] --START--
INFO: Run Behavior\ShowPageTraceBehavior [ RunTime:0.001000s ]
INFO: [ app_end ] --END-- [ RunTime:0.002000s ]

[ 2019-03-11T11:27:11+08:00 ] 127.0.0.1 /index.php/Manager/Voice/editVoice/id/12/system/0.html
INFO: [ app_init ] --START--
INFO: Run Behavior\BuildLiteBehavior [ RunTime:0.000000s ]
INFO: [ app_init ] --END-- [ RunTime:0.000000s ]
INFO: [ app_begin ] --START--
INFO: Run Behavior\ReadHtmlCacheBehavior [ RunTime:0.000000s ]
INFO: [ app_begin ] --END-- [ RunTime:0.000000s ]
SQL: SHOW COLUMNS FROM `db_admin_behavior` [ RunTime:0.0090s ]
NOTIC: [8] Undefined index: validate G:\Littlewhale\ThinkPHP\Library\Think\Model.class.php 第 1185 行.
NOTIC: [8] Undefined index: auto G:\Littlewhale\ThinkPHP\Library\Think\Model.class.php 第 1128 行.
SQL: INSERT INTO `db_admin_behavior` (`manager_id`,`username`,`name`,`router`,`url`,`param`,`is_ajax`,`add_time`) VALUES ('1','admin','编辑语音','Manager/Voice/editVoice','http://www.xjxc.com/index.php/Manager/Voice/editVoice/id/12/system/0.html','POST: 
Cookie:PHPSESSID=908qjbtda9u1k4vgebbrhiol55&ADMUSERNAME=admin','0','1552274831') [ RunTime:0.0090s ]
SQL: SHOW COLUMNS FROM `db_voice` [ RunTime:0.0090s ]
NOTIC: [8] Undefined index: fetchSql G:\Littlewhale\Application\Common\Service\ModelService.class.php 第 245 行.
SQL: SELECT * FROM `db_voice` WHERE `id` = 12 LIMIT 1   [ RunTime:0.0090s ]
INFO: [ view_parse ] --START--
INFO: [ template_filter ] --START--
INFO: Run Behavior\ContentReplaceBehavior [ RunTime:0.001000s ]
INFO: [ template_filter ] --END-- [ RunTime:0.001000s ]
INFO: Run Behavior\ParseTemplateBehavior [ RunTime:0.035002s ]
INFO: [ view_parse ] --END-- [ RunTime:0.036002s ]
INFO: [ view_filter ] --START--
INFO: Run Behavior\WriteHtmlCacheBehavior [ RunTime:0.000000s ]
INFO: [ view_filter ] --END-- [ RunTime:0.000000s ]
INFO: [ app_end ] --START--
INFO: Run Behavior\ShowPageTraceBehavior [ RunTime:0.001000s ]
INFO: [ app_end ] --END-- [ RunTime:0.002000s ]

[ 2019-03-11T11:27:13+08:00 ] 127.0.0.1 /index.php/Manager/Washshop/index.html
INFO: [ app_init ] --START--
INFO: Run Behavior\BuildLiteBehavior [ RunTime:0.000000s ]
INFO: [ app_init ] --END-- [ RunTime:0.001000s ]
INFO: [ app_begin ] --START--
INFO: Run Behavior\ReadHtmlCacheBehavior [ RunTime:0.001000s ]
INFO: [ app_begin ] --END-- [ RunTime:0.001000s ]
SQL: SHOW COLUMNS FROM `db_admin_behavior` [ RunTime:0.0090s ]
NOTIC: [8] Undefined index: validate G:\Littlewhale\ThinkPHP\Library\Think\Model.class.php 第 1185 行.
NOTIC: [8] Undefined index: auto G:\Littlewhale\ThinkPHP\Library\Think\Model.class.php 第 1128 行.
SQL: INSERT INTO `db_admin_behavior` (`manager_id`,`username`,`name`,`router`,`url`,`param`,`is_ajax`,`add_time`) VALUES ('1','admin','洗车店列表','Manager/Washshop/index','http://www.xjxc.com/index.php/Manager/Washshop/index.html','POST: 
Cookie:PHPSESSID=908qjbtda9u1k4vgebbrhiol55&ADMUSERNAME=admin','0','1552274833') [ RunTime:0.0090s ]
NOTIC: [8] Undefined index: status G:\Littlewhale\Application\Manager\Controller\WashshopController.class.php 第 30 行.
SQL: SHOW COLUMNS FROM `db_washshop` [ RunTime:0.0110s ]
NOTIC: [8] Undefined index: field_filter G:\Littlewhale\Application\Common\Service\ModelService.class.php 第 229 行.
NOTIC: [8] Undefined index: fetchSql G:\Littlewhale\Application\Common\Service\ModelService.class.php 第 245 行.
SQL: SELECT COUNT(*) AS tp_count FROM `db_washshop` WHERE `status` < 9 LIMIT 1   [ RunTime:0.0090s ]
NOTIC: [8] Undefined index: parameter G:\Littlewhale\Application\Common\Service\ModelService.class.php 第 67 行.
NOTIC: [8] Undefined index: field_filter G:\Littlewhale\Application\Common\Service\ModelService.class.php 第 229 行.
NOTIC: [8] Undefined index: fetchSql G:\Littlewhale\Application\Common\Service\ModelService.class.php 第 245 行.
SQL: SELECT * FROM `db_washshop` WHERE `status` < 9 LIMIT 0,15   [ RunTime:0.0100s ]
INFO: [ view_parse ] --START--
INFO: [ template_filter ] --START--
INFO: Run Behavior\ContentReplaceBehavior [ RunTime:0.000000s ]
INFO: [ template_filter ] --END-- [ RunTime:0.000000s ]
NOTIC: [8] Undefined index: shop_name G:\Littlewhale\#Runtime\Cache\Manager\0d20490f0918d8c95f7b83cfb230bfbf.php 第 137 行.
NOTIC: [8] Undefined index: status G:\Littlewhale\#Runtime\Cache\Manager\0d20490f0918d8c95f7b83cfb230bfbf.php 第 143 行.
NOTIC: [8] Undefined index: status G:\Littlewhale\#Runtime\Cache\Manager\0d20490f0918d8c95f7b83cfb230bfbf.php 第 146 行.
NOTIC: [8] Undefined index: sort_order G:\Littlewhale\#Runtime\Cache\Manager\0d20490f0918d8c95f7b83cfb230bfbf.php 第 222 行.
INFO: Run Behavior\ParseTemplateBehavior [ RunTime:0.039002s ]
INFO: [ view_parse ] --END-- [ RunTime:0.039002s ]
INFO: [ view_filter ] --START--
INFO: Run Behavior\WriteHtmlCacheBehavior [ RunTime:0.001000s ]
INFO: [ view_filter ] --END-- [ RunTime:0.001000s ]
INFO: [ app_end ] --START--
INFO: Run Behavior\ShowPageTraceBehavior [ RunTime:0.001000s ]
INFO: [ app_end ] --END-- [ RunTime:0.001000s ]

[ 2019-03-11T11:27:13+08:00 ] 127.0.0.1 /index.php/Manager/Washshop/index.html
INFO: [ app_init ] --START--
INFO: Run Behavior\BuildLiteBehavior [ RunTime:0.000000s ]
INFO: [ app_init ] --END-- [ RunTime:0.001000s ]
INFO: [ app_begin ] --START--
INFO: Run Behavior\ReadHtmlCacheBehavior [ RunTime:0.001000s ]
INFO: [ app_begin ] --END-- [ RunTime:0.001000s ]
SQL: SHOW COLUMNS FROM `db_admin_behavior` [ RunTime:0.0080s ]
NOTIC: [8] Undefined index: validate G:\Littlewhale\ThinkPHP\Library\Think\Model.class.php 第 1185 行.
NOTIC: [8] Undefined index: auto G:\Littlewhale\ThinkPHP\Library\Think\Model.class.php 第 1128 行.
SQL: INSERT INTO `db_admin_behavior` (`manager_id`,`username`,`name`,`router`,`url`,`param`,`is_ajax`,`add_time`) VALUES ('1','admin','洗车店列表','Manager/Washshop/index','http://www.xjxc.com/index.php/Manager/Washshop/index.html','POST: 
Cookie:PHPSESSID=908qjbtda9u1k4vgebbrhiol55&ADMUSERNAME=admin','0','1552274833') [ RunTime:0.0070s ]
NOTIC: [8] Undefined index: status G:\Littlewhale\Application\Manager\Controller\WashshopController.class.php 第 30 行.
SQL: SHOW COLUMNS FROM `db_washshop` [ RunTime:0.0100s ]
NOTIC: [8] Undefined index: field_filter G:\Littlewhale\Application\Common\Service\ModelService.class.php 第 229 行.
NOTIC: [8] Undefined index: fetchSql G:\Littlewhale\Application\Common\Service\ModelService.class.php 第 245 行.
SQL: SELECT COUNT(*) AS tp_count FROM `db_washshop` WHERE `status` < 9 LIMIT 1   [ RunTime:0.0070s ]
NOTIC: [8] Undefined index: parameter G:\Littlewhale\Application\Common\Service\ModelService.class.php 第 67 行.
NOTIC: [8] Undefined index: field_filter G:\Littlewhale\Application\Common\Service\ModelService.class.php 第 229 行.
NOTIC: [8] Undefined index: fetchSql G:\Littlewhale\Application\Common\Service\ModelService.class.php 第 245 行.
SQL: SELECT * FROM `db_washshop` WHERE `status` < 9 LIMIT 0,15   [ RunTime:0.0080s ]
INFO: [ view_parse ] --START--
INFO: [ template_filter ] --START--
INFO: Run Behavior\ContentReplaceBehavior [ RunTime:0.000000s ]
INFO: [ template_filter ] --END-- [ RunTime:0.000000s ]
NOTIC: [8] Undefined index: shop_name G:\Littlewhale\#Runtime\Cache\Manager\0d20490f0918d8c95f7b83cfb230bfbf.php 第 137 行.
NOTIC: [8] Undefined index: status G:\Littlewhale\#Runtime\Cache\Manager\0d20490f0918d8c95f7b83cfb230bfbf.php 第 143 行.
NOTIC: [8] Undefined index: status G:\Littlewhale\#Runtime\Cache\Manager\0d20490f0918d8c95f7b83cfb230bfbf.php 第 146 行.
NOTIC: [8] Undefined index: sort_order G:\Littlewhale\#Runtime\Cache\Manager\0d20490f0918d8c95f7b83cfb230bfbf.php 第 222 行.
INFO: Run Behavior\ParseTemplateBehavior [ RunTime:0.017001s ]
INFO: [ view_parse ] --END-- [ RunTime:0.017001s ]
INFO: [ view_filter ] --START--
INFO: Run Behavior\WriteHtmlCacheBehavior [ RunTime:0.000000s ]
INFO: [ view_filter ] --END-- [ RunTime:0.001000s ]
INFO: [ app_end ] --START--
INFO: Run Behavior\ShowPageTraceBehavior [ RunTime:0.001000s ]
INFO: [ app_end ] --END-- [ RunTime:0.001000s ]

[ 2019-03-11T11:27:17+08:00 ] 127.0.0.1 /index.php/Manager/CarWasher/index.html
INFO: [ app_init ] --START--
INFO: Run Behavior\BuildLiteBehavior [ RunTime:0.000000s ]
INFO: [ app_init ] --END-- [ RunTime:0.000000s ]
INFO: [ app_begin ] --START--
INFO: Run Behavior\ReadHtmlCacheBehavior [ RunTime:0.001001s ]
INFO: [ app_begin ] --END-- [ RunTime:0.001001s ]
SQL: SHOW COLUMNS FROM `db_admin_behavior` [ RunTime:0.0090s ]
NOTIC: [8] Undefined index: validate G:\Littlewhale\ThinkPHP\Library\Think\Model.class.php 第 1185 行.
NOTIC: [8] Undefined index: auto G:\Littlewhale\ThinkPHP\Library\Think\Model.class.php 第 1128 行.
SQL: INSERT INTO `db_admin_behavior` (`manager_id`,`username`,`name`,`router`,`url`,`param`,`is_ajax`,`add_time`) VALUES ('1','admin','洗车机列表','Manager/CarWasher/index','http://www.xjxc.com/index.php/Manager/CarWasher/index.html','POST: 
Cookie:PHPSESSID=908qjbtda9u1k4vgebbrhiol55&ADMUSERNAME=admin','0','1552274837') [ RunTime:0.0080s ]
NOTIC: [8] Undefined index: status G:\Littlewhale\Application\Manager\Controller\CarWasherController.class.php 第 62 行.
SQL: SHOW COLUMNS FROM `db_car_washer` [ RunTime:0.0100s ]
NOTIC: [8] Undefined index: field_filter G:\Littlewhale\Application\Common\Service\ModelService.class.php 第 229 行.
NOTIC: [8] Undefined index: fetchSql G:\Littlewhale\Application\Common\Service\ModelService.class.php 第 245 行.
SQL: SELECT COUNT(*) AS tp_count FROM `db_car_washer` WHERE `status` < 9 LIMIT 1   [ RunTime:0.0090s ]
NOTIC: [8] Undefined index: parameter G:\Littlewhale\Application\Common\Service\ModelService.class.php 第 67 行.
NOTIC: [8] Undefined index: field_filter G:\Littlewhale\Application\Common\Service\ModelService.class.php 第 229 行.
NOTIC: [8] Undefined index: fetchSql G:\Littlewhale\Application\Common\Service\ModelService.class.php 第 245 行.
SQL: SELECT * FROM `db_car_washer` WHERE `status` < 9 LIMIT 0,15   [ RunTime:0.0100s ]
SQL: SHOW COLUMNS FROM `db_agent` [ RunTime:0.0090s ]
SQL: SELECT `nickname` FROM `db_agent` WHERE `id` = 1 LIMIT 1   [ RunTime:0.0090s ]
SQL: SHOW COLUMNS FROM `db_washshop` [ RunTime:0.0100s ]
SQL: SELECT `shop_name` FROM `db_washshop` WHERE `id` = 1 LIMIT 1   [ RunTime:0.0080s ]
SQL: SELECT `nickname` FROM `db_agent` WHERE `id` = 4 LIMIT 1   [ RunTime:0.0080s ]
SQL: SELECT `shop_name` FROM `db_washshop` WHERE `id` = 5 LIMIT 1   [ RunTime:0.0070s ]
INFO: [ view_parse ] --START--
INFO: [ template_filter ] --START--
INFO: Run Behavior\ContentReplaceBehavior [ RunTime:0.001000s ]
INFO: [ template_filter ] --END-- [ RunTime:0.001000s ]
NOTIC: [8] Undefined index: mc_code G:\Littlewhale\#Runtime\Cache\Manager\be8842bea68334d53818e8c7018fa208.php 第 143 行.
NOTIC: [8] Undefined index: mc_id G:\Littlewhale\#Runtime\Cache\Manager\be8842bea68334d53818e8c7018fa208.php 第 147 行.
NOTIC: [8] Undefined index: type G:\Littlewhale\#Runtime\Cache\Manager\be8842bea68334d53818e8c7018fa208.php 第 153 行.
NOTIC: [8] Undefined index: type G:\Littlewhale\#Runtime\Cache\Manager\be8842bea68334d53818e8c7018fa208.php 第 156 行.
NOTIC: [8] Undefined index: type G:\Littlewhale\#Runtime\Cache\Manager\be8842bea68334d53818e8c7018fa208.php 第 159 行.
NOTIC: [8] Undefined index: status G:\Littlewhale\#Runtime\Cache\Manager\be8842bea68334d53818e8c7018fa208.php 第 167 行.
NOTIC: [8] Undefined index: status G:\Littlewhale\#Runtime\Cache\Manager\be8842bea68334d53818e8c7018fa208.php 第 170 行.
NOTIC: [8] Undefined index: status G:\Littlewhale\#Runtime\Cache\Manager\be8842bea68334d53818e8c7018fa208.php 第 173 行.
NOTIC: [8] Undefined index: status G:\Littlewhale\#Runtime\Cache\Manager\be8842bea68334d53818e8c7018fa208.php 第 176 行.
NOTIC: [8] Undefined index: sort_order G:\Littlewhale\#Runtime\Cache\Manager\be8842bea68334d53818e8c7018fa208.php 第 277 行.
INFO: Run Behavior\ParseTemplateBehavior [ RunTime:0.023001s ]
INFO: [ view_parse ] --END-- [ RunTime:0.023001s ]
INFO: [ view_filter ] --START--
INFO: Run Behavior\WriteHtmlCacheBehavior [ RunTime:0.001000s ]
INFO: [ view_filter ] --END-- [ RunTime:0.001000s ]
INFO: [ app_end ] --START--
INFO: Run Behavior\ShowPageTraceBehavior [ RunTime:0.002000s ]
INFO: [ app_end ] --END-- [ RunTime:0.002000s ]

[ 2019-03-11T11:27:19+08:00 ] 127.0.0.1 /index.php/Manager/Member/index.html
INFO: [ app_init ] --START--
INFO: Run Behavior\BuildLiteBehavior [ RunTime:0.000000s ]
INFO: [ app_init ] --END-- [ RunTime:0.000000s ]
INFO: [ app_begin ] --START--
INFO: Run Behavior\ReadHtmlCacheBehavior [ RunTime:0.001000s ]
INFO: [ app_begin ] --END-- [ RunTime:0.001000s ]
SQL: SHOW COLUMNS FROM `db_admin_behavior` [ RunTime:0.0110s ]
NOTIC: [8] Undefined index: validate G:\Littlewhale\ThinkPHP\Library\Think\Model.class.php 第 1185 行.
NOTIC: [8] Undefined index: auto G:\Littlewhale\ThinkPHP\Library\Think\Model.class.php 第 1128 行.
SQL: INSERT INTO `db_admin_behavior` (`manager_id`,`username`,`name`,`router`,`url`,`param`,`is_ajax`,`add_time`) VALUES ('1','admin','用户列表','Manager/Member/index','http://www.xjxc.com/index.php/Manager/Member/index.html','POST: 
Cookie:PHPSESSID=908qjbtda9u1k4vgebbrhiol55&ADMUSERNAME=admin','0','1552274838') [ RunTime:0.0100s ]
SQL: SHOW COLUMNS FROM `db_member` [ RunTime:0.0110s ]
NOTIC: [8] Undefined index: field_filter G:\Littlewhale\Application\Common\Service\ModelService.class.php 第 229 行.
NOTIC: [8] Undefined index: fetchSql G:\Littlewhale\Application\Common\Service\ModelService.class.php 第 245 行.
SQL: SELECT COUNT(*) AS tp_count FROM `db_member` WHERE `status` < 9 ORDER BY sort desc , create_time desc LIMIT 1   [ RunTime:0.0100s ]
NOTIC: [8] Undefined index: parameter G:\Littlewhale\Application\Common\Service\ModelService.class.php 第 67 行.
NOTIC: [8] Undefined index: field_filter G:\Littlewhale\Application\Common\Service\ModelService.class.php 第 229 行.
NOTIC: [8] Undefined index: fetchSql G:\Littlewhale\Application\Common\Service\ModelService.class.php 第 245 行.
SQL: SELECT * FROM `db_member` WHERE `status` < 9 ORDER BY sort desc , create_time desc LIMIT 0,15   [ RunTime:0.0110s ]
INFO: [ view_parse ] --START--
INFO: [ template_filter ] --START--
INFO: Run Behavior\ContentReplaceBehavior [ RunTime:0.000000s ]
INFO: [ template_filter ] --END-- [ RunTime:0.000000s ]
NOTIC: [8] Undefined index: account G:\Littlewhale\#Runtime\Cache\Manager\0c81d401ff07d30607b0f8454a56b8c3.php 第 140 行.
NOTIC: [8] Undefined index: nickname G:\Littlewhale\#Runtime\Cache\Manager\0c81d401ff07d30607b0f8454a56b8c3.php 第 144 行.
NOTIC: [8] Undefined index: sex G:\Littlewhale\#Runtime\Cache\Manager\0c81d401ff07d30607b0f8454a56b8c3.php 第 150 行.
NOTIC: [8] Undefined index: sex G:\Littlewhale\#Runtime\Cache\Manager\0c81d401ff07d30607b0f8454a56b8c3.php 第 153 行.
NOTIC: [8] Undefined index: sex G:\Littlewhale\#Runtime\Cache\Manager\0c81d401ff07d30607b0f8454a56b8c3.php 第 156 行.
NOTIC: [8] Undefined index: start_time G:\Littlewhale\#Runtime\Cache\Manager\0c81d401ff07d30607b0f8454a56b8c3.php 第 162 行.
NOTIC: [8] Undefined index: start_time G:\Littlewhale\#Runtime\Cache\Manager\0c81d401ff07d30607b0f8454a56b8c3.php 第 163 行.
NOTIC: [8] Undefined index: end_time G:\Littlewhale\#Runtime\Cache\Manager\0c81d401ff07d30607b0f8454a56b8c3.php 第 168 行.
NOTIC: [8] Undefined index: end_time G:\Littlewhale\#Runtime\Cache\Manager\0c81d401ff07d30607b0f8454a56b8c3.php 第 169 行.
NOTIC: [8] Undefined index: sort_order G:\Littlewhale\#Runtime\Cache\Manager\0c81d401ff07d30607b0f8454a56b8c3.php 第 250 行.
INFO: Run Behavior\ParseTemplateBehavior [ RunTime:0.043003s ]
INFO: [ view_parse ] --END-- [ RunTime:0.043003s ]
INFO: [ view_filter ] --START--
INFO: Run Behavior\WriteHtmlCacheBehavior [ RunTime:0.000000s ]
INFO: [ view_filter ] --END-- [ RunTime:0.000000s ]
INFO: [ app_end ] --START--
INFO: Run Behavior\ShowPageTraceBehavior [ RunTime:0.001000s ]
INFO: [ app_end ] --END-- [ RunTime:0.001000s ]

