[ 2019-06-28T03:21:06+08:00 ] 127.0.0.1 /manager
INFO: [ app_init ] --START--
INFO: Run Behavior\BuildLiteBehavior [ RunTime:0.000042s ]
INFO: [ app_init ] --END-- [ RunTime:0.003748s ]
INFO: [ app_begin ] --START--
INFO: Run Behavior\ReadHtmlCacheBehavior [ RunTime:0.015612s ]
INFO: [ app_begin ] --END-- [ RunTime:0.015683s ]

[ 2019-06-28T03:21:06+08:00 ] 127.0.0.1 /index.php/Manager/Admin/login.html
INFO: [ app_init ] --START--
INFO: Run Behavior\BuildLiteBehavior [ RunTime:0.000014s ]
INFO: [ app_init ] --END-- [ RunTime:0.000417s ]
INFO: [ app_begin ] --START--
INFO: Run Behavior\ReadHtmlCacheBehavior [ RunTime:0.001504s ]
INFO: [ app_begin ] --END-- [ RunTime:0.001582s ]
INFO: [ view_parse ] --START--
INFO: [ template_filter ] --START--
INFO: Run Behavior\ContentReplaceBehavior [ RunTime:0.001199s ]
INFO: [ template_filter ] --END-- [ RunTime:0.001306s ]
INFO: Run Behavior\ParseTemplateBehavior [ RunTime:0.022135s ]
INFO: [ view_parse ] --END-- [ RunTime:0.022255s ]
INFO: [ view_filter ] --START--
INFO: Run Behavior\WriteHtmlCacheBehavior [ RunTime:0.001644s ]
INFO: [ view_filter ] --END-- [ RunTime:0.001741s ]
INFO: [ app_end ] --START--
INFO: Run Behavior\ShowPageTraceBehavior [ RunTime:0.001912s ]
INFO: [ app_end ] --END-- [ RunTime:0.002006s ]

[ 2019-06-28T03:21:06+08:00 ] 127.0.0.1 /index.php/Manager/Index/verifyImage.html
INFO: [ app_init ] --START--
INFO: Run Behavior\BuildLiteBehavior [ RunTime:0.000036s ]
INFO: [ app_init ] --END-- [ RunTime:0.001061s ]
INFO: [ app_begin ] --START--
INFO: Run Behavior\ReadHtmlCacheBehavior [ RunTime:0.003456s ]
INFO: [ app_begin ] --END-- [ RunTime:0.003565s ]
INFO: [ app_end ] --START--
INFO: Run Behavior\ShowPageTraceBehavior [ RunTime:0.002069s ]
INFO: [ app_end ] --END-- [ RunTime:0.002230s ]

[ 2019-06-28T03:21:17+08:00 ] 127.0.0.1 /index.php/Manager/Admin/login.html
INFO: [ app_init ] --START--
INFO: Run Behavior\BuildLiteBehavior [ RunTime:0.000012s ]
INFO: [ app_init ] --END-- [ RunTime:0.000373s ]
INFO: [ app_begin ] --START--
INFO: Run Behavior\ReadHtmlCacheBehavior [ RunTime:0.000511s ]
INFO: [ app_begin ] --END-- [ RunTime:0.000557s ]
NOTIC: [2] strpos() expects parameter 1 to be string, array given D:\test\Littlewhale\Vendor\Txunda\Txunda.Param.php 第 97 行.

[ 2019-06-28T03:21:19+08:00 ] 127.0.0.1 /index.php/Manager/Index/verifyImage.html?v=0.8301291112514391
INFO: [ app_init ] --START--
INFO: Run Behavior\BuildLiteBehavior [ RunTime:0.000021s ]
INFO: [ app_init ] --END-- [ RunTime:0.000620s ]
INFO: [ app_begin ] --START--
INFO: Run Behavior\ReadHtmlCacheBehavior [ RunTime:0.000871s ]
INFO: [ app_begin ] --END-- [ RunTime:0.000947s ]
INFO: [ app_end ] --START--
INFO: Run Behavior\ShowPageTraceBehavior [ RunTime:0.001237s ]
INFO: [ app_end ] --END-- [ RunTime:0.001333s ]

[ 2019-06-28T03:21:24+08:00 ] 127.0.0.1 /index.php/Manager/Admin/login.html
INFO: [ app_init ] --START--
INFO: Run Behavior\BuildLiteBehavior [ RunTime:0.000013s ]
INFO: [ app_init ] --END-- [ RunTime:0.000391s ]
INFO: [ app_begin ] --START--
INFO: Run Behavior\ReadHtmlCacheBehavior [ RunTime:0.000858s ]
INFO: [ app_begin ] --END-- [ RunTime:0.000932s ]
NOTIC: [2] strpos() expects parameter 1 to be string, array given D:\test\Littlewhale\Vendor\Txunda\Txunda.Param.php 第 97 行.
SQL: SHOW COLUMNS FROM `db_admin` [ RunTime:0.0140s ]
NOTIC: [8] Undefined index: field_filter D:\test\Littlewhale\Application\Common\Service\ModelService.class.php 第 229 行.
NOTIC: [8] Undefined index: fetchSql D:\test\Littlewhale\Application\Common\Service\ModelService.class.php 第 245 行.
SQL: SELECT `id`,`group_id`,`username`,`password`,`salt`,`status` FROM `db_admin` WHERE `username` = 'admin' LIMIT 1   [ RunTime:0.0105s ]
SQL: SHOW COLUMNS FROM `db_admin_group` [ RunTime:0.0107s ]
SQL: SHOW COLUMNS FROM `db_admin_menu` [ RunTime:0.0135s ]
NOTIC: [8] Undefined index: field_filter D:\test\Littlewhale\Application\Common\Service\ModelService.class.php 第 229 行.
NOTIC: [8] Undefined index: fetchSql D:\test\Littlewhale\Application\Common\Service\ModelService.class.php 第 245 行.
SQL: SELECT `id`,`p_id`,`name`,`router`,`type`,`icon`,`system`,`sort`,`status` FROM `db_admin_menu` WHERE `status` <> 9 ORDER BY sort ASC, id ASC  [ RunTime:0.0195s ]

[ 2019-06-28T03:21:26+08:00 ] 127.0.0.1 /index.php/Manager/Index/index.html
INFO: [ app_init ] --START--
INFO: Run Behavior\BuildLiteBehavior [ RunTime:0.000033s ]
INFO: [ app_init ] --END-- [ RunTime:0.000537s ]
INFO: [ app_begin ] --START--
INFO: Run Behavior\ReadHtmlCacheBehavior [ RunTime:0.001071s ]
INFO: [ app_begin ] --END-- [ RunTime:0.001204s ]
SQL: SHOW COLUMNS FROM `db_file` [ RunTime:0.0095s ]
SQL: SELECT `path` FROM `db_file` WHERE `id` = 196 LIMIT 1   [ RunTime:0.0076s ]
INFO: [ view_parse ] --START--
INFO: [ template_filter ] --START--
INFO: Run Behavior\ContentReplaceBehavior [ RunTime:0.000111s ]
INFO: [ template_filter ] --END-- [ RunTime:0.000155s ]
INFO: Run Behavior\ParseTemplateBehavior [ RunTime:0.016626s ]
INFO: [ view_parse ] --END-- [ RunTime:0.016689s ]
INFO: [ view_filter ] --START--
INFO: Run Behavior\WriteHtmlCacheBehavior [ RunTime:0.000410s ]
INFO: [ view_filter ] --END-- [ RunTime:0.000439s ]
INFO: [ app_end ] --START--
INFO: Run Behavior\ShowPageTraceBehavior [ RunTime:0.000638s ]
INFO: [ app_end ] --END-- [ RunTime:0.000721s ]

[ 2019-06-28T03:21:26+08:00 ] 127.0.0.1 /index.php/Manager/Index/welcome.html
INFO: [ app_init ] --START--
INFO: Run Behavior\BuildLiteBehavior [ RunTime:0.000015s ]
INFO: [ app_init ] --END-- [ RunTime:0.000552s ]
INFO: [ app_begin ] --START--
INFO: Run Behavior\ReadHtmlCacheBehavior [ RunTime:0.001025s ]
INFO: [ app_begin ] --END-- [ RunTime:0.001122s ]
SQL: SHOW COLUMNS FROM `db_member` [ RunTime:0.0105s ]
SQL: SELECT COUNT(*) AS tp_count FROM `db_member` WHERE `status` < 9 LIMIT 1   [ RunTime:0.0084s ]
SQL: SHOW COLUMNS FROM `db_car_washer` [ RunTime:0.0117s ]
SQL: SELECT COUNT(*) AS tp_count FROM `db_car_washer` WHERE `status` < 9 LIMIT 1   [ RunTime:0.0098s ]
SQL: SELECT COUNT(*) AS tp_count FROM `db_car_washer` WHERE ( `create_time` > 1556640000 AND `create_time` < 1559318399  ) AND `status` < 9 LIMIT 1   [ RunTime:0.0102s ]
SQL: SHOW COLUMNS FROM `db_order` [ RunTime:0.0119s ]
SQL: SELECT COUNT(*) AS tp_count FROM `db_order` WHERE `status` <> 9 LIMIT 1   [ RunTime:0.0087s ]
SQL: SHOW COLUMNS FROM `db_order` [ RunTime:0.0109s ]
SQL: SELECT SUM(pay_money) AS tp_sum FROM `db_order` WHERE `pay_type` <> 3 AND ( `pay_time` > 1559318400 AND `pay_time` < 1561910399  ) AND `status` = 2 LIMIT 1   [ RunTime:0.0088s ]
SQL: SHOW COLUMNS FROM `db_details` [ RunTime:0.0107s ]
SQL: SELECT COUNT(*) AS tp_count FROM `db_details` WHERE `status` <> 9 LIMIT 1   [ RunTime:0.0092s ]
INFO: [ view_parse ] --START--
INFO: [ template_filter ] --START--
INFO: Run Behavior\ContentReplaceBehavior [ RunTime:0.000109s ]
INFO: [ template_filter ] --END-- [ RunTime:0.000152s ]
NOTIC: [8] Undefined variable: title D:\test\Littlewhale\#Runtime\Cache\Manager\551b4c972bd9534d74c3627ae91c582f.php 第 9 行.
INFO: Run Behavior\ParseTemplateBehavior [ RunTime:0.008070s ]
INFO: [ view_parse ] --END-- [ RunTime:0.008116s ]
INFO: [ view_filter ] --START--
INFO: Run Behavior\WriteHtmlCacheBehavior [ RunTime:0.000287s ]
INFO: [ view_filter ] --END-- [ RunTime:0.000315s ]
INFO: [ app_end ] --START--
INFO: Run Behavior\ShowPageTraceBehavior [ RunTime:0.000574s ]
INFO: [ app_end ] --END-- [ RunTime:0.000617s ]

[ 2019-06-28T03:21:42+08:00 ] 127.0.0.1 /index.php/Manager/Batch/index.html
INFO: [ app_init ] --START--
INFO: Run Behavior\BuildLiteBehavior [ RunTime:0.000021s ]
INFO: [ app_init ] --END-- [ RunTime:0.000594s ]
INFO: [ app_begin ] --START--
INFO: Run Behavior\ReadHtmlCacheBehavior [ RunTime:0.000854s ]
INFO: [ app_begin ] --END-- [ RunTime:0.000939s ]
SQL: SHOW COLUMNS FROM `db_admin_behavior` [ RunTime:0.0083s ]
NOTIC: [8] Undefined index: validate D:\test\Littlewhale\ThinkPHP\Library\Think\Model.class.php 第 1185 行.
NOTIC: [8] Undefined index: auto D:\test\Littlewhale\ThinkPHP\Library\Think\Model.class.php 第 1128 行.
SQL: INSERT INTO `db_admin_behavior` (`manager_id`,`username`,`name`,`router`,`url`,`param`,`is_ajax`,`add_time`) VALUES ('1','admin','代金券表','Manager/Batch/index','http://littlewhale.com/index.php/Manager/Batch/index.html','POST: 
Cookie:PHPSESSID=1usva7dbqs879bgbmmm0ufqef1&ADMUSERNAME=admin','0','1561663302') [ RunTime:0.0081s ]
SQL: SHOW COLUMNS FROM `db_batch` [ RunTime:0.0081s ]
NOTIC: [8] Undefined index: field_filter D:\test\Littlewhale\Application\Common\Service\ModelService.class.php 第 229 行.
NOTIC: [8] Undefined index: fetchSql D:\test\Littlewhale\Application\Common\Service\ModelService.class.php 第 245 行.
SQL: SELECT COUNT(*) AS tp_count FROM `db_batch` ORDER BY create_time desc LIMIT 1   [ RunTime:0.0106s ]
NOTIC: [8] Undefined index: parameter D:\test\Littlewhale\Application\Common\Service\ModelService.class.php 第 67 行.
NOTIC: [8] Undefined index: field_filter D:\test\Littlewhale\Application\Common\Service\ModelService.class.php 第 229 行.
NOTIC: [8] Undefined index: fetchSql D:\test\Littlewhale\Application\Common\Service\ModelService.class.php 第 245 行.
SQL: SELECT * FROM `db_batch` ORDER BY create_time desc LIMIT 0,15   [ RunTime:0.0142s ]
INFO: [ view_parse ] --START--
INFO: [ template_filter ] --START--
INFO: Run Behavior\ContentReplaceBehavior [ RunTime:0.000128s ]
INFO: [ template_filter ] --END-- [ RunTime:0.000174s ]
NOTIC: [8] Undefined index: title D:\test\Littlewhale\#Runtime\Cache\Manager\68be47eeca650c4079e4b2826334b7a6.php 第 139 行.
NOTIC: [8] Undefined index: status D:\test\Littlewhale\#Runtime\Cache\Manager\68be47eeca650c4079e4b2826334b7a6.php 第 145 行.
NOTIC: [8] Undefined index: status D:\test\Littlewhale\#Runtime\Cache\Manager\68be47eeca650c4079e4b2826334b7a6.php 第 148 行.
NOTIC: [8] Undefined index: start_time D:\test\Littlewhale\#Runtime\Cache\Manager\68be47eeca650c4079e4b2826334b7a6.php 第 155 行.
NOTIC: [8] Undefined index: start_time D:\test\Littlewhale\#Runtime\Cache\Manager\68be47eeca650c4079e4b2826334b7a6.php 第 156 行.
NOTIC: [8] Undefined index: end_time D:\test\Littlewhale\#Runtime\Cache\Manager\68be47eeca650c4079e4b2826334b7a6.php 第 161 行.
NOTIC: [8] Undefined index: end_time D:\test\Littlewhale\#Runtime\Cache\Manager\68be47eeca650c4079e4b2826334b7a6.php 第 162 行.
NOTIC: [8] Undefined index: starts_time D:\test\Littlewhale\#Runtime\Cache\Manager\68be47eeca650c4079e4b2826334b7a6.php 第 167 行.
NOTIC: [8] Undefined index: start_time D:\test\Littlewhale\#Runtime\Cache\Manager\68be47eeca650c4079e4b2826334b7a6.php 第 168 行.
NOTIC: [8] Undefined index: ends_time D:\test\Littlewhale\#Runtime\Cache\Manager\68be47eeca650c4079e4b2826334b7a6.php 第 173 行.
NOTIC: [8] Undefined index: end_time D:\test\Littlewhale\#Runtime\Cache\Manager\68be47eeca650c4079e4b2826334b7a6.php 第 174 行.
NOTIC: [8] Undefined index: is_bind D:\test\Littlewhale\#Runtime\Cache\Manager\68be47eeca650c4079e4b2826334b7a6.php 第 225 行.
NOTIC: [8] Undefined index: type D:\test\Littlewhale\#Runtime\Cache\Manager\68be47eeca650c4079e4b2826334b7a6.php 第 226 行.
NOTIC: [8] Undefined index: is_use D:\test\Littlewhale\#Runtime\Cache\Manager\68be47eeca650c4079e4b2826334b7a6.php 第 233 行.
NOTIC: [8] Undefined index: is_bind D:\test\Littlewhale\#Runtime\Cache\Manager\68be47eeca650c4079e4b2826334b7a6.php 第 225 行.
NOTIC: [8] Undefined index: type D:\test\Littlewhale\#Runtime\Cache\Manager\68be47eeca650c4079e4b2826334b7a6.php 第 226 行.
NOTIC: [8] Undefined index: is_use D:\test\Littlewhale\#Runtime\Cache\Manager\68be47eeca650c4079e4b2826334b7a6.php 第 233 行.
NOTIC: [8] Undefined index: is_bind D:\test\Littlewhale\#Runtime\Cache\Manager\68be47eeca650c4079e4b2826334b7a6.php 第 225 行.
NOTIC: [8] Undefined index: type D:\test\Littlewhale\#Runtime\Cache\Manager\68be47eeca650c4079e4b2826334b7a6.php 第 226 行.
NOTIC: [8] Undefined index: is_use D:\test\Littlewhale\#Runtime\Cache\Manager\68be47eeca650c4079e4b2826334b7a6.php 第 233 行.
NOTIC: [8] Undefined index: is_bind D:\test\Littlewhale\#Runtime\Cache\Manager\68be47eeca650c4079e4b2826334b7a6.php 第 225 行.
NOTIC: [8] Undefined index: type D:\test\Littlewhale\#Runtime\Cache\Manager\68be47eeca650c4079e4b2826334b7a6.php 第 226 行.
NOTIC: [8] Undefined index: is_use D:\test\Littlewhale\#Runtime\Cache\Manager\68be47eeca650c4079e4b2826334b7a6.php 第 233 行.
NOTIC: [8] Undefined index: is_bind D:\test\Littlewhale\#Runtime\Cache\Manager\68be47eeca650c4079e4b2826334b7a6.php 第 225 行.
NOTIC: [8] Undefined index: type D:\test\Littlewhale\#Runtime\Cache\Manager\68be47eeca650c4079e4b2826334b7a6.php 第 226 行.
NOTIC: [8] Undefined index: is_use D:\test\Littlewhale\#Runtime\Cache\Manager\68be47eeca650c4079e4b2826334b7a6.php 第 233 行.
NOTIC: [8] Undefined index: is_bind D:\test\Littlewhale\#Runtime\Cache\Manager\68be47eeca650c4079e4b2826334b7a6.php 第 225 行.
NOTIC: [8] Undefined index: type D:\test\Littlewhale\#Runtime\Cache\Manager\68be47eeca650c4079e4b2826334b7a6.php 第 226 行.
NOTIC: [8] Undefined index: is_use D:\test\Littlewhale\#Runtime\Cache\Manager\68be47eeca650c4079e4b2826334b7a6.php 第 233 行.
NOTIC: [8] Undefined index: sort_order D:\test\Littlewhale\#Runtime\Cache\Manager\68be47eeca650c4079e4b2826334b7a6.php 第 260 行.
INFO: Run Behavior\ParseTemplateBehavior [ RunTime:0.018511s ]
INFO: [ view_parse ] --END-- [ RunTime:0.018554s ]
INFO: [ view_filter ] --START--
INFO: Run Behavior\WriteHtmlCacheBehavior [ RunTime:0.000740s ]
INFO: [ view_filter ] --END-- [ RunTime:0.000771s ]
INFO: [ app_end ] --START--
INFO: Run Behavior\ShowPageTraceBehavior [ RunTime:0.000528s ]
INFO: [ app_end ] --END-- [ RunTime:0.000565s ]

[ 2019-06-28T03:21:42+08:00 ] 127.0.0.1 /index.php/Manager/Batch/index.html
INFO: [ app_init ] --START--
INFO: Run Behavior\BuildLiteBehavior [ RunTime:0.000013s ]
INFO: [ app_init ] --END-- [ RunTime:0.000409s ]
INFO: [ app_begin ] --START--
INFO: Run Behavior\ReadHtmlCacheBehavior [ RunTime:0.000525s ]
INFO: [ app_begin ] --END-- [ RunTime:0.000573s ]
SQL: SHOW COLUMNS FROM `db_admin_behavior` [ RunTime:0.0079s ]
NOTIC: [8] Undefined index: validate D:\test\Littlewhale\ThinkPHP\Library\Think\Model.class.php 第 1185 行.
NOTIC: [8] Undefined index: auto D:\test\Littlewhale\ThinkPHP\Library\Think\Model.class.php 第 1128 行.
SQL: INSERT INTO `db_admin_behavior` (`manager_id`,`username`,`name`,`router`,`url`,`param`,`is_ajax`,`add_time`) VALUES ('1','admin','代金券表','Manager/Batch/index','http://littlewhale.com/index.php/Manager/Batch/index.html','POST: 
Cookie:PHPSESSID=1usva7dbqs879bgbmmm0ufqef1&ADMUSERNAME=admin','0','1561663302') [ RunTime:0.0091s ]
SQL: SHOW COLUMNS FROM `db_batch` [ RunTime:0.0121s ]
NOTIC: [8] Undefined index: field_filter D:\test\Littlewhale\Application\Common\Service\ModelService.class.php 第 229 行.
NOTIC: [8] Undefined index: fetchSql D:\test\Littlewhale\Application\Common\Service\ModelService.class.php 第 245 行.
SQL: SELECT COUNT(*) AS tp_count FROM `db_batch` ORDER BY create_time desc LIMIT 1   [ RunTime:0.0071s ]
NOTIC: [8] Undefined index: parameter D:\test\Littlewhale\Application\Common\Service\ModelService.class.php 第 67 行.
NOTIC: [8] Undefined index: field_filter D:\test\Littlewhale\Application\Common\Service\ModelService.class.php 第 229 行.
NOTIC: [8] Undefined index: fetchSql D:\test\Littlewhale\Application\Common\Service\ModelService.class.php 第 245 行.
SQL: SELECT * FROM `db_batch` ORDER BY create_time desc LIMIT 0,15   [ RunTime:0.0075s ]
INFO: [ view_parse ] --START--
INFO: [ template_filter ] --START--
INFO: Run Behavior\ContentReplaceBehavior [ RunTime:0.000122s ]
INFO: [ template_filter ] --END-- [ RunTime:0.000165s ]
NOTIC: [8] Undefined index: title D:\test\Littlewhale\#Runtime\Cache\Manager\68be47eeca650c4079e4b2826334b7a6.php 第 139 行.
NOTIC: [8] Undefined index: status D:\test\Littlewhale\#Runtime\Cache\Manager\68be47eeca650c4079e4b2826334b7a6.php 第 145 行.
NOTIC: [8] Undefined index: status D:\test\Littlewhale\#Runtime\Cache\Manager\68be47eeca650c4079e4b2826334b7a6.php 第 148 行.
NOTIC: [8] Undefined index: start_time D:\test\Littlewhale\#Runtime\Cache\Manager\68be47eeca650c4079e4b2826334b7a6.php 第 155 行.
NOTIC: [8] Undefined index: start_time D:\test\Littlewhale\#Runtime\Cache\Manager\68be47eeca650c4079e4b2826334b7a6.php 第 156 行.
NOTIC: [8] Undefined index: end_time D:\test\Littlewhale\#Runtime\Cache\Manager\68be47eeca650c4079e4b2826334b7a6.php 第 161 行.
NOTIC: [8] Undefined index: end_time D:\test\Littlewhale\#Runtime\Cache\Manager\68be47eeca650c4079e4b2826334b7a6.php 第 162 行.
NOTIC: [8] Undefined index: starts_time D:\test\Littlewhale\#Runtime\Cache\Manager\68be47eeca650c4079e4b2826334b7a6.php 第 167 行.
NOTIC: [8] Undefined index: start_time D:\test\Littlewhale\#Runtime\Cache\Manager\68be47eeca650c4079e4b2826334b7a6.php 第 168 行.
NOTIC: [8] Undefined index: ends_time D:\test\Littlewhale\#Runtime\Cache\Manager\68be47eeca650c4079e4b2826334b7a6.php 第 173 行.
NOTIC: [8] Undefined index: end_time D:\test\Littlewhale\#Runtime\Cache\Manager\68be47eeca650c4079e4b2826334b7a6.php 第 174 行.
NOTIC: [8] Undefined index: is_bind D:\test\Littlewhale\#Runtime\Cache\Manager\68be47eeca650c4079e4b2826334b7a6.php 第 225 行.
NOTIC: [8] Undefined index: type D:\test\Littlewhale\#Runtime\Cache\Manager\68be47eeca650c4079e4b2826334b7a6.php 第 226 行.
NOTIC: [8] Undefined index: is_use D:\test\Littlewhale\#Runtime\Cache\Manager\68be47eeca650c4079e4b2826334b7a6.php 第 233 行.
NOTIC: [8] Undefined index: is_bind D:\test\Littlewhale\#Runtime\Cache\Manager\68be47eeca650c4079e4b2826334b7a6.php 第 225 行.
NOTIC: [8] Undefined index: type D:\test\Littlewhale\#Runtime\Cache\Manager\68be47eeca650c4079e4b2826334b7a6.php 第 226 行.
NOTIC: [8] Undefined index: is_use D:\test\Littlewhale\#Runtime\Cache\Manager\68be47eeca650c4079e4b2826334b7a6.php 第 233 行.
NOTIC: [8] Undefined index: is_bind D:\test\Littlewhale\#Runtime\Cache\Manager\68be47eeca650c4079e4b2826334b7a6.php 第 225 行.
NOTIC: [8] Undefined index: type D:\test\Littlewhale\#Runtime\Cache\Manager\68be47eeca650c4079e4b2826334b7a6.php 第 226 行.
NOTIC: [8] Undefined index: is_use D:\test\Littlewhale\#Runtime\Cache\Manager\68be47eeca650c4079e4b2826334b7a6.php 第 233 行.
NOTIC: [8] Undefined index: is_bind D:\test\Littlewhale\#Runtime\Cache\Manager\68be47eeca650c4079e4b2826334b7a6.php 第 225 行.
NOTIC: [8] Undefined index: type D:\test\Littlewhale\#Runtime\Cache\Manager\68be47eeca650c4079e4b2826334b7a6.php 第 226 行.
NOTIC: [8] Undefined index: is_use D:\test\Littlewhale\#Runtime\Cache\Manager\68be47eeca650c4079e4b2826334b7a6.php 第 233 行.
NOTIC: [8] Undefined index: is_bind D:\test\Littlewhale\#Runtime\Cache\Manager\68be47eeca650c4079e4b2826334b7a6.php 第 225 行.
NOTIC: [8] Undefined index: type D:\test\Littlewhale\#Runtime\Cache\Manager\68be47eeca650c4079e4b2826334b7a6.php 第 226 行.
NOTIC: [8] Undefined index: is_use D:\test\Littlewhale\#Runtime\Cache\Manager\68be47eeca650c4079e4b2826334b7a6.php 第 233 行.
NOTIC: [8] Undefined index: is_bind D:\test\Littlewhale\#Runtime\Cache\Manager\68be47eeca650c4079e4b2826334b7a6.php 第 225 行.
NOTIC: [8] Undefined index: type D:\test\Littlewhale\#Runtime\Cache\Manager\68be47eeca650c4079e4b2826334b7a6.php 第 226 行.
NOTIC: [8] Undefined index: is_use D:\test\Littlewhale\#Runtime\Cache\Manager\68be47eeca650c4079e4b2826334b7a6.php 第 233 行.
NOTIC: [8] Undefined index: sort_order D:\test\Littlewhale\#Runtime\Cache\Manager\68be47eeca650c4079e4b2826334b7a6.php 第 260 行.
INFO: Run Behavior\ParseTemplateBehavior [ RunTime:0.019672s ]
INFO: [ view_parse ] --END-- [ RunTime:0.019760s ]
INFO: [ view_filter ] --START--
INFO: Run Behavior\WriteHtmlCacheBehavior [ RunTime:0.000432s ]
INFO: [ view_filter ] --END-- [ RunTime:0.000463s ]
INFO: [ app_end ] --START--
INFO: Run Behavior\ShowPageTraceBehavior [ RunTime:0.001027s ]
INFO: [ app_end ] --END-- [ RunTime:0.001114s ]

[ 2019-06-28T03:21:49+08:00 ] 127.0.0.1 /index.php/Manager/Batch/editBatch/id/6/system/0.html
INFO: [ app_init ] --START--
INFO: Run Behavior\BuildLiteBehavior [ RunTime:0.000022s ]
INFO: [ app_init ] --END-- [ RunTime:0.000611s ]
INFO: [ app_begin ] --START--
INFO: Run Behavior\ReadHtmlCacheBehavior [ RunTime:0.000932s ]
INFO: [ app_begin ] --END-- [ RunTime:0.001026s ]
SQL: SHOW COLUMNS FROM `db_admin_behavior` [ RunTime:0.0091s ]
NOTIC: [8] Undefined index: validate D:\test\Littlewhale\ThinkPHP\Library\Think\Model.class.php 第 1185 行.
NOTIC: [8] Undefined index: auto D:\test\Littlewhale\ThinkPHP\Library\Think\Model.class.php 第 1128 行.
SQL: INSERT INTO `db_admin_behavior` (`manager_id`,`username`,`name`,`router`,`url`,`param`,`is_ajax`,`add_time`) VALUES ('1','admin','编辑代金券','Manager/Batch/editBatch','http://littlewhale.com/index.php/Manager/Batch/editBatch/id/6/system/0.html','POST: 
Cookie:PHPSESSID=1usva7dbqs879bgbmmm0ufqef1&ADMUSERNAME=admin','0','1561663309') [ RunTime:0.0083s ]
SQL: SHOW COLUMNS FROM `db_batch` [ RunTime:0.0104s ]
NOTIC: [8] Undefined index: fetchSql D:\test\Littlewhale\Application\Common\Service\ModelService.class.php 第 245 行.
SQL: SELECT * FROM `db_batch` WHERE `id` = 6 LIMIT 1   [ RunTime:0.0124s ]
SQL: SHOW COLUMNS FROM `db_redeem_code` [ RunTime:0.0096s ]
NOTIC: [8] Undefined index: field_filter D:\test\Littlewhale\Application\Common\Service\ModelService.class.php 第 229 行.
NOTIC: [8] Undefined index: fetchSql D:\test\Littlewhale\Application\Common\Service\ModelService.class.php 第 245 行.
SQL: SELECT COUNT(*) AS tp_count FROM `db_redeem_code` WHERE `b_id` = 6 ORDER BY create_time desc LIMIT 1   [ RunTime:0.0086s ]
NOTIC: [8] Undefined index: parameter D:\test\Littlewhale\Application\Common\Service\ModelService.class.php 第 67 行.
NOTIC: [8] Undefined index: field_filter D:\test\Littlewhale\Application\Common\Service\ModelService.class.php 第 229 行.
NOTIC: [8] Undefined index: fetchSql D:\test\Littlewhale\Application\Common\Service\ModelService.class.php 第 245 行.
SQL: SELECT `id`,`create_time`,`exchange`,`is_activation` FROM `db_redeem_code` WHERE `b_id` = 6 ORDER BY create_time desc LIMIT 0,15   [ RunTime:0.0103s ]
INFO: [ view_parse ] --START--
INFO: [ template_filter ] --START--
INFO: Run Behavior\ContentReplaceBehavior [ RunTime:0.000180s ]
INFO: [ template_filter ] --END-- [ RunTime:0.000249s ]
NOTIC: [8] Undefined index: cover D:\test\Littlewhale\#Runtime\Cache\Manager\7b43a90c963881ac3a4d346082ea1e68.php 第 150 行.
NOTIC: [8] Undefined index: is_bind D:\test\Littlewhale\#Runtime\Cache\Manager\7b43a90c963881ac3a4d346082ea1e68.php 第 239 行.
NOTIC: [8] Undefined index: type D:\test\Littlewhale\#Runtime\Cache\Manager\7b43a90c963881ac3a4d346082ea1e68.php 第 240 行.
NOTIC: [8] Undefined index: is_use D:\test\Littlewhale\#Runtime\Cache\Manager\7b43a90c963881ac3a4d346082ea1e68.php 第 245 行.
NOTIC: [8] Undefined index: is_bind D:\test\Littlewhale\#Runtime\Cache\Manager\7b43a90c963881ac3a4d346082ea1e68.php 第 239 行.
NOTIC: [8] Undefined index: type D:\test\Littlewhale\#Runtime\Cache\Manager\7b43a90c963881ac3a4d346082ea1e68.php 第 240 行.
NOTIC: [8] Undefined index: is_use D:\test\Littlewhale\#Runtime\Cache\Manager\7b43a90c963881ac3a4d346082ea1e68.php 第 245 行.
NOTIC: [8] Undefined index: is_bind D:\test\Littlewhale\#Runtime\Cache\Manager\7b43a90c963881ac3a4d346082ea1e68.php 第 239 行.
NOTIC: [8] Undefined index: type D:\test\Littlewhale\#Runtime\Cache\Manager\7b43a90c963881ac3a4d346082ea1e68.php 第 240 行.
NOTIC: [8] Undefined index: is_use D:\test\Littlewhale\#Runtime\Cache\Manager\7b43a90c963881ac3a4d346082ea1e68.php 第 245 行.
NOTIC: [8] Undefined index: is_bind D:\test\Littlewhale\#Runtime\Cache\Manager\7b43a90c963881ac3a4d346082ea1e68.php 第 239 行.
NOTIC: [8] Undefined index: type D:\test\Littlewhale\#Runtime\Cache\Manager\7b43a90c963881ac3a4d346082ea1e68.php 第 240 行.
NOTIC: [8] Undefined index: is_use D:\test\Littlewhale\#Runtime\Cache\Manager\7b43a90c963881ac3a4d346082ea1e68.php 第 245 行.
NOTIC: [8] Undefined index: is_bind D:\test\Littlewhale\#Runtime\Cache\Manager\7b43a90c963881ac3a4d346082ea1e68.php 第 239 行.
NOTIC: [8] Undefined index: type D:\test\Littlewhale\#Runtime\Cache\Manager\7b43a90c963881ac3a4d346082ea1e68.php 第 240 行.
NOTIC: [8] Undefined index: is_use D:\test\Littlewhale\#Runtime\Cache\Manager\7b43a90c963881ac3a4d346082ea1e68.php 第 245 行.
NOTIC: [8] Undefined index: is_bind D:\test\Littlewhale\#Runtime\Cache\Manager\7b43a90c963881ac3a4d346082ea1e68.php 第 239 行.
NOTIC: [8] Undefined index: type D:\test\Littlewhale\#Runtime\Cache\Manager\7b43a90c963881ac3a4d346082ea1e68.php 第 240 行.
NOTIC: [8] Undefined index: is_use D:\test\Littlewhale\#Runtime\Cache\Manager\7b43a90c963881ac3a4d346082ea1e68.php 第 245 行.
NOTIC: [8] Undefined index: is_bind D:\test\Littlewhale\#Runtime\Cache\Manager\7b43a90c963881ac3a4d346082ea1e68.php 第 239 行.
NOTIC: [8] Undefined index: type D:\test\Littlewhale\#Runtime\Cache\Manager\7b43a90c963881ac3a4d346082ea1e68.php 第 240 行.
NOTIC: [8] Undefined index: is_use D:\test\Littlewhale\#Runtime\Cache\Manager\7b43a90c963881ac3a4d346082ea1e68.php 第 245 行.
NOTIC: [8] Undefined index: is_bind D:\test\Littlewhale\#Runtime\Cache\Manager\7b43a90c963881ac3a4d346082ea1e68.php 第 239 行.
NOTIC: [8] Undefined index: type D:\test\Littlewhale\#Runtime\Cache\Manager\7b43a90c963881ac3a4d346082ea1e68.php 第 240 行.
NOTIC: [8] Undefined index: is_use D:\test\Littlewhale\#Runtime\Cache\Manager\7b43a90c963881ac3a4d346082ea1e68.php 第 245 行.
NOTIC: [8] Undefined index: is_bind D:\test\Littlewhale\#Runtime\Cache\Manager\7b43a90c963881ac3a4d346082ea1e68.php 第 239 行.
NOTIC: [8] Undefined index: type D:\test\Littlewhale\#Runtime\Cache\Manager\7b43a90c963881ac3a4d346082ea1e68.php 第 240 行.
NOTIC: [8] Undefined index: is_use D:\test\Littlewhale\#Runtime\Cache\Manager\7b43a90c963881ac3a4d346082ea1e68.php 第 245 行.
NOTIC: [8] Undefined index: is_bind D:\test\Littlewhale\#Runtime\Cache\Manager\7b43a90c963881ac3a4d346082ea1e68.php 第 239 行.
NOTIC: [8] Undefined index: type D:\test\Littlewhale\#Runtime\Cache\Manager\7b43a90c963881ac3a4d346082ea1e68.php 第 240 行.
NOTIC: [8] Undefined index: is_use D:\test\Littlewhale\#Runtime\Cache\Manager\7b43a90c963881ac3a4d346082ea1e68.php 第 245 行.
INFO: Run Behavior\ParseTemplateBehavior [ RunTime:0.021366s ]
INFO: [ view_parse ] --END-- [ RunTime:0.021490s ]
INFO: [ view_filter ] --START--
INFO: Run Behavior\WriteHtmlCacheBehavior [ RunTime:0.000580s ]
INFO: [ view_filter ] --END-- [ RunTime:0.000644s ]
INFO: [ app_end ] --START--
INFO: Run Behavior\ShowPageTraceBehavior [ RunTime:0.001084s ]
INFO: [ app_end ] --END-- [ RunTime:0.001165s ]

[ 2019-06-28T03:22:08+08:00 ] 127.0.0.1 /index.php/Manager/Batch/editBatch/id/6/system/0.html
INFO: [ app_init ] --START--
INFO: Run Behavior\BuildLiteBehavior [ RunTime:0.000013s ]
INFO: [ app_init ] --END-- [ RunTime:0.000386s ]
INFO: [ app_begin ] --START--
INFO: Run Behavior\ReadHtmlCacheBehavior [ RunTime:0.000605s ]
INFO: [ app_begin ] --END-- [ RunTime:0.000650s ]
SQL: SHOW COLUMNS FROM `db_admin_behavior` [ RunTime:0.0095s ]
NOTIC: [8] Undefined index: validate D:\test\Littlewhale\ThinkPHP\Library\Think\Model.class.php 第 1185 行.
NOTIC: [8] Undefined index: auto D:\test\Littlewhale\ThinkPHP\Library\Think\Model.class.php 第 1128 行.
SQL: INSERT INTO `db_admin_behavior` (`manager_id`,`username`,`name`,`router`,`url`,`param`,`is_ajax`,`add_time`) VALUES ('1','admin','编辑代金券','Manager/Batch/editBatch','http://littlewhale.com/index.php/Manager/Batch/editBatch/id/6/system/0.html','POST: title=%E7%9C%8B%E9%83%BD%E6%80%95%E6%80%95&start_time=2019-06-28+18%3A10%3A45&end_time=2019-08-31+08%3A00%3A00&price=10.00&id=6
Cookie:PHPSESSID=1usva7dbqs879bgbmmm0ufqef1&ADMUSERNAME=admin','1','1561663328') [ RunTime:0.0094s ]
NOTIC: [2] strpos() expects parameter 1 to be string, array given D:\test\Littlewhale\Vendor\Txunda\Txunda.Param.php 第 97 行.
SQL: SHOW COLUMNS FROM `db_batch` [ RunTime:0.0101s ]
SQL: UPDATE `db_batch` SET `title`='看都怕怕',`price`='10.00',`start_time`='2019',`end_time`='2019',`update_time`='1561663328' WHERE `id` = 6 [ RunTime:0.0186s ]

[ 2019-06-28T03:22:23+08:00 ] 127.0.0.1 /index.php/Manager/Batch/editBatch/id/6/system/0.html
INFO: [ app_init ] --START--
INFO: Run Behavior\BuildLiteBehavior [ RunTime:0.000012s ]
INFO: [ app_init ] --END-- [ RunTime:0.000370s ]
INFO: [ app_begin ] --START--
INFO: Run Behavior\ReadHtmlCacheBehavior [ RunTime:0.000497s ]
INFO: [ app_begin ] --END-- [ RunTime:0.000536s ]
SQL: SHOW COLUMNS FROM `db_admin_behavior` [ RunTime:0.0092s ]
NOTIC: [8] Undefined index: validate D:\test\Littlewhale\ThinkPHP\Library\Think\Model.class.php 第 1185 行.
NOTIC: [8] Undefined index: auto D:\test\Littlewhale\ThinkPHP\Library\Think\Model.class.php 第 1128 行.
SQL: INSERT INTO `db_admin_behavior` (`manager_id`,`username`,`name`,`router`,`url`,`param`,`is_ajax`,`add_time`) VALUES ('1','admin','编辑代金券','Manager/Batch/editBatch','http://littlewhale.com/index.php/Manager/Batch/editBatch/id/6/system/0.html','POST: title=%E7%9C%8B%E9%83%BD%E6%80%95%E6%80%95&start_time=2019-06-28+18%3A10%3A45&end_time=2019-08-31+08%3A00%3A00&price=10.00&id=6
Cookie:PHPSESSID=1usva7dbqs879bgbmmm0ufqef1&ADMUSERNAME=admin','1','1561663343') [ RunTime:0.0084s ]
NOTIC: [2] strpos() expects parameter 1 to be string, array given D:\test\Littlewhale\Vendor\Txunda\Txunda.Param.php 第 97 行.
SQL: SHOW COLUMNS FROM `db_batch` [ RunTime:0.0108s ]
SQL: UPDATE `db_batch` SET `title`='看都怕怕',`price`='10.00',`start_time`='2019',`end_time`='2019',`update_time`='1561663343' WHERE `id` = 6 [ RunTime:0.0172s ]

[ 2019-06-28T03:22:28+08:00 ] 127.0.0.1 /index.php/Manager/Batch/index.html
INFO: [ app_init ] --START--
INFO: Run Behavior\BuildLiteBehavior [ RunTime:0.000017s ]
INFO: [ app_init ] --END-- [ RunTime:0.000652s ]
INFO: [ app_begin ] --START--
INFO: Run Behavior\ReadHtmlCacheBehavior [ RunTime:0.000504s ]
INFO: [ app_begin ] --END-- [ RunTime:0.000547s ]
SQL: SHOW COLUMNS FROM `db_admin_behavior` [ RunTime:0.0101s ]
NOTIC: [8] Undefined index: validate D:\test\Littlewhale\ThinkPHP\Library\Think\Model.class.php 第 1185 行.
NOTIC: [8] Undefined index: auto D:\test\Littlewhale\ThinkPHP\Library\Think\Model.class.php 第 1128 行.
SQL: INSERT INTO `db_admin_behavior` (`manager_id`,`username`,`name`,`router`,`url`,`param`,`is_ajax`,`add_time`) VALUES ('1','admin','代金券表','Manager/Batch/index','http://littlewhale.com/index.php/Manager/Batch/index.html','POST: 
Cookie:PHPSESSID=1usva7dbqs879bgbmmm0ufqef1&ADMUSERNAME=admin','0','1561663348') [ RunTime:0.0078s ]
SQL: SHOW COLUMNS FROM `db_batch` [ RunTime:0.0087s ]
NOTIC: [8] Undefined index: field_filter D:\test\Littlewhale\Application\Common\Service\ModelService.class.php 第 229 行.
NOTIC: [8] Undefined index: fetchSql D:\test\Littlewhale\Application\Common\Service\ModelService.class.php 第 245 行.
SQL: SELECT COUNT(*) AS tp_count FROM `db_batch` ORDER BY create_time desc LIMIT 1   [ RunTime:0.0129s ]
NOTIC: [8] Undefined index: parameter D:\test\Littlewhale\Application\Common\Service\ModelService.class.php 第 67 行.
NOTIC: [8] Undefined index: field_filter D:\test\Littlewhale\Application\Common\Service\ModelService.class.php 第 229 行.
NOTIC: [8] Undefined index: fetchSql D:\test\Littlewhale\Application\Common\Service\ModelService.class.php 第 245 行.
SQL: SELECT * FROM `db_batch` ORDER BY create_time desc LIMIT 0,15   [ RunTime:0.0083s ]
INFO: [ view_parse ] --START--
INFO: [ template_filter ] --START--
INFO: Run Behavior\ContentReplaceBehavior [ RunTime:0.000130s ]
INFO: [ template_filter ] --END-- [ RunTime:0.000174s ]
NOTIC: [8] Undefined index: title D:\test\Littlewhale\#Runtime\Cache\Manager\68be47eeca650c4079e4b2826334b7a6.php 第 139 行.
NOTIC: [8] Undefined index: status D:\test\Littlewhale\#Runtime\Cache\Manager\68be47eeca650c4079e4b2826334b7a6.php 第 145 行.
NOTIC: [8] Undefined index: status D:\test\Littlewhale\#Runtime\Cache\Manager\68be47eeca650c4079e4b2826334b7a6.php 第 148 行.
NOTIC: [8] Undefined index: start_time D:\test\Littlewhale\#Runtime\Cache\Manager\68be47eeca650c4079e4b2826334b7a6.php 第 155 行.
NOTIC: [8] Undefined index: start_time D:\test\Littlewhale\#Runtime\Cache\Manager\68be47eeca650c4079e4b2826334b7a6.php 第 156 行.
NOTIC: [8] Undefined index: end_time D:\test\Littlewhale\#Runtime\Cache\Manager\68be47eeca650c4079e4b2826334b7a6.php 第 161 行.
NOTIC: [8] Undefined index: end_time D:\test\Littlewhale\#Runtime\Cache\Manager\68be47eeca650c4079e4b2826334b7a6.php 第 162 行.
NOTIC: [8] Undefined index: starts_time D:\test\Littlewhale\#Runtime\Cache\Manager\68be47eeca650c4079e4b2826334b7a6.php 第 167 行.
NOTIC: [8] Undefined index: start_time D:\test\Littlewhale\#Runtime\Cache\Manager\68be47eeca650c4079e4b2826334b7a6.php 第 168 行.
NOTIC: [8] Undefined index: ends_time D:\test\Littlewhale\#Runtime\Cache\Manager\68be47eeca650c4079e4b2826334b7a6.php 第 173 行.
NOTIC: [8] Undefined index: end_time D:\test\Littlewhale\#Runtime\Cache\Manager\68be47eeca650c4079e4b2826334b7a6.php 第 174 行.
NOTIC: [8] Undefined index: is_bind D:\test\Littlewhale\#Runtime\Cache\Manager\68be47eeca650c4079e4b2826334b7a6.php 第 225 行.
NOTIC: [8] Undefined index: type D:\test\Littlewhale\#Runtime\Cache\Manager\68be47eeca650c4079e4b2826334b7a6.php 第 226 行.
NOTIC: [8] Undefined index: is_use D:\test\Littlewhale\#Runtime\Cache\Manager\68be47eeca650c4079e4b2826334b7a6.php 第 233 行.
NOTIC: [8] Undefined index: is_bind D:\test\Littlewhale\#Runtime\Cache\Manager\68be47eeca650c4079e4b2826334b7a6.php 第 225 行.
NOTIC: [8] Undefined index: type D:\test\Littlewhale\#Runtime\Cache\Manager\68be47eeca650c4079e4b2826334b7a6.php 第 226 行.
NOTIC: [8] Undefined index: is_use D:\test\Littlewhale\#Runtime\Cache\Manager\68be47eeca650c4079e4b2826334b7a6.php 第 233 行.
NOTIC: [8] Undefined index: is_bind D:\test\Littlewhale\#Runtime\Cache\Manager\68be47eeca650c4079e4b2826334b7a6.php 第 225 行.
NOTIC: [8] Undefined index: type D:\test\Littlewhale\#Runtime\Cache\Manager\68be47eeca650c4079e4b2826334b7a6.php 第 226 行.
NOTIC: [8] Undefined index: is_use D:\test\Littlewhale\#Runtime\Cache\Manager\68be47eeca650c4079e4b2826334b7a6.php 第 233 行.
NOTIC: [8] Undefined index: is_bind D:\test\Littlewhale\#Runtime\Cache\Manager\68be47eeca650c4079e4b2826334b7a6.php 第 225 行.
NOTIC: [8] Undefined index: type D:\test\Littlewhale\#Runtime\Cache\Manager\68be47eeca650c4079e4b2826334b7a6.php 第 226 行.
NOTIC: [8] Undefined index: is_use D:\test\Littlewhale\#Runtime\Cache\Manager\68be47eeca650c4079e4b2826334b7a6.php 第 233 行.
NOTIC: [8] Undefined index: is_bind D:\test\Littlewhale\#Runtime\Cache\Manager\68be47eeca650c4079e4b2826334b7a6.php 第 225 行.
NOTIC: [8] Undefined index: type D:\test\Littlewhale\#Runtime\Cache\Manager\68be47eeca650c4079e4b2826334b7a6.php 第 226 行.
NOTIC: [8] Undefined index: is_use D:\test\Littlewhale\#Runtime\Cache\Manager\68be47eeca650c4079e4b2826334b7a6.php 第 233 行.
NOTIC: [8] Undefined index: is_bind D:\test\Littlewhale\#Runtime\Cache\Manager\68be47eeca650c4079e4b2826334b7a6.php 第 225 行.
NOTIC: [8] Undefined index: type D:\test\Littlewhale\#Runtime\Cache\Manager\68be47eeca650c4079e4b2826334b7a6.php 第 226 行.
NOTIC: [8] Undefined index: is_use D:\test\Littlewhale\#Runtime\Cache\Manager\68be47eeca650c4079e4b2826334b7a6.php 第 233 行.
NOTIC: [8] Undefined index: sort_order D:\test\Littlewhale\#Runtime\Cache\Manager\68be47eeca650c4079e4b2826334b7a6.php 第 260 行.
INFO: Run Behavior\ParseTemplateBehavior [ RunTime:0.012561s ]
INFO: [ view_parse ] --END-- [ RunTime:0.012602s ]
INFO: [ view_filter ] --START--
INFO: Run Behavior\WriteHtmlCacheBehavior [ RunTime:0.000349s ]
INFO: [ view_filter ] --END-- [ RunTime:0.000376s ]
INFO: [ app_end ] --START--
INFO: Run Behavior\ShowPageTraceBehavior [ RunTime:0.000770s ]
INFO: [ app_end ] --END-- [ RunTime:0.000836s ]

[ 2019-06-28T03:23:13+08:00 ] 127.0.0.1 /index.php/Manager/Batch/editBatch/id/6/system/0.html
INFO: [ app_init ] --START--
INFO: Run Behavior\BuildLiteBehavior [ RunTime:0.000013s ]
INFO: [ app_init ] --END-- [ RunTime:0.000518s ]
INFO: [ app_begin ] --START--
INFO: Run Behavior\ReadHtmlCacheBehavior [ RunTime:0.001088s ]
INFO: [ app_begin ] --END-- [ RunTime:0.001155s ]
SQL: SHOW COLUMNS FROM `db_admin_behavior` [ RunTime:0.0078s ]
NOTIC: [8] Undefined index: validate D:\test\Littlewhale\ThinkPHP\Library\Think\Model.class.php 第 1185 行.
NOTIC: [8] Undefined index: auto D:\test\Littlewhale\ThinkPHP\Library\Think\Model.class.php 第 1128 行.
SQL: INSERT INTO `db_admin_behavior` (`manager_id`,`username`,`name`,`router`,`url`,`param`,`is_ajax`,`add_time`) VALUES ('1','admin','编辑代金券','Manager/Batch/editBatch','http://littlewhale.com/index.php/Manager/Batch/editBatch/id/6/system/0.html','POST: 
Cookie:PHPSESSID=1usva7dbqs879bgbmmm0ufqef1&ADMUSERNAME=admin','0','1561663393') [ RunTime:0.0077s ]
SQL: SHOW COLUMNS FROM `db_batch` [ RunTime:0.0102s ]
NOTIC: [8] Undefined index: fetchSql D:\test\Littlewhale\Application\Common\Service\ModelService.class.php 第 245 行.
SQL: SELECT * FROM `db_batch` WHERE `id` = 6 LIMIT 1   [ RunTime:0.0093s ]
SQL: SHOW COLUMNS FROM `db_redeem_code` [ RunTime:0.0082s ]
NOTIC: [8] Undefined index: field_filter D:\test\Littlewhale\Application\Common\Service\ModelService.class.php 第 229 行.
NOTIC: [8] Undefined index: fetchSql D:\test\Littlewhale\Application\Common\Service\ModelService.class.php 第 245 行.
SQL: SELECT COUNT(*) AS tp_count FROM `db_redeem_code` WHERE `b_id` = 6 ORDER BY create_time desc LIMIT 1   [ RunTime:0.0073s ]
NOTIC: [8] Undefined index: parameter D:\test\Littlewhale\Application\Common\Service\ModelService.class.php 第 67 行.
NOTIC: [8] Undefined index: field_filter D:\test\Littlewhale\Application\Common\Service\ModelService.class.php 第 229 行.
NOTIC: [8] Undefined index: fetchSql D:\test\Littlewhale\Application\Common\Service\ModelService.class.php 第 245 行.
SQL: SELECT `id`,`create_time`,`exchange`,`is_activation` FROM `db_redeem_code` WHERE `b_id` = 6 ORDER BY create_time desc LIMIT 0,15   [ RunTime:0.0090s ]
INFO: [ view_parse ] --START--
INFO: [ template_filter ] --START--
INFO: Run Behavior\ContentReplaceBehavior [ RunTime:0.000105s ]
INFO: [ template_filter ] --END-- [ RunTime:0.000143s ]
NOTIC: [8] Undefined index: cover D:\test\Littlewhale\#Runtime\Cache\Manager\7b43a90c963881ac3a4d346082ea1e68.php 第 150 行.
NOTIC: [8] Undefined index: is_bind D:\test\Littlewhale\#Runtime\Cache\Manager\7b43a90c963881ac3a4d346082ea1e68.php 第 239 行.
NOTIC: [8] Undefined index: type D:\test\Littlewhale\#Runtime\Cache\Manager\7b43a90c963881ac3a4d346082ea1e68.php 第 240 行.
NOTIC: [8] Undefined index: is_use D:\test\Littlewhale\#Runtime\Cache\Manager\7b43a90c963881ac3a4d346082ea1e68.php 第 245 行.
NOTIC: [8] Undefined index: is_bind D:\test\Littlewhale\#Runtime\Cache\Manager\7b43a90c963881ac3a4d346082ea1e68.php 第 239 行.
NOTIC: [8] Undefined index: type D:\test\Littlewhale\#Runtime\Cache\Manager\7b43a90c963881ac3a4d346082ea1e68.php 第 240 行.
NOTIC: [8] Undefined index: is_use D:\test\Littlewhale\#Runtime\Cache\Manager\7b43a90c963881ac3a4d346082ea1e68.php 第 245 行.
NOTIC: [8] Undefined index: is_bind D:\test\Littlewhale\#Runtime\Cache\Manager\7b43a90c963881ac3a4d346082ea1e68.php 第 239 行.
NOTIC: [8] Undefined index: type D:\test\Littlewhale\#Runtime\Cache\Manager\7b43a90c963881ac3a4d346082ea1e68.php 第 240 行.
NOTIC: [8] Undefined index: is_use D:\test\Littlewhale\#Runtime\Cache\Manager\7b43a90c963881ac3a4d346082ea1e68.php 第 245 行.
NOTIC: [8] Undefined index: is_bind D:\test\Littlewhale\#Runtime\Cache\Manager\7b43a90c963881ac3a4d346082ea1e68.php 第 239 行.
NOTIC: [8] Undefined index: type D:\test\Littlewhale\#Runtime\Cache\Manager\7b43a90c963881ac3a4d346082ea1e68.php 第 240 行.
NOTIC: [8] Undefined index: is_use D:\test\Littlewhale\#Runtime\Cache\Manager\7b43a90c963881ac3a4d346082ea1e68.php 第 245 行.
NOTIC: [8] Undefined index: is_bind D:\test\Littlewhale\#Runtime\Cache\Manager\7b43a90c963881ac3a4d346082ea1e68.php 第 239 行.
NOTIC: [8] Undefined index: type D:\test\Littlewhale\#Runtime\Cache\Manager\7b43a90c963881ac3a4d346082ea1e68.php 第 240 行.
NOTIC: [8] Undefined index: is_use D:\test\Littlewhale\#Runtime\Cache\Manager\7b43a90c963881ac3a4d346082ea1e68.php 第 245 行.
NOTIC: [8] Undefined index: is_bind D:\test\Littlewhale\#Runtime\Cache\Manager\7b43a90c963881ac3a4d346082ea1e68.php 第 239 行.
NOTIC: [8] Undefined index: type D:\test\Littlewhale\#Runtime\Cache\Manager\7b43a90c963881ac3a4d346082ea1e68.php 第 240 行.
NOTIC: [8] Undefined index: is_use D:\test\Littlewhale\#Runtime\Cache\Manager\7b43a90c963881ac3a4d346082ea1e68.php 第 245 行.
NOTIC: [8] Undefined index: is_bind D:\test\Littlewhale\#Runtime\Cache\Manager\7b43a90c963881ac3a4d346082ea1e68.php 第 239 行.
NOTIC: [8] Undefined index: type D:\test\Littlewhale\#Runtime\Cache\Manager\7b43a90c963881ac3a4d346082ea1e68.php 第 240 行.
NOTIC: [8] Undefined index: is_use D:\test\Littlewhale\#Runtime\Cache\Manager\7b43a90c963881ac3a4d346082ea1e68.php 第 245 行.
NOTIC: [8] Undefined index: is_bind D:\test\Littlewhale\#Runtime\Cache\Manager\7b43a90c963881ac3a4d346082ea1e68.php 第 239 行.
NOTIC: [8] Undefined index: type D:\test\Littlewhale\#Runtime\Cache\Manager\7b43a90c963881ac3a4d346082ea1e68.php 第 240 行.
NOTIC: [8] Undefined index: is_use D:\test\Littlewhale\#Runtime\Cache\Manager\7b43a90c963881ac3a4d346082ea1e68.php 第 245 行.
NOTIC: [8] Undefined index: is_bind D:\test\Littlewhale\#Runtime\Cache\Manager\7b43a90c963881ac3a4d346082ea1e68.php 第 239 行.
NOTIC: [8] Undefined index: type D:\test\Littlewhale\#Runtime\Cache\Manager\7b43a90c963881ac3a4d346082ea1e68.php 第 240 行.
NOTIC: [8] Undefined index: is_use D:\test\Littlewhale\#Runtime\Cache\Manager\7b43a90c963881ac3a4d346082ea1e68.php 第 245 行.
NOTIC: [8] Undefined index: is_bind D:\test\Littlewhale\#Runtime\Cache\Manager\7b43a90c963881ac3a4d346082ea1e68.php 第 239 行.
NOTIC: [8] Undefined index: type D:\test\Littlewhale\#Runtime\Cache\Manager\7b43a90c963881ac3a4d346082ea1e68.php 第 240 行.
NOTIC: [8] Undefined index: is_use D:\test\Littlewhale\#Runtime\Cache\Manager\7b43a90c963881ac3a4d346082ea1e68.php 第 245 行.
INFO: Run Behavior\ParseTemplateBehavior [ RunTime:0.011151s ]
INFO: [ view_parse ] --END-- [ RunTime:0.011209s ]
INFO: [ view_filter ] --START--
INFO: Run Behavior\WriteHtmlCacheBehavior [ RunTime:0.000525s ]
INFO: [ view_filter ] --END-- [ RunTime:0.000555s ]
INFO: [ app_end ] --START--
INFO: Run Behavior\ShowPageTraceBehavior [ RunTime:0.001283s ]
INFO: [ app_end ] --END-- [ RunTime:0.001332s ]

[ 2019-06-28T03:23:34+08:00 ] 127.0.0.1 /index.php/Manager/Batch/editBatch/id/6/system/0.html
INFO: [ app_init ] --START--
INFO: Run Behavior\BuildLiteBehavior [ RunTime:0.000012s ]
INFO: [ app_init ] --END-- [ RunTime:0.000368s ]
INFO: [ app_begin ] --START--
INFO: Run Behavior\ReadHtmlCacheBehavior [ RunTime:0.000500s ]
INFO: [ app_begin ] --END-- [ RunTime:0.000543s ]
SQL: SHOW COLUMNS FROM `db_admin_behavior` [ RunTime:0.0084s ]
NOTIC: [8] Undefined index: validate D:\test\Littlewhale\ThinkPHP\Library\Think\Model.class.php 第 1185 行.
NOTIC: [8] Undefined index: auto D:\test\Littlewhale\ThinkPHP\Library\Think\Model.class.php 第 1128 行.
SQL: INSERT INTO `db_admin_behavior` (`manager_id`,`username`,`name`,`router`,`url`,`param`,`is_ajax`,`add_time`) VALUES ('1','admin','编辑代金券','Manager/Batch/editBatch','http://littlewhale.com/index.php/Manager/Batch/editBatch/id/6/system/0.html','POST: title=%E7%9C%8B%E9%83%BD%E6%80%95%E6%80%95&start_time=2019-06-28+03%3A23%3A19&end_time=2019-08-28+03%3A23%3A23&price=10.00&id=6
Cookie:PHPSESSID=1usva7dbqs879bgbmmm0ufqef1&ADMUSERNAME=admin','1','1561663414') [ RunTime:0.0075s ]
NOTIC: [2] strpos() expects parameter 1 to be string, array given D:\test\Littlewhale\Vendor\Txunda\Txunda.Param.php 第 97 行.
SQL: SHOW COLUMNS FROM `db_batch` [ RunTime:0.0091s ]
SQL: UPDATE `db_batch` SET `title`='看都怕怕',`price`='10.00',`start_time`='2019',`end_time`='2019',`update_time`='1561663414' WHERE `id` = 6 [ RunTime:0.0134s ]

[ 2019-06-28T03:23:37+08:00 ] 127.0.0.1 /index.php/Manager/Batch/index.html
INFO: [ app_init ] --START--
INFO: Run Behavior\BuildLiteBehavior [ RunTime:0.000013s ]
INFO: [ app_init ] --END-- [ RunTime:0.000377s ]
INFO: [ app_begin ] --START--
INFO: Run Behavior\ReadHtmlCacheBehavior [ RunTime:0.000618s ]
INFO: [ app_begin ] --END-- [ RunTime:0.000669s ]
SQL: SHOW COLUMNS FROM `db_admin_behavior` [ RunTime:0.0088s ]
NOTIC: [8] Undefined index: validate D:\test\Littlewhale\ThinkPHP\Library\Think\Model.class.php 第 1185 行.
NOTIC: [8] Undefined index: auto D:\test\Littlewhale\ThinkPHP\Library\Think\Model.class.php 第 1128 行.
SQL: INSERT INTO `db_admin_behavior` (`manager_id`,`username`,`name`,`router`,`url`,`param`,`is_ajax`,`add_time`) VALUES ('1','admin','代金券表','Manager/Batch/index','http://littlewhale.com/index.php/Manager/Batch/index.html','POST: 
Cookie:PHPSESSID=1usva7dbqs879bgbmmm0ufqef1&ADMUSERNAME=admin','0','1561663417') [ RunTime:0.0213s ]
SQL: SHOW COLUMNS FROM `db_batch` [ RunTime:0.0099s ]
NOTIC: [8] Undefined index: field_filter D:\test\Littlewhale\Application\Common\Service\ModelService.class.php 第 229 行.
NOTIC: [8] Undefined index: fetchSql D:\test\Littlewhale\Application\Common\Service\ModelService.class.php 第 245 行.
SQL: SELECT COUNT(*) AS tp_count FROM `db_batch` ORDER BY create_time desc LIMIT 1   [ RunTime:0.0071s ]
NOTIC: [8] Undefined index: parameter D:\test\Littlewhale\Application\Common\Service\ModelService.class.php 第 67 行.
NOTIC: [8] Undefined index: field_filter D:\test\Littlewhale\Application\Common\Service\ModelService.class.php 第 229 行.
NOTIC: [8] Undefined index: fetchSql D:\test\Littlewhale\Application\Common\Service\ModelService.class.php 第 245 行.
SQL: SELECT * FROM `db_batch` ORDER BY create_time desc LIMIT 0,15   [ RunTime:0.0089s ]
INFO: [ view_parse ] --START--
INFO: [ template_filter ] --START--
INFO: Run Behavior\ContentReplaceBehavior [ RunTime:0.000122s ]
INFO: [ template_filter ] --END-- [ RunTime:0.000159s ]
NOTIC: [8] Undefined index: title D:\test\Littlewhale\#Runtime\Cache\Manager\68be47eeca650c4079e4b2826334b7a6.php 第 139 行.
NOTIC: [8] Undefined index: status D:\test\Littlewhale\#Runtime\Cache\Manager\68be47eeca650c4079e4b2826334b7a6.php 第 145 行.
NOTIC: [8] Undefined index: status D:\test\Littlewhale\#Runtime\Cache\Manager\68be47eeca650c4079e4b2826334b7a6.php 第 148 行.
NOTIC: [8] Undefined index: start_time D:\test\Littlewhale\#Runtime\Cache\Manager\68be47eeca650c4079e4b2826334b7a6.php 第 155 行.
NOTIC: [8] Undefined index: start_time D:\test\Littlewhale\#Runtime\Cache\Manager\68be47eeca650c4079e4b2826334b7a6.php 第 156 行.
NOTIC: [8] Undefined index: end_time D:\test\Littlewhale\#Runtime\Cache\Manager\68be47eeca650c4079e4b2826334b7a6.php 第 161 行.
NOTIC: [8] Undefined index: end_time D:\test\Littlewhale\#Runtime\Cache\Manager\68be47eeca650c4079e4b2826334b7a6.php 第 162 行.
NOTIC: [8] Undefined index: starts_time D:\test\Littlewhale\#Runtime\Cache\Manager\68be47eeca650c4079e4b2826334b7a6.php 第 167 行.
NOTIC: [8] Undefined index: start_time D:\test\Littlewhale\#Runtime\Cache\Manager\68be47eeca650c4079e4b2826334b7a6.php 第 168 行.
NOTIC: [8] Undefined index: ends_time D:\test\Littlewhale\#Runtime\Cache\Manager\68be47eeca650c4079e4b2826334b7a6.php 第 173 行.
NOTIC: [8] Undefined index: end_time D:\test\Littlewhale\#Runtime\Cache\Manager\68be47eeca650c4079e4b2826334b7a6.php 第 174 行.
NOTIC: [8] Undefined index: is_bind D:\test\Littlewhale\#Runtime\Cache\Manager\68be47eeca650c4079e4b2826334b7a6.php 第 225 行.
NOTIC: [8] Undefined index: type D:\test\Littlewhale\#Runtime\Cache\Manager\68be47eeca650c4079e4b2826334b7a6.php 第 226 行.
NOTIC: [8] Undefined index: is_use D:\test\Littlewhale\#Runtime\Cache\Manager\68be47eeca650c4079e4b2826334b7a6.php 第 233 行.
NOTIC: [8] Undefined index: is_bind D:\test\Littlewhale\#Runtime\Cache\Manager\68be47eeca650c4079e4b2826334b7a6.php 第 225 行.
NOTIC: [8] Undefined index: type D:\test\Littlewhale\#Runtime\Cache\Manager\68be47eeca650c4079e4b2826334b7a6.php 第 226 行.
NOTIC: [8] Undefined index: is_use D:\test\Littlewhale\#Runtime\Cache\Manager\68be47eeca650c4079e4b2826334b7a6.php 第 233 行.
NOTIC: [8] Undefined index: is_bind D:\test\Littlewhale\#Runtime\Cache\Manager\68be47eeca650c4079e4b2826334b7a6.php 第 225 行.
NOTIC: [8] Undefined index: type D:\test\Littlewhale\#Runtime\Cache\Manager\68be47eeca650c4079e4b2826334b7a6.php 第 226 行.
NOTIC: [8] Undefined index: is_use D:\test\Littlewhale\#Runtime\Cache\Manager\68be47eeca650c4079e4b2826334b7a6.php 第 233 行.
NOTIC: [8] Undefined index: is_bind D:\test\Littlewhale\#Runtime\Cache\Manager\68be47eeca650c4079e4b2826334b7a6.php 第 225 行.
NOTIC: [8] Undefined index: type D:\test\Littlewhale\#Runtime\Cache\Manager\68be47eeca650c4079e4b2826334b7a6.php 第 226 行.
NOTIC: [8] Undefined index: is_use D:\test\Littlewhale\#Runtime\Cache\Manager\68be47eeca650c4079e4b2826334b7a6.php 第 233 行.
NOTIC: [8] Undefined index: is_bind D:\test\Littlewhale\#Runtime\Cache\Manager\68be47eeca650c4079e4b2826334b7a6.php 第 225 行.
NOTIC: [8] Undefined index: type D:\test\Littlewhale\#Runtime\Cache\Manager\68be47eeca650c4079e4b2826334b7a6.php 第 226 行.
NOTIC: [8] Undefined index: is_use D:\test\Littlewhale\#Runtime\Cache\Manager\68be47eeca650c4079e4b2826334b7a6.php 第 233 行.
NOTIC: [8] Undefined index: is_bind D:\test\Littlewhale\#Runtime\Cache\Manager\68be47eeca650c4079e4b2826334b7a6.php 第 225 行.
NOTIC: [8] Undefined index: type D:\test\Littlewhale\#Runtime\Cache\Manager\68be47eeca650c4079e4b2826334b7a6.php 第 226 行.
NOTIC: [8] Undefined index: is_use D:\test\Littlewhale\#Runtime\Cache\Manager\68be47eeca650c4079e4b2826334b7a6.php 第 233 行.
NOTIC: [8] Undefined index: sort_order D:\test\Littlewhale\#Runtime\Cache\Manager\68be47eeca650c4079e4b2826334b7a6.php 第 260 行.
INFO: Run Behavior\ParseTemplateBehavior [ RunTime:0.010873s ]
INFO: [ view_parse ] --END-- [ RunTime:0.010916s ]
INFO: [ view_filter ] --START--
INFO: Run Behavior\WriteHtmlCacheBehavior [ RunTime:0.000374s ]
INFO: [ view_filter ] --END-- [ RunTime:0.000406s ]
INFO: [ app_end ] --START--
INFO: Run Behavior\ShowPageTraceBehavior [ RunTime:0.001265s ]
INFO: [ app_end ] --END-- [ RunTime:0.001337s ]

[ 2019-06-28T03:23:40+08:00 ] 127.0.0.1 /index.php/Manager/Batch/index.html
INFO: [ app_init ] --START--
INFO: Run Behavior\BuildLiteBehavior [ RunTime:0.000014s ]
INFO: [ app_init ] --END-- [ RunTime:0.000388s ]
INFO: [ app_begin ] --START--
INFO: Run Behavior\ReadHtmlCacheBehavior [ RunTime:0.000505s ]
INFO: [ app_begin ] --END-- [ RunTime:0.000547s ]
SQL: SHOW COLUMNS FROM `db_admin_behavior` [ RunTime:0.0101s ]
NOTIC: [8] Undefined index: validate D:\test\Littlewhale\ThinkPHP\Library\Think\Model.class.php 第 1185 行.
NOTIC: [8] Undefined index: auto D:\test\Littlewhale\ThinkPHP\Library\Think\Model.class.php 第 1128 行.
SQL: INSERT INTO `db_admin_behavior` (`manager_id`,`username`,`name`,`router`,`url`,`param`,`is_ajax`,`add_time`) VALUES ('1','admin','代金券表','Manager/Batch/index','http://littlewhale.com/index.php/Manager/Batch/index.html','POST: 
Cookie:PHPSESSID=1usva7dbqs879bgbmmm0ufqef1&ADMUSERNAME=admin','0','1561663420') [ RunTime:0.0078s ]
SQL: SHOW COLUMNS FROM `db_batch` [ RunTime:0.0085s ]
NOTIC: [8] Undefined index: field_filter D:\test\Littlewhale\Application\Common\Service\ModelService.class.php 第 229 行.
NOTIC: [8] Undefined index: fetchSql D:\test\Littlewhale\Application\Common\Service\ModelService.class.php 第 245 行.
SQL: SELECT COUNT(*) AS tp_count FROM `db_batch` ORDER BY create_time desc LIMIT 1   [ RunTime:0.0100s ]
NOTIC: [8] Undefined index: parameter D:\test\Littlewhale\Application\Common\Service\ModelService.class.php 第 67 行.
NOTIC: [8] Undefined index: field_filter D:\test\Littlewhale\Application\Common\Service\ModelService.class.php 第 229 行.
NOTIC: [8] Undefined index: fetchSql D:\test\Littlewhale\Application\Common\Service\ModelService.class.php 第 245 行.
SQL: SELECT * FROM `db_batch` ORDER BY create_time desc LIMIT 0,15   [ RunTime:0.0079s ]
INFO: [ view_parse ] --START--
INFO: [ template_filter ] --START--
INFO: Run Behavior\ContentReplaceBehavior [ RunTime:0.000128s ]
INFO: [ template_filter ] --END-- [ RunTime:0.000174s ]
NOTIC: [8] Undefined index: title D:\test\Littlewhale\#Runtime\Cache\Manager\68be47eeca650c4079e4b2826334b7a6.php 第 139 行.
NOTIC: [8] Undefined index: status D:\test\Littlewhale\#Runtime\Cache\Manager\68be47eeca650c4079e4b2826334b7a6.php 第 145 行.
NOTIC: [8] Undefined index: status D:\test\Littlewhale\#Runtime\Cache\Manager\68be47eeca650c4079e4b2826334b7a6.php 第 148 行.
NOTIC: [8] Undefined index: start_time D:\test\Littlewhale\#Runtime\Cache\Manager\68be47eeca650c4079e4b2826334b7a6.php 第 155 行.
NOTIC: [8] Undefined index: start_time D:\test\Littlewhale\#Runtime\Cache\Manager\68be47eeca650c4079e4b2826334b7a6.php 第 156 行.
NOTIC: [8] Undefined index: end_time D:\test\Littlewhale\#Runtime\Cache\Manager\68be47eeca650c4079e4b2826334b7a6.php 第 161 行.
NOTIC: [8] Undefined index: end_time D:\test\Littlewhale\#Runtime\Cache\Manager\68be47eeca650c4079e4b2826334b7a6.php 第 162 行.
NOTIC: [8] Undefined index: starts_time D:\test\Littlewhale\#Runtime\Cache\Manager\68be47eeca650c4079e4b2826334b7a6.php 第 167 行.
NOTIC: [8] Undefined index: start_time D:\test\Littlewhale\#Runtime\Cache\Manager\68be47eeca650c4079e4b2826334b7a6.php 第 168 行.
NOTIC: [8] Undefined index: ends_time D:\test\Littlewhale\#Runtime\Cache\Manager\68be47eeca650c4079e4b2826334b7a6.php 第 173 行.
NOTIC: [8] Undefined index: end_time D:\test\Littlewhale\#Runtime\Cache\Manager\68be47eeca650c4079e4b2826334b7a6.php 第 174 行.
NOTIC: [8] Undefined index: is_bind D:\test\Littlewhale\#Runtime\Cache\Manager\68be47eeca650c4079e4b2826334b7a6.php 第 225 行.
NOTIC: [8] Undefined index: type D:\test\Littlewhale\#Runtime\Cache\Manager\68be47eeca650c4079e4b2826334b7a6.php 第 226 行.
NOTIC: [8] Undefined index: is_use D:\test\Littlewhale\#Runtime\Cache\Manager\68be47eeca650c4079e4b2826334b7a6.php 第 233 行.
NOTIC: [8] Undefined index: is_bind D:\test\Littlewhale\#Runtime\Cache\Manager\68be47eeca650c4079e4b2826334b7a6.php 第 225 行.
NOTIC: [8] Undefined index: type D:\test\Littlewhale\#Runtime\Cache\Manager\68be47eeca650c4079e4b2826334b7a6.php 第 226 行.
NOTIC: [8] Undefined index: is_use D:\test\Littlewhale\#Runtime\Cache\Manager\68be47eeca650c4079e4b2826334b7a6.php 第 233 行.
NOTIC: [8] Undefined index: is_bind D:\test\Littlewhale\#Runtime\Cache\Manager\68be47eeca650c4079e4b2826334b7a6.php 第 225 行.
NOTIC: [8] Undefined index: type D:\test\Littlewhale\#Runtime\Cache\Manager\68be47eeca650c4079e4b2826334b7a6.php 第 226 行.
NOTIC: [8] Undefined index: is_use D:\test\Littlewhale\#Runtime\Cache\Manager\68be47eeca650c4079e4b2826334b7a6.php 第 233 行.
NOTIC: [8] Undefined index: is_bind D:\test\Littlewhale\#Runtime\Cache\Manager\68be47eeca650c4079e4b2826334b7a6.php 第 225 行.
NOTIC: [8] Undefined index: type D:\test\Littlewhale\#Runtime\Cache\Manager\68be47eeca650c4079e4b2826334b7a6.php 第 226 行.
NOTIC: [8] Undefined index: is_use D:\test\Littlewhale\#Runtime\Cache\Manager\68be47eeca650c4079e4b2826334b7a6.php 第 233 行.
NOTIC: [8] Undefined index: is_bind D:\test\Littlewhale\#Runtime\Cache\Manager\68be47eeca650c4079e4b2826334b7a6.php 第 225 行.
NOTIC: [8] Undefined index: type D:\test\Littlewhale\#Runtime\Cache\Manager\68be47eeca650c4079e4b2826334b7a6.php 第 226 行.
NOTIC: [8] Undefined index: is_use D:\test\Littlewhale\#Runtime\Cache\Manager\68be47eeca650c4079e4b2826334b7a6.php 第 233 行.
NOTIC: [8] Undefined index: is_bind D:\test\Littlewhale\#Runtime\Cache\Manager\68be47eeca650c4079e4b2826334b7a6.php 第 225 行.
NOTIC: [8] Undefined index: type D:\test\Littlewhale\#Runtime\Cache\Manager\68be47eeca650c4079e4b2826334b7a6.php 第 226 行.
NOTIC: [8] Undefined index: is_use D:\test\Littlewhale\#Runtime\Cache\Manager\68be47eeca650c4079e4b2826334b7a6.php 第 233 行.
NOTIC: [8] Undefined index: sort_order D:\test\Littlewhale\#Runtime\Cache\Manager\68be47eeca650c4079e4b2826334b7a6.php 第 260 行.
INFO: Run Behavior\ParseTemplateBehavior [ RunTime:0.011374s ]
INFO: [ view_parse ] --END-- [ RunTime:0.011416s ]
INFO: [ view_filter ] --START--
INFO: Run Behavior\WriteHtmlCacheBehavior [ RunTime:0.000302s ]
INFO: [ view_filter ] --END-- [ RunTime:0.000330s ]
INFO: [ app_end ] --START--
INFO: Run Behavior\ShowPageTraceBehavior [ RunTime:0.000978s ]
INFO: [ app_end ] --END-- [ RunTime:0.001044s ]

[ 2019-06-28T03:23:43+08:00 ] 127.0.0.1 /index.php/Manager/Batch/index.html
INFO: [ app_init ] --START--
INFO: Run Behavior\BuildLiteBehavior [ RunTime:0.000013s ]
INFO: [ app_init ] --END-- [ RunTime:0.000372s ]
INFO: [ app_begin ] --START--
INFO: Run Behavior\ReadHtmlCacheBehavior [ RunTime:0.000573s ]
INFO: [ app_begin ] --END-- [ RunTime:0.000625s ]
SQL: SHOW COLUMNS FROM `db_admin_behavior` [ RunTime:0.0112s ]
NOTIC: [8] Undefined index: validate D:\test\Littlewhale\ThinkPHP\Library\Think\Model.class.php 第 1185 行.
NOTIC: [8] Undefined index: auto D:\test\Littlewhale\ThinkPHP\Library\Think\Model.class.php 第 1128 行.
SQL: INSERT INTO `db_admin_behavior` (`manager_id`,`username`,`name`,`router`,`url`,`param`,`is_ajax`,`add_time`) VALUES ('1','admin','代金券表','Manager/Batch/index','http://littlewhale.com/index.php/Manager/Batch/index.html','POST: 
Cookie:PHPSESSID=1usva7dbqs879bgbmmm0ufqef1&ADMUSERNAME=admin','0','1561663423') [ RunTime:0.0138s ]
SQL: SHOW COLUMNS FROM `db_batch` [ RunTime:0.0106s ]
NOTIC: [8] Undefined index: field_filter D:\test\Littlewhale\Application\Common\Service\ModelService.class.php 第 229 行.
NOTIC: [8] Undefined index: fetchSql D:\test\Littlewhale\Application\Common\Service\ModelService.class.php 第 245 行.
SQL: SELECT COUNT(*) AS tp_count FROM `db_batch` ORDER BY create_time desc LIMIT 1   [ RunTime:0.0081s ]
NOTIC: [8] Undefined index: parameter D:\test\Littlewhale\Application\Common\Service\ModelService.class.php 第 67 行.
NOTIC: [8] Undefined index: field_filter D:\test\Littlewhale\Application\Common\Service\ModelService.class.php 第 229 行.
NOTIC: [8] Undefined index: fetchSql D:\test\Littlewhale\Application\Common\Service\ModelService.class.php 第 245 行.
SQL: SELECT * FROM `db_batch` ORDER BY create_time desc LIMIT 0,15   [ RunTime:0.0192s ]
INFO: [ view_parse ] --START--
INFO: [ template_filter ] --START--
INFO: Run Behavior\ContentReplaceBehavior [ RunTime:0.000125s ]
INFO: [ template_filter ] --END-- [ RunTime:0.000167s ]
NOTIC: [8] Undefined index: title D:\test\Littlewhale\#Runtime\Cache\Manager\68be47eeca650c4079e4b2826334b7a6.php 第 139 行.
NOTIC: [8] Undefined index: status D:\test\Littlewhale\#Runtime\Cache\Manager\68be47eeca650c4079e4b2826334b7a6.php 第 145 行.
NOTIC: [8] Undefined index: status D:\test\Littlewhale\#Runtime\Cache\Manager\68be47eeca650c4079e4b2826334b7a6.php 第 148 行.
NOTIC: [8] Undefined index: start_time D:\test\Littlewhale\#Runtime\Cache\Manager\68be47eeca650c4079e4b2826334b7a6.php 第 155 行.
NOTIC: [8] Undefined index: start_time D:\test\Littlewhale\#Runtime\Cache\Manager\68be47eeca650c4079e4b2826334b7a6.php 第 156 行.
NOTIC: [8] Undefined index: end_time D:\test\Littlewhale\#Runtime\Cache\Manager\68be47eeca650c4079e4b2826334b7a6.php 第 161 行.
NOTIC: [8] Undefined index: end_time D:\test\Littlewhale\#Runtime\Cache\Manager\68be47eeca650c4079e4b2826334b7a6.php 第 162 行.
NOTIC: [8] Undefined index: starts_time D:\test\Littlewhale\#Runtime\Cache\Manager\68be47eeca650c4079e4b2826334b7a6.php 第 167 行.
NOTIC: [8] Undefined index: start_time D:\test\Littlewhale\#Runtime\Cache\Manager\68be47eeca650c4079e4b2826334b7a6.php 第 168 行.
NOTIC: [8] Undefined index: ends_time D:\test\Littlewhale\#Runtime\Cache\Manager\68be47eeca650c4079e4b2826334b7a6.php 第 173 行.
NOTIC: [8] Undefined index: end_time D:\test\Littlewhale\#Runtime\Cache\Manager\68be47eeca650c4079e4b2826334b7a6.php 第 174 行.
NOTIC: [8] Undefined index: is_bind D:\test\Littlewhale\#Runtime\Cache\Manager\68be47eeca650c4079e4b2826334b7a6.php 第 225 行.
NOTIC: [8] Undefined index: type D:\test\Littlewhale\#Runtime\Cache\Manager\68be47eeca650c4079e4b2826334b7a6.php 第 226 行.
NOTIC: [8] Undefined index: is_use D:\test\Littlewhale\#Runtime\Cache\Manager\68be47eeca650c4079e4b2826334b7a6.php 第 233 行.
NOTIC: [8] Undefined index: is_bind D:\test\Littlewhale\#Runtime\Cache\Manager\68be47eeca650c4079e4b2826334b7a6.php 第 225 行.
NOTIC: [8] Undefined index: type D:\test\Littlewhale\#Runtime\Cache\Manager\68be47eeca650c4079e4b2826334b7a6.php 第 226 行.
NOTIC: [8] Undefined index: is_use D:\test\Littlewhale\#Runtime\Cache\Manager\68be47eeca650c4079e4b2826334b7a6.php 第 233 行.
NOTIC: [8] Undefined index: is_bind D:\test\Littlewhale\#Runtime\Cache\Manager\68be47eeca650c4079e4b2826334b7a6.php 第 225 行.
NOTIC: [8] Undefined index: type D:\test\Littlewhale\#Runtime\Cache\Manager\68be47eeca650c4079e4b2826334b7a6.php 第 226 行.
NOTIC: [8] Undefined index: is_use D:\test\Littlewhale\#Runtime\Cache\Manager\68be47eeca650c4079e4b2826334b7a6.php 第 233 行.
NOTIC: [8] Undefined index: is_bind D:\test\Littlewhale\#Runtime\Cache\Manager\68be47eeca650c4079e4b2826334b7a6.php 第 225 行.
NOTIC: [8] Undefined index: type D:\test\Littlewhale\#Runtime\Cache\Manager\68be47eeca650c4079e4b2826334b7a6.php 第 226 行.
NOTIC: [8] Undefined index: is_use D:\test\Littlewhale\#Runtime\Cache\Manager\68be47eeca650c4079e4b2826334b7a6.php 第 233 行.
NOTIC: [8] Undefined index: is_bind D:\test\Littlewhale\#Runtime\Cache\Manager\68be47eeca650c4079e4b2826334b7a6.php 第 225 行.
NOTIC: [8] Undefined index: type D:\test\Littlewhale\#Runtime\Cache\Manager\68be47eeca650c4079e4b2826334b7a6.php 第 226 行.
NOTIC: [8] Undefined index: is_use D:\test\Littlewhale\#Runtime\Cache\Manager\68be47eeca650c4079e4b2826334b7a6.php 第 233 行.
NOTIC: [8] Undefined index: is_bind D:\test\Littlewhale\#Runtime\Cache\Manager\68be47eeca650c4079e4b2826334b7a6.php 第 225 行.
NOTIC: [8] Undefined index: type D:\test\Littlewhale\#Runtime\Cache\Manager\68be47eeca650c4079e4b2826334b7a6.php 第 226 行.
NOTIC: [8] Undefined index: is_use D:\test\Littlewhale\#Runtime\Cache\Manager\68be47eeca650c4079e4b2826334b7a6.php 第 233 行.
NOTIC: [8] Undefined index: sort_order D:\test\Littlewhale\#Runtime\Cache\Manager\68be47eeca650c4079e4b2826334b7a6.php 第 260 行.
INFO: Run Behavior\ParseTemplateBehavior [ RunTime:0.011034s ]
INFO: [ view_parse ] --END-- [ RunTime:0.011074s ]
INFO: [ view_filter ] --START--
INFO: Run Behavior\WriteHtmlCacheBehavior [ RunTime:0.000298s ]
INFO: [ view_filter ] --END-- [ RunTime:0.000326s ]
INFO: [ app_end ] --START--
INFO: Run Behavior\ShowPageTraceBehavior [ RunTime:0.000995s ]
INFO: [ app_end ] --END-- [ RunTime:0.001047s ]

[ 2019-06-28T03:24:30+08:00 ] 127.0.0.1 /index.php/Manager/Batch/editBatch/id/6/system/0.html
INFO: [ app_init ] --START--
INFO: Run Behavior\BuildLiteBehavior [ RunTime:0.000013s ]
INFO: [ app_init ] --END-- [ RunTime:0.000408s ]
INFO: [ app_begin ] --START--
INFO: Run Behavior\ReadHtmlCacheBehavior [ RunTime:0.000509s ]
INFO: [ app_begin ] --END-- [ RunTime:0.000557s ]
SQL: SHOW COLUMNS FROM `db_admin_behavior` [ RunTime:0.0085s ]
NOTIC: [8] Undefined index: validate D:\test\Littlewhale\ThinkPHP\Library\Think\Model.class.php 第 1185 行.
NOTIC: [8] Undefined index: auto D:\test\Littlewhale\ThinkPHP\Library\Think\Model.class.php 第 1128 行.
SQL: INSERT INTO `db_admin_behavior` (`manager_id`,`username`,`name`,`router`,`url`,`param`,`is_ajax`,`add_time`) VALUES ('1','admin','编辑代金券','Manager/Batch/editBatch','http://littlewhale.com/index.php/Manager/Batch/editBatch/id/6/system/0.html','POST: 
Cookie:PHPSESSID=1usva7dbqs879bgbmmm0ufqef1&ADMUSERNAME=admin','0','1561663469') [ RunTime:0.0088s ]
SQL: SHOW COLUMNS FROM `db_batch` [ RunTime:0.0084s ]
NOTIC: [8] Undefined index: fetchSql D:\test\Littlewhale\Application\Common\Service\ModelService.class.php 第 245 行.
SQL: SELECT * FROM `db_batch` WHERE `id` = 6 LIMIT 1   [ RunTime:0.0075s ]
SQL: SHOW COLUMNS FROM `db_redeem_code` [ RunTime:0.0107s ]
NOTIC: [8] Undefined index: field_filter D:\test\Littlewhale\Application\Common\Service\ModelService.class.php 第 229 行.
NOTIC: [8] Undefined index: fetchSql D:\test\Littlewhale\Application\Common\Service\ModelService.class.php 第 245 行.
SQL: SELECT COUNT(*) AS tp_count FROM `db_redeem_code` WHERE `b_id` = 6 ORDER BY create_time desc LIMIT 1   [ RunTime:0.0072s ]
NOTIC: [8] Undefined index: parameter D:\test\Littlewhale\Application\Common\Service\ModelService.class.php 第 67 行.
NOTIC: [8] Undefined index: field_filter D:\test\Littlewhale\Application\Common\Service\ModelService.class.php 第 229 行.
NOTIC: [8] Undefined index: fetchSql D:\test\Littlewhale\Application\Common\Service\ModelService.class.php 第 245 行.
SQL: SELECT `id`,`create_time`,`exchange`,`is_activation` FROM `db_redeem_code` WHERE `b_id` = 6 ORDER BY create_time desc LIMIT 0,15   [ RunTime:0.0089s ]
INFO: [ view_parse ] --START--
INFO: [ template_filter ] --START--
INFO: Run Behavior\ContentReplaceBehavior [ RunTime:0.000110s ]
INFO: [ template_filter ] --END-- [ RunTime:0.000159s ]
NOTIC: [8] Undefined index: cover D:\test\Littlewhale\#Runtime\Cache\Manager\7b43a90c963881ac3a4d346082ea1e68.php 第 150 行.
NOTIC: [8] Undefined index: is_bind D:\test\Littlewhale\#Runtime\Cache\Manager\7b43a90c963881ac3a4d346082ea1e68.php 第 239 行.
NOTIC: [8] Undefined index: type D:\test\Littlewhale\#Runtime\Cache\Manager\7b43a90c963881ac3a4d346082ea1e68.php 第 240 行.
NOTIC: [8] Undefined index: is_use D:\test\Littlewhale\#Runtime\Cache\Manager\7b43a90c963881ac3a4d346082ea1e68.php 第 245 行.
NOTIC: [8] Undefined index: is_bind D:\test\Littlewhale\#Runtime\Cache\Manager\7b43a90c963881ac3a4d346082ea1e68.php 第 239 行.
NOTIC: [8] Undefined index: type D:\test\Littlewhale\#Runtime\Cache\Manager\7b43a90c963881ac3a4d346082ea1e68.php 第 240 行.
NOTIC: [8] Undefined index: is_use D:\test\Littlewhale\#Runtime\Cache\Manager\7b43a90c963881ac3a4d346082ea1e68.php 第 245 行.
NOTIC: [8] Undefined index: is_bind D:\test\Littlewhale\#Runtime\Cache\Manager\7b43a90c963881ac3a4d346082ea1e68.php 第 239 行.
NOTIC: [8] Undefined index: type D:\test\Littlewhale\#Runtime\Cache\Manager\7b43a90c963881ac3a4d346082ea1e68.php 第 240 行.
NOTIC: [8] Undefined index: is_use D:\test\Littlewhale\#Runtime\Cache\Manager\7b43a90c963881ac3a4d346082ea1e68.php 第 245 行.
NOTIC: [8] Undefined index: is_bind D:\test\Littlewhale\#Runtime\Cache\Manager\7b43a90c963881ac3a4d346082ea1e68.php 第 239 行.
NOTIC: [8] Undefined index: type D:\test\Littlewhale\#Runtime\Cache\Manager\7b43a90c963881ac3a4d346082ea1e68.php 第 240 行.
NOTIC: [8] Undefined index: is_use D:\test\Littlewhale\#Runtime\Cache\Manager\7b43a90c963881ac3a4d346082ea1e68.php 第 245 行.
NOTIC: [8] Undefined index: is_bind D:\test\Littlewhale\#Runtime\Cache\Manager\7b43a90c963881ac3a4d346082ea1e68.php 第 239 行.
NOTIC: [8] Undefined index: type D:\test\Littlewhale\#Runtime\Cache\Manager\7b43a90c963881ac3a4d346082ea1e68.php 第 240 行.
NOTIC: [8] Undefined index: is_use D:\test\Littlewhale\#Runtime\Cache\Manager\7b43a90c963881ac3a4d346082ea1e68.php 第 245 行.
NOTIC: [8] Undefined index: is_bind D:\test\Littlewhale\#Runtime\Cache\Manager\7b43a90c963881ac3a4d346082ea1e68.php 第 239 行.
NOTIC: [8] Undefined index: type D:\test\Littlewhale\#Runtime\Cache\Manager\7b43a90c963881ac3a4d346082ea1e68.php 第 240 行.
NOTIC: [8] Undefined index: is_use D:\test\Littlewhale\#Runtime\Cache\Manager\7b43a90c963881ac3a4d346082ea1e68.php 第 245 行.
NOTIC: [8] Undefined index: is_bind D:\test\Littlewhale\#Runtime\Cache\Manager\7b43a90c963881ac3a4d346082ea1e68.php 第 239 行.
NOTIC: [8] Undefined index: type D:\test\Littlewhale\#Runtime\Cache\Manager\7b43a90c963881ac3a4d346082ea1e68.php 第 240 行.
NOTIC: [8] Undefined index: is_use D:\test\Littlewhale\#Runtime\Cache\Manager\7b43a90c963881ac3a4d346082ea1e68.php 第 245 行.
NOTIC: [8] Undefined index: is_bind D:\test\Littlewhale\#Runtime\Cache\Manager\7b43a90c963881ac3a4d346082ea1e68.php 第 239 行.
NOTIC: [8] Undefined index: type D:\test\Littlewhale\#Runtime\Cache\Manager\7b43a90c963881ac3a4d346082ea1e68.php 第 240 行.
NOTIC: [8] Undefined index: is_use D:\test\Littlewhale\#Runtime\Cache\Manager\7b43a90c963881ac3a4d346082ea1e68.php 第 245 行.
NOTIC: [8] Undefined index: is_bind D:\test\Littlewhale\#Runtime\Cache\Manager\7b43a90c963881ac3a4d346082ea1e68.php 第 239 行.
NOTIC: [8] Undefined index: type D:\test\Littlewhale\#Runtime\Cache\Manager\7b43a90c963881ac3a4d346082ea1e68.php 第 240 行.
NOTIC: [8] Undefined index: is_use D:\test\Littlewhale\#Runtime\Cache\Manager\7b43a90c963881ac3a4d346082ea1e68.php 第 245 行.
NOTIC: [8] Undefined index: is_bind D:\test\Littlewhale\#Runtime\Cache\Manager\7b43a90c963881ac3a4d346082ea1e68.php 第 239 行.
NOTIC: [8] Undefined index: type D:\test\Littlewhale\#Runtime\Cache\Manager\7b43a90c963881ac3a4d346082ea1e68.php 第 240 行.
NOTIC: [8] Undefined index: is_use D:\test\Littlewhale\#Runtime\Cache\Manager\7b43a90c963881ac3a4d346082ea1e68.php 第 245 行.
INFO: Run Behavior\ParseTemplateBehavior [ RunTime:0.010996s ]
INFO: [ view_parse ] --END-- [ RunTime:0.011057s ]
INFO: [ view_filter ] --START--
INFO: Run Behavior\WriteHtmlCacheBehavior [ RunTime:0.000306s ]
INFO: [ view_filter ] --END-- [ RunTime:0.000337s ]
INFO: [ app_end ] --START--
INFO: Run Behavior\ShowPageTraceBehavior [ RunTime:0.001519s ]
INFO: [ app_end ] --END-- [ RunTime:0.001616s ]

[ 2019-06-28T03:24:55+08:00 ] 127.0.0.1 /index.php/Manager/Batch/editBatch/id/6/system/0.html
INFO: [ app_init ] --START--
INFO: Run Behavior\BuildLiteBehavior [ RunTime:0.000029s ]
INFO: [ app_init ] --END-- [ RunTime:0.000658s ]
INFO: [ app_begin ] --START--
INFO: Run Behavior\ReadHtmlCacheBehavior [ RunTime:0.000552s ]
INFO: [ app_begin ] --END-- [ RunTime:0.000602s ]
SQL: SHOW COLUMNS FROM `db_admin_behavior` [ RunTime:0.0100s ]
NOTIC: [8] Undefined index: validate D:\test\Littlewhale\ThinkPHP\Library\Think\Model.class.php 第 1185 行.
NOTIC: [8] Undefined index: auto D:\test\Littlewhale\ThinkPHP\Library\Think\Model.class.php 第 1128 行.
SQL: INSERT INTO `db_admin_behavior` (`manager_id`,`username`,`name`,`router`,`url`,`param`,`is_ajax`,`add_time`) VALUES ('1','admin','编辑代金券','Manager/Batch/editBatch','http://littlewhale.com/index.php/Manager/Batch/editBatch/id/6/system/0.html','POST: title=%E7%9C%8B%E9%83%BD%E6%80%95%E6%80%95&start_time=2019-06-28+03%3A24%3A39&end_time=2019-09-28+03%3A24%3A43&price=10.00&id=6
Cookie:PHPSESSID=1usva7dbqs879bgbmmm0ufqef1&ADMUSERNAME=admin','1','1561663495') [ RunTime:0.0094s ]
NOTIC: [2] strpos() expects parameter 1 to be string, array given D:\test\Littlewhale\Vendor\Txunda\Txunda.Param.php 第 97 行.

[ 2019-06-28T03:25:59+08:00 ] 127.0.0.1 /index.php/Manager/Batch/editBatch/id/6/system/0.html
INFO: [ app_init ] --START--
INFO: Run Behavior\BuildLiteBehavior [ RunTime:0.000029s ]
INFO: [ app_init ] --END-- [ RunTime:0.002323s ]
INFO: [ app_begin ] --START--
INFO: Run Behavior\ReadHtmlCacheBehavior [ RunTime:0.000831s ]
INFO: [ app_begin ] --END-- [ RunTime:0.000882s ]
SQL: SHOW COLUMNS FROM `db_admin_behavior` [ RunTime:0.0101s ]
NOTIC: [8] Undefined index: validate D:\test\Littlewhale\ThinkPHP\Library\Think\Model.class.php 第 1185 行.
NOTIC: [8] Undefined index: auto D:\test\Littlewhale\ThinkPHP\Library\Think\Model.class.php 第 1128 行.
SQL: INSERT INTO `db_admin_behavior` (`manager_id`,`username`,`name`,`router`,`url`,`param`,`is_ajax`,`add_time`) VALUES ('1','admin','编辑代金券','Manager/Batch/editBatch','http://littlewhale.com/index.php/Manager/Batch/editBatch/id/6/system/0.html','POST: title=%E7%9C%8B%E9%83%BD%E6%80%95%E6%80%95&start_time=2019-06-28+03%3A24%3A39&end_time=2019-09-28+03%3A24%3A43&price=10.00&id=6
Cookie:PHPSESSID=1usva7dbqs879bgbmmm0ufqef1&ADMUSERNAME=admin','1','1561663559') [ RunTime:0.0093s ]
NOTIC: [2] strpos() expects parameter 1 to be string, array given D:\test\Littlewhale\Vendor\Txunda\Txunda.Param.php 第 97 行.

[ 2019-06-28T03:26:39+08:00 ] 127.0.0.1 /index.php/Manager/Batch/editBatch/id/6/system/0.html
INFO: [ app_init ] --START--
INFO: Run Behavior\BuildLiteBehavior [ RunTime:0.000019s ]
INFO: [ app_init ] --END-- [ RunTime:0.000583s ]
INFO: [ app_begin ] --START--
INFO: Run Behavior\ReadHtmlCacheBehavior [ RunTime:0.001359s ]
INFO: [ app_begin ] --END-- [ RunTime:0.001452s ]
SQL: SHOW COLUMNS FROM `db_admin_behavior` [ RunTime:0.0095s ]
NOTIC: [8] Undefined index: validate D:\test\Littlewhale\ThinkPHP\Library\Think\Model.class.php 第 1185 行.
NOTIC: [8] Undefined index: auto D:\test\Littlewhale\ThinkPHP\Library\Think\Model.class.php 第 1128 行.
SQL: INSERT INTO `db_admin_behavior` (`manager_id`,`username`,`name`,`router`,`url`,`param`,`is_ajax`,`add_time`) VALUES ('1','admin','编辑代金券','Manager/Batch/editBatch','http://littlewhale.com/index.php/Manager/Batch/editBatch/id/6/system/0.html','POST: title=%E7%9C%8B%E9%83%BD%E6%80%95%E6%80%95&start_time=2019-06-28+03%3A24%3A39&end_time=2019-09-28+03%3A24%3A43&price=10.00&id=6
Cookie:PHPSESSID=1usva7dbqs879bgbmmm0ufqef1&ADMUSERNAME=admin','1','1561663599') [ RunTime:0.0127s ]
NOTIC: [2] strpos() expects parameter 1 to be string, array given D:\test\Littlewhale\Vendor\Txunda\Txunda.Param.php 第 97 行.
SQL: SHOW COLUMNS FROM `db_batch` [ RunTime:0.0166s ]
SQL: UPDATE `db_batch` SET `title`='看都怕怕',`price`='10.00',`start_time`='1561663479',`end_time`='1569612283',`update_time`='1561663599' WHERE `id` = 6 [ RunTime:0.0153s ]

[ 2019-06-28T03:26:46+08:00 ] 127.0.0.1 /index.php/Manager/Batch/index.html
INFO: [ app_init ] --START--
INFO: Run Behavior\BuildLiteBehavior [ RunTime:0.000013s ]
INFO: [ app_init ] --END-- [ RunTime:0.000412s ]
INFO: [ app_begin ] --START--
INFO: Run Behavior\ReadHtmlCacheBehavior [ RunTime:0.000577s ]
INFO: [ app_begin ] --END-- [ RunTime:0.000624s ]
SQL: SHOW COLUMNS FROM `db_admin_behavior` [ RunTime:0.0083s ]
NOTIC: [8] Undefined index: validate D:\test\Littlewhale\ThinkPHP\Library\Think\Model.class.php 第 1185 行.
NOTIC: [8] Undefined index: auto D:\test\Littlewhale\ThinkPHP\Library\Think\Model.class.php 第 1128 行.
SQL: INSERT INTO `db_admin_behavior` (`manager_id`,`username`,`name`,`router`,`url`,`param`,`is_ajax`,`add_time`) VALUES ('1','admin','代金券表','Manager/Batch/index','http://littlewhale.com/index.php/Manager/Batch/index.html','POST: 
Cookie:PHPSESSID=1usva7dbqs879bgbmmm0ufqef1&ADMUSERNAME=admin','0','1561663606') [ RunTime:0.0091s ]
SQL: SHOW COLUMNS FROM `db_batch` [ RunTime:0.0082s ]
NOTIC: [8] Undefined index: field_filter D:\test\Littlewhale\Application\Common\Service\ModelService.class.php 第 229 行.
NOTIC: [8] Undefined index: fetchSql D:\test\Littlewhale\Application\Common\Service\ModelService.class.php 第 245 行.
SQL: SELECT COUNT(*) AS tp_count FROM `db_batch` ORDER BY create_time desc LIMIT 1   [ RunTime:0.0096s ]
NOTIC: [8] Undefined index: parameter D:\test\Littlewhale\Application\Common\Service\ModelService.class.php 第 67 行.
NOTIC: [8] Undefined index: field_filter D:\test\Littlewhale\Application\Common\Service\ModelService.class.php 第 229 行.
NOTIC: [8] Undefined index: fetchSql D:\test\Littlewhale\Application\Common\Service\ModelService.class.php 第 245 行.
SQL: SELECT * FROM `db_batch` ORDER BY create_time desc LIMIT 0,15   [ RunTime:0.0080s ]
INFO: [ view_parse ] --START--
INFO: [ template_filter ] --START--
INFO: Run Behavior\ContentReplaceBehavior [ RunTime:0.000120s ]
INFO: [ template_filter ] --END-- [ RunTime:0.000159s ]
NOTIC: [8] Undefined index: title D:\test\Littlewhale\#Runtime\Cache\Manager\68be47eeca650c4079e4b2826334b7a6.php 第 139 行.
NOTIC: [8] Undefined index: status D:\test\Littlewhale\#Runtime\Cache\Manager\68be47eeca650c4079e4b2826334b7a6.php 第 145 行.
NOTIC: [8] Undefined index: status D:\test\Littlewhale\#Runtime\Cache\Manager\68be47eeca650c4079e4b2826334b7a6.php 第 148 行.
NOTIC: [8] Undefined index: start_time D:\test\Littlewhale\#Runtime\Cache\Manager\68be47eeca650c4079e4b2826334b7a6.php 第 155 行.
NOTIC: [8] Undefined index: start_time D:\test\Littlewhale\#Runtime\Cache\Manager\68be47eeca650c4079e4b2826334b7a6.php 第 156 行.
NOTIC: [8] Undefined index: end_time D:\test\Littlewhale\#Runtime\Cache\Manager\68be47eeca650c4079e4b2826334b7a6.php 第 161 行.
NOTIC: [8] Undefined index: end_time D:\test\Littlewhale\#Runtime\Cache\Manager\68be47eeca650c4079e4b2826334b7a6.php 第 162 行.
NOTIC: [8] Undefined index: starts_time D:\test\Littlewhale\#Runtime\Cache\Manager\68be47eeca650c4079e4b2826334b7a6.php 第 167 行.
NOTIC: [8] Undefined index: start_time D:\test\Littlewhale\#Runtime\Cache\Manager\68be47eeca650c4079e4b2826334b7a6.php 第 168 行.
NOTIC: [8] Undefined index: ends_time D:\test\Littlewhale\#Runtime\Cache\Manager\68be47eeca650c4079e4b2826334b7a6.php 第 173 行.
NOTIC: [8] Undefined index: end_time D:\test\Littlewhale\#Runtime\Cache\Manager\68be47eeca650c4079e4b2826334b7a6.php 第 174 行.
NOTIC: [8] Undefined index: is_bind D:\test\Littlewhale\#Runtime\Cache\Manager\68be47eeca650c4079e4b2826334b7a6.php 第 225 行.
NOTIC: [8] Undefined index: type D:\test\Littlewhale\#Runtime\Cache\Manager\68be47eeca650c4079e4b2826334b7a6.php 第 226 行.
NOTIC: [8] Undefined index: is_use D:\test\Littlewhale\#Runtime\Cache\Manager\68be47eeca650c4079e4b2826334b7a6.php 第 233 行.
NOTIC: [8] Undefined index: is_bind D:\test\Littlewhale\#Runtime\Cache\Manager\68be47eeca650c4079e4b2826334b7a6.php 第 225 行.
NOTIC: [8] Undefined index: type D:\test\Littlewhale\#Runtime\Cache\Manager\68be47eeca650c4079e4b2826334b7a6.php 第 226 行.
NOTIC: [8] Undefined index: is_use D:\test\Littlewhale\#Runtime\Cache\Manager\68be47eeca650c4079e4b2826334b7a6.php 第 233 行.
NOTIC: [8] Undefined index: is_bind D:\test\Littlewhale\#Runtime\Cache\Manager\68be47eeca650c4079e4b2826334b7a6.php 第 225 行.
NOTIC: [8] Undefined index: type D:\test\Littlewhale\#Runtime\Cache\Manager\68be47eeca650c4079e4b2826334b7a6.php 第 226 行.
NOTIC: [8] Undefined index: is_use D:\test\Littlewhale\#Runtime\Cache\Manager\68be47eeca650c4079e4b2826334b7a6.php 第 233 行.
NOTIC: [8] Undefined index: is_bind D:\test\Littlewhale\#Runtime\Cache\Manager\68be47eeca650c4079e4b2826334b7a6.php 第 225 行.
NOTIC: [8] Undefined index: type D:\test\Littlewhale\#Runtime\Cache\Manager\68be47eeca650c4079e4b2826334b7a6.php 第 226 行.
NOTIC: [8] Undefined index: is_use D:\test\Littlewhale\#Runtime\Cache\Manager\68be47eeca650c4079e4b2826334b7a6.php 第 233 行.
NOTIC: [8] Undefined index: is_bind D:\test\Littlewhale\#Runtime\Cache\Manager\68be47eeca650c4079e4b2826334b7a6.php 第 225 行.
NOTIC: [8] Undefined index: type D:\test\Littlewhale\#Runtime\Cache\Manager\68be47eeca650c4079e4b2826334b7a6.php 第 226 行.
NOTIC: [8] Undefined index: is_use D:\test\Littlewhale\#Runtime\Cache\Manager\68be47eeca650c4079e4b2826334b7a6.php 第 233 行.
NOTIC: [8] Undefined index: is_bind D:\test\Littlewhale\#Runtime\Cache\Manager\68be47eeca650c4079e4b2826334b7a6.php 第 225 行.
NOTIC: [8] Undefined index: type D:\test\Littlewhale\#Runtime\Cache\Manager\68be47eeca650c4079e4b2826334b7a6.php 第 226 行.
NOTIC: [8] Undefined index: is_use D:\test\Littlewhale\#Runtime\Cache\Manager\68be47eeca650c4079e4b2826334b7a6.php 第 233 行.
NOTIC: [8] Undefined index: sort_order D:\test\Littlewhale\#Runtime\Cache\Manager\68be47eeca650c4079e4b2826334b7a6.php 第 260 行.
INFO: Run Behavior\ParseTemplateBehavior [ RunTime:0.011968s ]
INFO: [ view_parse ] --END-- [ RunTime:0.012009s ]
INFO: [ view_filter ] --START--
INFO: Run Behavior\WriteHtmlCacheBehavior [ RunTime:0.000529s ]
INFO: [ view_filter ] --END-- [ RunTime:0.000559s ]
INFO: [ app_end ] --START--
INFO: Run Behavior\ShowPageTraceBehavior [ RunTime:0.001623s ]
INFO: [ app_end ] --END-- [ RunTime:0.001692s ]

[ 2019-06-28T03:26:49+08:00 ] 127.0.0.1 /index.php/Manager/Batch/editBatch/id/6/system/0.html
INFO: [ app_init ] --START--
INFO: Run Behavior\BuildLiteBehavior [ RunTime:0.000014s ]
INFO: [ app_init ] --END-- [ RunTime:0.000402s ]
INFO: [ app_begin ] --START--
INFO: Run Behavior\ReadHtmlCacheBehavior [ RunTime:0.000508s ]
INFO: [ app_begin ] --END-- [ RunTime:0.000555s ]
SQL: SHOW COLUMNS FROM `db_admin_behavior` [ RunTime:0.0081s ]
NOTIC: [8] Undefined index: validate D:\test\Littlewhale\ThinkPHP\Library\Think\Model.class.php 第 1185 行.
NOTIC: [8] Undefined index: auto D:\test\Littlewhale\ThinkPHP\Library\Think\Model.class.php 第 1128 行.
SQL: INSERT INTO `db_admin_behavior` (`manager_id`,`username`,`name`,`router`,`url`,`param`,`is_ajax`,`add_time`) VALUES ('1','admin','编辑代金券','Manager/Batch/editBatch','http://littlewhale.com/index.php/Manager/Batch/editBatch/id/6/system/0.html','POST: 
Cookie:PHPSESSID=1usva7dbqs879bgbmmm0ufqef1&ADMUSERNAME=admin','0','1561663608') [ RunTime:0.0080s ]
SQL: SHOW COLUMNS FROM `db_batch` [ RunTime:0.0103s ]
NOTIC: [8] Undefined index: fetchSql D:\test\Littlewhale\Application\Common\Service\ModelService.class.php 第 245 行.
SQL: SELECT * FROM `db_batch` WHERE `id` = 6 LIMIT 1   [ RunTime:0.0078s ]
SQL: SHOW COLUMNS FROM `db_redeem_code` [ RunTime:0.0079s ]
NOTIC: [8] Undefined index: field_filter D:\test\Littlewhale\Application\Common\Service\ModelService.class.php 第 229 行.
NOTIC: [8] Undefined index: fetchSql D:\test\Littlewhale\Application\Common\Service\ModelService.class.php 第 245 行.
SQL: SELECT COUNT(*) AS tp_count FROM `db_redeem_code` WHERE `b_id` = 6 ORDER BY create_time desc LIMIT 1   [ RunTime:0.0113s ]
NOTIC: [8] Undefined index: parameter D:\test\Littlewhale\Application\Common\Service\ModelService.class.php 第 67 行.
NOTIC: [8] Undefined index: field_filter D:\test\Littlewhale\Application\Common\Service\ModelService.class.php 第 229 行.
NOTIC: [8] Undefined index: fetchSql D:\test\Littlewhale\Application\Common\Service\ModelService.class.php 第 245 行.
SQL: SELECT `id`,`create_time`,`exchange`,`is_activation` FROM `db_redeem_code` WHERE `b_id` = 6 ORDER BY create_time desc LIMIT 0,15   [ RunTime:0.0083s ]
INFO: [ view_parse ] --START--
INFO: [ template_filter ] --START--
INFO: Run Behavior\ContentReplaceBehavior [ RunTime:0.000148s ]
INFO: [ template_filter ] --END-- [ RunTime:0.000210s ]
NOTIC: [8] Undefined index: cover D:\test\Littlewhale\#Runtime\Cache\Manager\7b43a90c963881ac3a4d346082ea1e68.php 第 150 行.
NOTIC: [8] Undefined index: is_bind D:\test\Littlewhale\#Runtime\Cache\Manager\7b43a90c963881ac3a4d346082ea1e68.php 第 239 行.
NOTIC: [8] Undefined index: type D:\test\Littlewhale\#Runtime\Cache\Manager\7b43a90c963881ac3a4d346082ea1e68.php 第 240 行.
NOTIC: [8] Undefined index: is_use D:\test\Littlewhale\#Runtime\Cache\Manager\7b43a90c963881ac3a4d346082ea1e68.php 第 245 行.
NOTIC: [8] Undefined index: is_bind D:\test\Littlewhale\#Runtime\Cache\Manager\7b43a90c963881ac3a4d346082ea1e68.php 第 239 行.
NOTIC: [8] Undefined index: type D:\test\Littlewhale\#Runtime\Cache\Manager\7b43a90c963881ac3a4d346082ea1e68.php 第 240 行.
NOTIC: [8] Undefined index: is_use D:\test\Littlewhale\#Runtime\Cache\Manager\7b43a90c963881ac3a4d346082ea1e68.php 第 245 行.
NOTIC: [8] Undefined index: is_bind D:\test\Littlewhale\#Runtime\Cache\Manager\7b43a90c963881ac3a4d346082ea1e68.php 第 239 行.
NOTIC: [8] Undefined index: type D:\test\Littlewhale\#Runtime\Cache\Manager\7b43a90c963881ac3a4d346082ea1e68.php 第 240 行.
NOTIC: [8] Undefined index: is_use D:\test\Littlewhale\#Runtime\Cache\Manager\7b43a90c963881ac3a4d346082ea1e68.php 第 245 行.
NOTIC: [8] Undefined index: is_bind D:\test\Littlewhale\#Runtime\Cache\Manager\7b43a90c963881ac3a4d346082ea1e68.php 第 239 行.
NOTIC: [8] Undefined index: type D:\test\Littlewhale\#Runtime\Cache\Manager\7b43a90c963881ac3a4d346082ea1e68.php 第 240 行.
NOTIC: [8] Undefined index: is_use D:\test\Littlewhale\#Runtime\Cache\Manager\7b43a90c963881ac3a4d346082ea1e68.php 第 245 行.
NOTIC: [8] Undefined index: is_bind D:\test\Littlewhale\#Runtime\Cache\Manager\7b43a90c963881ac3a4d346082ea1e68.php 第 239 行.
NOTIC: [8] Undefined index: type D:\test\Littlewhale\#Runtime\Cache\Manager\7b43a90c963881ac3a4d346082ea1e68.php 第 240 行.
NOTIC: [8] Undefined index: is_use D:\test\Littlewhale\#Runtime\Cache\Manager\7b43a90c963881ac3a4d346082ea1e68.php 第 245 行.
NOTIC: [8] Undefined index: is_bind D:\test\Littlewhale\#Runtime\Cache\Manager\7b43a90c963881ac3a4d346082ea1e68.php 第 239 行.
NOTIC: [8] Undefined index: type D:\test\Littlewhale\#Runtime\Cache\Manager\7b43a90c963881ac3a4d346082ea1e68.php 第 240 行.
NOTIC: [8] Undefined index: is_use D:\test\Littlewhale\#Runtime\Cache\Manager\7b43a90c963881ac3a4d346082ea1e68.php 第 245 行.
NOTIC: [8] Undefined index: is_bind D:\test\Littlewhale\#Runtime\Cache\Manager\7b43a90c963881ac3a4d346082ea1e68.php 第 239 行.
NOTIC: [8] Undefined index: type D:\test\Littlewhale\#Runtime\Cache\Manager\7b43a90c963881ac3a4d346082ea1e68.php 第 240 行.
NOTIC: [8] Undefined index: is_use D:\test\Littlewhale\#Runtime\Cache\Manager\7b43a90c963881ac3a4d346082ea1e68.php 第 245 行.
NOTIC: [8] Undefined index: is_bind D:\test\Littlewhale\#Runtime\Cache\Manager\7b43a90c963881ac3a4d346082ea1e68.php 第 239 行.
NOTIC: [8] Undefined index: type D:\test\Littlewhale\#Runtime\Cache\Manager\7b43a90c963881ac3a4d346082ea1e68.php 第 240 行.
NOTIC: [8] Undefined index: is_use D:\test\Littlewhale\#Runtime\Cache\Manager\7b43a90c963881ac3a4d346082ea1e68.php 第 245 行.
NOTIC: [8] Undefined index: is_bind D:\test\Littlewhale\#Runtime\Cache\Manager\7b43a90c963881ac3a4d346082ea1e68.php 第 239 行.
NOTIC: [8] Undefined index: type D:\test\Littlewhale\#Runtime\Cache\Manager\7b43a90c963881ac3a4d346082ea1e68.php 第 240 行.
NOTIC: [8] Undefined index: is_use D:\test\Littlewhale\#Runtime\Cache\Manager\7b43a90c963881ac3a4d346082ea1e68.php 第 245 行.
NOTIC: [8] Undefined index: is_bind D:\test\Littlewhale\#Runtime\Cache\Manager\7b43a90c963881ac3a4d346082ea1e68.php 第 239 行.
NOTIC: [8] Undefined index: type D:\test\Littlewhale\#Runtime\Cache\Manager\7b43a90c963881ac3a4d346082ea1e68.php 第 240 行.
NOTIC: [8] Undefined index: is_use D:\test\Littlewhale\#Runtime\Cache\Manager\7b43a90c963881ac3a4d346082ea1e68.php 第 245 行.
INFO: Run Behavior\ParseTemplateBehavior [ RunTime:0.010668s ]
INFO: [ view_parse ] --END-- [ RunTime:0.010723s ]
INFO: [ view_filter ] --START--
INFO: Run Behavior\WriteHtmlCacheBehavior [ RunTime:0.000297s ]
INFO: [ view_filter ] --END-- [ RunTime:0.000325s ]
INFO: [ app_end ] --START--
INFO: Run Behavior\ShowPageTraceBehavior [ RunTime:0.001174s ]
INFO: [ app_end ] --END-- [ RunTime:0.001244s ]

[ 2019-06-28T03:26:51+08:00 ] 127.0.0.1 /index.php/Manager/Batch/index.html
INFO: [ app_init ] --START--
INFO: Run Behavior\BuildLiteBehavior [ RunTime:0.000013s ]
INFO: [ app_init ] --END-- [ RunTime:0.000377s ]
INFO: [ app_begin ] --START--
INFO: Run Behavior\ReadHtmlCacheBehavior [ RunTime:0.000884s ]
INFO: [ app_begin ] --END-- [ RunTime:0.000961s ]
SQL: SHOW COLUMNS FROM `db_admin_behavior` [ RunTime:0.0089s ]
NOTIC: [8] Undefined index: validate D:\test\Littlewhale\ThinkPHP\Library\Think\Model.class.php 第 1185 行.
NOTIC: [8] Undefined index: auto D:\test\Littlewhale\ThinkPHP\Library\Think\Model.class.php 第 1128 行.
SQL: INSERT INTO `db_admin_behavior` (`manager_id`,`username`,`name`,`router`,`url`,`param`,`is_ajax`,`add_time`) VALUES ('1','admin','代金券表','Manager/Batch/index','http://littlewhale.com/index.php/Manager/Batch/index.html','POST: 
Cookie:PHPSESSID=1usva7dbqs879bgbmmm0ufqef1&ADMUSERNAME=admin','0','1561663610') [ RunTime:0.0081s ]
SQL: SHOW COLUMNS FROM `db_batch` [ RunTime:0.0085s ]
NOTIC: [8] Undefined index: field_filter D:\test\Littlewhale\Application\Common\Service\ModelService.class.php 第 229 行.
NOTIC: [8] Undefined index: fetchSql D:\test\Littlewhale\Application\Common\Service\ModelService.class.php 第 245 行.
SQL: SELECT COUNT(*) AS tp_count FROM `db_batch` ORDER BY create_time desc LIMIT 1   [ RunTime:0.0096s ]
NOTIC: [8] Undefined index: parameter D:\test\Littlewhale\Application\Common\Service\ModelService.class.php 第 67 行.
NOTIC: [8] Undefined index: field_filter D:\test\Littlewhale\Application\Common\Service\ModelService.class.php 第 229 行.
NOTIC: [8] Undefined index: fetchSql D:\test\Littlewhale\Application\Common\Service\ModelService.class.php 第 245 行.
SQL: SELECT * FROM `db_batch` ORDER BY create_time desc LIMIT 0,15   [ RunTime:0.0084s ]
INFO: [ view_parse ] --START--
INFO: [ template_filter ] --START--
INFO: Run Behavior\ContentReplaceBehavior [ RunTime:0.000120s ]
INFO: [ template_filter ] --END-- [ RunTime:0.000163s ]
NOTIC: [8] Undefined index: title D:\test\Littlewhale\#Runtime\Cache\Manager\68be47eeca650c4079e4b2826334b7a6.php 第 139 行.
NOTIC: [8] Undefined index: status D:\test\Littlewhale\#Runtime\Cache\Manager\68be47eeca650c4079e4b2826334b7a6.php 第 145 行.
NOTIC: [8] Undefined index: status D:\test\Littlewhale\#Runtime\Cache\Manager\68be47eeca650c4079e4b2826334b7a6.php 第 148 行.
NOTIC: [8] Undefined index: start_time D:\test\Littlewhale\#Runtime\Cache\Manager\68be47eeca650c4079e4b2826334b7a6.php 第 155 行.
NOTIC: [8] Undefined index: start_time D:\test\Littlewhale\#Runtime\Cache\Manager\68be47eeca650c4079e4b2826334b7a6.php 第 156 行.
NOTIC: [8] Undefined index: end_time D:\test\Littlewhale\#Runtime\Cache\Manager\68be47eeca650c4079e4b2826334b7a6.php 第 161 行.
NOTIC: [8] Undefined index: end_time D:\test\Littlewhale\#Runtime\Cache\Manager\68be47eeca650c4079e4b2826334b7a6.php 第 162 行.
NOTIC: [8] Undefined index: starts_time D:\test\Littlewhale\#Runtime\Cache\Manager\68be47eeca650c4079e4b2826334b7a6.php 第 167 行.
NOTIC: [8] Undefined index: start_time D:\test\Littlewhale\#Runtime\Cache\Manager\68be47eeca650c4079e4b2826334b7a6.php 第 168 行.
NOTIC: [8] Undefined index: ends_time D:\test\Littlewhale\#Runtime\Cache\Manager\68be47eeca650c4079e4b2826334b7a6.php 第 173 行.
NOTIC: [8] Undefined index: end_time D:\test\Littlewhale\#Runtime\Cache\Manager\68be47eeca650c4079e4b2826334b7a6.php 第 174 行.
NOTIC: [8] Undefined index: is_bind D:\test\Littlewhale\#Runtime\Cache\Manager\68be47eeca650c4079e4b2826334b7a6.php 第 225 行.
NOTIC: [8] Undefined index: type D:\test\Littlewhale\#Runtime\Cache\Manager\68be47eeca650c4079e4b2826334b7a6.php 第 226 行.
NOTIC: [8] Undefined index: is_use D:\test\Littlewhale\#Runtime\Cache\Manager\68be47eeca650c4079e4b2826334b7a6.php 第 233 行.
NOTIC: [8] Undefined index: is_bind D:\test\Littlewhale\#Runtime\Cache\Manager\68be47eeca650c4079e4b2826334b7a6.php 第 225 行.
NOTIC: [8] Undefined index: type D:\test\Littlewhale\#Runtime\Cache\Manager\68be47eeca650c4079e4b2826334b7a6.php 第 226 行.
NOTIC: [8] Undefined index: is_use D:\test\Littlewhale\#Runtime\Cache\Manager\68be47eeca650c4079e4b2826334b7a6.php 第 233 行.
NOTIC: [8] Undefined index: is_bind D:\test\Littlewhale\#Runtime\Cache\Manager\68be47eeca650c4079e4b2826334b7a6.php 第 225 行.
NOTIC: [8] Undefined index: type D:\test\Littlewhale\#Runtime\Cache\Manager\68be47eeca650c4079e4b2826334b7a6.php 第 226 行.
NOTIC: [8] Undefined index: is_use D:\test\Littlewhale\#Runtime\Cache\Manager\68be47eeca650c4079e4b2826334b7a6.php 第 233 行.
NOTIC: [8] Undefined index: is_bind D:\test\Littlewhale\#Runtime\Cache\Manager\68be47eeca650c4079e4b2826334b7a6.php 第 225 行.
NOTIC: [8] Undefined index: type D:\test\Littlewhale\#Runtime\Cache\Manager\68be47eeca650c4079e4b2826334b7a6.php 第 226 行.
NOTIC: [8] Undefined index: is_use D:\test\Littlewhale\#Runtime\Cache\Manager\68be47eeca650c4079e4b2826334b7a6.php 第 233 行.
NOTIC: [8] Undefined index: is_bind D:\test\Littlewhale\#Runtime\Cache\Manager\68be47eeca650c4079e4b2826334b7a6.php 第 225 行.
NOTIC: [8] Undefined index: type D:\test\Littlewhale\#Runtime\Cache\Manager\68be47eeca650c4079e4b2826334b7a6.php 第 226 行.
NOTIC: [8] Undefined index: is_use D:\test\Littlewhale\#Runtime\Cache\Manager\68be47eeca650c4079e4b2826334b7a6.php 第 233 行.
NOTIC: [8] Undefined index: is_bind D:\test\Littlewhale\#Runtime\Cache\Manager\68be47eeca650c4079e4b2826334b7a6.php 第 225 行.
NOTIC: [8] Undefined index: type D:\test\Littlewhale\#Runtime\Cache\Manager\68be47eeca650c4079e4b2826334b7a6.php 第 226 行.
NOTIC: [8] Undefined index: is_use D:\test\Littlewhale\#Runtime\Cache\Manager\68be47eeca650c4079e4b2826334b7a6.php 第 233 行.
NOTIC: [8] Undefined index: sort_order D:\test\Littlewhale\#Runtime\Cache\Manager\68be47eeca650c4079e4b2826334b7a6.php 第 260 行.
INFO: Run Behavior\ParseTemplateBehavior [ RunTime:0.011532s ]
INFO: [ view_parse ] --END-- [ RunTime:0.011574s ]
INFO: [ view_filter ] --START--
INFO: Run Behavior\WriteHtmlCacheBehavior [ RunTime:0.000295s ]
INFO: [ view_filter ] --END-- [ RunTime:0.000323s ]
INFO: [ app_end ] --START--
INFO: Run Behavior\ShowPageTraceBehavior [ RunTime:0.000969s ]
INFO: [ app_end ] --END-- [ RunTime:0.001045s ]

[ 2019-06-28T03:27:00+08:00 ] 127.0.0.1 /index.php/Manager/Batch/editBatch/id/6/system/0.html
INFO: [ app_init ] --START--
INFO: Run Behavior\BuildLiteBehavior [ RunTime:0.000013s ]
INFO: [ app_init ] --END-- [ RunTime:0.000402s ]
INFO: [ app_begin ] --START--
INFO: Run Behavior\ReadHtmlCacheBehavior [ RunTime:0.000897s ]
INFO: [ app_begin ] --END-- [ RunTime:0.001003s ]
SQL: SHOW COLUMNS FROM `db_admin_behavior` [ RunTime:0.0138s ]
NOTIC: [8] Undefined index: validate D:\test\Littlewhale\ThinkPHP\Library\Think\Model.class.php 第 1185 行.
NOTIC: [8] Undefined index: auto D:\test\Littlewhale\ThinkPHP\Library\Think\Model.class.php 第 1128 行.
SQL: INSERT INTO `db_admin_behavior` (`manager_id`,`username`,`name`,`router`,`url`,`param`,`is_ajax`,`add_time`) VALUES ('1','admin','编辑代金券','Manager/Batch/editBatch','http://littlewhale.com/index.php/Manager/Batch/editBatch/id/6/system/0.html','POST: 
Cookie:PHPSESSID=1usva7dbqs879bgbmmm0ufqef1&ADMUSERNAME=admin','0','1561663620') [ RunTime:0.0085s ]
SQL: SHOW COLUMNS FROM `db_batch` [ RunTime:0.0117s ]
NOTIC: [8] Undefined index: fetchSql D:\test\Littlewhale\Application\Common\Service\ModelService.class.php 第 245 行.
SQL: SELECT * FROM `db_batch` WHERE `id` = 6 LIMIT 1   [ RunTime:0.0111s ]
SQL: SHOW COLUMNS FROM `db_redeem_code` [ RunTime:0.0110s ]
NOTIC: [8] Undefined index: field_filter D:\test\Littlewhale\Application\Common\Service\ModelService.class.php 第 229 行.
NOTIC: [8] Undefined index: fetchSql D:\test\Littlewhale\Application\Common\Service\ModelService.class.php 第 245 行.
SQL: SELECT COUNT(*) AS tp_count FROM `db_redeem_code` WHERE `b_id` = 6 ORDER BY create_time desc LIMIT 1   [ RunTime:0.0081s ]
NOTIC: [8] Undefined index: parameter D:\test\Littlewhale\Application\Common\Service\ModelService.class.php 第 67 行.
NOTIC: [8] Undefined index: field_filter D:\test\Littlewhale\Application\Common\Service\ModelService.class.php 第 229 行.
NOTIC: [8] Undefined index: fetchSql D:\test\Littlewhale\Application\Common\Service\ModelService.class.php 第 245 行.
SQL: SELECT `id`,`create_time`,`exchange`,`is_activation` FROM `db_redeem_code` WHERE `b_id` = 6 ORDER BY create_time desc LIMIT 0,15   [ RunTime:0.0085s ]
INFO: [ view_parse ] --START--
INFO: [ template_filter ] --START--
INFO: Run Behavior\ContentReplaceBehavior [ RunTime:0.000106s ]
INFO: [ template_filter ] --END-- [ RunTime:0.000148s ]
NOTIC: [8] Undefined index: cover D:\test\Littlewhale\#Runtime\Cache\Manager\7b43a90c963881ac3a4d346082ea1e68.php 第 150 行.
NOTIC: [8] Undefined index: is_bind D:\test\Littlewhale\#Runtime\Cache\Manager\7b43a90c963881ac3a4d346082ea1e68.php 第 239 行.
NOTIC: [8] Undefined index: type D:\test\Littlewhale\#Runtime\Cache\Manager\7b43a90c963881ac3a4d346082ea1e68.php 第 240 行.
NOTIC: [8] Undefined index: is_use D:\test\Littlewhale\#Runtime\Cache\Manager\7b43a90c963881ac3a4d346082ea1e68.php 第 245 行.
NOTIC: [8] Undefined index: is_bind D:\test\Littlewhale\#Runtime\Cache\Manager\7b43a90c963881ac3a4d346082ea1e68.php 第 239 行.
NOTIC: [8] Undefined index: type D:\test\Littlewhale\#Runtime\Cache\Manager\7b43a90c963881ac3a4d346082ea1e68.php 第 240 行.
NOTIC: [8] Undefined index: is_use D:\test\Littlewhale\#Runtime\Cache\Manager\7b43a90c963881ac3a4d346082ea1e68.php 第 245 行.
NOTIC: [8] Undefined index: is_bind D:\test\Littlewhale\#Runtime\Cache\Manager\7b43a90c963881ac3a4d346082ea1e68.php 第 239 行.
NOTIC: [8] Undefined index: type D:\test\Littlewhale\#Runtime\Cache\Manager\7b43a90c963881ac3a4d346082ea1e68.php 第 240 行.
NOTIC: [8] Undefined index: is_use D:\test\Littlewhale\#Runtime\Cache\Manager\7b43a90c963881ac3a4d346082ea1e68.php 第 245 行.
NOTIC: [8] Undefined index: is_bind D:\test\Littlewhale\#Runtime\Cache\Manager\7b43a90c963881ac3a4d346082ea1e68.php 第 239 行.
NOTIC: [8] Undefined index: type D:\test\Littlewhale\#Runtime\Cache\Manager\7b43a90c963881ac3a4d346082ea1e68.php 第 240 行.
NOTIC: [8] Undefined index: is_use D:\test\Littlewhale\#Runtime\Cache\Manager\7b43a90c963881ac3a4d346082ea1e68.php 第 245 行.
NOTIC: [8] Undefined index: is_bind D:\test\Littlewhale\#Runtime\Cache\Manager\7b43a90c963881ac3a4d346082ea1e68.php 第 239 行.
NOTIC: [8] Undefined index: type D:\test\Littlewhale\#Runtime\Cache\Manager\7b43a90c963881ac3a4d346082ea1e68.php 第 240 行.
NOTIC: [8] Undefined index: is_use D:\test\Littlewhale\#Runtime\Cache\Manager\7b43a90c963881ac3a4d346082ea1e68.php 第 245 行.
NOTIC: [8] Undefined index: is_bind D:\test\Littlewhale\#Runtime\Cache\Manager\7b43a90c963881ac3a4d346082ea1e68.php 第 239 行.
NOTIC: [8] Undefined index: type D:\test\Littlewhale\#Runtime\Cache\Manager\7b43a90c963881ac3a4d346082ea1e68.php 第 240 行.
NOTIC: [8] Undefined index: is_use D:\test\Littlewhale\#Runtime\Cache\Manager\7b43a90c963881ac3a4d346082ea1e68.php 第 245 行.
NOTIC: [8] Undefined index: is_bind D:\test\Littlewhale\#Runtime\Cache\Manager\7b43a90c963881ac3a4d346082ea1e68.php 第 239 行.
NOTIC: [8] Undefined index: type D:\test\Littlewhale\#Runtime\Cache\Manager\7b43a90c963881ac3a4d346082ea1e68.php 第 240 行.
NOTIC: [8] Undefined index: is_use D:\test\Littlewhale\#Runtime\Cache\Manager\7b43a90c963881ac3a4d346082ea1e68.php 第 245 行.
NOTIC: [8] Undefined index: is_bind D:\test\Littlewhale\#Runtime\Cache\Manager\7b43a90c963881ac3a4d346082ea1e68.php 第 239 行.
NOTIC: [8] Undefined index: type D:\test\Littlewhale\#Runtime\Cache\Manager\7b43a90c963881ac3a4d346082ea1e68.php 第 240 行.
NOTIC: [8] Undefined index: is_use D:\test\Littlewhale\#Runtime\Cache\Manager\7b43a90c963881ac3a4d346082ea1e68.php 第 245 行.
NOTIC: [8] Undefined index: is_bind D:\test\Littlewhale\#Runtime\Cache\Manager\7b43a90c963881ac3a4d346082ea1e68.php 第 239 行.
NOTIC: [8] Undefined index: type D:\test\Littlewhale\#Runtime\Cache\Manager\7b43a90c963881ac3a4d346082ea1e68.php 第 240 行.
NOTIC: [8] Undefined index: is_use D:\test\Littlewhale\#Runtime\Cache\Manager\7b43a90c963881ac3a4d346082ea1e68.php 第 245 行.
NOTIC: [8] Undefined index: is_bind D:\test\Littlewhale\#Runtime\Cache\Manager\7b43a90c963881ac3a4d346082ea1e68.php 第 239 行.
NOTIC: [8] Undefined index: type D:\test\Littlewhale\#Runtime\Cache\Manager\7b43a90c963881ac3a4d346082ea1e68.php 第 240 行.
NOTIC: [8] Undefined index: is_use D:\test\Littlewhale\#Runtime\Cache\Manager\7b43a90c963881ac3a4d346082ea1e68.php 第 245 行.
INFO: Run Behavior\ParseTemplateBehavior [ RunTime:0.010616s ]
INFO: [ view_parse ] --END-- [ RunTime:0.010683s ]
INFO: [ view_filter ] --START--
INFO: Run Behavior\WriteHtmlCacheBehavior [ RunTime:0.000303s ]
INFO: [ view_filter ] --END-- [ RunTime:0.000332s ]
INFO: [ app_end ] --START--
INFO: Run Behavior\ShowPageTraceBehavior [ RunTime:0.001869s ]
INFO: [ app_end ] --END-- [ RunTime:0.001955s ]

