[ 2019-01-02T10:53:02+08:00 ] 127.0.0.1 /manager
INFO: [ app_init ] --START--
INFO: Run Behavior\BuildLiteBehavior [ RunTime:0.000000s ]
INFO: [ app_init ] --END-- [ RunTime:0.001000s ]
INFO: [ app_begin ] --START--
INFO: Run Behavior\ReadHtmlCacheBehavior [ RunTime:0.001000s ]
INFO: [ app_begin ] --END-- [ RunTime:0.001000s ]

[ 2019-01-02T10:53:02+08:00 ] 127.0.0.1 /index.php/Manager/Admin/login.html
INFO: [ app_init ] --START--
INFO: Run Behavior\BuildLiteBehavior [ RunTime:0.000000s ]
INFO: [ app_init ] --END-- [ RunTime:0.000000s ]
INFO: [ app_begin ] --START--
INFO: Run Behavior\ReadHtmlCacheBehavior [ RunTime:0.001000s ]
INFO: [ app_begin ] --END-- [ RunTime:0.001000s ]
INFO: [ view_parse ] --START--
INFO: [ template_filter ] --START--
INFO: Run Behavior\ContentReplaceBehavior [ RunTime:0.001000s ]
INFO: [ template_filter ] --END-- [ RunTime:0.001000s ]
INFO: Run Behavior\ParseTemplateBehavior [ RunTime:0.024001s ]
INFO: [ view_parse ] --END-- [ RunTime:0.024001s ]
INFO: [ view_filter ] --START--
INFO: Run Behavior\WriteHtmlCacheBehavior [ RunTime:0.004000s ]
INFO: [ view_filter ] --END-- [ RunTime:0.005000s ]
INFO: [ app_end ] --START--
INFO: Run Behavior\ShowPageTraceBehavior [ RunTime:0.001000s ]
INFO: [ app_end ] --END-- [ RunTime:0.001000s ]

[ 2019-01-02T10:53:02+08:00 ] 127.0.0.1 /index.php/Manager/Index/verifyImage.html
INFO: [ app_init ] --START--
INFO: Run Behavior\BuildLiteBehavior [ RunTime:0.000000s ]
INFO: [ app_init ] --END-- [ RunTime:0.000000s ]
INFO: [ app_begin ] --START--
INFO: Run Behavior\ReadHtmlCacheBehavior [ RunTime:0.001000s ]
INFO: [ app_begin ] --END-- [ RunTime:0.001000s ]
INFO: [ app_end ] --START--
INFO: Run Behavior\ShowPageTraceBehavior [ RunTime:0.001000s ]
INFO: [ app_end ] --END-- [ RunTime:0.001000s ]

[ 2019-01-02T10:53:08+08:00 ] 127.0.0.1 /index.php/Manager/Admin/login.html
INFO: [ app_init ] --START--
INFO: Run Behavior\BuildLiteBehavior [ RunTime:0.000000s ]
INFO: [ app_init ] --END-- [ RunTime:0.000000s ]
INFO: [ app_begin ] --START--
INFO: Run Behavior\ReadHtmlCacheBehavior [ RunTime:0.000000s ]
INFO: [ app_begin ] --END-- [ RunTime:0.000000s ]
NOTIC: [2] strpos() expects parameter 1 to be string, array given G:\Littlewhale\Vendor\Txunda\Txunda.Param.php 第 97 行.
SQL: SHOW COLUMNS FROM `db_admin` [ RunTime:0.0100s ]
NOTIC: [8] Undefined index: field_filter G:\Littlewhale\Application\Common\Service\ModelService.class.php 第 229 行.
NOTIC: [8] Undefined index: fetchSql G:\Littlewhale\Application\Common\Service\ModelService.class.php 第 245 行.
SQL: SELECT `id`,`group_id`,`username`,`password`,`salt`,`status` FROM `db_admin` WHERE `username` = 'admin' LIMIT 1   [ RunTime:0.0330s ]
SQL: SHOW COLUMNS FROM `db_admin_group` [ RunTime:0.0090s ]
SQL: SHOW COLUMNS FROM `db_admin_menu` [ RunTime:0.0090s ]
NOTIC: [8] Undefined index: field_filter G:\Littlewhale\Application\Common\Service\ModelService.class.php 第 229 行.
NOTIC: [8] Undefined index: fetchSql G:\Littlewhale\Application\Common\Service\ModelService.class.php 第 245 行.
SQL: SELECT `id`,`p_id`,`name`,`router`,`type`,`icon`,`system`,`sort`,`status` FROM `db_admin_menu` WHERE `status` <> 9 ORDER BY sort ASC, id ASC  [ RunTime:0.0110s ]

[ 2019-01-02T10:53:09+08:00 ] 127.0.0.1 /index.php/Manager/Index/index.html
INFO: [ app_init ] --START--
INFO: Run Behavior\BuildLiteBehavior [ RunTime:0.000000s ]
INFO: [ app_init ] --END-- [ RunTime:0.001001s ]
INFO: [ app_begin ] --START--
INFO: Run Behavior\ReadHtmlCacheBehavior [ RunTime:0.000000s ]
INFO: [ app_begin ] --END-- [ RunTime:0.000000s ]
SQL: SHOW COLUMNS FROM `db_file` [ RunTime:0.0080s ]
SQL: SELECT `path` FROM `db_file` WHERE `id` = 218 LIMIT 1   [ RunTime:0.0080s ]
INFO: [ view_parse ] --START--
INFO: [ template_filter ] --START--
INFO: Run Behavior\ContentReplaceBehavior [ RunTime:0.000000s ]
INFO: [ template_filter ] --END-- [ RunTime:0.000000s ]
INFO: Run Behavior\ParseTemplateBehavior [ RunTime:0.051003s ]
INFO: [ view_parse ] --END-- [ RunTime:0.051003s ]
INFO: [ view_filter ] --START--
INFO: Run Behavior\WriteHtmlCacheBehavior [ RunTime:0.000000s ]
INFO: [ view_filter ] --END-- [ RunTime:0.000000s ]
INFO: [ app_end ] --START--
INFO: Run Behavior\ShowPageTraceBehavior [ RunTime:0.001000s ]
INFO: [ app_end ] --END-- [ RunTime:0.001000s ]

[ 2019-01-02T10:53:09+08:00 ] 127.0.0.1 /index.php/Manager/Index/welcome.html
INFO: [ app_init ] --START--
INFO: Run Behavior\BuildLiteBehavior [ RunTime:0.000000s ]
INFO: [ app_init ] --END-- [ RunTime:0.001000s ]
INFO: [ app_begin ] --START--
INFO: Run Behavior\ReadHtmlCacheBehavior [ RunTime:0.000000s ]
INFO: [ app_begin ] --END-- [ RunTime:0.001000s ]
INFO: [ view_parse ] --START--
INFO: [ template_filter ] --START--
INFO: Run Behavior\ContentReplaceBehavior [ RunTime:0.001000s ]
INFO: [ template_filter ] --END-- [ RunTime:0.001000s ]
INFO: Run Behavior\ParseTemplateBehavior [ RunTime:0.031002s ]
INFO: [ view_parse ] --END-- [ RunTime:0.032002s ]
INFO: [ view_filter ] --START--
INFO: Run Behavior\WriteHtmlCacheBehavior [ RunTime:0.001000s ]
INFO: [ view_filter ] --END-- [ RunTime:0.001000s ]
INFO: [ app_end ] --START--
INFO: Run Behavior\ShowPageTraceBehavior [ RunTime:0.000000s ]
INFO: [ app_end ] --END-- [ RunTime:0.002000s ]

[ 2019-01-02T10:53:12+08:00 ] 127.0.0.1 /index.php/Manager/Member/index.html
INFO: [ app_init ] --START--
INFO: Run Behavior\BuildLiteBehavior [ RunTime:0.001000s ]
INFO: [ app_init ] --END-- [ RunTime:0.001000s ]
INFO: [ app_begin ] --START--
INFO: Run Behavior\ReadHtmlCacheBehavior [ RunTime:0.001000s ]
INFO: [ app_begin ] --END-- [ RunTime:0.002001s ]
SQL: SHOW COLUMNS FROM `db_admin_behavior` [ RunTime:0.0090s ]
NOTIC: [8] Undefined index: validate G:\Littlewhale\ThinkPHP\Library\Think\Model.class.php 第 1185 行.
NOTIC: [8] Undefined index: auto G:\Littlewhale\ThinkPHP\Library\Think\Model.class.php 第 1128 行.
SQL: INSERT INTO `db_admin_behavior` (`manager_id`,`username`,`name`,`router`,`url`,`param`,`is_ajax`,`add_time`) VALUES ('1','admin','用户列表','Manager/Member/index','http://www.xjxc.com/index.php/Manager/Member/index.html','POST: 
Cookie:PHPSESSID=glnje530qap55vnbbtjda8eef1&ADMUSERNAME=admin','0','1546397591') [ RunTime:0.0730s ]
SQL: SHOW COLUMNS FROM `db_member` [ RunTime:0.0090s ]
NOTIC: [8] Undefined index: field_filter G:\Littlewhale\Application\Common\Service\ModelService.class.php 第 229 行.
NOTIC: [8] Undefined index: fetchSql G:\Littlewhale\Application\Common\Service\ModelService.class.php 第 245 行.
SQL: SELECT COUNT(*) AS tp_count FROM `db_member` WHERE `status` < 9 ORDER BY sort desc , create_time desc LIMIT 1   [ RunTime:0.0090s ]
NOTIC: [8] Undefined index: parameter G:\Littlewhale\Application\Common\Service\ModelService.class.php 第 67 行.
NOTIC: [8] Undefined index: field_filter G:\Littlewhale\Application\Common\Service\ModelService.class.php 第 229 行.
NOTIC: [8] Undefined index: fetchSql G:\Littlewhale\Application\Common\Service\ModelService.class.php 第 245 行.
SQL: SELECT * FROM `db_member` WHERE `status` < 9 ORDER BY sort desc , create_time desc LIMIT 0,15   [ RunTime:0.0100s ]
INFO: [ view_parse ] --START--
INFO: [ template_filter ] --START--
INFO: Run Behavior\ContentReplaceBehavior [ RunTime:0.000000s ]
INFO: [ template_filter ] --END-- [ RunTime:0.001000s ]
NOTIC: [8] Undefined index: account G:\Littlewhale\#Runtime\Cache\Manager\0c81d401ff07d30607b0f8454a56b8c3.php 第 137 行.
NOTIC: [8] Undefined index: nickname G:\Littlewhale\#Runtime\Cache\Manager\0c81d401ff07d30607b0f8454a56b8c3.php 第 140 行.
NOTIC: [8] Undefined index: sex G:\Littlewhale\#Runtime\Cache\Manager\0c81d401ff07d30607b0f8454a56b8c3.php 第 145 行.
NOTIC: [8] Undefined index: sex G:\Littlewhale\#Runtime\Cache\Manager\0c81d401ff07d30607b0f8454a56b8c3.php 第 146 行.
NOTIC: [8] Undefined index: sex G:\Littlewhale\#Runtime\Cache\Manager\0c81d401ff07d30607b0f8454a56b8c3.php 第 147 行.
NOTIC: [8] Undefined index: start_time G:\Littlewhale\#Runtime\Cache\Manager\0c81d401ff07d30607b0f8454a56b8c3.php 第 153 行.
NOTIC: [8] Undefined index: start_time G:\Littlewhale\#Runtime\Cache\Manager\0c81d401ff07d30607b0f8454a56b8c3.php 第 154 行.
NOTIC: [8] Undefined index: end_time G:\Littlewhale\#Runtime\Cache\Manager\0c81d401ff07d30607b0f8454a56b8c3.php 第 158 行.
NOTIC: [8] Undefined index: end_time G:\Littlewhale\#Runtime\Cache\Manager\0c81d401ff07d30607b0f8454a56b8c3.php 第 159 行.
NOTIC: [8] Undefined index: sort_order G:\Littlewhale\#Runtime\Cache\Manager\0c81d401ff07d30607b0f8454a56b8c3.php 第 236 行.
INFO: Run Behavior\ParseTemplateBehavior [ RunTime:0.046003s ]
INFO: [ view_parse ] --END-- [ RunTime:0.046003s ]
INFO: [ view_filter ] --START--
INFO: Run Behavior\WriteHtmlCacheBehavior [ RunTime:0.000000s ]
INFO: [ view_filter ] --END-- [ RunTime:0.001000s ]
INFO: [ app_end ] --START--
INFO: Run Behavior\ShowPageTraceBehavior [ RunTime:0.001000s ]
INFO: [ app_end ] --END-- [ RunTime:0.001000s ]

[ 2019-01-02T10:53:12+08:00 ] 127.0.0.1 /index.php/Manager/Member/index.html
INFO: [ app_init ] --START--
INFO: Run Behavior\BuildLiteBehavior [ RunTime:0.000000s ]
INFO: [ app_init ] --END-- [ RunTime:0.000000s ]
INFO: [ app_begin ] --START--
INFO: Run Behavior\ReadHtmlCacheBehavior [ RunTime:0.000000s ]
INFO: [ app_begin ] --END-- [ RunTime:0.001000s ]
SQL: SHOW COLUMNS FROM `db_admin_behavior` [ RunTime:0.0100s ]
NOTIC: [8] Undefined index: validate G:\Littlewhale\ThinkPHP\Library\Think\Model.class.php 第 1185 行.
NOTIC: [8] Undefined index: auto G:\Littlewhale\ThinkPHP\Library\Think\Model.class.php 第 1128 行.
SQL: INSERT INTO `db_admin_behavior` (`manager_id`,`username`,`name`,`router`,`url`,`param`,`is_ajax`,`add_time`) VALUES ('1','admin','用户列表','Manager/Member/index','http://www.xjxc.com/index.php/Manager/Member/index.html','POST: 
Cookie:PHPSESSID=glnje530qap55vnbbtjda8eef1&ADMUSERNAME=admin','0','1546397592') [ RunTime:0.0090s ]
SQL: SHOW COLUMNS FROM `db_member` [ RunTime:0.0100s ]
NOTIC: [8] Undefined index: field_filter G:\Littlewhale\Application\Common\Service\ModelService.class.php 第 229 行.
NOTIC: [8] Undefined index: fetchSql G:\Littlewhale\Application\Common\Service\ModelService.class.php 第 245 行.
SQL: SELECT COUNT(*) AS tp_count FROM `db_member` WHERE `status` < 9 ORDER BY sort desc , create_time desc LIMIT 1   [ RunTime:0.0090s ]
NOTIC: [8] Undefined index: parameter G:\Littlewhale\Application\Common\Service\ModelService.class.php 第 67 行.
NOTIC: [8] Undefined index: field_filter G:\Littlewhale\Application\Common\Service\ModelService.class.php 第 229 行.
NOTIC: [8] Undefined index: fetchSql G:\Littlewhale\Application\Common\Service\ModelService.class.php 第 245 行.
SQL: SELECT * FROM `db_member` WHERE `status` < 9 ORDER BY sort desc , create_time desc LIMIT 0,15   [ RunTime:0.0100s ]
INFO: [ view_parse ] --START--
INFO: [ template_filter ] --START--
INFO: Run Behavior\ContentReplaceBehavior [ RunTime:0.001000s ]
INFO: [ template_filter ] --END-- [ RunTime:0.001000s ]
NOTIC: [8] Undefined index: account G:\Littlewhale\#Runtime\Cache\Manager\0c81d401ff07d30607b0f8454a56b8c3.php 第 137 行.
NOTIC: [8] Undefined index: nickname G:\Littlewhale\#Runtime\Cache\Manager\0c81d401ff07d30607b0f8454a56b8c3.php 第 140 行.
NOTIC: [8] Undefined index: sex G:\Littlewhale\#Runtime\Cache\Manager\0c81d401ff07d30607b0f8454a56b8c3.php 第 145 行.
NOTIC: [8] Undefined index: sex G:\Littlewhale\#Runtime\Cache\Manager\0c81d401ff07d30607b0f8454a56b8c3.php 第 146 行.
NOTIC: [8] Undefined index: sex G:\Littlewhale\#Runtime\Cache\Manager\0c81d401ff07d30607b0f8454a56b8c3.php 第 147 行.
NOTIC: [8] Undefined index: start_time G:\Littlewhale\#Runtime\Cache\Manager\0c81d401ff07d30607b0f8454a56b8c3.php 第 153 行.
NOTIC: [8] Undefined index: start_time G:\Littlewhale\#Runtime\Cache\Manager\0c81d401ff07d30607b0f8454a56b8c3.php 第 154 行.
NOTIC: [8] Undefined index: end_time G:\Littlewhale\#Runtime\Cache\Manager\0c81d401ff07d30607b0f8454a56b8c3.php 第 158 行.
NOTIC: [8] Undefined index: end_time G:\Littlewhale\#Runtime\Cache\Manager\0c81d401ff07d30607b0f8454a56b8c3.php 第 159 行.
NOTIC: [8] Undefined index: sort_order G:\Littlewhale\#Runtime\Cache\Manager\0c81d401ff07d30607b0f8454a56b8c3.php 第 236 行.
INFO: Run Behavior\ParseTemplateBehavior [ RunTime:0.043003s ]
INFO: [ view_parse ] --END-- [ RunTime:0.045003s ]
INFO: [ view_filter ] --START--
INFO: Run Behavior\WriteHtmlCacheBehavior [ RunTime:0.001000s ]
INFO: [ view_filter ] --END-- [ RunTime:0.001000s ]
INFO: [ app_end ] --START--
INFO: Run Behavior\ShowPageTraceBehavior [ RunTime:0.001000s ]
INFO: [ app_end ] --END-- [ RunTime:0.001000s ]

[ 2019-01-02T10:53:16+08:00 ] 127.0.0.1 /index.php/Manager/Feedback/index.html
INFO: [ app_init ] --START--
INFO: Run Behavior\BuildLiteBehavior [ RunTime:0.000000s ]
INFO: [ app_init ] --END-- [ RunTime:0.001000s ]
INFO: [ app_begin ] --START--
INFO: Run Behavior\ReadHtmlCacheBehavior [ RunTime:0.001000s ]
INFO: [ app_begin ] --END-- [ RunTime:0.001000s ]
SQL: SHOW COLUMNS FROM `db_admin_behavior` [ RunTime:0.0100s ]
NOTIC: [8] Undefined index: validate G:\Littlewhale\ThinkPHP\Library\Think\Model.class.php 第 1185 行.
NOTIC: [8] Undefined index: auto G:\Littlewhale\ThinkPHP\Library\Think\Model.class.php 第 1128 行.
SQL: INSERT INTO `db_admin_behavior` (`manager_id`,`username`,`name`,`router`,`url`,`param`,`is_ajax`,`add_time`) VALUES ('1','admin','意见反馈','Manager/Feedback/index','http://www.xjxc.com/index.php/Manager/Feedback/index.html','POST: 
Cookie:PHPSESSID=glnje530qap55vnbbtjda8eef1&ADMUSERNAME=admin','0','1546397596') [ RunTime:0.0090s ]
SQL: SHOW COLUMNS FROM `db_feedback` [ RunTime:0.0100s ]
NOTIC: [8] Undefined index: field_filter G:\Littlewhale\Application\Common\Service\ModelService.class.php 第 229 行.
NOTIC: [8] Undefined index: fetchSql G:\Littlewhale\Application\Common\Service\ModelService.class.php 第 245 行.
SQL: SELECT COUNT(*) AS tp_count FROM `db_feedback` WHERE `status` < 9 ORDER BY id  desc LIMIT 1   [ RunTime:0.0090s ]
NOTIC: [8] Undefined index: parameter G:\Littlewhale\Application\Common\Service\ModelService.class.php 第 67 行.
NOTIC: [8] Undefined index: field_filter G:\Littlewhale\Application\Common\Service\ModelService.class.php 第 229 行.
NOTIC: [8] Undefined index: fetchSql G:\Littlewhale\Application\Common\Service\ModelService.class.php 第 245 行.
SQL: SELECT * FROM `db_feedback` WHERE `status` < 9 ORDER BY id  desc LIMIT 0,15   [ RunTime:0.0100s ]
INFO: [ view_parse ] --START--
INFO: [ template_filter ] --START--
INFO: Run Behavior\ContentReplaceBehavior [ RunTime:0.000000s ]
INFO: [ template_filter ] --END-- [ RunTime:0.000000s ]
INFO: Run Behavior\ParseTemplateBehavior [ RunTime:0.025002s ]
INFO: [ view_parse ] --END-- [ RunTime:0.025002s ]
INFO: [ view_filter ] --START--
INFO: Run Behavior\WriteHtmlCacheBehavior [ RunTime:0.001000s ]
INFO: [ view_filter ] --END-- [ RunTime:0.001000s ]
INFO: [ app_end ] --START--
INFO: Run Behavior\ShowPageTraceBehavior [ RunTime:0.001000s ]
INFO: [ app_end ] --END-- [ RunTime:0.001000s ]

[ 2019-01-02T10:53:16+08:00 ] 127.0.0.1 /index.php/Manager/Feedback/index.html
INFO: [ app_init ] --START--
INFO: Run Behavior\BuildLiteBehavior [ RunTime:0.000000s ]
INFO: [ app_init ] --END-- [ RunTime:0.000000s ]
INFO: [ app_begin ] --START--
INFO: Run Behavior\ReadHtmlCacheBehavior [ RunTime:0.000000s ]
INFO: [ app_begin ] --END-- [ RunTime:0.001000s ]
SQL: SHOW COLUMNS FROM `db_admin_behavior` [ RunTime:0.0090s ]
NOTIC: [8] Undefined index: validate G:\Littlewhale\ThinkPHP\Library\Think\Model.class.php 第 1185 行.
NOTIC: [8] Undefined index: auto G:\Littlewhale\ThinkPHP\Library\Think\Model.class.php 第 1128 行.
SQL: INSERT INTO `db_admin_behavior` (`manager_id`,`username`,`name`,`router`,`url`,`param`,`is_ajax`,`add_time`) VALUES ('1','admin','意见反馈','Manager/Feedback/index','http://www.xjxc.com/index.php/Manager/Feedback/index.html','POST: 
Cookie:PHPSESSID=glnje530qap55vnbbtjda8eef1&ADMUSERNAME=admin','0','1546397596') [ RunTime:0.0090s ]
SQL: SHOW COLUMNS FROM `db_feedback` [ RunTime:0.0100s ]
NOTIC: [8] Undefined index: field_filter G:\Littlewhale\Application\Common\Service\ModelService.class.php 第 229 行.
NOTIC: [8] Undefined index: fetchSql G:\Littlewhale\Application\Common\Service\ModelService.class.php 第 245 行.
SQL: SELECT COUNT(*) AS tp_count FROM `db_feedback` WHERE `status` < 9 ORDER BY id  desc LIMIT 1   [ RunTime:0.0090s ]
NOTIC: [8] Undefined index: parameter G:\Littlewhale\Application\Common\Service\ModelService.class.php 第 67 行.
NOTIC: [8] Undefined index: field_filter G:\Littlewhale\Application\Common\Service\ModelService.class.php 第 229 行.
NOTIC: [8] Undefined index: fetchSql G:\Littlewhale\Application\Common\Service\ModelService.class.php 第 245 行.
SQL: SELECT * FROM `db_feedback` WHERE `status` < 9 ORDER BY id  desc LIMIT 0,15   [ RunTime:0.0100s ]
INFO: [ view_parse ] --START--
INFO: [ template_filter ] --START--
INFO: Run Behavior\ContentReplaceBehavior [ RunTime:0.001000s ]
INFO: [ template_filter ] --END-- [ RunTime:0.001000s ]
INFO: Run Behavior\ParseTemplateBehavior [ RunTime:0.036002s ]
INFO: [ view_parse ] --END-- [ RunTime:0.037002s ]
INFO: [ view_filter ] --START--
INFO: Run Behavior\WriteHtmlCacheBehavior [ RunTime:0.001000s ]
INFO: [ view_filter ] --END-- [ RunTime:0.002000s ]
INFO: [ app_end ] --START--
INFO: Run Behavior\ShowPageTraceBehavior [ RunTime:0.002001s ]
INFO: [ app_end ] --END-- [ RunTime:0.002001s ]

[ 2019-01-02T10:53:26+08:00 ] 127.0.0.1 /index.php/Manager/Feedback/index/p/2.html
INFO: [ app_init ] --START--
INFO: Run Behavior\BuildLiteBehavior [ RunTime:0.001000s ]
INFO: [ app_init ] --END-- [ RunTime:0.001000s ]
INFO: [ app_begin ] --START--
INFO: Run Behavior\ReadHtmlCacheBehavior [ RunTime:0.001000s ]
INFO: [ app_begin ] --END-- [ RunTime:0.001000s ]
SQL: SHOW COLUMNS FROM `db_admin_behavior` [ RunTime:0.0100s ]
NOTIC: [8] Undefined index: validate G:\Littlewhale\ThinkPHP\Library\Think\Model.class.php 第 1185 行.
NOTIC: [8] Undefined index: auto G:\Littlewhale\ThinkPHP\Library\Think\Model.class.php 第 1128 行.
SQL: INSERT INTO `db_admin_behavior` (`manager_id`,`username`,`name`,`router`,`url`,`param`,`is_ajax`,`add_time`) VALUES ('1','admin','意见反馈','Manager/Feedback/index','http://www.xjxc.com/index.php/Manager/Feedback/index/p/2.html','POST: 
Cookie:PHPSESSID=glnje530qap55vnbbtjda8eef1&ADMUSERNAME=admin','0','1546397606') [ RunTime:0.0090s ]
SQL: SHOW COLUMNS FROM `db_feedback` [ RunTime:0.0100s ]
NOTIC: [8] Undefined index: field_filter G:\Littlewhale\Application\Common\Service\ModelService.class.php 第 229 行.
NOTIC: [8] Undefined index: fetchSql G:\Littlewhale\Application\Common\Service\ModelService.class.php 第 245 行.
SQL: SELECT COUNT(*) AS tp_count FROM `db_feedback` WHERE `status` < 9 ORDER BY id  desc LIMIT 1   [ RunTime:0.0090s ]
NOTIC: [8] Undefined index: parameter G:\Littlewhale\Application\Common\Service\ModelService.class.php 第 67 行.
NOTIC: [8] Undefined index: field_filter G:\Littlewhale\Application\Common\Service\ModelService.class.php 第 229 行.
NOTIC: [8] Undefined index: fetchSql G:\Littlewhale\Application\Common\Service\ModelService.class.php 第 245 行.
SQL: SELECT * FROM `db_feedback` WHERE `status` < 9 ORDER BY id  desc LIMIT 15,15   [ RunTime:0.0100s ]
INFO: [ view_parse ] --START--
INFO: [ template_filter ] --START--
INFO: Run Behavior\ContentReplaceBehavior [ RunTime:0.000000s ]
INFO: [ template_filter ] --END-- [ RunTime:0.000000s ]
INFO: Run Behavior\ParseTemplateBehavior [ RunTime:0.014001s ]
INFO: [ view_parse ] --END-- [ RunTime:0.014001s ]
INFO: [ view_filter ] --START--
INFO: Run Behavior\WriteHtmlCacheBehavior [ RunTime:0.001000s ]
INFO: [ view_filter ] --END-- [ RunTime:0.001000s ]
INFO: [ app_end ] --START--
INFO: Run Behavior\ShowPageTraceBehavior [ RunTime:0.001000s ]
INFO: [ app_end ] --END-- [ RunTime:0.001000s ]

[ 2019-01-02T10:53:27+08:00 ] 127.0.0.1 /index.php/Manager/Feedback/index/p/1.html
INFO: [ app_init ] --START--
INFO: Run Behavior\BuildLiteBehavior [ RunTime:0.000000s ]
INFO: [ app_init ] --END-- [ RunTime:0.000000s ]
INFO: [ app_begin ] --START--
INFO: Run Behavior\ReadHtmlCacheBehavior [ RunTime:0.001000s ]
INFO: [ app_begin ] --END-- [ RunTime:0.001000s ]
SQL: SHOW COLUMNS FROM `db_admin_behavior` [ RunTime:0.0100s ]
NOTIC: [8] Undefined index: validate G:\Littlewhale\ThinkPHP\Library\Think\Model.class.php 第 1185 行.
NOTIC: [8] Undefined index: auto G:\Littlewhale\ThinkPHP\Library\Think\Model.class.php 第 1128 行.
SQL: INSERT INTO `db_admin_behavior` (`manager_id`,`username`,`name`,`router`,`url`,`param`,`is_ajax`,`add_time`) VALUES ('1','admin','意见反馈','Manager/Feedback/index','http://www.xjxc.com/index.php/Manager/Feedback/index/p/1.html','POST: 
Cookie:PHPSESSID=glnje530qap55vnbbtjda8eef1&ADMUSERNAME=admin','0','1546397607') [ RunTime:0.0090s ]
SQL: SHOW COLUMNS FROM `db_feedback` [ RunTime:0.0090s ]
NOTIC: [8] Undefined index: field_filter G:\Littlewhale\Application\Common\Service\ModelService.class.php 第 229 行.
NOTIC: [8] Undefined index: fetchSql G:\Littlewhale\Application\Common\Service\ModelService.class.php 第 245 行.
SQL: SELECT COUNT(*) AS tp_count FROM `db_feedback` WHERE `status` < 9 ORDER BY id  desc LIMIT 1   [ RunTime:0.0100s ]
NOTIC: [8] Undefined index: parameter G:\Littlewhale\Application\Common\Service\ModelService.class.php 第 67 行.
NOTIC: [8] Undefined index: field_filter G:\Littlewhale\Application\Common\Service\ModelService.class.php 第 229 行.
NOTIC: [8] Undefined index: fetchSql G:\Littlewhale\Application\Common\Service\ModelService.class.php 第 245 行.
SQL: SELECT * FROM `db_feedback` WHERE `status` < 9 ORDER BY id  desc LIMIT 0,15   [ RunTime:0.0100s ]
INFO: [ view_parse ] --START--
INFO: [ template_filter ] --START--
INFO: Run Behavior\ContentReplaceBehavior [ RunTime:0.000000s ]
INFO: [ template_filter ] --END-- [ RunTime:0.000000s ]
INFO: Run Behavior\ParseTemplateBehavior [ RunTime:0.038002s ]
INFO: [ view_parse ] --END-- [ RunTime:0.038002s ]
INFO: [ view_filter ] --START--
INFO: Run Behavior\WriteHtmlCacheBehavior [ RunTime:0.001000s ]
INFO: [ view_filter ] --END-- [ RunTime:0.001000s ]
INFO: [ app_end ] --START--
INFO: Run Behavior\ShowPageTraceBehavior [ RunTime:0.001000s ]
INFO: [ app_end ] --END-- [ RunTime:0.001000s ]

[ 2019-01-02T10:58:02+08:00 ] 127.0.0.1 /index.php/Manager/Article/index.html
INFO: [ app_init ] --START--
INFO: Run Behavior\BuildLiteBehavior [ RunTime:0.000000s ]
INFO: [ app_init ] --END-- [ RunTime:0.001000s ]
INFO: [ app_begin ] --START--
INFO: Run Behavior\ReadHtmlCacheBehavior [ RunTime:0.001000s ]
INFO: [ app_begin ] --END-- [ RunTime:0.001000s ]
SQL: SHOW COLUMNS FROM `db_admin_behavior` [ RunTime:0.0090s ]
NOTIC: [8] Undefined index: validate G:\Littlewhale\ThinkPHP\Library\Think\Model.class.php 第 1185 行.
NOTIC: [8] Undefined index: auto G:\Littlewhale\ThinkPHP\Library\Think\Model.class.php 第 1128 行.
SQL: INSERT INTO `db_admin_behavior` (`manager_id`,`username`,`name`,`router`,`url`,`param`,`is_ajax`,`add_time`) VALUES ('1','admin','文章列表','Manager/Article/index','http://www.xjxc.com/index.php/Manager/Article/index.html','POST: 
Cookie:PHPSESSID=glnje530qap55vnbbtjda8eef1&ADMUSERNAME=admin','0','1546397882') [ RunTime:0.0090s ]
NOTIC: [8] Undefined index: title G:\Littlewhale\Application\Manager\Controller\ArticleController.class.php 第 23 行.
NOTIC: [8] Undefined index: id G:\Littlewhale\Application\Manager\Controller\ArticleController.class.php 第 26 行.
SQL: SHOW COLUMNS FROM `db_article` [ RunTime:0.0090s ]
NOTIC: [8] Undefined index: field_filter G:\Littlewhale\Application\Common\Service\ModelService.class.php 第 229 行.
NOTIC: [8] Undefined index: fetchSql G:\Littlewhale\Application\Common\Service\ModelService.class.php 第 245 行.
SQL: SELECT COUNT(*) AS tp_count FROM `db_article` WHERE `status` < 9 ORDER BY sort desc , id  desc LIMIT 1   [ RunTime:0.0090s ]
NOTIC: [8] Undefined index: parameter G:\Littlewhale\Application\Common\Service\ModelService.class.php 第 67 行.
NOTIC: [8] Undefined index: field_filter G:\Littlewhale\Application\Common\Service\ModelService.class.php 第 229 行.
NOTIC: [8] Undefined index: fetchSql G:\Littlewhale\Application\Common\Service\ModelService.class.php 第 245 行.
SQL: SELECT * FROM `db_article` WHERE `status` < 9 ORDER BY sort desc , id  desc LIMIT 0,15   [ RunTime:0.0100s ]
INFO: [ view_parse ] --START--
INFO: [ template_filter ] --START--
INFO: Run Behavior\ContentReplaceBehavior [ RunTime:0.000000s ]
INFO: [ template_filter ] --END-- [ RunTime:0.000000s ]
NOTIC: [8] Undefined index: title G:\Littlewhale\#Runtime\Cache\Manager\6e453c12a3cee21da8cfd4c387431496.php 第 135 行.
NOTIC: [8] Undefined index: id G:\Littlewhale\#Runtime\Cache\Manager\6e453c12a3cee21da8cfd4c387431496.php 第 140 行.
NOTIC: [8] Undefined index: sub_list G:\Littlewhale\#Runtime\Cache\Manager\6e453c12a3cee21da8cfd4c387431496.php 第 174 行.
NOTIC: [8] Undefined index: sub_list G:\Littlewhale\#Runtime\Cache\Manager\6e453c12a3cee21da8cfd4c387431496.php 第 174 行.
NOTIC: [8] Undefined index: sub_list G:\Littlewhale\#Runtime\Cache\Manager\6e453c12a3cee21da8cfd4c387431496.php 第 174 行.
NOTIC: [8] Undefined index: sub_list G:\Littlewhale\#Runtime\Cache\Manager\6e453c12a3cee21da8cfd4c387431496.php 第 174 行.
NOTIC: [8] Undefined index: sub_list G:\Littlewhale\#Runtime\Cache\Manager\6e453c12a3cee21da8cfd4c387431496.php 第 174 行.
NOTIC: [8] Undefined index: sub_list G:\Littlewhale\#Runtime\Cache\Manager\6e453c12a3cee21da8cfd4c387431496.php 第 174 行.
NOTIC: [8] Undefined index: sub_list G:\Littlewhale\#Runtime\Cache\Manager\6e453c12a3cee21da8cfd4c387431496.php 第 174 行.
NOTIC: [8] Undefined index: sub_list G:\Littlewhale\#Runtime\Cache\Manager\6e453c12a3cee21da8cfd4c387431496.php 第 174 行.
NOTIC: [8] Undefined index: sub_list G:\Littlewhale\#Runtime\Cache\Manager\6e453c12a3cee21da8cfd4c387431496.php 第 174 行.
NOTIC: [8] Undefined index: sub_list G:\Littlewhale\#Runtime\Cache\Manager\6e453c12a3cee21da8cfd4c387431496.php 第 174 行.
NOTIC: [8] Undefined index: sub_list G:\Littlewhale\#Runtime\Cache\Manager\6e453c12a3cee21da8cfd4c387431496.php 第 174 行.
NOTIC: [8] Undefined index: sub_list G:\Littlewhale\#Runtime\Cache\Manager\6e453c12a3cee21da8cfd4c387431496.php 第 174 行.
NOTIC: [8] Undefined index: sub_list G:\Littlewhale\#Runtime\Cache\Manager\6e453c12a3cee21da8cfd4c387431496.php 第 174 行.
NOTIC: [8] Undefined index: sub_list G:\Littlewhale\#Runtime\Cache\Manager\6e453c12a3cee21da8cfd4c387431496.php 第 174 行.
INFO: Run Behavior\ParseTemplateBehavior [ RunTime:0.036002s ]
INFO: [ view_parse ] --END-- [ RunTime:0.037002s ]
INFO: [ view_filter ] --START--
INFO: Run Behavior\WriteHtmlCacheBehavior [ RunTime:0.001000s ]
INFO: [ view_filter ] --END-- [ RunTime:0.001000s ]
INFO: [ app_end ] --START--
INFO: Run Behavior\ShowPageTraceBehavior [ RunTime:0.001000s ]
INFO: [ app_end ] --END-- [ RunTime:0.002000s ]

[ 2019-01-02T10:58:03+08:00 ] 127.0.0.1 /index.php/Manager/Article/index.html
INFO: [ app_init ] --START--
INFO: Run Behavior\BuildLiteBehavior [ RunTime:0.000000s ]
INFO: [ app_init ] --END-- [ RunTime:0.001000s ]
INFO: [ app_begin ] --START--
INFO: Run Behavior\ReadHtmlCacheBehavior [ RunTime:0.001000s ]
INFO: [ app_begin ] --END-- [ RunTime:0.001000s ]
SQL: SHOW COLUMNS FROM `db_admin_behavior` [ RunTime:0.0080s ]
NOTIC: [8] Undefined index: validate G:\Littlewhale\ThinkPHP\Library\Think\Model.class.php 第 1185 行.
NOTIC: [8] Undefined index: auto G:\Littlewhale\ThinkPHP\Library\Think\Model.class.php 第 1128 行.
SQL: INSERT INTO `db_admin_behavior` (`manager_id`,`username`,`name`,`router`,`url`,`param`,`is_ajax`,`add_time`) VALUES ('1','admin','文章列表','Manager/Article/index','http://www.xjxc.com/index.php/Manager/Article/index.html','POST: 
Cookie:PHPSESSID=glnje530qap55vnbbtjda8eef1&ADMUSERNAME=admin','0','1546397882') [ RunTime:0.0080s ]
NOTIC: [8] Undefined index: title G:\Littlewhale\Application\Manager\Controller\ArticleController.class.php 第 23 行.
NOTIC: [8] Undefined index: id G:\Littlewhale\Application\Manager\Controller\ArticleController.class.php 第 26 行.
SQL: SHOW COLUMNS FROM `db_article` [ RunTime:0.0100s ]
NOTIC: [8] Undefined index: field_filter G:\Littlewhale\Application\Common\Service\ModelService.class.php 第 229 行.
NOTIC: [8] Undefined index: fetchSql G:\Littlewhale\Application\Common\Service\ModelService.class.php 第 245 行.
SQL: SELECT COUNT(*) AS tp_count FROM `db_article` WHERE `status` < 9 ORDER BY sort desc , id  desc LIMIT 1   [ RunTime:0.0080s ]
NOTIC: [8] Undefined index: parameter G:\Littlewhale\Application\Common\Service\ModelService.class.php 第 67 行.
NOTIC: [8] Undefined index: field_filter G:\Littlewhale\Application\Common\Service\ModelService.class.php 第 229 行.
NOTIC: [8] Undefined index: fetchSql G:\Littlewhale\Application\Common\Service\ModelService.class.php 第 245 行.
SQL: SELECT * FROM `db_article` WHERE `status` < 9 ORDER BY sort desc , id  desc LIMIT 0,15   [ RunTime:0.0090s ]
INFO: [ view_parse ] --START--
INFO: [ template_filter ] --START--
INFO: Run Behavior\ContentReplaceBehavior [ RunTime:0.001000s ]
INFO: [ template_filter ] --END-- [ RunTime:0.001000s ]
NOTIC: [8] Undefined index: title G:\Littlewhale\#Runtime\Cache\Manager\6e453c12a3cee21da8cfd4c387431496.php 第 135 行.
NOTIC: [8] Undefined index: id G:\Littlewhale\#Runtime\Cache\Manager\6e453c12a3cee21da8cfd4c387431496.php 第 140 行.
NOTIC: [8] Undefined index: sub_list G:\Littlewhale\#Runtime\Cache\Manager\6e453c12a3cee21da8cfd4c387431496.php 第 174 行.
NOTIC: [8] Undefined index: sub_list G:\Littlewhale\#Runtime\Cache\Manager\6e453c12a3cee21da8cfd4c387431496.php 第 174 行.
NOTIC: [8] Undefined index: sub_list G:\Littlewhale\#Runtime\Cache\Manager\6e453c12a3cee21da8cfd4c387431496.php 第 174 行.
NOTIC: [8] Undefined index: sub_list G:\Littlewhale\#Runtime\Cache\Manager\6e453c12a3cee21da8cfd4c387431496.php 第 174 行.
NOTIC: [8] Undefined index: sub_list G:\Littlewhale\#Runtime\Cache\Manager\6e453c12a3cee21da8cfd4c387431496.php 第 174 行.
NOTIC: [8] Undefined index: sub_list G:\Littlewhale\#Runtime\Cache\Manager\6e453c12a3cee21da8cfd4c387431496.php 第 174 行.
NOTIC: [8] Undefined index: sub_list G:\Littlewhale\#Runtime\Cache\Manager\6e453c12a3cee21da8cfd4c387431496.php 第 174 行.
NOTIC: [8] Undefined index: sub_list G:\Littlewhale\#Runtime\Cache\Manager\6e453c12a3cee21da8cfd4c387431496.php 第 174 行.
NOTIC: [8] Undefined index: sub_list G:\Littlewhale\#Runtime\Cache\Manager\6e453c12a3cee21da8cfd4c387431496.php 第 174 行.
NOTIC: [8] Undefined index: sub_list G:\Littlewhale\#Runtime\Cache\Manager\6e453c12a3cee21da8cfd4c387431496.php 第 174 行.
NOTIC: [8] Undefined index: sub_list G:\Littlewhale\#Runtime\Cache\Manager\6e453c12a3cee21da8cfd4c387431496.php 第 174 行.
NOTIC: [8] Undefined index: sub_list G:\Littlewhale\#Runtime\Cache\Manager\6e453c12a3cee21da8cfd4c387431496.php 第 174 行.
NOTIC: [8] Undefined index: sub_list G:\Littlewhale\#Runtime\Cache\Manager\6e453c12a3cee21da8cfd4c387431496.php 第 174 行.
NOTIC: [8] Undefined index: sub_list G:\Littlewhale\#Runtime\Cache\Manager\6e453c12a3cee21da8cfd4c387431496.php 第 174 行.
INFO: Run Behavior\ParseTemplateBehavior [ RunTime:0.051003s ]
INFO: [ view_parse ] --END-- [ RunTime:0.051003s ]
INFO: [ view_filter ] --START--
INFO: Run Behavior\WriteHtmlCacheBehavior [ RunTime:0.001000s ]
INFO: [ view_filter ] --END-- [ RunTime:0.001000s ]
INFO: [ app_end ] --START--
INFO: Run Behavior\ShowPageTraceBehavior [ RunTime:0.000000s ]
INFO: [ app_end ] --END-- [ RunTime:0.000000s ]

[ 2019-01-02T10:58:06+08:00 ] 127.0.0.1 /index.php/Manager/Article/editArticle/id/1.html
INFO: [ app_init ] --START--
INFO: Run Behavior\BuildLiteBehavior [ RunTime:0.000000s ]
INFO: [ app_init ] --END-- [ RunTime:0.001000s ]
INFO: [ app_begin ] --START--
INFO: Run Behavior\ReadHtmlCacheBehavior [ RunTime:0.001000s ]
INFO: [ app_begin ] --END-- [ RunTime:0.001000s ]
SQL: SHOW COLUMNS FROM `db_admin_behavior` [ RunTime:0.0080s ]
NOTIC: [8] Undefined index: validate G:\Littlewhale\ThinkPHP\Library\Think\Model.class.php 第 1185 行.
NOTIC: [8] Undefined index: auto G:\Littlewhale\ThinkPHP\Library\Think\Model.class.php 第 1128 行.
SQL: INSERT INTO `db_admin_behavior` (`manager_id`,`username`,`name`,`router`,`url`,`param`,`is_ajax`,`add_time`) VALUES ('1','admin','编辑文章','Manager/Article/editArticle','http://www.xjxc.com/index.php/Manager/Article/editArticle/id/1.html','POST: 
Cookie:PHPSESSID=glnje530qap55vnbbtjda8eef1&ADMUSERNAME=admin','0','1546397886') [ RunTime:0.0080s ]
SQL: SHOW COLUMNS FROM `db_article_cate` [ RunTime:0.0080s ]
SQL: SELECT * FROM `db_article_cate` WHERE `status` = 1 AND `p_id` = 0  [ RunTime:0.0080s ]
SQL: SELECT * FROM `db_article_cate` WHERE `status` = 1 AND `p_id` = 1  [ RunTime:0.0070s ]
SQL: SELECT * FROM `db_article_cate` WHERE `status` = 1 AND `p_id` = 3  [ RunTime:0.0070s ]
SQL: SHOW COLUMNS FROM `db_article` [ RunTime:0.0080s ]
SQL: SELECT * FROM `db_article` WHERE `id` = 1 LIMIT 1   [ RunTime:0.0080s ]
SQL: SHOW COLUMNS FROM `db_file` [ RunTime:0.0080s ]
SQL: SELECT `path` FROM `db_file` WHERE `id` = 0 LIMIT 1   [ RunTime:0.0070s ]
SQL: SELECT * FROM `db_article_cate` WHERE `status` = 1 AND `id` = 1 LIMIT 1   [ RunTime:0.0070s ]
INFO: [ view_parse ] --START--
INFO: [ template_filter ] --START--
INFO: Run Behavior\ContentReplaceBehavior [ RunTime:0.000000s ]
INFO: [ template_filter ] --END-- [ RunTime:0.000000s ]
INFO: Run Behavior\ParseTemplateBehavior [ RunTime:0.019001s ]
INFO: [ view_parse ] --END-- [ RunTime:0.020001s ]
INFO: [ view_filter ] --START--
INFO: Run Behavior\WriteHtmlCacheBehavior [ RunTime:0.000000s ]
INFO: [ view_filter ] --END-- [ RunTime:0.000000s ]
INFO: [ app_end ] --START--
INFO: Run Behavior\ShowPageTraceBehavior [ RunTime:0.000000s ]
INFO: [ app_end ] --END-- [ RunTime:0.001000s ]

[ 2019-01-02T10:58:32+08:00 ] 127.0.0.1 /index.php/Manager/Article/editArticle.html
INFO: [ app_init ] --START--
INFO: Run Behavior\BuildLiteBehavior [ RunTime:0.000000s ]
INFO: [ app_init ] --END-- [ RunTime:0.001000s ]
INFO: [ app_begin ] --START--
INFO: Run Behavior\ReadHtmlCacheBehavior [ RunTime:0.001000s ]
INFO: [ app_begin ] --END-- [ RunTime:0.001000s ]
SQL: SHOW COLUMNS FROM `db_admin_behavior` [ RunTime:0.0090s ]
NOTIC: [8] Undefined index: validate G:\Littlewhale\ThinkPHP\Library\Think\Model.class.php 第 1185 行.
NOTIC: [8] Undefined index: auto G:\Littlewhale\ThinkPHP\Library\Think\Model.class.php 第 1128 行.
SQL: INSERT INTO `db_admin_behavior` (`manager_id`,`username`,`name`,`router`,`url`,`param`,`is_ajax`,`add_time`) VALUES ('1','admin','编辑文章','Manager/Article/editArticle','http://www.xjxc.com/index.php/Manager/Article/editArticle.html','POST: title=%E5%BC%80%E5%8F%91%E7%A5%A8%E8%A7%84%E5%88%99&cate_id=1&content=%3Cp%3E%0A%09%26nbsp%3B1%E3%80%81%E9%80%9A%E8%BF%87%E9%93%B6%E8%A1%8C%E5%8D%A1%28%E5%8C%85%E6%8B%AC%E4%BF%A1%E7%94%A8%E5%8D%A1%E5%92%8C%E5%80%9F%E8%AE%B0%E5%8D%A1%29%E5%92%8C%E7%BD%91.+%E4%B8%8A%E6%94%AF%E4%BB%98%E5%B9%B3%E5%8F%B0%28%E5%8C%85%E6%8B%AC%E6%94%AF%E4%BB%98%E5%AE%9D%E5%92%8C%E5%BE%AE%E4%BF%A1%E6%94%AF%E4%BB%98%29%E6%94%AF%E4%BB%98%E7%9A%84%E8%B4%B9%E7%94%A8%EF%BC%8C%E5%8F%AF%E7%94%A8%E4%BA%8E%E5%BC%80%E5%85%B7%E5%8F%91%E7%A5%A8%E3%80%82%E4%BB%A5%E4%BB%A3%E9%87%91%E5%88%B8%E3%80%81%E4%BC%98%E6%83%A0%E5%88%B8%E6%88%96%E8%90%A5%E9%94%80%E6%B4%BB%E5%8A%A8%E6%94%AF%E4%BB%98%E6%88%96%E5%86%B2%E6%8A%B5%E7%9A%84%E8%B4%B9%E7%94%A8%EF%BC%8C%E6%81%95%E4%B8%8D%E8%83%BD%E5%BC%80%E5%85%B7%E5%8F%91%E7%A5%A8%E3%80%82%26nbsp%3B%0A%3C%2Fp%3E%0A%3Cp%3E%0A%09%26nbsp%3B2%E3%80%81%E6%82%A8%E5%8F%AF%E5%9C%A8APP+%E3%80%90%E6%88%91%E7%9A%84%E3%80%91+-+%E3%80%90%E5%8F%91%E7%A5%A8%E7%AE%A1%E7%90%86%E3%80%91%E4%B8%AD%E6%8F%90%E4%BA%A4%E5%BC%80%E7%A5%A8%E9%9C%80%E6%B1%82%E3%80%82%E4%BB%85%E6%94%AF%E6%8C%81%E4%B8%80%E4%B8%AA%E6%9C%88%E4%BB%A5%E5%86%85%E7%9A%84%E8%AE%A2%E5%8D%95%E5%BC%80%E5%85%B7%E5%8F%91%E7%A5%A8%E3%80%82%26nbsp%3B%0A%3C%2Fp%3E%0A%3Cp%3E%0A%09%26nbsp%3B3%E3%80%81%E6%88%91%E4%BB%AC%E5%BC%80%E5%85%B7%E7%BB%8F%E4%B8%BB%E7%AE%A1%E7%A8%8E%E5%8A%A1%E6%9C%BA%E5%85%B3%E6%89%B9%E5%87%86%E7%9A%84%E5%A2%9E%E5%80%BC%E7%A8%8E%E7%94%B5%E5%AD%90%E6%99%AE%E9%80%9A%E5%8F%91%E7%A5%A8%E3%80%82%E6%A0%B9%E6%8D%AE%E7%A8%8E%E5%8A%A1%E6%B3%95%E5%BE%8B%E6%B3%95%E8%A7%84%E8%A7%84%E5%AE%9A%EF%BC%8C%E5%A6%82%E9%9C%80%E8%A6%81%E7%BA%B8%E8%B4%A8%E5%8F%91%E7%A5%A8%E7%9A%84%EF%BC%8C%E5%AE%A2%E6%88%B7%E5%8F%AF%E4%BB%A5%E8%87%AA%E8%A1%8C%E6%89%93%E5%8D%B0%E5%A2%9E%E5%80%BC%E7%A8%8E%E7%94%B5%E5%AD%90%E6%99%AE%E9%80%9A%E5%8F%91%E7%A5%A8%E7%9A%84PDF%E7%89%88%E5%BC%8F%E6%96%87%E4%BB%B6%E3%80%82%E5%A2%9E%E5%80%BC%E7%A8%8E%E7%94%B5%E5%AD%90%E6%99%AE%E9%80%9A%E5%8F%91%E7%A5%A8%E6%89%93%E5%8D%B0%E5%90%8E%EF%BC%8C%E5%85%B6%E6%B3%95%E5%BE%8B%E6%95%88%E5%8A%9B%E3%80%81%E5%9F%BA%E6%9C%AC%E7%94%A8%E9%80%94%E3%80%81%E5%9F%BA%E6%9C%AC%E4%BD%BF%E7%94%A8%E8%A7%84%E5%AE%9A%E7%AD%89%E4%B8%8E%E7%A8%8E%E5%8A%A1%E6%9C%BA%E5%85%B3%E7%9B%91%E5%88%B6%E7%9A%84%E5%A2%9E%E5%80%BC%E7%A8%8E%E6%99%AE%E9%80%9A%E5%8F%91%E7%A5%A8%E7%9B%B8%E5%90%8C%E3%80%82%26nbsp%3B%0A%3C%2Fp%3E%0A%3Cp%3E%0A%09%26nbsp%3B4%E3%80%81%E5%A6%82%E8%B4%AD%E4%B9%B0%E6%96%B9%E4%B8%BA%E4%BC%81%E4%B8%9A%E7%9A%84%EF%BC%8C%E9%99%A4%E5%8F%91%E7%A5%A8%E6%8A%AC%E5%A4%B4%E5%A1%AB%E5%86%99%E5%85%A8%E7%A7%B0%E5%A4%96%EF%BC%8C%E8%BF%98%E9%9C%80%E6%8F%90%E4%BE%9B%E5%87%86%E7%A1%AE%E7%9A%84%E7%BA%B3%E7%A8%8E%E4%BA%BA%E8%AF%86%E5%88%AB%E5%8F%B7%E6%88%96%E7%BB%9F%E4%B8%80%E7%A4%BE%E4%BC%9A%E4%BF%A1%E7%94%A8%E4%BB%A3%E7%A0%81%EF%BC%8C%E4%BB%A5%E5%85%8D%E6%97%A0%E6%B3%95%E6%AD%A3%E5%B8%B8%E6%8A%A5%E9%94%80%E3%80%82%0A%3C%2Fp%3E&sort=1&id=1
Cookie:PHPSESSID=glnje530qap55vnbbtjda8eef1&ADMUSERNAME=admin','1','1546397912') [ RunTime:0.0160s ]
NOTIC: [2] strpos() expects parameter 1 to be string, array given G:\Littlewhale\Vendor\Txunda\Txunda.Param.php 第 97 行.

[ 2019-01-02T10:58:34+08:00 ] 127.0.0.1 /index.php/Manager/Article/index.html
INFO: [ app_init ] --START--
INFO: Run Behavior\BuildLiteBehavior [ RunTime:0.000000s ]
INFO: [ app_init ] --END-- [ RunTime:0.001000s ]
INFO: [ app_begin ] --START--
INFO: Run Behavior\ReadHtmlCacheBehavior [ RunTime:0.001000s ]
INFO: [ app_begin ] --END-- [ RunTime:0.001000s ]
SQL: SHOW COLUMNS FROM `db_admin_behavior` [ RunTime:0.0090s ]
NOTIC: [8] Undefined index: validate G:\Littlewhale\ThinkPHP\Library\Think\Model.class.php 第 1185 行.
NOTIC: [8] Undefined index: auto G:\Littlewhale\ThinkPHP\Library\Think\Model.class.php 第 1128 行.
SQL: INSERT INTO `db_admin_behavior` (`manager_id`,`username`,`name`,`router`,`url`,`param`,`is_ajax`,`add_time`) VALUES ('1','admin','文章列表','Manager/Article/index','http://www.xjxc.com/index.php/Manager/Article/index.html','POST: 
Cookie:PHPSESSID=glnje530qap55vnbbtjda8eef1&ADMUSERNAME=admin','0','1546397914') [ RunTime:0.0080s ]
NOTIC: [8] Undefined index: title G:\Littlewhale\Application\Manager\Controller\ArticleController.class.php 第 23 行.
NOTIC: [8] Undefined index: id G:\Littlewhale\Application\Manager\Controller\ArticleController.class.php 第 26 行.
SQL: SHOW COLUMNS FROM `db_article` [ RunTime:0.0080s ]
NOTIC: [8] Undefined index: field_filter G:\Littlewhale\Application\Common\Service\ModelService.class.php 第 229 行.
NOTIC: [8] Undefined index: fetchSql G:\Littlewhale\Application\Common\Service\ModelService.class.php 第 245 行.
SQL: SELECT COUNT(*) AS tp_count FROM `db_article` WHERE `status` < 9 ORDER BY sort desc , id  desc LIMIT 1   [ RunTime:0.0090s ]
NOTIC: [8] Undefined index: parameter G:\Littlewhale\Application\Common\Service\ModelService.class.php 第 67 行.
NOTIC: [8] Undefined index: field_filter G:\Littlewhale\Application\Common\Service\ModelService.class.php 第 229 行.
NOTIC: [8] Undefined index: fetchSql G:\Littlewhale\Application\Common\Service\ModelService.class.php 第 245 行.
SQL: SELECT * FROM `db_article` WHERE `status` < 9 ORDER BY sort desc , id  desc LIMIT 0,15   [ RunTime:0.0090s ]
INFO: [ view_parse ] --START--
INFO: [ template_filter ] --START--
INFO: Run Behavior\ContentReplaceBehavior [ RunTime:0.000000s ]
INFO: [ template_filter ] --END-- [ RunTime:0.000000s ]
NOTIC: [8] Undefined index: title G:\Littlewhale\#Runtime\Cache\Manager\6e453c12a3cee21da8cfd4c387431496.php 第 135 行.
NOTIC: [8] Undefined index: id G:\Littlewhale\#Runtime\Cache\Manager\6e453c12a3cee21da8cfd4c387431496.php 第 140 行.
NOTIC: [8] Undefined index: sub_list G:\Littlewhale\#Runtime\Cache\Manager\6e453c12a3cee21da8cfd4c387431496.php 第 174 行.
NOTIC: [8] Undefined index: sub_list G:\Littlewhale\#Runtime\Cache\Manager\6e453c12a3cee21da8cfd4c387431496.php 第 174 行.
NOTIC: [8] Undefined index: sub_list G:\Littlewhale\#Runtime\Cache\Manager\6e453c12a3cee21da8cfd4c387431496.php 第 174 行.
NOTIC: [8] Undefined index: sub_list G:\Littlewhale\#Runtime\Cache\Manager\6e453c12a3cee21da8cfd4c387431496.php 第 174 行.
NOTIC: [8] Undefined index: sub_list G:\Littlewhale\#Runtime\Cache\Manager\6e453c12a3cee21da8cfd4c387431496.php 第 174 行.
NOTIC: [8] Undefined index: sub_list G:\Littlewhale\#Runtime\Cache\Manager\6e453c12a3cee21da8cfd4c387431496.php 第 174 行.
NOTIC: [8] Undefined index: sub_list G:\Littlewhale\#Runtime\Cache\Manager\6e453c12a3cee21da8cfd4c387431496.php 第 174 行.
NOTIC: [8] Undefined index: sub_list G:\Littlewhale\#Runtime\Cache\Manager\6e453c12a3cee21da8cfd4c387431496.php 第 174 行.
NOTIC: [8] Undefined index: sub_list G:\Littlewhale\#Runtime\Cache\Manager\6e453c12a3cee21da8cfd4c387431496.php 第 174 行.
NOTIC: [8] Undefined index: sub_list G:\Littlewhale\#Runtime\Cache\Manager\6e453c12a3cee21da8cfd4c387431496.php 第 174 行.
NOTIC: [8] Undefined index: sub_list G:\Littlewhale\#Runtime\Cache\Manager\6e453c12a3cee21da8cfd4c387431496.php 第 174 行.
NOTIC: [8] Undefined index: sub_list G:\Littlewhale\#Runtime\Cache\Manager\6e453c12a3cee21da8cfd4c387431496.php 第 174 行.
NOTIC: [8] Undefined index: sub_list G:\Littlewhale\#Runtime\Cache\Manager\6e453c12a3cee21da8cfd4c387431496.php 第 174 行.
NOTIC: [8] Undefined index: sub_list G:\Littlewhale\#Runtime\Cache\Manager\6e453c12a3cee21da8cfd4c387431496.php 第 174 行.
INFO: Run Behavior\ParseTemplateBehavior [ RunTime:0.032001s ]
INFO: [ view_parse ] --END-- [ RunTime:0.032001s ]
INFO: [ view_filter ] --START--
INFO: Run Behavior\WriteHtmlCacheBehavior [ RunTime:0.001001s ]
INFO: [ view_filter ] --END-- [ RunTime:0.001001s ]
INFO: [ app_end ] --START--
INFO: Run Behavior\ShowPageTraceBehavior [ RunTime:0.001000s ]
INFO: [ app_end ] --END-- [ RunTime:0.001000s ]

[ 2019-01-02T10:58:36+08:00 ] 127.0.0.1 /index.php/Manager/Article/editArticle/id/1.html
INFO: [ app_init ] --START--
INFO: Run Behavior\BuildLiteBehavior [ RunTime:0.000000s ]
INFO: [ app_init ] --END-- [ RunTime:0.001000s ]
INFO: [ app_begin ] --START--
INFO: Run Behavior\ReadHtmlCacheBehavior [ RunTime:0.001000s ]
INFO: [ app_begin ] --END-- [ RunTime:0.001000s ]
SQL: SHOW COLUMNS FROM `db_admin_behavior` [ RunTime:0.0080s ]
NOTIC: [8] Undefined index: validate G:\Littlewhale\ThinkPHP\Library\Think\Model.class.php 第 1185 行.
NOTIC: [8] Undefined index: auto G:\Littlewhale\ThinkPHP\Library\Think\Model.class.php 第 1128 行.
SQL: INSERT INTO `db_admin_behavior` (`manager_id`,`username`,`name`,`router`,`url`,`param`,`is_ajax`,`add_time`) VALUES ('1','admin','编辑文章','Manager/Article/editArticle','http://www.xjxc.com/index.php/Manager/Article/editArticle/id/1.html','POST: 
Cookie:PHPSESSID=glnje530qap55vnbbtjda8eef1&ADMUSERNAME=admin','0','1546397916') [ RunTime:0.0080s ]
SQL: SHOW COLUMNS FROM `db_article_cate` [ RunTime:0.0090s ]
SQL: SELECT * FROM `db_article_cate` WHERE `status` = 1 AND `p_id` = 0  [ RunTime:0.0080s ]
SQL: SELECT * FROM `db_article_cate` WHERE `status` = 1 AND `p_id` = 1  [ RunTime:0.0080s ]
SQL: SELECT * FROM `db_article_cate` WHERE `status` = 1 AND `p_id` = 3  [ RunTime:0.0080s ]
SQL: SHOW COLUMNS FROM `db_article` [ RunTime:0.0090s ]
SQL: SELECT * FROM `db_article` WHERE `id` = 1 LIMIT 1   [ RunTime:0.0090s ]
SQL: SHOW COLUMNS FROM `db_file` [ RunTime:0.0090s ]
SQL: SELECT `path` FROM `db_file` WHERE `id` = 0 LIMIT 1   [ RunTime:0.0090s ]
SQL: SELECT * FROM `db_article_cate` WHERE `status` = 1 AND `id` = 1 LIMIT 1   [ RunTime:0.0080s ]
INFO: [ view_parse ] --START--
INFO: [ template_filter ] --START--
INFO: Run Behavior\ContentReplaceBehavior [ RunTime:0.000000s ]
INFO: [ template_filter ] --END-- [ RunTime:0.000000s ]
INFO: Run Behavior\ParseTemplateBehavior [ RunTime:0.014001s ]
INFO: [ view_parse ] --END-- [ RunTime:0.014001s ]
INFO: [ view_filter ] --START--
INFO: Run Behavior\WriteHtmlCacheBehavior [ RunTime:0.000000s ]
INFO: [ view_filter ] --END-- [ RunTime:0.000000s ]
INFO: [ app_end ] --START--
INFO: Run Behavior\ShowPageTraceBehavior [ RunTime:0.000000s ]
INFO: [ app_end ] --END-- [ RunTime:0.000000s ]

[ 2019-01-02T10:58:57+08:00 ] 127.0.0.1 /index.php/Manager/Article/editArticle.html
INFO: [ app_init ] --START--
INFO: Run Behavior\BuildLiteBehavior [ RunTime:0.000000s ]
INFO: [ app_init ] --END-- [ RunTime:0.001000s ]
INFO: [ app_begin ] --START--
INFO: Run Behavior\ReadHtmlCacheBehavior [ RunTime:0.000000s ]
INFO: [ app_begin ] --END-- [ RunTime:0.000000s ]
SQL: SHOW COLUMNS FROM `db_admin_behavior` [ RunTime:0.0090s ]
NOTIC: [8] Undefined index: validate G:\Littlewhale\ThinkPHP\Library\Think\Model.class.php 第 1185 行.
NOTIC: [8] Undefined index: auto G:\Littlewhale\ThinkPHP\Library\Think\Model.class.php 第 1128 行.
SQL: INSERT INTO `db_admin_behavior` (`manager_id`,`username`,`name`,`router`,`url`,`param`,`is_ajax`,`add_time`) VALUES ('1','admin','编辑文章','Manager/Article/editArticle','http://www.xjxc.com/index.php/Manager/Article/editArticle.html','POST: title=%E5%BC%80%E5%8F%91%E7%A5%A8%E8%A7%84%E5%88%99&cate_id=1&content=%3Cp%3E%0A%091%E3%80%81%E9%80%9A%E8%BF%87%E9%93%B6%E8%A1%8C%E5%8D%A1%28%E5%8C%85%E6%8B%AC%E4%BF%A1%E7%94%A8%E5%8D%A1%E5%92%8C%E5%80%9F%E8%AE%B0%E5%8D%A1%29%E5%92%8C%E7%BD%91.+%E4%B8%8A%E6%94%AF%E4%BB%98%E5%B9%B3%E5%8F%B0%28%E5%8C%85%E6%8B%AC%E6%94%AF%E4%BB%98%E5%AE%9D%E5%92%8C%E5%BE%AE%E4%BF%A1%E6%94%AF%E4%BB%98%29%E6%94%AF%E4%BB%98%E7%9A%84%E8%B4%B9%E7%94%A8%EF%BC%8C%E5%8F%AF%E7%94%A8%E4%BA%8E%E5%BC%80%E5%85%B7%E5%8F%91%E7%A5%A8%E3%80%82%E4%BB%A5%E4%BB%A3%E9%87%91%E5%88%B8%E3%80%81%E4%BC%98%E6%83%A0%E5%88%B8%E6%88%96%E8%90%A5%E9%94%80%E6%B4%BB%E5%8A%A8%E6%94%AF%E4%BB%98%E6%88%96%E5%86%B2%E6%8A%B5%E7%9A%84%E8%B4%B9%E7%94%A8%EF%BC%8C%E6%81%95%E4%B8%8D%E8%83%BD%E5%BC%80%E5%85%B7%E5%8F%91%E7%A5%A8%E3%80%82%26nbsp%3B%0A%3C%2Fp%3E%0A%3Cp%3E%0A%092%E3%80%81%E6%82%A8%E5%8F%AF%E5%9C%A8APP+%E3%80%90%E6%88%91%E7%9A%84%E3%80%91+-+%E3%80%90%E5%8F%91%E7%A5%A8%E7%AE%A1%E7%90%86%E3%80%91%E4%B8%AD%E6%8F%90%E4%BA%A4%E5%BC%80%E7%A5%A8%E9%9C%80%E6%B1%82%E3%80%82%E4%BB%85%E6%94%AF%E6%8C%81%E4%B8%80%E4%B8%AA%E6%9C%88%E4%BB%A5%E5%86%85%E7%9A%84%E8%AE%A2%E5%8D%95%E5%BC%80%E5%85%B7%E5%8F%91%E7%A5%A8%E3%80%82%26nbsp%3B%0A%3C%2Fp%3E%0A%3Cp%3E%0A%093%E3%80%81%E6%88%91%E4%BB%AC%E5%BC%80%E5%85%B7%E7%BB%8F%E4%B8%BB%E7%AE%A1%E7%A8%8E%E5%8A%A1%E6%9C%BA%E5%85%B3%E6%89%B9%E5%87%86%E7%9A%84%E5%A2%9E%E5%80%BC%E7%A8%8E%E7%94%B5%E5%AD%90%E6%99%AE%E9%80%9A%E5%8F%91%E7%A5%A8%E3%80%82%E6%A0%B9%E6%8D%AE%E7%A8%8E%E5%8A%A1%E6%B3%95%E5%BE%8B%E6%B3%95%E8%A7%84%E8%A7%84%E5%AE%9A%EF%BC%8C%E5%A6%82%E9%9C%80%E8%A6%81%E7%BA%B8%E8%B4%A8%E5%8F%91%E7%A5%A8%E7%9A%84%EF%BC%8C%E5%AE%A2%E6%88%B7%E5%8F%AF%E4%BB%A5%E8%87%AA%E8%A1%8C%E6%89%93%E5%8D%B0%E5%A2%9E%E5%80%BC%E7%A8%8E%E7%94%B5%E5%AD%90%E6%99%AE%E9%80%9A%E5%8F%91%E7%A5%A8%E7%9A%84PDF%E7%89%88%E5%BC%8F%E6%96%87%E4%BB%B6%E3%80%82%E5%A2%9E%E5%80%BC%E7%A8%8E%E7%94%B5%E5%AD%90%E6%99%AE%E9%80%9A%E5%8F%91%E7%A5%A8%E6%89%93%E5%8D%B0%E5%90%8E%EF%BC%8C%E5%85%B6%E6%B3%95%E5%BE%8B%E6%95%88%E5%8A%9B%E3%80%81%E5%9F%BA%E6%9C%AC%E7%94%A8%E9%80%94%E3%80%81%E5%9F%BA%E6%9C%AC%E4%BD%BF%E7%94%A8%E8%A7%84%E5%AE%9A%E7%AD%89%E4%B8%8E%E7%A8%8E%E5%8A%A1%E6%9C%BA%E5%85%B3%E7%9B%91%E5%88%B6%E7%9A%84%E5%A2%9E%E5%80%BC%E7%A8%8E%E6%99%AE%E9%80%9A%E5%8F%91%E7%A5%A8%E7%9B%B8%E5%90%8C%E3%80%82%26nbsp%3B%0A%3C%2Fp%3E%0A%3Cp%3E%0A%094%E3%80%81%E5%A6%82%E8%B4%AD%E4%B9%B0%E6%96%B9%E4%B8%BA%E4%BC%81%E4%B8%9A%E7%9A%84%EF%BC%8C%E9%99%A4%E5%8F%91%E7%A5%A8%E6%8A%AC%E5%A4%B4%E5%A1%AB%E5%86%99%E5%85%A8%E7%A7%B0%E5%A4%96%EF%BC%8C%E8%BF%98%E9%9C%80%E6%8F%90%E4%BE%9B%E5%87%86%E7%A1%AE%E7%9A%84%E7%BA%B3%E7%A8%8E%E4%BA%BA%E8%AF%86%E5%88%AB%E5%8F%B7%E6%88%96%E7%BB%9F%E4%B8%80%E7%A4%BE%E4%BC%9A%E4%BF%A1%E7%94%A8%E4%BB%A3%E7%A0%81%EF%BC%8C%E4%BB%A5%E5%85%8D%E6%97%A0%E6%B3%95%E6%AD%A3%E5%B8%B8%E6%8A%A5%E9%94%80%E3%80%82%0A%3C%2Fp%3E&sort=1&id=1
Cookie:PHPSESSID=glnje530qap55vnbbtjda8eef1&ADMUSERNAME=admin','1','1546397937') [ RunTime:0.0170s ]
NOTIC: [2] strpos() expects parameter 1 to be string, array given G:\Littlewhale\Vendor\Txunda\Txunda.Param.php 第 97 行.

[ 2019-01-02T10:58:59+08:00 ] 127.0.0.1 /index.php/Manager/Article/index.html
INFO: [ app_init ] --START--
INFO: Run Behavior\BuildLiteBehavior [ RunTime:0.000000s ]
INFO: [ app_init ] --END-- [ RunTime:0.000000s ]
INFO: [ app_begin ] --START--
INFO: Run Behavior\ReadHtmlCacheBehavior [ RunTime:0.000000s ]
INFO: [ app_begin ] --END-- [ RunTime:0.001000s ]
SQL: SHOW COLUMNS FROM `db_admin_behavior` [ RunTime:0.0090s ]
NOTIC: [8] Undefined index: validate G:\Littlewhale\ThinkPHP\Library\Think\Model.class.php 第 1185 行.
NOTIC: [8] Undefined index: auto G:\Littlewhale\ThinkPHP\Library\Think\Model.class.php 第 1128 行.
SQL: INSERT INTO `db_admin_behavior` (`manager_id`,`username`,`name`,`router`,`url`,`param`,`is_ajax`,`add_time`) VALUES ('1','admin','文章列表','Manager/Article/index','http://www.xjxc.com/index.php/Manager/Article/index.html','POST: 
Cookie:PHPSESSID=glnje530qap55vnbbtjda8eef1&ADMUSERNAME=admin','0','1546397939') [ RunTime:0.0100s ]
NOTIC: [8] Undefined index: title G:\Littlewhale\Application\Manager\Controller\ArticleController.class.php 第 23 行.
NOTIC: [8] Undefined index: id G:\Littlewhale\Application\Manager\Controller\ArticleController.class.php 第 26 行.
SQL: SHOW COLUMNS FROM `db_article` [ RunTime:0.0100s ]
NOTIC: [8] Undefined index: field_filter G:\Littlewhale\Application\Common\Service\ModelService.class.php 第 229 行.
NOTIC: [8] Undefined index: fetchSql G:\Littlewhale\Application\Common\Service\ModelService.class.php 第 245 行.
SQL: SELECT COUNT(*) AS tp_count FROM `db_article` WHERE `status` < 9 ORDER BY sort desc , id  desc LIMIT 1   [ RunTime:0.0090s ]
NOTIC: [8] Undefined index: parameter G:\Littlewhale\Application\Common\Service\ModelService.class.php 第 67 行.
NOTIC: [8] Undefined index: field_filter G:\Littlewhale\Application\Common\Service\ModelService.class.php 第 229 行.
NOTIC: [8] Undefined index: fetchSql G:\Littlewhale\Application\Common\Service\ModelService.class.php 第 245 行.
SQL: SELECT * FROM `db_article` WHERE `status` < 9 ORDER BY sort desc , id  desc LIMIT 0,15   [ RunTime:0.0100s ]
INFO: [ view_parse ] --START--
INFO: [ template_filter ] --START--
INFO: Run Behavior\ContentReplaceBehavior [ RunTime:0.000000s ]
INFO: [ template_filter ] --END-- [ RunTime:0.001000s ]
NOTIC: [8] Undefined index: title G:\Littlewhale\#Runtime\Cache\Manager\6e453c12a3cee21da8cfd4c387431496.php 第 135 行.
NOTIC: [8] Undefined index: id G:\Littlewhale\#Runtime\Cache\Manager\6e453c12a3cee21da8cfd4c387431496.php 第 140 行.
NOTIC: [8] Undefined index: sub_list G:\Littlewhale\#Runtime\Cache\Manager\6e453c12a3cee21da8cfd4c387431496.php 第 174 行.
NOTIC: [8] Undefined index: sub_list G:\Littlewhale\#Runtime\Cache\Manager\6e453c12a3cee21da8cfd4c387431496.php 第 174 行.
NOTIC: [8] Undefined index: sub_list G:\Littlewhale\#Runtime\Cache\Manager\6e453c12a3cee21da8cfd4c387431496.php 第 174 行.
NOTIC: [8] Undefined index: sub_list G:\Littlewhale\#Runtime\Cache\Manager\6e453c12a3cee21da8cfd4c387431496.php 第 174 行.
NOTIC: [8] Undefined index: sub_list G:\Littlewhale\#Runtime\Cache\Manager\6e453c12a3cee21da8cfd4c387431496.php 第 174 行.
NOTIC: [8] Undefined index: sub_list G:\Littlewhale\#Runtime\Cache\Manager\6e453c12a3cee21da8cfd4c387431496.php 第 174 行.
NOTIC: [8] Undefined index: sub_list G:\Littlewhale\#Runtime\Cache\Manager\6e453c12a3cee21da8cfd4c387431496.php 第 174 行.
NOTIC: [8] Undefined index: sub_list G:\Littlewhale\#Runtime\Cache\Manager\6e453c12a3cee21da8cfd4c387431496.php 第 174 行.
NOTIC: [8] Undefined index: sub_list G:\Littlewhale\#Runtime\Cache\Manager\6e453c12a3cee21da8cfd4c387431496.php 第 174 行.
NOTIC: [8] Undefined index: sub_list G:\Littlewhale\#Runtime\Cache\Manager\6e453c12a3cee21da8cfd4c387431496.php 第 174 行.
NOTIC: [8] Undefined index: sub_list G:\Littlewhale\#Runtime\Cache\Manager\6e453c12a3cee21da8cfd4c387431496.php 第 174 行.
NOTIC: [8] Undefined index: sub_list G:\Littlewhale\#Runtime\Cache\Manager\6e453c12a3cee21da8cfd4c387431496.php 第 174 行.
NOTIC: [8] Undefined index: sub_list G:\Littlewhale\#Runtime\Cache\Manager\6e453c12a3cee21da8cfd4c387431496.php 第 174 行.
NOTIC: [8] Undefined index: sub_list G:\Littlewhale\#Runtime\Cache\Manager\6e453c12a3cee21da8cfd4c387431496.php 第 174 行.
INFO: Run Behavior\ParseTemplateBehavior [ RunTime:0.039002s ]
INFO: [ view_parse ] --END-- [ RunTime:0.039002s ]
INFO: [ view_filter ] --START--
INFO: Run Behavior\WriteHtmlCacheBehavior [ RunTime:0.001000s ]
INFO: [ view_filter ] --END-- [ RunTime:0.001000s ]
INFO: [ app_end ] --START--
INFO: Run Behavior\ShowPageTraceBehavior [ RunTime:0.001000s ]
INFO: [ app_end ] --END-- [ RunTime:0.001000s ]

[ 2019-01-02T10:59:01+08:00 ] 127.0.0.1 /index.php/Manager/Article/editArticle/id/1.html
INFO: [ app_init ] --START--
INFO: Run Behavior\BuildLiteBehavior [ RunTime:0.000000s ]
INFO: [ app_init ] --END-- [ RunTime:0.000000s ]
INFO: [ app_begin ] --START--
INFO: Run Behavior\ReadHtmlCacheBehavior [ RunTime:0.001000s ]
INFO: [ app_begin ] --END-- [ RunTime:0.001000s ]
SQL: SHOW COLUMNS FROM `db_admin_behavior` [ RunTime:0.0090s ]
NOTIC: [8] Undefined index: validate G:\Littlewhale\ThinkPHP\Library\Think\Model.class.php 第 1185 行.
NOTIC: [8] Undefined index: auto G:\Littlewhale\ThinkPHP\Library\Think\Model.class.php 第 1128 行.
SQL: INSERT INTO `db_admin_behavior` (`manager_id`,`username`,`name`,`router`,`url`,`param`,`is_ajax`,`add_time`) VALUES ('1','admin','编辑文章','Manager/Article/editArticle','http://www.xjxc.com/index.php/Manager/Article/editArticle/id/1.html','POST: 
Cookie:PHPSESSID=glnje530qap55vnbbtjda8eef1&ADMUSERNAME=admin','0','1546397941') [ RunTime:0.0090s ]
SQL: SHOW COLUMNS FROM `db_article_cate` [ RunTime:0.0080s ]
SQL: SELECT * FROM `db_article_cate` WHERE `status` = 1 AND `p_id` = 0  [ RunTime:0.0080s ]
SQL: SELECT * FROM `db_article_cate` WHERE `status` = 1 AND `p_id` = 1  [ RunTime:0.0080s ]
SQL: SELECT * FROM `db_article_cate` WHERE `status` = 1 AND `p_id` = 3  [ RunTime:0.0080s ]
SQL: SHOW COLUMNS FROM `db_article` [ RunTime:0.0090s ]
SQL: SELECT * FROM `db_article` WHERE `id` = 1 LIMIT 1   [ RunTime:0.0090s ]
SQL: SHOW COLUMNS FROM `db_file` [ RunTime:0.0080s ]
SQL: SELECT `path` FROM `db_file` WHERE `id` = 0 LIMIT 1   [ RunTime:0.0090s ]
SQL: SELECT * FROM `db_article_cate` WHERE `status` = 1 AND `id` = 1 LIMIT 1   [ RunTime:0.0080s ]
INFO: [ view_parse ] --START--
INFO: [ template_filter ] --START--
INFO: Run Behavior\ContentReplaceBehavior [ RunTime:0.000000s ]
INFO: [ template_filter ] --END-- [ RunTime:0.000000s ]
INFO: Run Behavior\ParseTemplateBehavior [ RunTime:0.016001s ]
INFO: [ view_parse ] --END-- [ RunTime:0.017001s ]
INFO: [ view_filter ] --START--
INFO: Run Behavior\WriteHtmlCacheBehavior [ RunTime:0.000000s ]
INFO: [ view_filter ] --END-- [ RunTime:0.000000s ]
INFO: [ app_end ] --START--
INFO: Run Behavior\ShowPageTraceBehavior [ RunTime:0.001000s ]
INFO: [ app_end ] --END-- [ RunTime:0.001000s ]

[ 2019-01-02T10:59:16+08:00 ] 127.0.0.1 /index.php/Manager/Article/editArticle.html
INFO: [ app_init ] --START--
INFO: Run Behavior\BuildLiteBehavior [ RunTime:0.000000s ]
INFO: [ app_init ] --END-- [ RunTime:0.001000s ]
INFO: [ app_begin ] --START--
INFO: Run Behavior\ReadHtmlCacheBehavior [ RunTime:0.000000s ]
INFO: [ app_begin ] --END-- [ RunTime:0.000000s ]
SQL: SHOW COLUMNS FROM `db_admin_behavior` [ RunTime:0.0100s ]
NOTIC: [8] Undefined index: validate G:\Littlewhale\ThinkPHP\Library\Think\Model.class.php 第 1185 行.
NOTIC: [8] Undefined index: auto G:\Littlewhale\ThinkPHP\Library\Think\Model.class.php 第 1128 行.
SQL: INSERT INTO `db_admin_behavior` (`manager_id`,`username`,`name`,`router`,`url`,`param`,`is_ajax`,`add_time`) VALUES ('1','admin','编辑文章','Manager/Article/editArticle','http://www.xjxc.com/index.php/Manager/Article/editArticle.html','POST: title=%E5%BC%80%E5%8F%91%E7%A5%A8%E8%A7%84%E5%88%99&cate_id=1&content=1%E3%80%81%E9%80%9A%E8%BF%87%E9%93%B6%E8%A1%8C%E5%8D%A1%28%E5%8C%85%E6%8B%AC%E4%BF%A1%E7%94%A8%E5%8D%A1%E5%92%8C%E5%80%9F%E8%AE%B0%E5%8D%A1%29%E5%92%8C%E7%BD%91.+%E4%B8%8A%E6%94%AF%E4%BB%98%E5%B9%B3%E5%8F%B0%28%E5%8C%85%E6%8B%AC%E6%94%AF%E4%BB%98%E5%AE%9D%E5%92%8C%E5%BE%AE%E4%BF%A1%E6%94%AF%E4%BB%98%29%E6%94%AF%E4%BB%98%E7%9A%84%E8%B4%B9%E7%94%A8%EF%BC%8C%E5%8F%AF%E7%94%A8%E4%BA%8E%E5%BC%80%E5%85%B7%E5%8F%91%E7%A5%A8%E3%80%82%E4%BB%A5%E4%BB%A3%E9%87%91%E5%88%B8%E3%80%81%E4%BC%98%E6%83%A0%E5%88%B8%E6%88%96%E8%90%A5%E9%94%80%E6%B4%BB%E5%8A%A8%E6%94%AF%E4%BB%98%E6%88%96%E5%86%B2%E6%8A%B5%E7%9A%84%E8%B4%B9%E7%94%A8%EF%BC%8C%E6%81%95%E4%B8%8D%E8%83%BD%E5%BC%80%E5%85%B7%E5%8F%91%E7%A5%A8%E3%80%82%0A2%E3%80%81%E6%82%A8%E5%8F%AF%E5%9C%A8APP+%E3%80%90%E6%88%91%E7%9A%84%E3%80%91+-+%E3%80%90%E5%8F%91%E7%A5%A8%E7%AE%A1%E7%90%86%E3%80%91%E4%B8%AD%E6%8F%90%E4%BA%A4%E5%BC%80%E7%A5%A8%E9%9C%80%E6%B1%82%E3%80%82%E4%BB%85%E6%94%AF%E6%8C%81%E4%B8%80%E4%B8%AA%E6%9C%88%E4%BB%A5%E5%86%85%E7%9A%84%E8%AE%A2%E5%8D%95%E5%BC%80%E5%85%B7%E5%8F%91%E7%A5%A8%E3%80%82%0A3%E3%80%81%E6%88%91%E4%BB%AC%E5%BC%80%E5%85%B7%E7%BB%8F%E4%B8%BB%E7%AE%A1%E7%A8%8E%E5%8A%A1%E6%9C%BA%E5%85%B3%E6%89%B9%E5%87%86%E7%9A%84%E5%A2%9E%E5%80%BC%E7%A8%8E%E7%94%B5%E5%AD%90%E6%99%AE%E9%80%9A%E5%8F%91%E7%A5%A8%E3%80%82%E6%A0%B9%E6%8D%AE%E7%A8%8E%E5%8A%A1%E6%B3%95%E5%BE%8B%E6%B3%95%E8%A7%84%E8%A7%84%E5%AE%9A%EF%BC%8C%E5%A6%82%E9%9C%80%E8%A6%81%E7%BA%B8%E8%B4%A8%E5%8F%91%E7%A5%A8%E7%9A%84%EF%BC%8C%E5%AE%A2%E6%88%B7%E5%8F%AF%E4%BB%A5%E8%87%AA%E8%A1%8C%E6%89%93%E5%8D%B0%E5%A2%9E%E5%80%BC%E7%A8%8E%E7%94%B5%E5%AD%90%E6%99%AE%E9%80%9A%E5%8F%91%E7%A5%A8%E7%9A%84PDF%E7%89%88%E5%BC%8F%E6%96%87%E4%BB%B6%E3%80%82%E5%A2%9E%E5%80%BC%E7%A8%8E%E7%94%B5%E5%AD%90%E6%99%AE%E9%80%9A%E5%8F%91%E7%A5%A8%E6%89%93%E5%8D%B0%E5%90%8E%EF%BC%8C%E5%85%B6%E6%B3%95%E5%BE%8B%E6%95%88%E5%8A%9B%E3%80%81%E5%9F%BA%E6%9C%AC%E7%94%A8%E9%80%94%E3%80%81%E5%9F%BA%E6%9C%AC%E4%BD%BF%E7%94%A8%E8%A7%84%E5%AE%9A%E7%AD%89%E4%B8%8E%E7%A8%8E%E5%8A%A1%E6%9C%BA%E5%85%B3%E7%9B%91%E5%88%B6%E7%9A%84%E5%A2%9E%E5%80%BC%E7%A8%8E%E6%99%AE%E9%80%9A%E5%8F%91%E7%A5%A8%E7%9B%B8%E5%90%8C%E3%80%82%0A4%E3%80%81%E5%A6%82%E8%B4%AD%E4%B9%B0%E6%96%B9%E4%B8%BA%E4%BC%81%E4%B8%9A%E7%9A%84%EF%BC%8C%E9%99%A4%E5%8F%91%E7%A5%A8%E6%8A%AC%E5%A4%B4%E5%A1%AB%E5%86%99%E5%85%A8%E7%A7%B0%E5%A4%96%EF%BC%8C%E8%BF%98%E9%9C%80%E6%8F%90%E4%BE%9B%E5%87%86%E7%A1%AE%E7%9A%84%E7%BA%B3%E7%A8%8E%E4%BA%BA%E8%AF%86%E5%88%AB%E5%8F%B7%E6%88%96%E7%BB%9F%E4%B8%80%E7%A4%BE%E4%BC%9A%E4%BF%A1%E7%94%A8%E4%BB%A3%E7%A0%81%EF%BC%8C%E4%BB%A5%E5%85%8D%E6%97%A0%E6%B3%95%E6%AD%A3%E5%B8%B8%E6%8A%A5%E9%94%80%E3%80%82&sort=1&id=1
Cookie:PHPSESSID=glnje530qap55vnbbtjda8eef1&ADMUSERNAME=admin','1','1546397956') [ RunTime:0.0110s ]
NOTIC: [2] strpos() expects parameter 1 to be string, array given G:\Littlewhale\Vendor\Txunda\Txunda.Param.php 第 97 行.

[ 2019-01-02T10:59:17+08:00 ] 127.0.0.1 /index.php/Manager/Article/index.html
INFO: [ app_init ] --START--
INFO: Run Behavior\BuildLiteBehavior [ RunTime:0.000000s ]
INFO: [ app_init ] --END-- [ RunTime:0.001000s ]
INFO: [ app_begin ] --START--
INFO: Run Behavior\ReadHtmlCacheBehavior [ RunTime:0.000000s ]
INFO: [ app_begin ] --END-- [ RunTime:0.001000s ]
SQL: SHOW COLUMNS FROM `db_admin_behavior` [ RunTime:0.0080s ]
NOTIC: [8] Undefined index: validate G:\Littlewhale\ThinkPHP\Library\Think\Model.class.php 第 1185 行.
NOTIC: [8] Undefined index: auto G:\Littlewhale\ThinkPHP\Library\Think\Model.class.php 第 1128 行.
SQL: INSERT INTO `db_admin_behavior` (`manager_id`,`username`,`name`,`router`,`url`,`param`,`is_ajax`,`add_time`) VALUES ('1','admin','文章列表','Manager/Article/index','http://www.xjxc.com/index.php/Manager/Article/index.html','POST: 
Cookie:PHPSESSID=glnje530qap55vnbbtjda8eef1&ADMUSERNAME=admin','0','1546397957') [ RunTime:0.0080s ]
NOTIC: [8] Undefined index: title G:\Littlewhale\Application\Manager\Controller\ArticleController.class.php 第 23 行.
NOTIC: [8] Undefined index: id G:\Littlewhale\Application\Manager\Controller\ArticleController.class.php 第 26 行.
SQL: SHOW COLUMNS FROM `db_article` [ RunTime:0.0090s ]
NOTIC: [8] Undefined index: field_filter G:\Littlewhale\Application\Common\Service\ModelService.class.php 第 229 行.
NOTIC: [8] Undefined index: fetchSql G:\Littlewhale\Application\Common\Service\ModelService.class.php 第 245 行.
SQL: SELECT COUNT(*) AS tp_count FROM `db_article` WHERE `status` < 9 ORDER BY sort desc , id  desc LIMIT 1   [ RunTime:0.0080s ]
NOTIC: [8] Undefined index: parameter G:\Littlewhale\Application\Common\Service\ModelService.class.php 第 67 行.
NOTIC: [8] Undefined index: field_filter G:\Littlewhale\Application\Common\Service\ModelService.class.php 第 229 行.
NOTIC: [8] Undefined index: fetchSql G:\Littlewhale\Application\Common\Service\ModelService.class.php 第 245 行.
SQL: SELECT * FROM `db_article` WHERE `status` < 9 ORDER BY sort desc , id  desc LIMIT 0,15   [ RunTime:0.0100s ]
INFO: [ view_parse ] --START--
INFO: [ template_filter ] --START--
INFO: Run Behavior\ContentReplaceBehavior [ RunTime:0.001000s ]
INFO: [ template_filter ] --END-- [ RunTime:0.001000s ]
NOTIC: [8] Undefined index: title G:\Littlewhale\#Runtime\Cache\Manager\6e453c12a3cee21da8cfd4c387431496.php 第 135 行.
NOTIC: [8] Undefined index: id G:\Littlewhale\#Runtime\Cache\Manager\6e453c12a3cee21da8cfd4c387431496.php 第 140 行.
NOTIC: [8] Undefined index: sub_list G:\Littlewhale\#Runtime\Cache\Manager\6e453c12a3cee21da8cfd4c387431496.php 第 174 行.
NOTIC: [8] Undefined index: sub_list G:\Littlewhale\#Runtime\Cache\Manager\6e453c12a3cee21da8cfd4c387431496.php 第 174 行.
NOTIC: [8] Undefined index: sub_list G:\Littlewhale\#Runtime\Cache\Manager\6e453c12a3cee21da8cfd4c387431496.php 第 174 行.
NOTIC: [8] Undefined index: sub_list G:\Littlewhale\#Runtime\Cache\Manager\6e453c12a3cee21da8cfd4c387431496.php 第 174 行.
NOTIC: [8] Undefined index: sub_list G:\Littlewhale\#Runtime\Cache\Manager\6e453c12a3cee21da8cfd4c387431496.php 第 174 行.
NOTIC: [8] Undefined index: sub_list G:\Littlewhale\#Runtime\Cache\Manager\6e453c12a3cee21da8cfd4c387431496.php 第 174 行.
NOTIC: [8] Undefined index: sub_list G:\Littlewhale\#Runtime\Cache\Manager\6e453c12a3cee21da8cfd4c387431496.php 第 174 行.
NOTIC: [8] Undefined index: sub_list G:\Littlewhale\#Runtime\Cache\Manager\6e453c12a3cee21da8cfd4c387431496.php 第 174 行.
NOTIC: [8] Undefined index: sub_list G:\Littlewhale\#Runtime\Cache\Manager\6e453c12a3cee21da8cfd4c387431496.php 第 174 行.
NOTIC: [8] Undefined index: sub_list G:\Littlewhale\#Runtime\Cache\Manager\6e453c12a3cee21da8cfd4c387431496.php 第 174 行.
NOTIC: [8] Undefined index: sub_list G:\Littlewhale\#Runtime\Cache\Manager\6e453c12a3cee21da8cfd4c387431496.php 第 174 行.
NOTIC: [8] Undefined index: sub_list G:\Littlewhale\#Runtime\Cache\Manager\6e453c12a3cee21da8cfd4c387431496.php 第 174 行.
NOTIC: [8] Undefined index: sub_list G:\Littlewhale\#Runtime\Cache\Manager\6e453c12a3cee21da8cfd4c387431496.php 第 174 行.
NOTIC: [8] Undefined index: sub_list G:\Littlewhale\#Runtime\Cache\Manager\6e453c12a3cee21da8cfd4c387431496.php 第 174 行.
INFO: Run Behavior\ParseTemplateBehavior [ RunTime:0.034002s ]
INFO: [ view_parse ] --END-- [ RunTime:0.034002s ]
INFO: [ view_filter ] --START--
INFO: Run Behavior\WriteHtmlCacheBehavior [ RunTime:0.000000s ]
INFO: [ view_filter ] --END-- [ RunTime:0.000000s ]
INFO: [ app_end ] --START--
INFO: Run Behavior\ShowPageTraceBehavior [ RunTime:0.000000s ]
INFO: [ app_end ] --END-- [ RunTime:0.000000s ]

[ 2019-01-02T10:59:49+08:00 ] 127.0.0.1 /index.php/Manager/Article/editArticle/id/1.html
INFO: [ app_init ] --START--
INFO: Run Behavior\BuildLiteBehavior [ RunTime:0.000000s ]
INFO: [ app_init ] --END-- [ RunTime:0.001000s ]
INFO: [ app_begin ] --START--
INFO: Run Behavior\ReadHtmlCacheBehavior [ RunTime:0.001000s ]
INFO: [ app_begin ] --END-- [ RunTime:0.001000s ]
SQL: SHOW COLUMNS FROM `db_admin_behavior` [ RunTime:0.0080s ]
NOTIC: [8] Undefined index: validate G:\Littlewhale\ThinkPHP\Library\Think\Model.class.php 第 1185 行.
NOTIC: [8] Undefined index: auto G:\Littlewhale\ThinkPHP\Library\Think\Model.class.php 第 1128 行.
SQL: INSERT INTO `db_admin_behavior` (`manager_id`,`username`,`name`,`router`,`url`,`param`,`is_ajax`,`add_time`) VALUES ('1','admin','编辑文章','Manager/Article/editArticle','http://www.xjxc.com/index.php/Manager/Article/editArticle/id/1.html','POST: 
Cookie:PHPSESSID=glnje530qap55vnbbtjda8eef1&ADMUSERNAME=admin','0','1546397989') [ RunTime:0.0080s ]
SQL: SHOW COLUMNS FROM `db_article_cate` [ RunTime:0.0090s ]
SQL: SELECT * FROM `db_article_cate` WHERE `status` = 1 AND `p_id` = 0  [ RunTime:0.0080s ]
SQL: SELECT * FROM `db_article_cate` WHERE `status` = 1 AND `p_id` = 1  [ RunTime:0.0090s ]
SQL: SELECT * FROM `db_article_cate` WHERE `status` = 1 AND `p_id` = 3  [ RunTime:0.0080s ]
SQL: SHOW COLUMNS FROM `db_article` [ RunTime:0.0120s ]
SQL: SELECT * FROM `db_article` WHERE `id` = 1 LIMIT 1   [ RunTime:0.0090s ]
SQL: SHOW COLUMNS FROM `db_file` [ RunTime:0.0090s ]
SQL: SELECT `path` FROM `db_file` WHERE `id` = 0 LIMIT 1   [ RunTime:0.0080s ]
SQL: SELECT * FROM `db_article_cate` WHERE `status` = 1 AND `id` = 1 LIMIT 1   [ RunTime:0.0070s ]
INFO: [ view_parse ] --START--
INFO: [ template_filter ] --START--
INFO: Run Behavior\ContentReplaceBehavior [ RunTime:0.000000s ]
INFO: [ template_filter ] --END-- [ RunTime:0.001000s ]
INFO: Run Behavior\ParseTemplateBehavior [ RunTime:0.013001s ]
INFO: [ view_parse ] --END-- [ RunTime:0.013001s ]
INFO: [ view_filter ] --START--
INFO: Run Behavior\WriteHtmlCacheBehavior [ RunTime:0.000000s ]
INFO: [ view_filter ] --END-- [ RunTime:0.000000s ]
INFO: [ app_end ] --START--
INFO: Run Behavior\ShowPageTraceBehavior [ RunTime:0.000000s ]
INFO: [ app_end ] --END-- [ RunTime:0.001000s ]

[ 2019-01-02T11:00:04+08:00 ] 127.0.0.1 /index.php/Manager/Index/uploadFile
INFO: [ app_init ] --START--
INFO: Run Behavior\BuildLiteBehavior [ RunTime:0.000000s ]
INFO: [ app_init ] --END-- [ RunTime:0.000000s ]
INFO: [ app_begin ] --START--
INFO: Run Behavior\ReadHtmlCacheBehavior [ RunTime:0.000000s ]
INFO: [ app_begin ] --END-- [ RunTime:0.000000s ]
NOTIC: [2] call_user_func() expects parameter 1 to be a valid callback, no array or string given G:\Littlewhale\ThinkPHP\Library\Think\Upload.class.php 第 171 行.
SQL: SHOW COLUMNS FROM `db_file` [ RunTime:0.0090s ]
SQL: INSERT INTO `db_file` (`savepath`,`path`,`size`,`name`,`ext`) VALUES ('/Uploads/Index/2019-01-02/5c2c293461605.png','/Uploads/Index/2019-01-02/5c2c293461605.png','130819','个人中心-背景@3x.png','png') [ RunTime:0.0100s ]

[ 2019-01-02T11:00:06+08:00 ] 127.0.0.1 /index.php/Manager/Article/editArticle.html
INFO: [ app_init ] --START--
INFO: Run Behavior\BuildLiteBehavior [ RunTime:0.000000s ]
INFO: [ app_init ] --END-- [ RunTime:0.001000s ]
INFO: [ app_begin ] --START--
INFO: Run Behavior\ReadHtmlCacheBehavior [ RunTime:0.001000s ]
INFO: [ app_begin ] --END-- [ RunTime:0.002000s ]
SQL: SHOW COLUMNS FROM `db_admin_behavior` [ RunTime:0.0080s ]
NOTIC: [8] Undefined index: validate G:\Littlewhale\ThinkPHP\Library\Think\Model.class.php 第 1185 行.
NOTIC: [8] Undefined index: auto G:\Littlewhale\ThinkPHP\Library\Think\Model.class.php 第 1128 行.
SQL: INSERT INTO `db_admin_behavior` (`manager_id`,`username`,`name`,`router`,`url`,`param`,`is_ajax`,`add_time`) VALUES ('1','admin','编辑文章','Manager/Article/editArticle','http://www.xjxc.com/index.php/Manager/Article/editArticle.html','POST: title=%E5%BC%80%E5%8F%91%E7%A5%A8%E8%A7%84%E5%88%99&cate_id=1&cover=219&content=1%E3%80%81%E9%80%9A%E8%BF%87%E9%93%B6%E8%A1%8C%E5%8D%A1%28%E5%8C%85%E6%8B%AC%E4%BF%A1%E7%94%A8%E5%8D%A1%E5%92%8C%E5%80%9F%E8%AE%B0%E5%8D%A1%29%E5%92%8C%E7%BD%91.+%E4%B8%8A%E6%94%AF%E4%BB%98%E5%B9%B3%E5%8F%B0%28%E5%8C%85%E6%8B%AC%E6%94%AF%E4%BB%98%E5%AE%9D%E5%92%8C%E5%BE%AE%E4%BF%A1%E6%94%AF%E4%BB%98%29%E6%94%AF%E4%BB%98%E7%9A%84%E8%B4%B9%E7%94%A8%EF%BC%8C%E5%8F%AF%E7%94%A8%E4%BA%8E%E5%BC%80%E5%85%B7%E5%8F%91%E7%A5%A8%E3%80%82%E4%BB%A5%E4%BB%A3%E9%87%91%E5%88%B8%E3%80%81%E4%BC%98%E6%83%A0%E5%88%B8%E6%88%96%E8%90%A5%E9%94%80%E6%B4%BB%E5%8A%A8%E6%94%AF%E4%BB%98%E6%88%96%E5%86%B2%E6%8A%B5%E7%9A%84%E8%B4%B9%E7%94%A8%EF%BC%8C%E6%81%95%E4%B8%8D%E8%83%BD%E5%BC%80%E5%85%B7%E5%8F%91%E7%A5%A8%E3%80%82%0A%0A++++++2%E3%80%81%E6%82%A8%E5%8F%AF%E5%9C%A8APP+%E3%80%90%E6%88%91%E7%9A%84%E3%80%91+-+%E3%80%90%E5%8F%91%E7%A5%A8%E7%AE%A1%E7%90%86%E3%80%91%E4%B8%AD%E6%8F%90%E4%BA%A4%E5%BC%80%E7%A5%A8%E9%9C%80%E6%B1%82%E3%80%82%E4%BB%85%E6%94%AF%E6%8C%81%E4%B8%80%E4%B8%AA%E6%9C%88%E4%BB%A5%E5%86%85%E7%9A%84%E8%AE%A2%E5%8D%95%E5%BC%80%E5%85%B7%E5%8F%91%E7%A5%A8%E3%80%82%0A%0A++++++3%E3%80%81%E6%88%91%E4%BB%AC%E5%BC%80%E5%85%B7%E7%BB%8F%E4%B8%BB%E7%AE%A1%E7%A8%8E%E5%8A%A1%E6%9C%BA%E5%85%B3%E6%89%B9%E5%87%86%E7%9A%84%E5%A2%9E%E5%80%BC%E7%A8%8E%E7%94%B5%E5%AD%90%E6%99%AE%E9%80%9A%E5%8F%91%E7%A5%A8%E3%80%82%E6%A0%B9%E6%8D%AE%E7%A8%8E%E5%8A%A1%E6%B3%95%E5%BE%8B%E6%B3%95%E8%A7%84%E8%A7%84%E5%AE%9A%EF%BC%8C%E5%A6%82%E9%9C%80%E8%A6%81%E7%BA%B8%E8%B4%A8%E5%8F%91%E7%A5%A8%E7%9A%84%EF%BC%8C%E5%AE%A2%E6%88%B7%E5%8F%AF%E4%BB%A5%E8%87%AA%E8%A1%8C%E6%89%93%E5%8D%B0%E5%A2%9E%E5%80%BC%E7%A8%8E%E7%94%B5%E5%AD%90%E6%99%AE%E9%80%9A%E5%8F%91%E7%A5%A8%E7%9A%84PDF%E7%89%88%E5%BC%8F%E6%96%87%E4%BB%B6%E3%80%82%E5%A2%9E%E5%80%BC%E7%A8%8E%E7%94%B5%E5%AD%90%E6%99%AE%E9%80%9A%E5%8F%91%E7%A5%A8%E6%89%93%E5%8D%B0%E5%90%8E%EF%BC%8C%E5%85%B6%E6%B3%95%E5%BE%8B%E6%95%88%E5%8A%9B%E3%80%81%E5%9F%BA%E6%9C%AC%E7%94%A8%E9%80%94%E3%80%81%E5%9F%BA%E6%9C%AC%E4%BD%BF%E7%94%A8%E8%A7%84%E5%AE%9A%E7%AD%89%E4%B8%8E%E7%A8%8E%E5%8A%A1%E6%9C%BA%E5%85%B3%E7%9B%91%E5%88%B6%E7%9A%84%E5%A2%9E%E5%80%BC%E7%A8%8E%E6%99%AE%E9%80%9A%E5%8F%91%E7%A5%A8%E7%9B%B8%E5%90%8C%E3%80%82%0A%0A++++++4%E3%80%81%E5%A6%82%E8%B4%AD%E4%B9%B0%E6%96%B9%E4%B8%BA%E4%BC%81%E4%B8%9A%E7%9A%84%EF%BC%8C%E9%99%A4%E5%8F%91%E7%A5%A8%E6%8A%AC%E5%A4%B4%E5%A1%AB%E5%86%99%E5%85%A8%E7%A7%B0%E5%A4%96%EF%BC%8C%E8%BF%98%E9%9C%80%E6%8F%90%E4%BE%9B%E5%87%86%E7%A1%AE%E7%9A%84%E7%BA%B3%E7%A8%8E%E4%BA%BA%E8%AF%86%E5%88%AB%E5%8F%B7%E6%88%96%E7%BB%9F%E4%B8%80%E7%A4%BE%E4%BC%9A%E4%BF%A1%E7%94%A8%E4%BB%A3%E7%A0%81%EF%BC%8C%E4%BB%A5%E5%85%8D%E6%97%A0%E6%B3%95%E6%AD%A3%E5%B8%B8%E6%8A%A5%E9%94%80%E3%80%82&sort=1&id=1
Cookie:PHPSESSID=glnje530qap55vnbbtjda8eef1&ADMUSERNAME=admin','1','1546398006') [ RunTime:0.0160s ]
NOTIC: [2] strpos() expects parameter 1 to be string, array given G:\Littlewhale\Vendor\Txunda\Txunda.Param.php 第 97 行.
SQL: SHOW COLUMNS FROM `db_article` [ RunTime:0.0090s ]
SQL: UPDATE `db_article` SET `cate_id`='1',`id`='1',`title`='开发票规则',`sort`='1',`cover`='219',`content`='1、通过银行卡(包括信用卡和借记卡)和网. 上支付平台(包括支付宝和微信支付)支付的费用，可用于开具发票。以代金券、优惠券或营销活动支付或冲抵的费用，恕不能开具发票。

      2、您可在APP 【我的】 - 【发票管理】中提交开票需求。仅支持一个月以内的订单开具发票。

      3、我们开具经主管税务机关批准的增值税电子普通发票。根据税务法律法规规定，如需要纸质发票的，客户可以自行打印增值税电子普通发票的PDF版式文件。增值税电子普通发票打印后，其法律效力、基本用途、基本使用规定等与税务机关监制的增值税普通发票相同。

      4、如购买方为企业的，除发票抬头填写全称外，还需提供准确的纳税人识别号或统一社会信用代码，以免无法正常报销。',`admin_id`='1' WHERE `id` = 1 [ RunTime:0.0090s ]

[ 2019-01-02T11:00:08+08:00 ] 127.0.0.1 /index.php/Manager/Article/index.html
INFO: [ app_init ] --START--
INFO: Run Behavior\BuildLiteBehavior [ RunTime:0.000000s ]
INFO: [ app_init ] --END-- [ RunTime:0.001000s ]
INFO: [ app_begin ] --START--
INFO: Run Behavior\ReadHtmlCacheBehavior [ RunTime:0.002000s ]
INFO: [ app_begin ] --END-- [ RunTime:0.002000s ]
SQL: SHOW COLUMNS FROM `db_admin_behavior` [ RunTime:0.0080s ]
NOTIC: [8] Undefined index: validate G:\Littlewhale\ThinkPHP\Library\Think\Model.class.php 第 1185 行.
NOTIC: [8] Undefined index: auto G:\Littlewhale\ThinkPHP\Library\Think\Model.class.php 第 1128 行.
SQL: INSERT INTO `db_admin_behavior` (`manager_id`,`username`,`name`,`router`,`url`,`param`,`is_ajax`,`add_time`) VALUES ('1','admin','文章列表','Manager/Article/index','http://www.xjxc.com/index.php/Manager/Article/index.html','POST: 
Cookie:PHPSESSID=glnje530qap55vnbbtjda8eef1&ADMUSERNAME=admin','0','1546398008') [ RunTime:0.0090s ]
NOTIC: [8] Undefined index: title G:\Littlewhale\Application\Manager\Controller\ArticleController.class.php 第 23 行.
NOTIC: [8] Undefined index: id G:\Littlewhale\Application\Manager\Controller\ArticleController.class.php 第 26 行.
SQL: SHOW COLUMNS FROM `db_article` [ RunTime:0.0090s ]
NOTIC: [8] Undefined index: field_filter G:\Littlewhale\Application\Common\Service\ModelService.class.php 第 229 行.
NOTIC: [8] Undefined index: fetchSql G:\Littlewhale\Application\Common\Service\ModelService.class.php 第 245 行.
SQL: SELECT COUNT(*) AS tp_count FROM `db_article` WHERE `status` < 9 ORDER BY sort desc , id  desc LIMIT 1   [ RunTime:0.0080s ]
NOTIC: [8] Undefined index: parameter G:\Littlewhale\Application\Common\Service\ModelService.class.php 第 67 行.
NOTIC: [8] Undefined index: field_filter G:\Littlewhale\Application\Common\Service\ModelService.class.php 第 229 行.
NOTIC: [8] Undefined index: fetchSql G:\Littlewhale\Application\Common\Service\ModelService.class.php 第 245 行.
SQL: SELECT * FROM `db_article` WHERE `status` < 9 ORDER BY sort desc , id  desc LIMIT 0,15   [ RunTime:0.0090s ]
INFO: [ view_parse ] --START--
INFO: [ template_filter ] --START--
INFO: Run Behavior\ContentReplaceBehavior [ RunTime:0.000000s ]
INFO: [ template_filter ] --END-- [ RunTime:0.001000s ]
NOTIC: [8] Undefined index: title G:\Littlewhale\#Runtime\Cache\Manager\6e453c12a3cee21da8cfd4c387431496.php 第 135 行.
NOTIC: [8] Undefined index: id G:\Littlewhale\#Runtime\Cache\Manager\6e453c12a3cee21da8cfd4c387431496.php 第 140 行.
NOTIC: [8] Undefined index: sub_list G:\Littlewhale\#Runtime\Cache\Manager\6e453c12a3cee21da8cfd4c387431496.php 第 174 行.
NOTIC: [8] Undefined index: sub_list G:\Littlewhale\#Runtime\Cache\Manager\6e453c12a3cee21da8cfd4c387431496.php 第 174 行.
NOTIC: [8] Undefined index: sub_list G:\Littlewhale\#Runtime\Cache\Manager\6e453c12a3cee21da8cfd4c387431496.php 第 174 行.
NOTIC: [8] Undefined index: sub_list G:\Littlewhale\#Runtime\Cache\Manager\6e453c12a3cee21da8cfd4c387431496.php 第 174 行.
NOTIC: [8] Undefined index: sub_list G:\Littlewhale\#Runtime\Cache\Manager\6e453c12a3cee21da8cfd4c387431496.php 第 174 行.
NOTIC: [8] Undefined index: sub_list G:\Littlewhale\#Runtime\Cache\Manager\6e453c12a3cee21da8cfd4c387431496.php 第 174 行.
NOTIC: [8] Undefined index: sub_list G:\Littlewhale\#Runtime\Cache\Manager\6e453c12a3cee21da8cfd4c387431496.php 第 174 行.
NOTIC: [8] Undefined index: sub_list G:\Littlewhale\#Runtime\Cache\Manager\6e453c12a3cee21da8cfd4c387431496.php 第 174 行.
NOTIC: [8] Undefined index: sub_list G:\Littlewhale\#Runtime\Cache\Manager\6e453c12a3cee21da8cfd4c387431496.php 第 174 行.
NOTIC: [8] Undefined index: sub_list G:\Littlewhale\#Runtime\Cache\Manager\6e453c12a3cee21da8cfd4c387431496.php 第 174 行.
NOTIC: [8] Undefined index: sub_list G:\Littlewhale\#Runtime\Cache\Manager\6e453c12a3cee21da8cfd4c387431496.php 第 174 行.
NOTIC: [8] Undefined index: sub_list G:\Littlewhale\#Runtime\Cache\Manager\6e453c12a3cee21da8cfd4c387431496.php 第 174 行.
NOTIC: [8] Undefined index: sub_list G:\Littlewhale\#Runtime\Cache\Manager\6e453c12a3cee21da8cfd4c387431496.php 第 174 行.
NOTIC: [8] Undefined index: sub_list G:\Littlewhale\#Runtime\Cache\Manager\6e453c12a3cee21da8cfd4c387431496.php 第 174 行.
INFO: Run Behavior\ParseTemplateBehavior [ RunTime:0.036002s ]
INFO: [ view_parse ] --END-- [ RunTime:0.036002s ]
INFO: [ view_filter ] --START--
INFO: Run Behavior\WriteHtmlCacheBehavior [ RunTime:0.001000s ]
INFO: [ view_filter ] --END-- [ RunTime:0.001000s ]
INFO: [ app_end ] --START--
INFO: Run Behavior\ShowPageTraceBehavior [ RunTime:0.001000s ]
INFO: [ app_end ] --END-- [ RunTime:0.001000s ]

[ 2019-01-02T11:00:10+08:00 ] 127.0.0.1 /index.php/Manager/Article/editArticle/id/1.html
INFO: [ app_init ] --START--
INFO: Run Behavior\BuildLiteBehavior [ RunTime:0.000000s ]
INFO: [ app_init ] --END-- [ RunTime:0.001000s ]
INFO: [ app_begin ] --START--
INFO: Run Behavior\ReadHtmlCacheBehavior [ RunTime:0.001000s ]
INFO: [ app_begin ] --END-- [ RunTime:0.001000s ]
SQL: SHOW COLUMNS FROM `db_admin_behavior` [ RunTime:0.0100s ]
NOTIC: [8] Undefined index: validate G:\Littlewhale\ThinkPHP\Library\Think\Model.class.php 第 1185 行.
NOTIC: [8] Undefined index: auto G:\Littlewhale\ThinkPHP\Library\Think\Model.class.php 第 1128 行.
SQL: INSERT INTO `db_admin_behavior` (`manager_id`,`username`,`name`,`router`,`url`,`param`,`is_ajax`,`add_time`) VALUES ('1','admin','编辑文章','Manager/Article/editArticle','http://www.xjxc.com/index.php/Manager/Article/editArticle/id/1.html','POST: 
Cookie:PHPSESSID=glnje530qap55vnbbtjda8eef1&ADMUSERNAME=admin','0','1546398010') [ RunTime:0.0080s ]
SQL: SHOW COLUMNS FROM `db_article_cate` [ RunTime:0.0090s ]
SQL: SELECT * FROM `db_article_cate` WHERE `status` = 1 AND `p_id` = 0  [ RunTime:0.0090s ]
SQL: SELECT * FROM `db_article_cate` WHERE `status` = 1 AND `p_id` = 1  [ RunTime:0.0090s ]
SQL: SELECT * FROM `db_article_cate` WHERE `status` = 1 AND `p_id` = 3  [ RunTime:0.0080s ]
SQL: SHOW COLUMNS FROM `db_article` [ RunTime:0.0090s ]
SQL: SELECT * FROM `db_article` WHERE `id` = 1 LIMIT 1   [ RunTime:0.0090s ]
SQL: SHOW COLUMNS FROM `db_file` [ RunTime:0.0090s ]
SQL: SELECT `path` FROM `db_file` WHERE `id` = 219 LIMIT 1   [ RunTime:0.0090s ]
SQL: SELECT * FROM `db_article_cate` WHERE `status` = 1 AND `id` = 1 LIMIT 1   [ RunTime:0.0080s ]
INFO: [ view_parse ] --START--
INFO: [ template_filter ] --START--
INFO: Run Behavior\ContentReplaceBehavior [ RunTime:0.001001s ]
INFO: [ template_filter ] --END-- [ RunTime:0.001001s ]
INFO: Run Behavior\ParseTemplateBehavior [ RunTime:0.064003s ]
INFO: [ view_parse ] --END-- [ RunTime:0.064003s ]
INFO: [ view_filter ] --START--
INFO: Run Behavior\WriteHtmlCacheBehavior [ RunTime:0.002001s ]
INFO: [ view_filter ] --END-- [ RunTime:0.003001s ]
INFO: [ app_end ] --START--
INFO: Run Behavior\ShowPageTraceBehavior [ RunTime:0.002000s ]
INFO: [ app_end ] --END-- [ RunTime:0.003000s ]

[ 2019-01-02T11:00:41+08:00 ] 127.0.0.1 /index.php/Manager/Index/delFile
INFO: [ app_init ] --START--
INFO: Run Behavior\BuildLiteBehavior [ RunTime:0.000000s ]
INFO: [ app_init ] --END-- [ RunTime:0.001000s ]
INFO: [ app_begin ] --START--
INFO: Run Behavior\ReadHtmlCacheBehavior [ RunTime:0.001000s ]
INFO: [ app_begin ] --END-- [ RunTime:0.002000s ]
SQL: SHOW COLUMNS FROM `db_file` [ RunTime:0.0080s ]
SQL: UPDATE `db_file` SET `status`='9' WHERE `id` = 219 [ RunTime:0.0090s ]

[ 2019-01-02T11:00:52+08:00 ] 127.0.0.1 /index.php/Manager/Index/uploadFile
INFO: [ app_init ] --START--
INFO: Run Behavior\BuildLiteBehavior [ RunTime:0.000000s ]
INFO: [ app_init ] --END-- [ RunTime:0.001000s ]
INFO: [ app_begin ] --START--
INFO: Run Behavior\ReadHtmlCacheBehavior [ RunTime:0.001000s ]
INFO: [ app_begin ] --END-- [ RunTime:0.001000s ]
NOTIC: [2] call_user_func() expects parameter 1 to be a valid callback, no array or string given G:\Littlewhale\ThinkPHP\Library\Think\Upload.class.php 第 171 行.
SQL: SHOW COLUMNS FROM `db_file` [ RunTime:0.0090s ]
SQL: INSERT INTO `db_file` (`savepath`,`path`,`size`,`name`,`ext`) VALUES ('/Uploads/Index/2019-01-02/5c2c29641f25f.png','/Uploads/Index/2019-01-02/5c2c29641f25f.png','6755','登录-LOGO@2x.png','png') [ RunTime:0.0090s ]

[ 2019-01-02T11:00:54+08:00 ] 127.0.0.1 /index.php/Manager/Article/editArticle.html
INFO: [ app_init ] --START--
INFO: Run Behavior\BuildLiteBehavior [ RunTime:0.000000s ]
INFO: [ app_init ] --END-- [ RunTime:0.001000s ]
INFO: [ app_begin ] --START--
INFO: Run Behavior\ReadHtmlCacheBehavior [ RunTime:0.002000s ]
INFO: [ app_begin ] --END-- [ RunTime:0.002000s ]
SQL: SHOW COLUMNS FROM `db_admin_behavior` [ RunTime:0.0090s ]
NOTIC: [8] Undefined index: validate G:\Littlewhale\ThinkPHP\Library\Think\Model.class.php 第 1185 行.
NOTIC: [8] Undefined index: auto G:\Littlewhale\ThinkPHP\Library\Think\Model.class.php 第 1128 行.
SQL: INSERT INTO `db_admin_behavior` (`manager_id`,`username`,`name`,`router`,`url`,`param`,`is_ajax`,`add_time`) VALUES ('1','admin','编辑文章','Manager/Article/editArticle','http://www.xjxc.com/index.php/Manager/Article/editArticle.html','POST: title=%E5%BC%80%E5%8F%91%E7%A5%A8%E8%A7%84%E5%88%99&cate_id=1&cover=220&content=%3Cp%3E%0A%091%E3%80%81%E9%80%9A%E8%BF%87%E9%93%B6%E8%A1%8C%E5%8D%A1%28%E5%8C%85%E6%8B%AC%E4%BF%A1%E7%94%A8%E5%8D%A1%E5%92%8C%E5%80%9F%E8%AE%B0%E5%8D%A1%29%E5%92%8C%E7%BD%91.+%E4%B8%8A%E6%94%AF%E4%BB%98%E5%B9%B3%E5%8F%B0%28%E5%8C%85%E6%8B%AC%E6%94%AF%E4%BB%98%E5%AE%9D%E5%92%8C%E5%BE%AE%E4%BF%A1%E6%94%AF%E4%BB%98%29%E6%94%AF%E4%BB%98%E7%9A%84%E8%B4%B9%E7%94%A8%EF%BC%8C%E5%8F%AF%E7%94%A8%E4%BA%8E%E5%BC%80%E5%85%B7%E5%8F%91%E7%A5%A8%E3%80%82%E4%BB%A5%E4%BB%A3%E9%87%91%E5%88%B8%E3%80%81%E4%BC%98%E6%83%A0%E5%88%B8%E6%88%96%E8%90%A5%E9%94%80%E6%B4%BB%E5%8A%A8%E6%94%AF%E4%BB%98%E6%88%96%E5%86%B2%E6%8A%B5%E7%9A%84%E8%B4%B9%E7%94%A8%EF%BC%8C%E6%81%95%E4%B8%8D%E8%83%BD%E5%BC%80%E5%85%B7%E5%8F%91%E7%A5%A8%E3%80%82%26nbsp%3B%0A%3C%2Fp%3E%0A%3Cp%3E%0A%092%E3%80%81%E6%82%A8%E5%8F%AF%E5%9C%A8APP+%E3%80%90%E6%88%91%E7%9A%84%E3%80%91+-+%E3%80%90%E5%8F%91%E7%A5%A8%E7%AE%A1%E7%90%86%E3%80%91%E4%B8%AD%E6%8F%90%E4%BA%A4%E5%BC%80%E7%A5%A8%E9%9C%80%E6%B1%82%E3%80%82%E4%BB%85%E6%94%AF%E6%8C%81%E4%B8%80%E4%B8%AA%E6%9C%88%E4%BB%A5%E5%86%85%E7%9A%84%E8%AE%A2%E5%8D%95%E5%BC%80%E5%85%B7%E5%8F%91%E7%A5%A8%E3%80%82%26nbsp%3B%0A%3C%2Fp%3E%0A%3Cp%3E%0A%093%E3%80%81%E6%88%91%E4%BB%AC%E5%BC%80%E5%85%B7%E7%BB%8F%E4%B8%BB%E7%AE%A1%E7%A8%8E%E5%8A%A1%E6%9C%BA%E5%85%B3%E6%89%B9%E5%87%86%E7%9A%84%E5%A2%9E%E5%80%BC%E7%A8%8E%E7%94%B5%E5%AD%90%E6%99%AE%E9%80%9A%E5%8F%91%E7%A5%A8%E3%80%82%E6%A0%B9%E6%8D%AE%E7%A8%8E%E5%8A%A1%E6%B3%95%E5%BE%8B%E6%B3%95%E8%A7%84%E8%A7%84%E5%AE%9A%EF%BC%8C%E5%A6%82%E9%9C%80%E8%A6%81%E7%BA%B8%E8%B4%A8%E5%8F%91%E7%A5%A8%E7%9A%84%EF%BC%8C%E5%AE%A2%E6%88%B7%E5%8F%AF%E4%BB%A5%E8%87%AA%E8%A1%8C%E6%89%93%E5%8D%B0%E5%A2%9E%E5%80%BC%E7%A8%8E%E7%94%B5%E5%AD%90%E6%99%AE%E9%80%9A%E5%8F%91%E7%A5%A8%E7%9A%84PDF%E7%89%88%E5%BC%8F%E6%96%87%E4%BB%B6%E3%80%82%E5%A2%9E%E5%80%BC%E7%A8%8E%E7%94%B5%E5%AD%90%E6%99%AE%E9%80%9A%E5%8F%91%E7%A5%A8%E6%89%93%E5%8D%B0%E5%90%8E%EF%BC%8C%E5%85%B6%E6%B3%95%E5%BE%8B%E6%95%88%E5%8A%9B%E3%80%81%E5%9F%BA%E6%9C%AC%E7%94%A8%E9%80%94%E3%80%81%E5%9F%BA%E6%9C%AC%E4%BD%BF%E7%94%A8%E8%A7%84%E5%AE%9A%E7%AD%89%E4%B8%8E%E7%A8%8E%E5%8A%A1%E6%9C%BA%E5%85%B3%E7%9B%91%E5%88%B6%E7%9A%84%E5%A2%9E%E5%80%BC%E7%A8%8E%E6%99%AE%E9%80%9A%E5%8F%91%E7%A5%A8%E7%9B%B8%E5%90%8C%E3%80%82%26nbsp%3B%0A%3C%2Fp%3E%0A%3Cp%3E%0A%094%E3%80%81%E5%A6%82%E8%B4%AD%E4%B9%B0%E6%96%B9%E4%B8%BA%E4%BC%81%E4%B8%9A%E7%9A%84%EF%BC%8C%E9%99%A4%E5%8F%91%E7%A5%A8%E6%8A%AC%E5%A4%B4%E5%A1%AB%E5%86%99%E5%85%A8%E7%A7%B0%E5%A4%96%EF%BC%8C%E8%BF%98%E9%9C%80%E6%8F%90%E4%BE%9B%E5%87%86%E7%A1%AE%E7%9A%84%E7%BA%B3%E7%A8%8E%E4%BA%BA%E8%AF%86%E5%88%AB%E5%8F%B7%E6%88%96%E7%BB%9F%E4%B8%80%E7%A4%BE%E4%BC%9A%E4%BF%A1%E7%94%A8%E4%BB%A3%E7%A0%81%EF%BC%8C%E4%BB%A5%E5%85%8D%E6%97%A0%E6%B3%95%E6%AD%A3%E5%B8%B8%E6%8A%A5%E9%94%80%E3%80%82%0A%3C%2Fp%3E&sort=1&id=1
Cookie:PHPSESSID=glnje530qap55vnbbtjda8eef1&ADMUSERNAME=admin','1','1546398054') [ RunTime:0.0450s ]
NOTIC: [2] strpos() expects parameter 1 to be string, array given G:\Littlewhale\Vendor\Txunda\Txunda.Param.php 第 97 行.
SQL: SHOW COLUMNS FROM `db_article` [ RunTime:0.0100s ]
SQL: UPDATE `db_article` SET `cate_id`='1',`id`='1',`title`='开发票规则',`sort`='1',`cover`='220',`content`='<p>
	1、通过银行卡(包括信用卡和借记卡)和网. 上支付平台(包括支付宝和微信支付)支付的费用，可用于开具发票。以代金券、优惠券或营销活动支付或冲抵的费用，恕不能开具发票。&nbsp;
</p>
<p>
	2、您可在APP 【我的】 - 【发票管理】中提交开票需求。仅支持一个月以内的订单开具发票。&nbsp;
</p>
<p>
	3、我们开具经主管税务机关批准的增值税电子普通发票。根据税务法律法规规定，如需要纸质发票的，客户可以自行打印增值税电子普通发票的PDF版式文件。增值税电子普通发票打印后，其法律效力、基本用途、基本使用规定等与税务机关监制的增值税普通发票相同。&nbsp;
</p>
<p>
	4、如购买方为企业的，除发票抬头填写全称外，还需提供准确的纳税人识别号或统一社会信用代码，以免无法正常报销。
</p>',`admin_id`='1' WHERE `id` = 1 [ RunTime:0.0100s ]

[ 2019-01-02T11:00:56+08:00 ] 127.0.0.1 /index.php/Manager/Article/index.html
INFO: [ app_init ] --START--
INFO: Run Behavior\BuildLiteBehavior [ RunTime:0.000000s ]
INFO: [ app_init ] --END-- [ RunTime:0.001000s ]
INFO: [ app_begin ] --START--
INFO: Run Behavior\ReadHtmlCacheBehavior [ RunTime:0.001000s ]
INFO: [ app_begin ] --END-- [ RunTime:0.001000s ]
SQL: SHOW COLUMNS FROM `db_admin_behavior` [ RunTime:0.0090s ]
NOTIC: [8] Undefined index: validate G:\Littlewhale\ThinkPHP\Library\Think\Model.class.php 第 1185 行.
NOTIC: [8] Undefined index: auto G:\Littlewhale\ThinkPHP\Library\Think\Model.class.php 第 1128 行.
SQL: INSERT INTO `db_admin_behavior` (`manager_id`,`username`,`name`,`router`,`url`,`param`,`is_ajax`,`add_time`) VALUES ('1','admin','文章列表','Manager/Article/index','http://www.xjxc.com/index.php/Manager/Article/index.html','POST: 
Cookie:PHPSESSID=glnje530qap55vnbbtjda8eef1&ADMUSERNAME=admin','0','1546398056') [ RunTime:0.0090s ]
NOTIC: [8] Undefined index: title G:\Littlewhale\Application\Manager\Controller\ArticleController.class.php 第 23 行.
NOTIC: [8] Undefined index: id G:\Littlewhale\Application\Manager\Controller\ArticleController.class.php 第 26 行.
SQL: SHOW COLUMNS FROM `db_article` [ RunTime:0.0090s ]
NOTIC: [8] Undefined index: field_filter G:\Littlewhale\Application\Common\Service\ModelService.class.php 第 229 行.
NOTIC: [8] Undefined index: fetchSql G:\Littlewhale\Application\Common\Service\ModelService.class.php 第 245 行.
SQL: SELECT COUNT(*) AS tp_count FROM `db_article` WHERE `status` < 9 ORDER BY sort desc , id  desc LIMIT 1   [ RunTime:0.0090s ]
NOTIC: [8] Undefined index: parameter G:\Littlewhale\Application\Common\Service\ModelService.class.php 第 67 行.
NOTIC: [8] Undefined index: field_filter G:\Littlewhale\Application\Common\Service\ModelService.class.php 第 229 行.
NOTIC: [8] Undefined index: fetchSql G:\Littlewhale\Application\Common\Service\ModelService.class.php 第 245 行.
SQL: SELECT * FROM `db_article` WHERE `status` < 9 ORDER BY sort desc , id  desc LIMIT 0,15   [ RunTime:0.0090s ]
INFO: [ view_parse ] --START--
INFO: [ template_filter ] --START--
INFO: Run Behavior\ContentReplaceBehavior [ RunTime:0.000000s ]
INFO: [ template_filter ] --END-- [ RunTime:0.000000s ]
NOTIC: [8] Undefined index: title G:\Littlewhale\#Runtime\Cache\Manager\6e453c12a3cee21da8cfd4c387431496.php 第 135 行.
NOTIC: [8] Undefined index: id G:\Littlewhale\#Runtime\Cache\Manager\6e453c12a3cee21da8cfd4c387431496.php 第 140 行.
NOTIC: [8] Undefined index: sub_list G:\Littlewhale\#Runtime\Cache\Manager\6e453c12a3cee21da8cfd4c387431496.php 第 174 行.
NOTIC: [8] Undefined index: sub_list G:\Littlewhale\#Runtime\Cache\Manager\6e453c12a3cee21da8cfd4c387431496.php 第 174 行.
NOTIC: [8] Undefined index: sub_list G:\Littlewhale\#Runtime\Cache\Manager\6e453c12a3cee21da8cfd4c387431496.php 第 174 行.
NOTIC: [8] Undefined index: sub_list G:\Littlewhale\#Runtime\Cache\Manager\6e453c12a3cee21da8cfd4c387431496.php 第 174 行.
NOTIC: [8] Undefined index: sub_list G:\Littlewhale\#Runtime\Cache\Manager\6e453c12a3cee21da8cfd4c387431496.php 第 174 行.
NOTIC: [8] Undefined index: sub_list G:\Littlewhale\#Runtime\Cache\Manager\6e453c12a3cee21da8cfd4c387431496.php 第 174 行.
NOTIC: [8] Undefined index: sub_list G:\Littlewhale\#Runtime\Cache\Manager\6e453c12a3cee21da8cfd4c387431496.php 第 174 行.
NOTIC: [8] Undefined index: sub_list G:\Littlewhale\#Runtime\Cache\Manager\6e453c12a3cee21da8cfd4c387431496.php 第 174 行.
NOTIC: [8] Undefined index: sub_list G:\Littlewhale\#Runtime\Cache\Manager\6e453c12a3cee21da8cfd4c387431496.php 第 174 行.
NOTIC: [8] Undefined index: sub_list G:\Littlewhale\#Runtime\Cache\Manager\6e453c12a3cee21da8cfd4c387431496.php 第 174 行.
NOTIC: [8] Undefined index: sub_list G:\Littlewhale\#Runtime\Cache\Manager\6e453c12a3cee21da8cfd4c387431496.php 第 174 行.
NOTIC: [8] Undefined index: sub_list G:\Littlewhale\#Runtime\Cache\Manager\6e453c12a3cee21da8cfd4c387431496.php 第 174 行.
NOTIC: [8] Undefined index: sub_list G:\Littlewhale\#Runtime\Cache\Manager\6e453c12a3cee21da8cfd4c387431496.php 第 174 行.
NOTIC: [8] Undefined index: sub_list G:\Littlewhale\#Runtime\Cache\Manager\6e453c12a3cee21da8cfd4c387431496.php 第 174 行.
INFO: Run Behavior\ParseTemplateBehavior [ RunTime:0.037002s ]
INFO: [ view_parse ] --END-- [ RunTime:0.038002s ]
INFO: [ view_filter ] --START--
INFO: Run Behavior\WriteHtmlCacheBehavior [ RunTime:0.001000s ]
INFO: [ view_filter ] --END-- [ RunTime:0.002000s ]
INFO: [ app_end ] --START--
INFO: Run Behavior\ShowPageTraceBehavior [ RunTime:0.002000s ]
INFO: [ app_end ] --END-- [ RunTime:0.002000s ]

[ 2019-01-02T11:00:58+08:00 ] 127.0.0.1 /index.php/Manager/Article/editArticle/id/1.html
INFO: [ app_init ] --START--
INFO: Run Behavior\BuildLiteBehavior [ RunTime:0.000000s ]
INFO: [ app_init ] --END-- [ RunTime:0.000000s ]
INFO: [ app_begin ] --START--
INFO: Run Behavior\ReadHtmlCacheBehavior [ RunTime:0.001000s ]
INFO: [ app_begin ] --END-- [ RunTime:0.001000s ]
SQL: SHOW COLUMNS FROM `db_admin_behavior` [ RunTime:0.0090s ]
NOTIC: [8] Undefined index: validate G:\Littlewhale\ThinkPHP\Library\Think\Model.class.php 第 1185 行.
NOTIC: [8] Undefined index: auto G:\Littlewhale\ThinkPHP\Library\Think\Model.class.php 第 1128 行.
SQL: INSERT INTO `db_admin_behavior` (`manager_id`,`username`,`name`,`router`,`url`,`param`,`is_ajax`,`add_time`) VALUES ('1','admin','编辑文章','Manager/Article/editArticle','http://www.xjxc.com/index.php/Manager/Article/editArticle/id/1.html','POST: 
Cookie:PHPSESSID=glnje530qap55vnbbtjda8eef1&ADMUSERNAME=admin','0','1546398058') [ RunTime:0.0080s ]
SQL: SHOW COLUMNS FROM `db_article_cate` [ RunTime:0.0090s ]
SQL: SELECT * FROM `db_article_cate` WHERE `status` = 1 AND `p_id` = 0  [ RunTime:0.0090s ]
SQL: SELECT * FROM `db_article_cate` WHERE `status` = 1 AND `p_id` = 1  [ RunTime:0.0080s ]
SQL: SELECT * FROM `db_article_cate` WHERE `status` = 1 AND `p_id` = 3  [ RunTime:0.0090s ]
SQL: SHOW COLUMNS FROM `db_article` [ RunTime:0.0090s ]
SQL: SELECT * FROM `db_article` WHERE `id` = 1 LIMIT 1   [ RunTime:0.0100s ]
SQL: SHOW COLUMNS FROM `db_file` [ RunTime:0.2190s ]
SQL: SELECT `path` FROM `db_file` WHERE `id` = 220 LIMIT 1   [ RunTime:0.0090s ]
SQL: SELECT * FROM `db_article_cate` WHERE `status` = 1 AND `id` = 1 LIMIT 1   [ RunTime:0.0080s ]
INFO: [ view_parse ] --START--
INFO: [ template_filter ] --START--
INFO: Run Behavior\ContentReplaceBehavior [ RunTime:0.000000s ]
INFO: [ template_filter ] --END-- [ RunTime:0.000000s ]
INFO: Run Behavior\ParseTemplateBehavior [ RunTime:0.015001s ]
INFO: [ view_parse ] --END-- [ RunTime:0.015001s ]
INFO: [ view_filter ] --START--
INFO: Run Behavior\WriteHtmlCacheBehavior [ RunTime:0.001000s ]
INFO: [ view_filter ] --END-- [ RunTime:0.001000s ]
INFO: [ app_end ] --START--
INFO: Run Behavior\ShowPageTraceBehavior [ RunTime:0.001000s ]
INFO: [ app_end ] --END-- [ RunTime:0.001000s ]

[ 2019-01-02T13:31:42+08:00 ] 127.0.0.1 /index.php/Manager/Admin/logout.html
INFO: [ app_init ] --START--
INFO: Run Behavior\BuildLiteBehavior [ RunTime:0.000000s ]
INFO: [ app_init ] --END-- [ RunTime:0.001000s ]
INFO: [ app_begin ] --START--
INFO: Run Behavior\ReadHtmlCacheBehavior [ RunTime:0.001000s ]
INFO: [ app_begin ] --END-- [ RunTime:0.001000s ]

[ 2019-01-02T13:31:42+08:00 ] 127.0.0.1 /index.php/Manager/Admin/login.html
INFO: [ app_init ] --START--
INFO: Run Behavior\BuildLiteBehavior [ RunTime:0.000000s ]
INFO: [ app_init ] --END-- [ RunTime:0.000000s ]
INFO: [ app_begin ] --START--
INFO: Run Behavior\ReadHtmlCacheBehavior [ RunTime:0.000000s ]
INFO: [ app_begin ] --END-- [ RunTime:0.001000s ]
INFO: [ view_parse ] --START--
INFO: [ template_filter ] --START--
INFO: Run Behavior\ContentReplaceBehavior [ RunTime:0.000000s ]
INFO: [ template_filter ] --END-- [ RunTime:0.000000s ]
INFO: Run Behavior\ParseTemplateBehavior [ RunTime:0.009001s ]
INFO: [ view_parse ] --END-- [ RunTime:0.010001s ]
INFO: [ view_filter ] --START--
INFO: Run Behavior\WriteHtmlCacheBehavior [ RunTime:0.000000s ]
INFO: [ view_filter ] --END-- [ RunTime:0.000000s ]
INFO: [ app_end ] --START--
INFO: Run Behavior\ShowPageTraceBehavior [ RunTime:0.001000s ]
INFO: [ app_end ] --END-- [ RunTime:0.001000s ]

[ 2019-01-02T13:31:42+08:00 ] 127.0.0.1 /index.php/Manager/Index/verifyImage.html
INFO: [ app_init ] --START--
INFO: Run Behavior\BuildLiteBehavior [ RunTime:0.000000s ]
INFO: [ app_init ] --END-- [ RunTime:0.001000s ]
INFO: [ app_begin ] --START--
INFO: Run Behavior\ReadHtmlCacheBehavior [ RunTime:0.001000s ]
INFO: [ app_begin ] --END-- [ RunTime:0.002000s ]
INFO: [ app_end ] --START--
INFO: Run Behavior\ShowPageTraceBehavior [ RunTime:0.002000s ]
INFO: [ app_end ] --END-- [ RunTime:0.002000s ]

[ 2019-01-02T13:31:52+08:00 ] 127.0.0.1 /index.php/Manager/Admin/login.html
INFO: [ app_init ] --START--
INFO: Run Behavior\BuildLiteBehavior [ RunTime:0.000000s ]
INFO: [ app_init ] --END-- [ RunTime:0.000000s ]
INFO: [ app_begin ] --START--
INFO: Run Behavior\ReadHtmlCacheBehavior [ RunTime:0.001000s ]
INFO: [ app_begin ] --END-- [ RunTime:0.001000s ]
NOTIC: [2] strpos() expects parameter 1 to be string, array given G:\Littlewhale\Vendor\Txunda\Txunda.Param.php 第 97 行.

[ 2019-01-02T13:31:54+08:00 ] 127.0.0.1 /index.php/Manager/Index/verifyImage.html?v=0.14000703839950912
INFO: [ app_init ] --START--
INFO: Run Behavior\BuildLiteBehavior [ RunTime:0.000000s ]
INFO: [ app_init ] --END-- [ RunTime:0.001000s ]
INFO: [ app_begin ] --START--
INFO: Run Behavior\ReadHtmlCacheBehavior [ RunTime:0.002000s ]
INFO: [ app_begin ] --END-- [ RunTime:0.003000s ]
INFO: [ app_end ] --START--
INFO: Run Behavior\ShowPageTraceBehavior [ RunTime:0.001000s ]
INFO: [ app_end ] --END-- [ RunTime:0.001000s ]

[ 2019-01-02T13:31:55+08:00 ] 127.0.0.1 /index.php/Manager/Index/verifyImage.html?v=0.9820412834729653
INFO: [ app_init ] --START--
INFO: Run Behavior\BuildLiteBehavior [ RunTime:0.000000s ]
INFO: [ app_init ] --END-- [ RunTime:0.001000s ]
INFO: [ app_begin ] --START--
INFO: Run Behavior\ReadHtmlCacheBehavior [ RunTime:0.001000s ]
INFO: [ app_begin ] --END-- [ RunTime:0.001000s ]
INFO: [ app_end ] --START--
INFO: Run Behavior\ShowPageTraceBehavior [ RunTime:0.002000s ]
INFO: [ app_end ] --END-- [ RunTime:0.003000s ]

[ 2019-01-02T13:31:59+08:00 ] 127.0.0.1 /index.php/Manager/Admin/login.html
INFO: [ app_init ] --START--
INFO: Run Behavior\BuildLiteBehavior [ RunTime:0.000000s ]
INFO: [ app_init ] --END-- [ RunTime:0.000000s ]
INFO: [ app_begin ] --START--
INFO: Run Behavior\ReadHtmlCacheBehavior [ RunTime:0.001000s ]
INFO: [ app_begin ] --END-- [ RunTime:0.002000s ]
NOTIC: [2] strpos() expects parameter 1 to be string, array given G:\Littlewhale\Vendor\Txunda\Txunda.Param.php 第 97 行.
SQL: SHOW COLUMNS FROM `db_admin` [ RunTime:0.0080s ]
NOTIC: [8] Undefined index: field_filter G:\Littlewhale\Application\Common\Service\ModelService.class.php 第 229 行.
NOTIC: [8] Undefined index: fetchSql G:\Littlewhale\Application\Common\Service\ModelService.class.php 第 245 行.
SQL: SELECT `id`,`group_id`,`username`,`password`,`salt`,`status` FROM `db_admin` WHERE `username` = 'admin' LIMIT 1   [ RunTime:0.0080s ]
SQL: SHOW COLUMNS FROM `db_admin_group` [ RunTime:0.0100s ]
SQL: SHOW COLUMNS FROM `db_admin_menu` [ RunTime:0.0120s ]
NOTIC: [8] Undefined index: field_filter G:\Littlewhale\Application\Common\Service\ModelService.class.php 第 229 行.
NOTIC: [8] Undefined index: fetchSql G:\Littlewhale\Application\Common\Service\ModelService.class.php 第 245 行.
SQL: SELECT `id`,`p_id`,`name`,`router`,`type`,`icon`,`system`,`sort`,`status` FROM `db_admin_menu` WHERE `status` <> 9 ORDER BY sort ASC, id ASC  [ RunTime:0.0090s ]

[ 2019-01-02T13:32:01+08:00 ] 127.0.0.1 /index.php/Manager/Index/index.html
INFO: [ app_init ] --START--
INFO: Run Behavior\BuildLiteBehavior [ RunTime:0.000000s ]
INFO: [ app_init ] --END-- [ RunTime:0.001000s ]
INFO: [ app_begin ] --START--
INFO: Run Behavior\ReadHtmlCacheBehavior [ RunTime:0.002000s ]
INFO: [ app_begin ] --END-- [ RunTime:0.002000s ]
SQL: SHOW COLUMNS FROM `db_file` [ RunTime:0.0100s ]
SQL: SELECT `path` FROM `db_file` WHERE `id` = 218 LIMIT 1   [ RunTime:0.0110s ]
INFO: [ view_parse ] --START--
INFO: [ template_filter ] --START--
INFO: Run Behavior\ContentReplaceBehavior [ RunTime:0.000000s ]
INFO: [ template_filter ] --END-- [ RunTime:0.000000s ]
INFO: Run Behavior\ParseTemplateBehavior [ RunTime:0.034002s ]
INFO: [ view_parse ] --END-- [ RunTime:0.034002s ]
INFO: [ view_filter ] --START--
INFO: Run Behavior\WriteHtmlCacheBehavior [ RunTime:0.001000s ]
INFO: [ view_filter ] --END-- [ RunTime:0.001000s ]
INFO: [ app_end ] --START--
INFO: Run Behavior\ShowPageTraceBehavior [ RunTime:0.001000s ]
INFO: [ app_end ] --END-- [ RunTime:0.001000s ]

[ 2019-01-02T13:32:01+08:00 ] 127.0.0.1 /index.php/Manager/Index/welcome.html
INFO: [ app_init ] --START--
INFO: Run Behavior\BuildLiteBehavior [ RunTime:0.000000s ]
INFO: [ app_init ] --END-- [ RunTime:0.000000s ]
INFO: [ app_begin ] --START--
INFO: Run Behavior\ReadHtmlCacheBehavior [ RunTime:0.002000s ]
INFO: [ app_begin ] --END-- [ RunTime:0.002000s ]
INFO: [ view_parse ] --START--
INFO: [ template_filter ] --START--
INFO: Run Behavior\ContentReplaceBehavior [ RunTime:0.001000s ]
INFO: [ template_filter ] --END-- [ RunTime:0.001000s ]
INFO: Run Behavior\ParseTemplateBehavior [ RunTime:0.014001s ]
INFO: [ view_parse ] --END-- [ RunTime:0.014001s ]
INFO: [ view_filter ] --START--
INFO: Run Behavior\WriteHtmlCacheBehavior [ RunTime:0.000000s ]
INFO: [ view_filter ] --END-- [ RunTime:0.001000s ]
INFO: [ app_end ] --START--
INFO: Run Behavior\ShowPageTraceBehavior [ RunTime:0.001000s ]
INFO: [ app_end ] --END-- [ RunTime:0.001000s ]

