[ 2018-12-21T08:53:38+08:00 ] 127.0.0.1 /index.php/Api/login/login
INFO: [ app_init ] --START--
INFO: Run Behavior\BuildLiteBehavior [ RunTime:0.013388s ]
INFO: [ app_init ] --END-- [ RunTime:0.036827s ]
INFO: [ app_begin ] --START--
INFO: Run Behavior\ReadHtmlCacheBehavior [ RunTime:0.009363s ]
INFO: [ app_begin ] --END-- [ RunTime:0.009584s ]
ERR: 无法加载控制器:Login

[ 2018-12-21T08:53:46+08:00 ] 127.0.0.1 /index.php/Api/Agent/income
INFO: [ app_init ] --START--
INFO: Run Behavior\BuildLiteBehavior [ RunTime:0.000026s ]
INFO: [ app_init ] --END-- [ RunTime:0.000457s ]
INFO: [ app_begin ] --START--
INFO: Run Behavior\ReadHtmlCacheBehavior [ RunTime:0.000783s ]
INFO: [ app_begin ] --END-- [ RunTime:0.000948s ]
NOTIC: [8] Undefined index: token D:\test\Littlewhale\Application\Api\Controller\BaseController.class.php 第 26 行.
ERR: Too few arguments to function Common\Service\ControllerService::errorTokenMsg(), 0 passed in D:\test\Littlewhale\Application\Api\Controller\AgentController.class.php on line 67 and exactly 1 expected

[ 2018-12-21T08:57:32+08:00 ] 127.0.0.1 /index.php/Api/Agent/income
INFO: [ app_init ] --START--
INFO: Run Behavior\BuildLiteBehavior [ RunTime:0.000024s ]
INFO: [ app_init ] --END-- [ RunTime:0.000487s ]
INFO: [ app_begin ] --START--
INFO: Run Behavior\ReadHtmlCacheBehavior [ RunTime:0.000464s ]
INFO: [ app_begin ] --END-- [ RunTime:0.000530s ]
NOTIC: [8] Undefined index: month D:\test\Littlewhale\Application\Common\Common\function.php 第 336 行.

[ 2018-12-21T08:57:42+08:00 ] 127.0.0.1 /index.php/Api/Agent/income
INFO: [ app_init ] --START--
INFO: Run Behavior\BuildLiteBehavior [ RunTime:0.000055s ]
INFO: [ app_init ] --END-- [ RunTime:0.000426s ]
INFO: [ app_begin ] --START--
INFO: Run Behavior\ReadHtmlCacheBehavior [ RunTime:0.000152s ]
INFO: [ app_begin ] --END-- [ RunTime:0.000267s ]
SQL: SHOW COLUMNS FROM `db_member` [ RunTime:0.0135s ]
NOTIC: [8] Undefined index: fetchSql D:\test\Littlewhale\Application\Common\Service\ModelService.class.php 第 245 行.
SQL: SELECT `id` FROM `db_member` WHERE `token` = 'b7c6f0307448306e8c840ec6fc322cb4' AND `expired_time` >= 1545353862 AND `status` <> 0 LIMIT 1   [ RunTime:0.0252s ]

[ 2018-12-21T09:17:54+08:00 ] 127.0.0.1 /index.php/Api/Agent/income
INFO: [ app_init ] --START--
INFO: Run Behavior\BuildLiteBehavior [ RunTime:0.000037s ]
INFO: [ app_init ] --END-- [ RunTime:0.000572s ]
INFO: [ app_begin ] --START--
INFO: Run Behavior\ReadHtmlCacheBehavior [ RunTime:0.000767s ]
INFO: [ app_begin ] --END-- [ RunTime:0.000903s ]
ERR: Too few arguments to function Api\Controller\BaseController::getAgentInfo(), 0 passed in D:\test\Littlewhale\Application\Api\Controller\AgentController.class.php on line 65 and at least 1 expected

[ 2018-12-21T09:19:48+08:00 ] 127.0.0.1 /index.php/Api/Agent/income
INFO: [ app_init ] --START--
INFO: Run Behavior\BuildLiteBehavior [ RunTime:0.000033s ]
INFO: [ app_init ] --END-- [ RunTime:0.000261s ]
INFO: [ app_begin ] --START--
INFO: Run Behavior\ReadHtmlCacheBehavior [ RunTime:0.000236s ]
INFO: [ app_begin ] --END-- [ RunTime:0.000459s ]
SQL: SHOW COLUMNS FROM `db_agent` [ RunTime:0.0227s ]
NOTIC: [8] Undefined index: status D:\test\Littlewhale\Application\Common\Model\AgentModel.class.php 第 23 行.
ERR: 1054:Unknown column 'head_pic' in 'field list'
 [ SQL语句 ] : SELECT `id`,`account`,`token`,`head_pic`,`nickname`,`grade`,`class`,`tel` FROM `db_agent` WHERE `token` = 'b7c6f0307448306e8c840ec6fc322cb4' AND `status` <> '9' LIMIT 1  
ERR: 1054:Unknown column 'head_pic' in 'field list'
 [ SQL语句 ] : SELECT `id`,`account`,`token`,`head_pic`,`nickname`,`grade`,`class`,`tel` FROM `db_agent` WHERE `token` = 'b7c6f0307448306e8c840ec6fc322cb4' AND `status` <> '9' LIMIT 1  

[ 2018-12-21T09:21:38+08:00 ] 127.0.0.1 /index.php/Api/Agent/income
INFO: [ app_init ] --START--
INFO: Run Behavior\BuildLiteBehavior [ RunTime:0.000021s ]
INFO: [ app_init ] --END-- [ RunTime:0.000331s ]
INFO: [ app_begin ] --START--
INFO: Run Behavior\ReadHtmlCacheBehavior [ RunTime:0.000444s ]
INFO: [ app_begin ] --END-- [ RunTime:0.000522s ]
SQL: SHOW COLUMNS FROM `db_agent` [ RunTime:0.0114s ]
NOTIC: [8] Undefined index: status D:\test\Littlewhale\Application\Common\Model\AgentModel.class.php 第 23 行.
SQL: SELECT `id`,`account`,`token`,`nickname`,`address`,`grade`,`car_washer_num` FROM `db_agent` WHERE `token` = 'b7c6f0307448306e8c840ec6fc322cb4' AND `status` <> '9' LIMIT 1   [ RunTime:0.0113s ]
NOTIC: [8] Undefined index: status D:\test\Littlewhale\Application\Api\Controller\BaseController.class.php 第 117 行.
NOTIC: [8] Undefined index: status D:\test\Littlewhale\Application\Api\Controller\BaseController.class.php 第 120 行.

[ 2018-12-21T09:24:21+08:00 ] 127.0.0.1 /index.php/Api/Agent/income
INFO: [ app_init ] --START--
INFO: Run Behavior\BuildLiteBehavior [ RunTime:0.000021s ]
INFO: [ app_init ] --END-- [ RunTime:0.000324s ]
INFO: [ app_begin ] --START--
INFO: Run Behavior\ReadHtmlCacheBehavior [ RunTime:0.000563s ]
INFO: [ app_begin ] --END-- [ RunTime:0.000661s ]
SQL: SHOW COLUMNS FROM `db_agent` [ RunTime:0.0109s ]
NOTIC: [8] Undefined index: status D:\test\Littlewhale\Application\Common\Model\AgentModel.class.php 第 23 行.
SQL: SELECT `id`,`account`,`token`,`nickname`,`address`,`grade`,`car_washer_num` FROM `db_agent` WHERE `token` = 'b7c6f0307448306e8c840ec6fc322cb4' AND `status` <> '9' LIMIT 1   [ RunTime:0.0096s ]
NOTIC: [8] Undefined index: status D:\test\Littlewhale\Application\Api\Controller\BaseController.class.php 第 117 行.
NOTIC: [8] Undefined index: status D:\test\Littlewhale\Application\Api\Controller\BaseController.class.php 第 120 行.
SQL: SHOW COLUMNS FROM `db_income` [ RunTime:0.0102s ]
SQL: SELECT `id`,SUM(net_income),`car_wash`,`day` FROM `db_income` WHERE `agent_id` = 1 AND `month` = 1543593600 GROUP BY day  [ RunTime:0.0104s ]

[ 2018-12-21T10:37:09+08:00 ] 127.0.0.1 /index.php/Api/Agent/income
INFO: [ app_init ] --START--
INFO: Run Behavior\BuildLiteBehavior [ RunTime:0.000028s ]
INFO: [ app_init ] --END-- [ RunTime:0.001426s ]
INFO: [ app_begin ] --START--
INFO: Run Behavior\ReadHtmlCacheBehavior [ RunTime:0.000650s ]
INFO: [ app_begin ] --END-- [ RunTime:0.000733s ]
SQL: SHOW COLUMNS FROM `db_agent` [ RunTime:0.0347s ]
NOTIC: [8] Undefined index: status D:\test\Littlewhale\Application\Common\Model\AgentModel.class.php 第 23 行.
SQL: SELECT `id`,`account`,`token`,`nickname`,`address`,`grade`,`car_washer_num` FROM `db_agent` WHERE `token` = 'b7c6f0307448306e8c840ec6fc322cb4' AND `status` <> '9' LIMIT 1   [ RunTime:0.0112s ]
NOTIC: [8] Undefined index: status D:\test\Littlewhale\Application\Api\Controller\BaseController.class.php 第 117 行.
NOTIC: [8] Undefined index: status D:\test\Littlewhale\Application\Api\Controller\BaseController.class.php 第 120 行.
SQL: SHOW COLUMNS FROM `db_income` [ RunTime:0.0135s ]
SQL: SELECT `id`,SUM(net_income),`car_wash`,`day` FROM `db_income` WHERE `agent_id` = 1 AND `month` = 1543593600 GROUP BY day  [ RunTime:0.0112s ]

[ 2018-12-21T10:37:09+08:00 ] 127.0.0.1 /index.php/Api/Agent/income
INFO: [ app_init ] --START--
INFO: Run Behavior\BuildLiteBehavior [ RunTime:0.000017s ]
INFO: [ app_init ] --END-- [ RunTime:0.000086s ]
INFO: [ app_begin ] --START--
INFO: Run Behavior\ReadHtmlCacheBehavior [ RunTime:0.000065s ]
INFO: [ app_begin ] --END-- [ RunTime:0.000116s ]
SQL: SHOW COLUMNS FROM `db_agent` [ RunTime:0.0140s ]
NOTIC: [8] Undefined index: status D:\test\Littlewhale\Application\Common\Model\AgentModel.class.php 第 23 行.
SQL: SELECT `id`,`account`,`token`,`nickname`,`address`,`grade`,`car_washer_num` FROM `db_agent` WHERE `token` = 'b7c6f0307448306e8c840ec6fc322cb4' AND `status` <> '9' LIMIT 1   [ RunTime:0.0107s ]
NOTIC: [8] Undefined index: status D:\test\Littlewhale\Application\Api\Controller\BaseController.class.php 第 117 行.
NOTIC: [8] Undefined index: status D:\test\Littlewhale\Application\Api\Controller\BaseController.class.php 第 120 行.
SQL: SHOW COLUMNS FROM `db_income` [ RunTime:0.0120s ]
SQL: SELECT `id`,SUM(net_income),`car_wash`,`day` FROM `db_income` WHERE `agent_id` = 1 AND `month` = 1543593600 GROUP BY day  [ RunTime:0.0129s ]

[ 2018-12-21T10:37:11+08:00 ] 127.0.0.1 /index.php/Api/Agent/income
INFO: [ app_init ] --START--
INFO: Run Behavior\BuildLiteBehavior [ RunTime:0.000024s ]
INFO: [ app_init ] --END-- [ RunTime:0.000144s ]
INFO: [ app_begin ] --START--
INFO: Run Behavior\ReadHtmlCacheBehavior [ RunTime:0.000201s ]
INFO: [ app_begin ] --END-- [ RunTime:0.000450s ]
SQL: SHOW COLUMNS FROM `db_agent` [ RunTime:0.0134s ]
NOTIC: [8] Undefined index: status D:\test\Littlewhale\Application\Common\Model\AgentModel.class.php 第 23 行.
SQL: SELECT `id`,`account`,`token`,`nickname`,`address`,`grade`,`car_washer_num` FROM `db_agent` WHERE `token` = 'b7c6f0307448306e8c840ec6fc322cb4' AND `status` <> '9' LIMIT 1   [ RunTime:0.0116s ]
NOTIC: [8] Undefined index: status D:\test\Littlewhale\Application\Api\Controller\BaseController.class.php 第 117 行.
NOTIC: [8] Undefined index: status D:\test\Littlewhale\Application\Api\Controller\BaseController.class.php 第 120 行.
SQL: SHOW COLUMNS FROM `db_income` [ RunTime:0.0128s ]
SQL: SELECT `id`,SUM(net_income),`car_wash`,`day` FROM `db_income` WHERE `agent_id` = 1 AND `month` = 1543593600 GROUP BY day  [ RunTime:0.0118s ]

[ 2018-12-21T10:37:11+08:00 ] 127.0.0.1 /index.php/Api/Agent/income
INFO: [ app_init ] --START--
INFO: Run Behavior\BuildLiteBehavior [ RunTime:0.000015s ]
INFO: [ app_init ] --END-- [ RunTime:0.000084s ]
INFO: [ app_begin ] --START--
INFO: Run Behavior\ReadHtmlCacheBehavior [ RunTime:0.000087s ]
INFO: [ app_begin ] --END-- [ RunTime:0.000137s ]
SQL: SHOW COLUMNS FROM `db_agent` [ RunTime:0.0128s ]
NOTIC: [8] Undefined index: status D:\test\Littlewhale\Application\Common\Model\AgentModel.class.php 第 23 行.
SQL: SELECT `id`,`account`,`token`,`nickname`,`address`,`grade`,`car_washer_num` FROM `db_agent` WHERE `token` = 'b7c6f0307448306e8c840ec6fc322cb4' AND `status` <> '9' LIMIT 1   [ RunTime:0.0287s ]
NOTIC: [8] Undefined index: status D:\test\Littlewhale\Application\Api\Controller\BaseController.class.php 第 117 行.
NOTIC: [8] Undefined index: status D:\test\Littlewhale\Application\Api\Controller\BaseController.class.php 第 120 行.
SQL: SHOW COLUMNS FROM `db_income` [ RunTime:0.0126s ]
SQL: SELECT `id`,SUM(net_income),`car_wash`,`day` FROM `db_income` WHERE `agent_id` = 1 AND `month` = 1543593600 GROUP BY day  [ RunTime:0.0116s ]

[ 2018-12-21T10:37:20+08:00 ] 127.0.0.1 /index.php/Api/Agent/income
INFO: [ app_init ] --START--
INFO: Run Behavior\BuildLiteBehavior [ RunTime:0.000019s ]
INFO: [ app_init ] --END-- [ RunTime:0.000292s ]
INFO: [ app_begin ] --START--
INFO: Run Behavior\ReadHtmlCacheBehavior [ RunTime:0.000518s ]
INFO: [ app_begin ] --END-- [ RunTime:0.000592s ]
SQL: SHOW COLUMNS FROM `db_agent` [ RunTime:0.0110s ]
NOTIC: [8] Undefined index: status D:\test\Littlewhale\Application\Common\Model\AgentModel.class.php 第 23 行.
SQL: SELECT `id`,`account`,`token`,`nickname`,`address`,`grade`,`car_washer_num` FROM `db_agent` WHERE `token` = 'b7c6f0307448306e8c840ec6fc322cb4' AND `status` <> '9' LIMIT 1   [ RunTime:0.0104s ]
NOTIC: [8] Undefined index: status D:\test\Littlewhale\Application\Api\Controller\BaseController.class.php 第 117 行.
NOTIC: [8] Undefined index: status D:\test\Littlewhale\Application\Api\Controller\BaseController.class.php 第 120 行.
SQL: SHOW COLUMNS FROM `db_income` [ RunTime:0.0113s ]
SQL: SELECT `id`,SUM(net_income),`car_wash`,`day` FROM `db_income` WHERE `agent_id` = 1 AND `month` = 1543593600 GROUP BY day  [ RunTime:0.0115s ]

