[ 2018-12-18T16:50:32+08:00 ] 127.0.0.1 /index.php/Api/Admin/login/login
INFO: [ app_init ] --START--
INFO: Run Behavior\BuildLiteBehavior [ RunTime:0.000017s ]
INFO: [ app_init ] --END-- [ RunTime:0.000263s ]
INFO: [ app_begin ] --START--
INFO: Run Behavior\ReadHtmlCacheBehavior [ RunTime:0.000670s ]
INFO: [ app_begin ] --END-- [ RunTime:0.000762s ]
ERR: 无法加载控制器:Admin

[ 2018-12-18T16:50:49+08:00 ] 127.0.0.1 /index.php/Api/login/login
INFO: [ app_init ] --START--
INFO: Run Behavior\BuildLiteBehavior [ RunTime:0.000021s ]
INFO: [ app_init ] --END-- [ RunTime:0.000309s ]
INFO: [ app_begin ] --START--
INFO: Run Behavior\ReadHtmlCacheBehavior [ RunTime:0.000170s ]
INFO: [ app_begin ] --END-- [ RunTime:0.000242s ]
SQL: SHOW COLUMNS FROM `db_member` [ RunTime:0.0125s ]
SQL: SELECT * FROM `db_member` LIMIT 1   [ RunTime:0.0143s ]

[ 2018-12-18T16:52:21+08:00 ] 127.0.0.1 /index.php/Api/login/login
INFO: [ app_init ] --START--
INFO: Run Behavior\BuildLiteBehavior [ RunTime:0.000017s ]
INFO: [ app_init ] --END-- [ RunTime:0.000110s ]
INFO: [ app_begin ] --START--
INFO: Run Behavior\ReadHtmlCacheBehavior [ RunTime:0.000492s ]
INFO: [ app_begin ] --END-- [ RunTime:0.000548s ]
SQL: SHOW COLUMNS FROM `db_member` [ RunTime:0.0126s ]
SQL: SELECT * FROM `db_member` LIMIT 1   [ RunTime:0.0101s ]

[ 2018-12-18T16:52:52+08:00 ] 127.0.0.1 /index.php/Api/login/login
INFO: [ app_init ] --START--
INFO: Run Behavior\BuildLiteBehavior [ RunTime:0.000019s ]
INFO: [ app_init ] --END-- [ RunTime:0.000294s ]
INFO: [ app_begin ] --START--
INFO: Run Behavior\ReadHtmlCacheBehavior [ RunTime:0.000534s ]
INFO: [ app_begin ] --END-- [ RunTime:0.000617s ]
SQL: SHOW COLUMNS FROM `db_member` [ RunTime:0.0109s ]
SQL: SELECT * FROM `db_member` LIMIT 1   [ RunTime:0.0105s ]

[ 2018-12-18T16:53:25+08:00 ] 127.0.0.1 /index.php/Api/login/login
INFO: [ app_init ] --START--
INFO: Run Behavior\BuildLiteBehavior [ RunTime:0.000018s ]
INFO: [ app_init ] --END-- [ RunTime:0.000298s ]
INFO: [ app_begin ] --START--
INFO: Run Behavior\ReadHtmlCacheBehavior [ RunTime:0.000192s ]
INFO: [ app_begin ] --END-- [ RunTime:0.000310s ]
SQL: SHOW COLUMNS FROM `db_member` [ RunTime:0.0109s ]
SQL: SELECT * FROM `db_member` LIMIT 1   [ RunTime:0.0103s ]

[ 2018-12-18T16:53:28+08:00 ] 127.0.0.1 /index.php/Api/login/login
INFO: [ app_init ] --START--
INFO: Run Behavior\BuildLiteBehavior [ RunTime:0.000017s ]
INFO: [ app_init ] --END-- [ RunTime:0.000100s ]
INFO: [ app_begin ] --START--
INFO: Run Behavior\ReadHtmlCacheBehavior [ RunTime:0.000184s ]
INFO: [ app_begin ] --END-- [ RunTime:0.000310s ]
SQL: SHOW COLUMNS FROM `db_member` [ RunTime:0.0363s ]
SQL: SELECT * FROM `db_member` LIMIT 1   [ RunTime:0.0409s ]

[ 2018-12-18T16:53:29+08:00 ] 127.0.0.1 /index.php/Api/login/login
INFO: [ app_init ] --START--
INFO: Run Behavior\BuildLiteBehavior [ RunTime:0.000018s ]
INFO: [ app_init ] --END-- [ RunTime:0.000099s ]
INFO: [ app_begin ] --START--
INFO: Run Behavior\ReadHtmlCacheBehavior [ RunTime:0.000132s ]
INFO: [ app_begin ] --END-- [ RunTime:0.000267s ]
SQL: SHOW COLUMNS FROM `db_member` [ RunTime:0.0142s ]
SQL: SELECT * FROM `db_member` LIMIT 1   [ RunTime:0.0370s ]

[ 2018-12-18T16:53:33+08:00 ] 127.0.0.1 /index.php/Api/login/login
INFO: [ app_init ] --START--
INFO: Run Behavior\BuildLiteBehavior [ RunTime:0.000032s ]
INFO: [ app_init ] --END-- [ RunTime:0.000253s ]
INFO: [ app_begin ] --START--
INFO: Run Behavior\ReadHtmlCacheBehavior [ RunTime:0.000308s ]
INFO: [ app_begin ] --END-- [ RunTime:0.000460s ]
SQL: SHOW COLUMNS FROM `db_member` [ RunTime:0.0337s ]
SQL: SELECT * FROM `db_member` LIMIT 1   [ RunTime:0.0536s ]

[ 2018-12-18T16:53:50+08:00 ] 127.0.0.1 /index.php/Api/login/login
INFO: [ app_init ] --START--
INFO: Run Behavior\BuildLiteBehavior [ RunTime:0.000017s ]
INFO: [ app_init ] --END-- [ RunTime:0.000236s ]
INFO: [ app_begin ] --START--
INFO: Run Behavior\ReadHtmlCacheBehavior [ RunTime:0.000437s ]
INFO: [ app_begin ] --END-- [ RunTime:0.000488s ]
SQL: SHOW COLUMNS FROM `db_member` [ RunTime:0.0119s ]
NOTIC: [2] strtr() expects parameter 1 to be string, array given D:\test\Littlewhale\ThinkPHP\Library\Think\Model.class.php 第 1417 行.
ERR: 1065:Query was empty
ERR: 1065:Query was empty

[ 2018-12-18T16:53:51+08:00 ] 127.0.0.1 /index.php/Api/login/login
INFO: [ app_init ] --START--
INFO: Run Behavior\BuildLiteBehavior [ RunTime:0.000018s ]
INFO: [ app_init ] --END-- [ RunTime:0.000105s ]
INFO: [ app_begin ] --START--
INFO: Run Behavior\ReadHtmlCacheBehavior [ RunTime:0.000081s ]
INFO: [ app_begin ] --END-- [ RunTime:0.000142s ]
SQL: SHOW COLUMNS FROM `db_member` [ RunTime:0.0146s ]
NOTIC: [2] strtr() expects parameter 1 to be string, array given D:\test\Littlewhale\ThinkPHP\Library\Think\Model.class.php 第 1417 行.
ERR: 1065:Query was empty
ERR: 1065:Query was empty

[ 2018-12-18T16:53:51+08:00 ] 127.0.0.1 /index.php/Api/login/login
INFO: [ app_init ] --START--
INFO: Run Behavior\BuildLiteBehavior [ RunTime:0.000017s ]
INFO: [ app_init ] --END-- [ RunTime:0.000101s ]
INFO: [ app_begin ] --START--
INFO: Run Behavior\ReadHtmlCacheBehavior [ RunTime:0.000079s ]
INFO: [ app_begin ] --END-- [ RunTime:0.000142s ]
SQL: SHOW COLUMNS FROM `db_member` [ RunTime:0.0115s ]
NOTIC: [2] strtr() expects parameter 1 to be string, array given D:\test\Littlewhale\ThinkPHP\Library\Think\Model.class.php 第 1417 行.
ERR: 1065:Query was empty
ERR: 1065:Query was empty

[ 2018-12-18T18:00:00+08:00 ] 127.0.0.1 /index.php/Api/login/login
INFO: [ app_init ] --START--
INFO: Run Behavior\BuildLiteBehavior [ RunTime:0.000039s ]
INFO: [ app_init ] --END-- [ RunTime:0.001182s ]
INFO: [ app_begin ] --START--
INFO: Run Behavior\ReadHtmlCacheBehavior [ RunTime:0.000724s ]
INFO: [ app_begin ] --END-- [ RunTime:0.000828s ]
SQL: SHOW COLUMNS FROM `db_member` [ RunTime:0.0109s ]
SQL: SELECT * FROM `db_member` WHERE `account` = 18635358751 LIMIT 1   [ RunTime:0.0121s ]

[ 2018-12-18T18:00:35+08:00 ] 127.0.0.1 /index.php/Api/login/login
INFO: [ app_init ] --START--
INFO: Run Behavior\BuildLiteBehavior [ RunTime:0.000016s ]
INFO: [ app_init ] --END-- [ RunTime:0.000285s ]
INFO: [ app_begin ] --START--
INFO: Run Behavior\ReadHtmlCacheBehavior [ RunTime:0.000473s ]
INFO: [ app_begin ] --END-- [ RunTime:0.000538s ]
SQL: SHOW COLUMNS FROM `db_member` [ RunTime:0.0131s ]
SQL: SELECT * FROM `db_member` WHERE `account` = 18635358751 LIMIT 1   [ RunTime:0.0116s ]
ERR: Call to undefined function Api\Controller\apiResponse()

[ 2018-12-18T18:00:58+08:00 ] 127.0.0.1 /index.php/Api/login/login
INFO: [ app_init ] --START--
INFO: Run Behavior\BuildLiteBehavior [ RunTime:0.000019s ]
INFO: [ app_init ] --END-- [ RunTime:0.000139s ]
INFO: [ app_begin ] --START--
INFO: Run Behavior\ReadHtmlCacheBehavior [ RunTime:0.000114s ]
INFO: [ app_begin ] --END-- [ RunTime:0.000181s ]
SQL: SHOW COLUMNS FROM `db_member` [ RunTime:0.0155s ]
SQL: SELECT * FROM `db_member` WHERE `account` = 18635358751 LIMIT 1   [ RunTime:0.0104s ]

[ 2018-12-18T18:02:24+08:00 ] 127.0.0.1 /index.php/Api/login/login
INFO: [ app_init ] --START--
INFO: Run Behavior\BuildLiteBehavior [ RunTime:0.000035s ]
INFO: [ app_init ] --END-- [ RunTime:0.000422s ]
INFO: [ app_begin ] --START--
INFO: Run Behavior\ReadHtmlCacheBehavior [ RunTime:0.000839s ]
INFO: [ app_begin ] --END-- [ RunTime:0.000951s ]
SQL: SHOW COLUMNS FROM `db_member` [ RunTime:0.0098s ]
SQL: SELECT * FROM `db_member` WHERE `account` = 17622818248 LIMIT 1   [ RunTime:0.0110s ]
NOTIC: [8] Undefined index: password D:\test\Littlewhale\Application\Api\Controller\LoginController.class.php 第 42 行.
ERR: Call to undefined function Api\Controller\apiResponse()

[ 2018-12-18T18:03:19+08:00 ] 127.0.0.1 /index.php/Api/login/login
INFO: [ app_init ] --START--
INFO: Run Behavior\BuildLiteBehavior [ RunTime:0.000058s ]
INFO: [ app_init ] --END-- [ RunTime:0.000612s ]
INFO: [ app_begin ] --START--
INFO: Run Behavior\ReadHtmlCacheBehavior [ RunTime:0.000498s ]
INFO: [ app_begin ] --END-- [ RunTime:0.000578s ]
SQL: SHOW COLUMNS FROM `db_member` [ RunTime:0.0112s ]
SQL: SELECT * FROM `db_member` WHERE `account` = 17622818248 LIMIT 1   [ RunTime:0.0107s ]
NOTIC: [8] Undefined index: password D:\test\Littlewhale\Application\Api\Controller\LoginController.class.php 第 42 行.

[ 2018-12-18T18:03:56+08:00 ] 127.0.0.1 /index.php/Api/login/login
INFO: [ app_init ] --START--
INFO: Run Behavior\BuildLiteBehavior [ RunTime:0.000035s ]
INFO: [ app_init ] --END-- [ RunTime:0.000211s ]
INFO: [ app_begin ] --START--
INFO: Run Behavior\ReadHtmlCacheBehavior [ RunTime:0.000200s ]
INFO: [ app_begin ] --END-- [ RunTime:0.000354s ]
SQL: SHOW COLUMNS FROM `db_member` [ RunTime:0.0116s ]
SQL: SELECT * FROM `db_member` WHERE `account` = 17622818248 LIMIT 1   [ RunTime:0.0125s ]

[ 2018-12-18T18:03:57+08:00 ] 127.0.0.1 /index.php/Api/login/login
INFO: [ app_init ] --START--
INFO: Run Behavior\BuildLiteBehavior [ RunTime:0.000038s ]
INFO: [ app_init ] --END-- [ RunTime:0.000225s ]
INFO: [ app_begin ] --START--
INFO: Run Behavior\ReadHtmlCacheBehavior [ RunTime:0.000150s ]
INFO: [ app_begin ] --END-- [ RunTime:0.000263s ]
SQL: SHOW COLUMNS FROM `db_member` [ RunTime:0.0121s ]
SQL: SELECT * FROM `db_member` WHERE `account` = 17622818248 LIMIT 1   [ RunTime:0.0119s ]

[ 2018-12-18T18:03:57+08:00 ] 127.0.0.1 /index.php/Api/login/login
INFO: [ app_init ] --START--
INFO: Run Behavior\BuildLiteBehavior [ RunTime:0.000032s ]
INFO: [ app_init ] --END-- [ RunTime:0.000196s ]
INFO: [ app_begin ] --START--
INFO: Run Behavior\ReadHtmlCacheBehavior [ RunTime:0.000074s ]
INFO: [ app_begin ] --END-- [ RunTime:0.000127s ]
SQL: SHOW COLUMNS FROM `db_member` [ RunTime:0.0114s ]
SQL: SELECT * FROM `db_member` WHERE `account` = 17622818248 LIMIT 1   [ RunTime:0.0117s ]

[ 2018-12-18T18:03:57+08:00 ] 127.0.0.1 /index.php/Api/login/login
INFO: [ app_init ] --START--
INFO: Run Behavior\BuildLiteBehavior [ RunTime:0.000015s ]
INFO: [ app_init ] --END-- [ RunTime:0.000086s ]
INFO: [ app_begin ] --START--
INFO: Run Behavior\ReadHtmlCacheBehavior [ RunTime:0.000070s ]
INFO: [ app_begin ] --END-- [ RunTime:0.000125s ]
SQL: SHOW COLUMNS FROM `db_member` [ RunTime:0.0107s ]
SQL: SELECT * FROM `db_member` WHERE `account` = 17622818248 LIMIT 1   [ RunTime:0.0092s ]

[ 2018-12-18T18:03:58+08:00 ] 127.0.0.1 /index.php/Api/login/login
INFO: [ app_init ] --START--
INFO: Run Behavior\BuildLiteBehavior [ RunTime:0.000022s ]
INFO: [ app_init ] --END-- [ RunTime:0.000139s ]
INFO: [ app_begin ] --START--
INFO: Run Behavior\ReadHtmlCacheBehavior [ RunTime:0.000248s ]
INFO: [ app_begin ] --END-- [ RunTime:0.000543s ]
SQL: SHOW COLUMNS FROM `db_member` [ RunTime:0.0123s ]
SQL: SELECT * FROM `db_member` WHERE `account` = 17622818248 LIMIT 1   [ RunTime:0.0115s ]

[ 2018-12-18T18:04:19+08:00 ] 127.0.0.1 /index.php/Api/login/login
INFO: [ app_init ] --START--
INFO: Run Behavior\BuildLiteBehavior [ RunTime:0.000018s ]
INFO: [ app_init ] --END-- [ RunTime:0.000125s ]
INFO: [ app_begin ] --START--
INFO: Run Behavior\ReadHtmlCacheBehavior [ RunTime:0.000096s ]
INFO: [ app_begin ] --END-- [ RunTime:0.000157s ]
SQL: SHOW COLUMNS FROM `db_member` [ RunTime:0.0139s ]
SQL: SELECT * FROM `db_member` WHERE `account` = 17622818248 LIMIT 1   [ RunTime:0.0118s ]

[ 2018-12-18T18:04:20+08:00 ] 127.0.0.1 /index.php/Api/login/login
INFO: [ app_init ] --START--
INFO: Run Behavior\BuildLiteBehavior [ RunTime:0.000014s ]
INFO: [ app_init ] --END-- [ RunTime:0.000079s ]
INFO: [ app_begin ] --START--
INFO: Run Behavior\ReadHtmlCacheBehavior [ RunTime:0.000062s ]
INFO: [ app_begin ] --END-- [ RunTime:0.000110s ]
SQL: SHOW COLUMNS FROM `db_member` [ RunTime:0.0124s ]
SQL: SELECT * FROM `db_member` WHERE `account` = 17622818248 LIMIT 1   [ RunTime:0.0115s ]

[ 2018-12-18T18:04:20+08:00 ] 127.0.0.1 /index.php/Api/login/login
INFO: [ app_init ] --START--
INFO: Run Behavior\BuildLiteBehavior [ RunTime:0.000014s ]
INFO: [ app_init ] --END-- [ RunTime:0.000084s ]
INFO: [ app_begin ] --START--
INFO: Run Behavior\ReadHtmlCacheBehavior [ RunTime:0.000063s ]
INFO: [ app_begin ] --END-- [ RunTime:0.000111s ]
SQL: SHOW COLUMNS FROM `db_member` [ RunTime:0.2222s ]
SQL: SELECT * FROM `db_member` WHERE `account` = 17622818248 LIMIT 1   [ RunTime:0.0256s ]

[ 2018-12-18T18:04:20+08:00 ] 127.0.0.1 /index.php/Api/login/login
INFO: [ app_init ] --START--
INFO: Run Behavior\BuildLiteBehavior [ RunTime:0.000015s ]
INFO: [ app_init ] --END-- [ RunTime:0.000084s ]
INFO: [ app_begin ] --START--
INFO: Run Behavior\ReadHtmlCacheBehavior [ RunTime:0.000066s ]
INFO: [ app_begin ] --END-- [ RunTime:0.000116s ]
SQL: SHOW COLUMNS FROM `db_member` [ RunTime:0.0122s ]
SQL: SELECT * FROM `db_member` WHERE `account` = 17622818248 LIMIT 1   [ RunTime:0.0123s ]

[ 2018-12-18T18:04:20+08:00 ] 127.0.0.1 /index.php/Api/login/login
INFO: [ app_init ] --START--
INFO: Run Behavior\BuildLiteBehavior [ RunTime:0.000023s ]
INFO: [ app_init ] --END-- [ RunTime:0.000138s ]
INFO: [ app_begin ] --START--
INFO: Run Behavior\ReadHtmlCacheBehavior [ RunTime:0.000075s ]
INFO: [ app_begin ] --END-- [ RunTime:0.000127s ]
SQL: SHOW COLUMNS FROM `db_member` [ RunTime:0.0129s ]
SQL: SELECT * FROM `db_member` WHERE `account` = 17622818248 LIMIT 1   [ RunTime:0.0123s ]

[ 2018-12-18T18:04:20+08:00 ] 127.0.0.1 /index.php/Api/login/login
INFO: [ app_init ] --START--
INFO: Run Behavior\BuildLiteBehavior [ RunTime:0.000016s ]
INFO: [ app_init ] --END-- [ RunTime:0.000094s ]
INFO: [ app_begin ] --START--
INFO: Run Behavior\ReadHtmlCacheBehavior [ RunTime:0.000071s ]
INFO: [ app_begin ] --END-- [ RunTime:0.000122s ]
SQL: SHOW COLUMNS FROM `db_member` [ RunTime:0.0109s ]
SQL: SELECT * FROM `db_member` WHERE `account` = 17622818248 LIMIT 1   [ RunTime:0.0140s ]

[ 2018-12-18T18:04:21+08:00 ] 127.0.0.1 /index.php/Api/login/login
INFO: [ app_init ] --START--
INFO: Run Behavior\BuildLiteBehavior [ RunTime:0.000018s ]
INFO: [ app_init ] --END-- [ RunTime:0.000097s ]
INFO: [ app_begin ] --START--
INFO: Run Behavior\ReadHtmlCacheBehavior [ RunTime:0.000078s ]
INFO: [ app_begin ] --END-- [ RunTime:0.000135s ]
SQL: SHOW COLUMNS FROM `db_member` [ RunTime:0.0120s ]
SQL: SELECT * FROM `db_member` WHERE `account` = 17622818248 LIMIT 1   [ RunTime:0.0116s ]

[ 2018-12-18T18:06:21+08:00 ] 127.0.0.1 /index.php/Api/login/login
INFO: [ app_init ] --START--
INFO: Run Behavior\BuildLiteBehavior [ RunTime:0.000016s ]
INFO: [ app_init ] --END-- [ RunTime:0.000235s ]
INFO: [ app_begin ] --START--
INFO: Run Behavior\ReadHtmlCacheBehavior [ RunTime:0.000451s ]
INFO: [ app_begin ] --END-- [ RunTime:0.000551s ]
SQL: SHOW COLUMNS FROM `db_member` [ RunTime:0.0127s ]
SQL: SELECT * FROM `db_member` WHERE `account` = 17622818248 LIMIT 1   [ RunTime:0.0096s ]

[ 2018-12-18T18:06:22+08:00 ] 127.0.0.1 /index.php/Api/login/login
INFO: [ app_init ] --START--
INFO: Run Behavior\BuildLiteBehavior [ RunTime:0.000017s ]
INFO: [ app_init ] --END-- [ RunTime:0.000096s ]
INFO: [ app_begin ] --START--
INFO: Run Behavior\ReadHtmlCacheBehavior [ RunTime:0.000685s ]
INFO: [ app_begin ] --END-- [ RunTime:0.000801s ]
SQL: SHOW COLUMNS FROM `db_member` [ RunTime:0.0102s ]
SQL: SELECT * FROM `db_member` WHERE `account` = 17622818248 LIMIT 1   [ RunTime:0.0086s ]

[ 2018-12-18T18:06:22+08:00 ] 127.0.0.1 /index.php/Api/login/login
INFO: [ app_init ] --START--
INFO: Run Behavior\BuildLiteBehavior [ RunTime:0.000026s ]
INFO: [ app_init ] --END-- [ RunTime:0.000182s ]
INFO: [ app_begin ] --START--
INFO: Run Behavior\ReadHtmlCacheBehavior [ RunTime:0.000206s ]
INFO: [ app_begin ] --END-- [ RunTime:0.000351s ]
SQL: SHOW COLUMNS FROM `db_member` [ RunTime:0.0130s ]
SQL: SELECT * FROM `db_member` WHERE `account` = 17622818248 LIMIT 1   [ RunTime:0.0117s ]

[ 2018-12-18T18:06:22+08:00 ] 127.0.0.1 /index.php/Api/login/login
INFO: [ app_init ] --START--
INFO: Run Behavior\BuildLiteBehavior [ RunTime:0.000014s ]
INFO: [ app_init ] --END-- [ RunTime:0.000079s ]
INFO: [ app_begin ] --START--
INFO: Run Behavior\ReadHtmlCacheBehavior [ RunTime:0.000060s ]
INFO: [ app_begin ] --END-- [ RunTime:0.000109s ]
SQL: SHOW COLUMNS FROM `db_member` [ RunTime:0.0117s ]
SQL: SELECT * FROM `db_member` WHERE `account` = 17622818248 LIMIT 1   [ RunTime:0.0108s ]

[ 2018-12-18T18:06:23+08:00 ] 127.0.0.1 /index.php/Api/login/login
INFO: [ app_init ] --START--
INFO: Run Behavior\BuildLiteBehavior [ RunTime:0.000016s ]
INFO: [ app_init ] --END-- [ RunTime:0.000087s ]
INFO: [ app_begin ] --START--
INFO: Run Behavior\ReadHtmlCacheBehavior [ RunTime:0.000097s ]
INFO: [ app_begin ] --END-- [ RunTime:0.000152s ]
SQL: SHOW COLUMNS FROM `db_member` [ RunTime:0.0118s ]
SQL: SELECT * FROM `db_member` WHERE `account` = 17622818248 LIMIT 1   [ RunTime:0.0121s ]

[ 2018-12-18T18:06:23+08:00 ] 127.0.0.1 /index.php/Api/login/login
INFO: [ app_init ] --START--
INFO: Run Behavior\BuildLiteBehavior [ RunTime:0.000017s ]
INFO: [ app_init ] --END-- [ RunTime:0.000095s ]
INFO: [ app_begin ] --START--
INFO: Run Behavior\ReadHtmlCacheBehavior [ RunTime:0.000065s ]
INFO: [ app_begin ] --END-- [ RunTime:0.000115s ]
SQL: SHOW COLUMNS FROM `db_member` [ RunTime:0.0121s ]
SQL: SELECT * FROM `db_member` WHERE `account` = 17622818248 LIMIT 1   [ RunTime:0.0111s ]

[ 2018-12-18T18:06:23+08:00 ] 127.0.0.1 /index.php/Api/login/login
INFO: [ app_init ] --START--
INFO: Run Behavior\BuildLiteBehavior [ RunTime:0.000014s ]
INFO: [ app_init ] --END-- [ RunTime:0.000085s ]
INFO: [ app_begin ] --START--
INFO: Run Behavior\ReadHtmlCacheBehavior [ RunTime:0.000064s ]
INFO: [ app_begin ] --END-- [ RunTime:0.000114s ]
SQL: SHOW COLUMNS FROM `db_member` [ RunTime:0.0115s ]
SQL: SELECT * FROM `db_member` WHERE `account` = 17622818248 LIMIT 1   [ RunTime:0.0117s ]

[ 2018-12-18T18:09:57+08:00 ] 127.0.0.1 /index.php/Api/login/login
INFO: [ app_init ] --START--
INFO: Run Behavior\BuildLiteBehavior [ RunTime:0.000022s ]
INFO: [ app_init ] --END-- [ RunTime:0.000329s ]
INFO: [ app_begin ] --START--
INFO: Run Behavior\ReadHtmlCacheBehavior [ RunTime:0.000854s ]
INFO: [ app_begin ] --END-- [ RunTime:0.001031s ]
SQL: SHOW COLUMNS FROM `db_member` [ RunTime:0.0123s ]
SQL: SELECT * FROM `db_member` WHERE `account` = 17622818248 LIMIT 1   [ RunTime:0.0119s ]
ERR: Call to undefined function Api\Controller\var_dum()

[ 2018-12-18T18:10:11+08:00 ] 127.0.0.1 /index.php/Api/login/login
INFO: [ app_init ] --START--
INFO: Run Behavior\BuildLiteBehavior [ RunTime:0.000026s ]
INFO: [ app_init ] --END-- [ RunTime:0.000302s ]
INFO: [ app_begin ] --START--
INFO: Run Behavior\ReadHtmlCacheBehavior [ RunTime:0.000278s ]
INFO: [ app_begin ] --END-- [ RunTime:0.000514s ]
SQL: SHOW COLUMNS FROM `db_member` [ RunTime:0.0107s ]
SQL: SELECT * FROM `db_member` WHERE `account` = 17622818248 LIMIT 1   [ RunTime:0.0102s ]

[ 2018-12-18T18:11:29+08:00 ] 127.0.0.1 /index.php/Api/login/login
INFO: [ app_init ] --START--
INFO: Run Behavior\BuildLiteBehavior [ RunTime:0.000015s ]
INFO: [ app_init ] --END-- [ RunTime:0.000120s ]
INFO: [ app_begin ] --START--
INFO: Run Behavior\ReadHtmlCacheBehavior [ RunTime:0.000076s ]
INFO: [ app_begin ] --END-- [ RunTime:0.000137s ]
SQL: SHOW COLUMNS FROM `db_member` [ RunTime:0.0107s ]
SQL: SELECT * FROM `db_member` WHERE `account` = 17622818248 LIMIT 1   [ RunTime:0.0115s ]

