[ 2018-12-25T10:27:31+08:00 ] 127.0.0.1 /index.php/Api/order/carwashList
INFO: [ app_init ] --START--
INFO: Run Behavior\BuildLiteBehavior [ RunTime:0.000000s ]
INFO: [ app_init ] --END-- [ RunTime:0.000000s ]
INFO: [ app_begin ] --START--
INFO: Run Behavior\ReadHtmlCacheBehavior [ RunTime:0.000000s ]
INFO: [ app_begin ] --END-- [ RunTime:0.000000s ]
NOTIC: [8] Undefined index: token G:\Littlewhale\Application\Api\Controller\BaseController.class.php 第 26 行.

[ 2018-12-25T10:27:35+08:00 ] 127.0.0.1 /index.php/Api/order/carwashList?token=3b85d91fe23951cba0c26be393a81241
INFO: [ app_init ] --START--
INFO: Run Behavior\BuildLiteBehavior [ RunTime:0.000000s ]
INFO: [ app_init ] --END-- [ RunTime:0.001000s ]
INFO: [ app_begin ] --START--
INFO: Run Behavior\ReadHtmlCacheBehavior [ RunTime:0.001000s ]
INFO: [ app_begin ] --END-- [ RunTime:0.001000s ]
SQL: SHOW COLUMNS FROM `db_member` [ RunTime:0.0290s ]
NOTIC: [8] Undefined index: fetchSql G:\Littlewhale\Application\Common\Service\ModelService.class.php 第 245 行.
SQL: SELECT `id` FROM `db_member` WHERE `token` = '3b85d91fe23951cba0c26be393a81241' AND `expired_time` >= 1545704855 AND `status` <> 0 LIMIT 1   [ RunTime:0.0100s ]

[ 2018-12-25T10:27:39+08:00 ] 127.0.0.1 /index.php/Api/order/carwashList?token=3b85d91fe23951cba0c26be393a81241
INFO: [ app_init ] --START--
INFO: Run Behavior\BuildLiteBehavior [ RunTime:0.000000s ]
INFO: [ app_init ] --END-- [ RunTime:0.001000s ]
INFO: [ app_begin ] --START--
INFO: Run Behavior\ReadHtmlCacheBehavior [ RunTime:0.000000s ]
INFO: [ app_begin ] --END-- [ RunTime:0.000000s ]
SQL: SHOW COLUMNS FROM `db_member` [ RunTime:0.0110s ]
NOTIC: [8] Undefined index: fetchSql G:\Littlewhale\Application\Common\Service\ModelService.class.php 第 245 行.
SQL: SELECT `id` FROM `db_member` WHERE `token` = '3b85d91fe23951cba0c26be393a81241' AND `expired_time` >= 1545704858 AND `status` <> 0 LIMIT 1   [ RunTime:0.0100s ]

[ 2018-12-25T10:28:14+08:00 ] 127.0.0.1 /index.php/Api/order/carwashList?token=3b85d91fe23951cba0c26be393a81241
INFO: [ app_init ] --START--
INFO: Run Behavior\BuildLiteBehavior [ RunTime:0.000000s ]
INFO: [ app_init ] --END-- [ RunTime:0.000000s ]
INFO: [ app_begin ] --START--
INFO: Run Behavior\ReadHtmlCacheBehavior [ RunTime:0.001000s ]
INFO: [ app_begin ] --END-- [ RunTime:0.001000s ]
SQL: SHOW COLUMNS FROM `db_member` [ RunTime:0.0090s ]
NOTIC: [8] Undefined index: fetchSql G:\Littlewhale\Application\Common\Service\ModelService.class.php 第 245 行.
SQL: SELECT `id` FROM `db_member` WHERE `token` = '3b85d91fe23951cba0c26be393a81241' AND `expired_time` >= 1545704894 AND `status` <> 0 LIMIT 1   [ RunTime:0.0090s ]

[ 2018-12-25T10:28:26+08:00 ] 127.0.0.1 /index.php/Api/order/carwashList?token=12161ec40c06a4a35d707df17900389b
INFO: [ app_init ] --START--
INFO: Run Behavior\BuildLiteBehavior [ RunTime:0.000000s ]
INFO: [ app_init ] --END-- [ RunTime:0.000000s ]
INFO: [ app_begin ] --START--
INFO: Run Behavior\ReadHtmlCacheBehavior [ RunTime:0.001000s ]
INFO: [ app_begin ] --END-- [ RunTime:0.001000s ]
SQL: SHOW COLUMNS FROM `db_member` [ RunTime:0.0110s ]
NOTIC: [8] Undefined index: fetchSql G:\Littlewhale\Application\Common\Service\ModelService.class.php 第 245 行.
SQL: SELECT `id` FROM `db_member` WHERE `token` = '12161ec40c06a4a35d707df17900389b' AND `expired_time` >= 1545704906 AND `status` <> 0 LIMIT 1   [ RunTime:0.0100s ]

[ 2018-12-25T10:28:36+08:00 ] 127.0.0.1 /index.php/Api/order/carwashList?token=d10f168a252b56873a507ea7d3cfd186
INFO: [ app_init ] --START--
INFO: Run Behavior\BuildLiteBehavior [ RunTime:0.000000s ]
INFO: [ app_init ] --END-- [ RunTime:0.000000s ]
INFO: [ app_begin ] --START--
INFO: Run Behavior\ReadHtmlCacheBehavior [ RunTime:0.000000s ]
INFO: [ app_begin ] --END-- [ RunTime:0.000000s ]
SQL: SHOW COLUMNS FROM `db_member` [ RunTime:0.0100s ]
NOTIC: [8] Undefined index: fetchSql G:\Littlewhale\Application\Common\Service\ModelService.class.php 第 245 行.
SQL: SELECT `id` FROM `db_member` WHERE `token` = 'd10f168a252b56873a507ea7d3cfd186' AND `expired_time` >= 1545704916 AND `status` <> 0 LIMIT 1   [ RunTime:0.0080s ]

[ 2018-12-25T10:28:43+08:00 ] 127.0.0.1 /index.php/Api/order/carwashList?token=d10f168a252b56873a507ea7d3cfd186&p_id=1
INFO: [ app_init ] --START--
INFO: Run Behavior\BuildLiteBehavior [ RunTime:0.000000s ]
INFO: [ app_init ] --END-- [ RunTime:0.000000s ]
INFO: [ app_begin ] --START--
INFO: Run Behavior\ReadHtmlCacheBehavior [ RunTime:0.000000s ]
INFO: [ app_begin ] --END-- [ RunTime:0.001000s ]
SQL: SHOW COLUMNS FROM `db_member` [ RunTime:0.0110s ]
NOTIC: [8] Undefined index: fetchSql G:\Littlewhale\Application\Common\Service\ModelService.class.php 第 245 行.
SQL: SELECT `id` FROM `db_member` WHERE `token` = 'd10f168a252b56873a507ea7d3cfd186' AND `expired_time` >= 1545704923 AND `status` <> 0 LIMIT 1   [ RunTime:0.0080s ]
SQL: SHOW COLUMNS FROM `db_car_washer` [ RunTime:0.0090s ]
SQL: SELECT * FROM `db_car_washer` WHERE `p_id` = 1 LIMIT 1   [ RunTime:0.0080s ]

[ 2018-12-25T10:29:30+08:00 ] 127.0.0.1 /index.php/Api/order/carwashList?token=d10f168a252b56873a507ea7d3cfd186&p_id=1
INFO: [ app_init ] --START--
INFO: Run Behavior\BuildLiteBehavior [ RunTime:0.000000s ]
INFO: [ app_init ] --END-- [ RunTime:0.000000s ]
INFO: [ app_begin ] --START--
INFO: Run Behavior\ReadHtmlCacheBehavior [ RunTime:0.001000s ]
INFO: [ app_begin ] --END-- [ RunTime:0.001000s ]
SQL: SHOW COLUMNS FROM `db_member` [ RunTime:0.0120s ]
NOTIC: [8] Undefined index: fetchSql G:\Littlewhale\Application\Common\Service\ModelService.class.php 第 245 行.
SQL: SELECT `id` FROM `db_member` WHERE `token` = 'd10f168a252b56873a507ea7d3cfd186' AND `expired_time` >= 1545704970 AND `status` <> 0 LIMIT 1   [ RunTime:0.0120s ]
SQL: SHOW COLUMNS FROM `db_car_washer` [ RunTime:0.0110s ]
SQL: SELECT * FROM `db_car_washer` WHERE `p_id` = 1  [ RunTime:0.0100s ]

[ 2018-12-25T10:30:19+08:00 ] 127.0.0.1 /index.php/Api/order/carwashList?token=d10f168a252b56873a507ea7d3cfd186&p_id=1
INFO: [ app_init ] --START--
INFO: Run Behavior\BuildLiteBehavior [ RunTime:0.001000s ]
INFO: [ app_init ] --END-- [ RunTime:0.001000s ]
INFO: [ app_begin ] --START--
INFO: Run Behavior\ReadHtmlCacheBehavior [ RunTime:0.001000s ]
INFO: [ app_begin ] --END-- [ RunTime:0.001000s ]
SQL: SHOW COLUMNS FROM `db_member` [ RunTime:0.0100s ]
NOTIC: [8] Undefined index: fetchSql G:\Littlewhale\Application\Common\Service\ModelService.class.php 第 245 行.
SQL: SELECT `id` FROM `db_member` WHERE `token` = 'd10f168a252b56873a507ea7d3cfd186' AND `expired_time` >= 1545705019 AND `status` <> 0 LIMIT 1   [ RunTime:0.0080s ]
SQL: SHOW COLUMNS FROM `db_car_washer` [ RunTime:0.0090s ]
SQL: SELECT * FROM `db_car_washer` WHERE `p_id` = 1  [ RunTime:0.0080s ]

[ 2018-12-25T10:47:27+08:00 ] 127.0.0.1 /index.php/Api/order/carwashList?token=d10f168a252b56873a507ea7d3cfd186&p_id=1
INFO: [ app_init ] --START--
INFO: Run Behavior\BuildLiteBehavior [ RunTime:0.000000s ]
INFO: [ app_init ] --END-- [ RunTime:0.001000s ]
INFO: [ app_begin ] --START--
INFO: Run Behavior\ReadHtmlCacheBehavior [ RunTime:0.001000s ]
INFO: [ app_begin ] --END-- [ RunTime:0.001000s ]
SQL: SHOW COLUMNS FROM `db_member` [ RunTime:0.0090s ]
NOTIC: [8] Undefined index: fetchSql G:\Littlewhale\Application\Common\Service\ModelService.class.php 第 245 行.
SQL: SELECT `id` FROM `db_member` WHERE `token` = 'd10f168a252b56873a507ea7d3cfd186' AND `expired_time` >= 1545706047 AND `status` <> 0 LIMIT 1   [ RunTime:0.0070s ]
SQL: SHOW COLUMNS FROM `db_car_washer` [ RunTime:0.0080s ]
SQL: SELECT * FROM `db_car_washer` WHERE `p_id` = 1  [ RunTime:0.0080s ]

[ 2018-12-25T15:57:06+08:00 ] 127.0.0.1 /index.php/Api/order/canInvoice
INFO: [ app_init ] --START--
INFO: Run Behavior\BuildLiteBehavior [ RunTime:0.000000s ]
INFO: [ app_init ] --END-- [ RunTime:0.000000s ]
INFO: [ app_begin ] --START--
INFO: Run Behavior\ReadHtmlCacheBehavior [ RunTime:0.000000s ]
INFO: [ app_begin ] --END-- [ RunTime:0.001000s ]
NOTIC: [8] Undefined index: token G:\Littlewhale\Application\Api\Controller\BaseController.class.php 第 26 行.

[ 2018-12-25T15:57:09+08:00 ] 127.0.0.1 /index.php/Api/order/canInvoice?token=d10f168a252b56873a507ea7d3cfd186
INFO: [ app_init ] --START--
INFO: Run Behavior\BuildLiteBehavior [ RunTime:0.000000s ]
INFO: [ app_init ] --END-- [ RunTime:0.001000s ]
INFO: [ app_begin ] --START--
INFO: Run Behavior\ReadHtmlCacheBehavior [ RunTime:0.001001s ]
INFO: [ app_begin ] --END-- [ RunTime:0.001001s ]
SQL: SHOW COLUMNS FROM `db_member` [ RunTime:0.0110s ]
NOTIC: [8] Undefined index: fetchSql G:\Littlewhale\Application\Common\Service\ModelService.class.php 第 245 行.
SQL: SELECT `id` FROM `db_member` WHERE `token` = 'd10f168a252b56873a507ea7d3cfd186' AND `expired_time` >= 1545724628 AND `status` <> 0 LIMIT 1   [ RunTime:0.0090s ]
SQL: SHOW COLUMNS FROM `db_order` [ RunTime:0.0090s ]
SQL: SELECT * FROM `db_order` WHERE `m_id` = 108 AND `status` = 2 AND `invoice` = 0 ORDER BY create_time desc LIMIT 0,15   [ RunTime:0.0110s ]

[ 2018-12-25T15:57:26+08:00 ] 127.0.0.1 /index.php/Api/order/canInvoice?token=3b85d91fe23951cba0c26be393a81241
INFO: [ app_init ] --START--
INFO: Run Behavior\BuildLiteBehavior [ RunTime:0.000000s ]
INFO: [ app_init ] --END-- [ RunTime:0.001000s ]
INFO: [ app_begin ] --START--
INFO: Run Behavior\ReadHtmlCacheBehavior [ RunTime:0.001000s ]
INFO: [ app_begin ] --END-- [ RunTime:0.001000s ]
SQL: SHOW COLUMNS FROM `db_member` [ RunTime:0.0100s ]
NOTIC: [8] Undefined index: fetchSql G:\Littlewhale\Application\Common\Service\ModelService.class.php 第 245 行.
SQL: SELECT `id` FROM `db_member` WHERE `token` = '3b85d91fe23951cba0c26be393a81241' AND `expired_time` >= 1545724646 AND `status` <> 0 LIMIT 1   [ RunTime:0.0070s ]

[ 2018-12-25T15:57:48+08:00 ] 127.0.0.1 /index.php/Api/order/canInvoice?token=3b85d91fe23951cba0c26be393a81241
INFO: [ app_init ] --START--
INFO: Run Behavior\BuildLiteBehavior [ RunTime:0.000000s ]
INFO: [ app_init ] --END-- [ RunTime:0.000000s ]
INFO: [ app_begin ] --START--
INFO: Run Behavior\ReadHtmlCacheBehavior [ RunTime:0.001000s ]
INFO: [ app_begin ] --END-- [ RunTime:0.001000s ]
SQL: SHOW COLUMNS FROM `db_member` [ RunTime:0.0090s ]
NOTIC: [8] Undefined index: fetchSql G:\Littlewhale\Application\Common\Service\ModelService.class.php 第 245 行.
SQL: SELECT `id` FROM `db_member` WHERE `token` = '3b85d91fe23951cba0c26be393a81241' AND `expired_time` >= 1545724668 AND `status` <> 0 LIMIT 1   [ RunTime:0.0080s ]
SQL: SHOW COLUMNS FROM `db_order` [ RunTime:0.0090s ]
SQL: SELECT * FROM `db_order` WHERE `m_id` = 91 AND `status` = 2 AND `invoice` = 0 ORDER BY create_time desc LIMIT 0,15   [ RunTime:0.0070s ]

[ 2018-12-25T15:57:51+08:00 ] 127.0.0.1 /index.php/Api/order/canInvoice?token=3b85d91fe23951cba0c26be393a81241
INFO: [ app_init ] --START--
INFO: Run Behavior\BuildLiteBehavior [ RunTime:0.000000s ]
INFO: [ app_init ] --END-- [ RunTime:0.001000s ]
INFO: [ app_begin ] --START--
INFO: Run Behavior\ReadHtmlCacheBehavior [ RunTime:0.000000s ]
INFO: [ app_begin ] --END-- [ RunTime:0.001000s ]
SQL: SHOW COLUMNS FROM `db_member` [ RunTime:0.0110s ]
NOTIC: [8] Undefined index: fetchSql G:\Littlewhale\Application\Common\Service\ModelService.class.php 第 245 行.
SQL: SELECT `id` FROM `db_member` WHERE `token` = '3b85d91fe23951cba0c26be393a81241' AND `expired_time` >= 1545724671 AND `status` <> 0 LIMIT 1   [ RunTime:0.0070s ]
SQL: SHOW COLUMNS FROM `db_order` [ RunTime:0.0080s ]
SQL: SELECT * FROM `db_order` WHERE `m_id` = 91 AND `status` = 2 AND `invoice` = 0 ORDER BY create_time desc LIMIT 0,15   [ RunTime:0.0080s ]

[ 2018-12-25T15:58:41+08:00 ] 127.0.0.1 /index.php/Api/order/canInvoice?token=3b85d91fe23951cba0c26be393a81241
INFO: [ app_init ] --START--
INFO: Run Behavior\BuildLiteBehavior [ RunTime:0.000000s ]
INFO: [ app_init ] --END-- [ RunTime:0.001000s ]
INFO: [ app_begin ] --START--
INFO: Run Behavior\ReadHtmlCacheBehavior [ RunTime:0.000000s ]
INFO: [ app_begin ] --END-- [ RunTime:0.001000s ]
SQL: SHOW COLUMNS FROM `db_member` [ RunTime:0.0110s ]
NOTIC: [8] Undefined index: fetchSql G:\Littlewhale\Application\Common\Service\ModelService.class.php 第 245 行.
SQL: SELECT `id` FROM `db_member` WHERE `token` = '3b85d91fe23951cba0c26be393a81241' AND `expired_time` >= 1545724721 AND `status` <> 0 LIMIT 1   [ RunTime:0.0100s ]
SQL: SHOW COLUMNS FROM `db_order` [ RunTime:0.0110s ]
SQL: SELECT * FROM `db_order` WHERE `m_id` = 91 AND `status` = 1 AND `invoice` = 0 ORDER BY create_time desc LIMIT 0,15   [ RunTime:0.0100s ]

[ 2018-12-25T15:58:56+08:00 ] 127.0.0.1 /index.php/Api/order/canInvoice?token=3b85d91fe23951cba0c26be393a81241
INFO: [ app_init ] --START--
INFO: Run Behavior\BuildLiteBehavior [ RunTime:0.000000s ]
INFO: [ app_init ] --END-- [ RunTime:0.000000s ]
INFO: [ app_begin ] --START--
INFO: Run Behavior\ReadHtmlCacheBehavior [ RunTime:0.001000s ]
INFO: [ app_begin ] --END-- [ RunTime:0.001000s ]
SQL: SHOW COLUMNS FROM `db_member` [ RunTime:0.0090s ]
NOTIC: [8] Undefined index: fetchSql G:\Littlewhale\Application\Common\Service\ModelService.class.php 第 245 行.
SQL: SELECT `id` FROM `db_member` WHERE `token` = '3b85d91fe23951cba0c26be393a81241' AND `expired_time` >= 1545724736 AND `status` <> 0 LIMIT 1   [ RunTime:0.0080s ]
SQL: SHOW COLUMNS FROM `db_order` [ RunTime:0.0100s ]
SQL: SELECT * FROM `db_order` WHERE `m_id` = 91 AND `status` = 1 AND `invoice` = 0 ORDER BY create_time desc LIMIT 0,15   [ RunTime:0.0100s ]

[ 2018-12-25T16:00:09+08:00 ] 127.0.0.1 /index.php/Api/order/canInvoice?token=3b85d91fe23951cba0c26be393a81241
INFO: [ app_init ] --START--
INFO: Run Behavior\BuildLiteBehavior [ RunTime:0.000000s ]
INFO: [ app_init ] --END-- [ RunTime:0.000000s ]
INFO: [ app_begin ] --START--
INFO: Run Behavior\ReadHtmlCacheBehavior [ RunTime:0.000000s ]
INFO: [ app_begin ] --END-- [ RunTime:0.000000s ]
SQL: SHOW COLUMNS FROM `db_member` [ RunTime:0.0170s ]
NOTIC: [8] Undefined index: fetchSql G:\Littlewhale\Application\Common\Service\ModelService.class.php 第 245 行.
SQL: SELECT `id` FROM `db_member` WHERE `token` = '3b85d91fe23951cba0c26be393a81241' AND `expired_time` >= 1545724809 AND `status` <> 0 LIMIT 1   [ RunTime:0.0100s ]
SQL: SHOW COLUMNS FROM `db_order` [ RunTime:0.0110s ]
NOTIC: [8] Undefined variable: page G:\Littlewhale\Application\Api\Controller\OrderController.class.php 第 225 行.
SQL: SELECT * FROM `db_order` WHERE `m_id` = 91 AND `status` = 1 AND `invoice` = 0 ORDER BY create_time desc LIMIT 0,15   [ RunTime:0.0100s ]

[ 2018-12-25T16:00:37+08:00 ] 127.0.0.1 /index.php/Api/order/canInvoice?token=3b85d91fe23951cba0c26be393a81241
INFO: [ app_init ] --START--
INFO: Run Behavior\BuildLiteBehavior [ RunTime:0.000000s ]
INFO: [ app_init ] --END-- [ RunTime:0.001000s ]
INFO: [ app_begin ] --START--
INFO: Run Behavior\ReadHtmlCacheBehavior [ RunTime:0.001000s ]
INFO: [ app_begin ] --END-- [ RunTime:0.001000s ]
SQL: SHOW COLUMNS FROM `db_member` [ RunTime:0.0100s ]
NOTIC: [8] Undefined index: fetchSql G:\Littlewhale\Application\Common\Service\ModelService.class.php 第 245 行.
SQL: SELECT `id` FROM `db_member` WHERE `token` = '3b85d91fe23951cba0c26be393a81241' AND `expired_time` >= 1545724837 AND `status` <> 0 LIMIT 1   [ RunTime:0.0090s ]
SQL: SHOW COLUMNS FROM `db_order` [ RunTime:0.0090s ]
SQL: SELECT * FROM `db_order` WHERE `m_id` = 91 AND `status` = 1 AND `invoice` = 0 ORDER BY create_time desc LIMIT 0,15   [ RunTime:0.0100s ]

[ 2018-12-25T16:02:29+08:00 ] 127.0.0.1 /index.php/Api/order/canInvoice?token=0c2372ead73641a3f2472a4f0b79a41e
INFO: [ app_init ] --START--
INFO: Run Behavior\BuildLiteBehavior [ RunTime:0.000000s ]
INFO: [ app_init ] --END-- [ RunTime:0.000000s ]
INFO: [ app_begin ] --START--
INFO: Run Behavior\ReadHtmlCacheBehavior [ RunTime:0.001000s ]
INFO: [ app_begin ] --END-- [ RunTime:0.001000s ]
SQL: SHOW COLUMNS FROM `db_member` [ RunTime:0.0090s ]
NOTIC: [8] Undefined index: fetchSql G:\Littlewhale\Application\Common\Service\ModelService.class.php 第 245 行.
SQL: SELECT `id` FROM `db_member` WHERE `token` = '0c2372ead73641a3f2472a4f0b79a41e' AND `expired_time` >= 1545724949 AND `status` <> 0 LIMIT 1   [ RunTime:0.0090s ]
SQL: SHOW COLUMNS FROM `db_order` [ RunTime:0.0080s ]
SQL: SELECT * FROM `db_order` WHERE `m_id` = 109 AND `status` = 1 AND `invoice` = 0 ORDER BY create_time desc LIMIT 0,15   [ RunTime:0.0090s ]

[ 2018-12-25T16:03:24+08:00 ] 127.0.0.1 /index.php/Api/order/canInvoice?token=3b85d91fe23951cba0c26be393a81241
INFO: [ app_init ] --START--
INFO: Run Behavior\BuildLiteBehavior [ RunTime:0.000000s ]
INFO: [ app_init ] --END-- [ RunTime:0.001000s ]
INFO: [ app_begin ] --START--
INFO: Run Behavior\ReadHtmlCacheBehavior [ RunTime:0.000000s ]
INFO: [ app_begin ] --END-- [ RunTime:0.000000s ]
SQL: SHOW COLUMNS FROM `db_member` [ RunTime:0.0090s ]
NOTIC: [8] Undefined index: fetchSql G:\Littlewhale\Application\Common\Service\ModelService.class.php 第 245 行.
SQL: SELECT `id` FROM `db_member` WHERE `token` = '3b85d91fe23951cba0c26be393a81241' AND `expired_time` >= 1545725004 AND `status` <> 0 LIMIT 1   [ RunTime:0.0070s ]
SQL: SHOW COLUMNS FROM `db_order` [ RunTime:0.0080s ]
SQL: SELECT * FROM `db_order` WHERE `m_id` = 91 AND `status` = 1 AND `invoice` = 0 ORDER BY create_time desc LIMIT 0,15   [ RunTime:0.0080s ]

[ 2018-12-25T16:04:30+08:00 ] 127.0.0.1 /index.php/Api/order/canInvoice?token=3b85d91fe23951cba0c26be393a81241
INFO: [ app_init ] --START--
INFO: Run Behavior\BuildLiteBehavior [ RunTime:0.000000s ]
INFO: [ app_init ] --END-- [ RunTime:0.001000s ]
INFO: [ app_begin ] --START--
INFO: Run Behavior\ReadHtmlCacheBehavior [ RunTime:0.001000s ]
INFO: [ app_begin ] --END-- [ RunTime:0.001000s ]
SQL: SHOW COLUMNS FROM `db_member` [ RunTime:0.0110s ]
NOTIC: [8] Undefined index: fetchSql G:\Littlewhale\Application\Common\Service\ModelService.class.php 第 245 行.
SQL: SELECT `id` FROM `db_member` WHERE `token` = '3b85d91fe23951cba0c26be393a81241' AND `expired_time` >= 1545725070 AND `status` <> 0 LIMIT 1   [ RunTime:0.0130s ]
SQL: SHOW COLUMNS FROM `db_order` [ RunTime:0.0100s ]
SQL: SELECT * FROM `db_order` WHERE `m_id` = 91 AND `status` = 1 AND `invoice` = 0 ORDER BY create_time desc LIMIT 0,15   [ RunTime:0.0100s ]

[ 2018-12-25T16:09:04+08:00 ] 127.0.0.1 /index.php/Api/order/canInvoice?token=3b85d91fe23951cba0c26be393a81241
INFO: [ app_init ] --START--
INFO: Run Behavior\BuildLiteBehavior [ RunTime:0.000000s ]
INFO: [ app_init ] --END-- [ RunTime:0.001000s ]
INFO: [ app_begin ] --START--
INFO: Run Behavior\ReadHtmlCacheBehavior [ RunTime:0.000000s ]
INFO: [ app_begin ] --END-- [ RunTime:0.000000s ]
SQL: SHOW COLUMNS FROM `db_member` [ RunTime:0.0120s ]
NOTIC: [8] Undefined index: fetchSql G:\Littlewhale\Application\Common\Service\ModelService.class.php 第 245 行.
SQL: SELECT `id` FROM `db_member` WHERE `token` = '3b85d91fe23951cba0c26be393a81241' AND `expired_time` >= 1545725344 AND `status` <> 0 LIMIT 1   [ RunTime:0.0110s ]
SQL: SHOW COLUMNS FROM `db_order` [ RunTime:0.0130s ]
SQL: SELECT * FROM `db_order` WHERE `m_id` = 91 AND `status` = 1 AND `invoice` = 0 ORDER BY create_time desc LIMIT 0,15   [ RunTime:0.0110s ]

[ 2018-12-25T16:12:28+08:00 ] 127.0.0.1 /index.php/Api/order/canInvoice?token=3b85d91fe23951cba0c26be393a81241
INFO: [ app_init ] --START--
INFO: Run Behavior\BuildLiteBehavior [ RunTime:0.000000s ]
INFO: [ app_init ] --END-- [ RunTime:0.001000s ]
INFO: [ app_begin ] --START--
INFO: Run Behavior\ReadHtmlCacheBehavior [ RunTime:0.000000s ]
INFO: [ app_begin ] --END-- [ RunTime:0.000000s ]
SQL: SHOW COLUMNS FROM `db_member` [ RunTime:0.0100s ]
NOTIC: [8] Undefined index: fetchSql G:\Littlewhale\Application\Common\Service\ModelService.class.php 第 245 行.
SQL: SELECT `id` FROM `db_member` WHERE `token` = '3b85d91fe23951cba0c26be393a81241' AND `expired_time` >= 1545725548 AND `status` <> 0 LIMIT 1   [ RunTime:0.0090s ]
SQL: SHOW COLUMNS FROM `db_order` [ RunTime:0.0080s ]
SQL: SELECT * FROM `db_order` WHERE `m_id` = 91 AND `status` = 1 AND `invoice` = 0 ORDER BY create_time desc LIMIT 0,15   [ RunTime:0.0090s ]

[ 2018-12-25T16:14:30+08:00 ] 127.0.0.1 /index.php/Api/order/canInvoice?token=3b85d91fe23951cba0c26be393a81241
INFO: [ app_init ] --START--
INFO: Run Behavior\BuildLiteBehavior [ RunTime:0.000000s ]
INFO: [ app_init ] --END-- [ RunTime:0.001000s ]
INFO: [ app_begin ] --START--
INFO: Run Behavior\ReadHtmlCacheBehavior [ RunTime:0.001000s ]
INFO: [ app_begin ] --END-- [ RunTime:0.001000s ]
SQL: SHOW COLUMNS FROM `db_member` [ RunTime:0.0100s ]
NOTIC: [8] Undefined index: fetchSql G:\Littlewhale\Application\Common\Service\ModelService.class.php 第 245 行.
SQL: SELECT `id` FROM `db_member` WHERE `token` = '3b85d91fe23951cba0c26be393a81241' AND `expired_time` >= 1545725670 AND `status` <> 0 LIMIT 1   [ RunTime:0.0080s ]
SQL: SHOW COLUMNS FROM `db_order` [ RunTime:0.0090s ]
SQL: SELECT * FROM `db_order` WHERE `m_id` = 91 AND `status` = 2 AND `invoice` = 0 ORDER BY create_time desc LIMIT 0,15   [ RunTime:0.0090s ]

[ 2018-12-25T16:18:53+08:00 ] 127.0.0.1 /index.php/Api/order/canInvoice?token=3b85d91fe23951cba0c26be393a81241
INFO: [ app_init ] --START--
INFO: Run Behavior\BuildLiteBehavior [ RunTime:0.000000s ]
INFO: [ app_init ] --END-- [ RunTime:0.001000s ]
INFO: [ app_begin ] --START--
INFO: Run Behavior\ReadHtmlCacheBehavior [ RunTime:0.001000s ]
INFO: [ app_begin ] --END-- [ RunTime:0.001000s ]
SQL: SHOW COLUMNS FROM `db_member` [ RunTime:0.0110s ]
NOTIC: [8] Undefined index: fetchSql G:\Littlewhale\Application\Common\Service\ModelService.class.php 第 245 行.
SQL: SELECT `id` FROM `db_member` WHERE `token` = '3b85d91fe23951cba0c26be393a81241' AND `expired_time` >= 1545725933 AND `status` <> 0 LIMIT 1   [ RunTime:0.0120s ]
SQL: SHOW COLUMNS FROM `db_order` [ RunTime:0.0110s ]
SQL: SELECT * FROM `db_order` WHERE `m_id` = 91 AND `status` = 2 AND `invoice` = 0 ORDER BY create_time desc LIMIT 0,15   [ RunTime:0.0110s ]

[ 2018-12-25T16:21:34+08:00 ] 127.0.0.1 /index.php/Api/order/canInvoice?token=3b85d91fe23951cba0c26be393a81241
INFO: [ app_init ] --START--
INFO: Run Behavior\BuildLiteBehavior [ RunTime:0.000000s ]
INFO: [ app_init ] --END-- [ RunTime:0.001000s ]
INFO: [ app_begin ] --START--
INFO: Run Behavior\ReadHtmlCacheBehavior [ RunTime:0.001000s ]
INFO: [ app_begin ] --END-- [ RunTime:0.001000s ]
SQL: SHOW COLUMNS FROM `db_member` [ RunTime:0.0110s ]
NOTIC: [8] Undefined index: fetchSql G:\Littlewhale\Application\Common\Service\ModelService.class.php 第 245 行.
SQL: SELECT `id` FROM `db_member` WHERE `token` = '3b85d91fe23951cba0c26be393a81241' AND `expired_time` >= 1545726094 AND `status` <> 0 LIMIT 1   [ RunTime:0.0080s ]
SQL: SHOW COLUMNS FROM `db_order` [ RunTime:0.0100s ]
SQL: SELECT * FROM `db_order` WHERE `m_id` = 91 AND `status` = 2 AND `invoice` = 0 ORDER BY create_time desc LIMIT 0,15   [ RunTime:0.0100s ]

[ 2018-12-25T16:23:37+08:00 ] 127.0.0.1 /index.php/Api/order/canInvoice?token=3b85d91fe23951cba0c26be393a81241
INFO: [ app_init ] --START--
INFO: Run Behavior\BuildLiteBehavior [ RunTime:0.000000s ]
INFO: [ app_init ] --END-- [ RunTime:0.001000s ]
INFO: [ app_begin ] --START--
INFO: Run Behavior\ReadHtmlCacheBehavior [ RunTime:0.001000s ]
INFO: [ app_begin ] --END-- [ RunTime:0.001000s ]
SQL: SHOW COLUMNS FROM `db_member` [ RunTime:0.0090s ]
NOTIC: [8] Undefined index: fetchSql G:\Littlewhale\Application\Common\Service\ModelService.class.php 第 245 行.
SQL: SELECT `id` FROM `db_member` WHERE `token` = '3b85d91fe23951cba0c26be393a81241' AND `expired_time` >= 1545726216 AND `status` <> 0 LIMIT 1   [ RunTime:0.0090s ]
SQL: SHOW COLUMNS FROM `db_order` [ RunTime:0.0130s ]
SQL: SELECT * FROM `db_order` WHERE `m_id` = 91 AND `status` = 2 AND `invoice` = 0 ORDER BY create_time desc LIMIT 0,15   [ RunTime:0.0090s ]

[ 2018-12-25T16:26:36+08:00 ] 127.0.0.1 /index.php/Api/order/canInvoice?token=3b85d91fe23951cba0c26be393a81241
INFO: [ app_init ] --START--
INFO: Run Behavior\BuildLiteBehavior [ RunTime:0.000000s ]
INFO: [ app_init ] --END-- [ RunTime:0.000000s ]
INFO: [ app_begin ] --START--
INFO: Run Behavior\ReadHtmlCacheBehavior [ RunTime:0.001000s ]
INFO: [ app_begin ] --END-- [ RunTime:0.001000s ]
SQL: SHOW COLUMNS FROM `db_member` [ RunTime:0.0090s ]
NOTIC: [8] Undefined index: fetchSql G:\Littlewhale\Application\Common\Service\ModelService.class.php 第 245 行.
SQL: SELECT `id` FROM `db_member` WHERE `token` = '3b85d91fe23951cba0c26be393a81241' AND `expired_time` >= 1545726396 AND `status` <> 0 LIMIT 1   [ RunTime:0.0070s ]
SQL: SHOW COLUMNS FROM `db_order` [ RunTime:0.0090s ]
SQL: SELECT * FROM `db_order` WHERE `m_id` = 91 AND `status` = 2 AND `invoice` = 0 ORDER BY create_time desc LIMIT 0,15   [ RunTime:0.0090s ]

[ 2018-12-25T17:50:48+08:00 ] 127.0.0.1 /index.php/Api/order/carwashList
INFO: [ app_init ] --START--
INFO: Run Behavior\BuildLiteBehavior [ RunTime:0.000000s ]
INFO: [ app_init ] --END-- [ RunTime:0.001000s ]
INFO: [ app_begin ] --START--
INFO: Run Behavior\ReadHtmlCacheBehavior [ RunTime:0.001000s ]
INFO: [ app_begin ] --END-- [ RunTime:0.001000s ]
NOTIC: [8] Undefined index: token G:\Littlewhale\Application\Api\Controller\BaseController.class.php 第 26 行.

[ 2018-12-25T17:50:50+08:00 ] 127.0.0.1 /index.php/Api/order/carwashList?token=3b85d91fe23951cba0c26be393a81241
INFO: [ app_init ] --START--
INFO: Run Behavior\BuildLiteBehavior [ RunTime:0.000000s ]
INFO: [ app_init ] --END-- [ RunTime:0.001001s ]
INFO: [ app_begin ] --START--
INFO: Run Behavior\ReadHtmlCacheBehavior [ RunTime:0.000000s ]
INFO: [ app_begin ] --END-- [ RunTime:0.001000s ]
SQL: SHOW COLUMNS FROM `db_member` [ RunTime:0.0090s ]
NOTIC: [8] Undefined index: fetchSql G:\Littlewhale\Application\Common\Service\ModelService.class.php 第 245 行.
SQL: SELECT `id` FROM `db_member` WHERE `token` = '3b85d91fe23951cba0c26be393a81241' AND `expired_time` >= 1545731450 AND `status` <> 0 LIMIT 1   [ RunTime:0.0080s ]

[ 2018-12-25T17:50:55+08:00 ] 127.0.0.1 /index.php/Api/order/carwashList?token=3b85d91fe23951cba0c26be393a81241&p_id=1
INFO: [ app_init ] --START--
INFO: Run Behavior\BuildLiteBehavior [ RunTime:0.000000s ]
INFO: [ app_init ] --END-- [ RunTime:0.001000s ]
INFO: [ app_begin ] --START--
INFO: Run Behavior\ReadHtmlCacheBehavior [ RunTime:0.001000s ]
INFO: [ app_begin ] --END-- [ RunTime:0.001000s ]
SQL: SHOW COLUMNS FROM `db_member` [ RunTime:0.0110s ]
NOTIC: [8] Undefined index: fetchSql G:\Littlewhale\Application\Common\Service\ModelService.class.php 第 245 行.
SQL: SELECT `id` FROM `db_member` WHERE `token` = '3b85d91fe23951cba0c26be393a81241' AND `expired_time` >= 1545731454 AND `status` <> 0 LIMIT 1   [ RunTime:0.0100s ]
SQL: SHOW COLUMNS FROM `db_car_washer` [ RunTime:0.0100s ]
SQL: SELECT * FROM `db_car_washer` WHERE `p_id` = 1  [ RunTime:0.0100s ]

[ 2018-12-25T17:55:05+08:00 ] 127.0.0.1 /index.php/Api/Washshop/WashshopList
INFO: [ app_init ] --START--
INFO: Run Behavior\BuildLiteBehavior [ RunTime:0.000000s ]
INFO: [ app_init ] --END-- [ RunTime:0.001000s ]
INFO: [ app_begin ] --START--
INFO: Run Behavior\ReadHtmlCacheBehavior [ RunTime:0.001000s ]
INFO: [ app_begin ] --END-- [ RunTime:0.001000s ]

[ 2018-12-25T17:55:50+08:00 ] 127.0.0.1 /index.php/Api/Washshop/WashshopList?$lon=117.088382410100&$lat=39.390072728800
INFO: [ app_init ] --START--
INFO: Run Behavior\BuildLiteBehavior [ RunTime:0.000000s ]
INFO: [ app_init ] --END-- [ RunTime:0.000000s ]
INFO: [ app_begin ] --START--
INFO: Run Behavior\ReadHtmlCacheBehavior [ RunTime:0.000000s ]
INFO: [ app_begin ] --END-- [ RunTime:0.001000s ]

[ 2018-12-25T17:56:00+08:00 ] 127.0.0.1 /index.php/Api/Washshop/WashshopList?lon=117.088382410100&lat=39.390072728800
INFO: [ app_init ] --START--
INFO: Run Behavior\BuildLiteBehavior [ RunTime:0.000000s ]
INFO: [ app_init ] --END-- [ RunTime:0.000000s ]
INFO: [ app_begin ] --START--
INFO: Run Behavior\ReadHtmlCacheBehavior [ RunTime:0.000000s ]
INFO: [ app_begin ] --END-- [ RunTime:0.000000s ]
SQL: SHOW COLUMNS FROM `db_washshop` [ RunTime:0.0090s ]
SQL: SELECT id as shop_id,`shop_pic`,`shop_name`,`lon`,`lat`,`shop_phone`,`address`,`startime`,`create_time`,`endtime`,`mtime`,`etime`,(2 * 6378.137* ASIN(SQRT(POW(SIN(3.1415926535898*(39.390072728800-lat)/360),2)+COS(3.1415926535898*39.390072728800/180)* COS(lat * 3.1415926535898/180)*POW(SIN(3.1415926535898*(117.088382410100-lon)/360),2))))*1000 as distance FROM `db_washshop` WHERE `status` = 1 ORDER BY distance asc  [ RunTime:0.0310s ]
SQL: SHOW COLUMNS FROM `db_file` [ RunTime:0.0090s ]
SQL: SELECT `path` FROM `db_file` WHERE `id` = 1324 LIMIT 1   [ RunTime:0.0070s ]
SQL: SELECT `path` FROM `db_file` WHERE `id` = 0 LIMIT 1   [ RunTime:0.0070s ]
SQL: SELECT `path` FROM `db_file` WHERE `id` = 0 LIMIT 1   [ RunTime:0.0080s ]
SQL: SELECT `path` FROM `db_file` WHERE `id` = 0 LIMIT 1   [ RunTime:0.0070s ]
NOTIC: [8] Undefined index: token G:\Littlewhale\Application\Api\Controller\BaseController.class.php 第 26 行.

[ 2018-12-25T17:56:52+08:00 ] 127.0.0.1 /index.php/Api/Washshop/WashshopList?lon=0.000000000000&lat=0.000000000000
INFO: [ app_init ] --START--
INFO: Run Behavior\BuildLiteBehavior [ RunTime:0.001000s ]
INFO: [ app_init ] --END-- [ RunTime:0.001000s ]
INFO: [ app_begin ] --START--
INFO: Run Behavior\ReadHtmlCacheBehavior [ RunTime:0.001000s ]
INFO: [ app_begin ] --END-- [ RunTime:0.001000s ]
SQL: SHOW COLUMNS FROM `db_washshop` [ RunTime:0.0110s ]
SQL: SELECT id as shop_id,`shop_pic`,`shop_name`,`lon`,`lat`,`shop_phone`,`address`,`startime`,`create_time`,`endtime`,`mtime`,`etime`,(2 * 6378.137* ASIN(SQRT(POW(SIN(3.1415926535898*(0.000000000000-lat)/360),2)+COS(3.1415926535898*0.000000000000/180)* COS(lat * 3.1415926535898/180)*POW(SIN(3.1415926535898*(0.000000000000-lon)/360),2))))*1000 as distance FROM `db_washshop` WHERE `status` = 1 ORDER BY distance asc  [ RunTime:0.0100s ]
SQL: SHOW COLUMNS FROM `db_file` [ RunTime:0.0100s ]
SQL: SELECT `path` FROM `db_file` WHERE `id` = 0 LIMIT 1   [ RunTime:0.0090s ]
SQL: SELECT `path` FROM `db_file` WHERE `id` = 0 LIMIT 1   [ RunTime:0.0080s ]
SQL: SELECT `path` FROM `db_file` WHERE `id` = 0 LIMIT 1   [ RunTime:0.0090s ]
SQL: SELECT `path` FROM `db_file` WHERE `id` = 1324 LIMIT 1   [ RunTime:0.0090s ]
NOTIC: [8] Undefined index: token G:\Littlewhale\Application\Api\Controller\BaseController.class.php 第 26 行.

[ 2018-12-25T17:57:17+08:00 ] 127.0.0.1 /index.php/Api/Washshop/WashshopList?lon=117.088382410100&lat=39.390072728800
INFO: [ app_init ] --START--
INFO: Run Behavior\BuildLiteBehavior [ RunTime:0.000000s ]
INFO: [ app_init ] --END-- [ RunTime:0.001000s ]
INFO: [ app_begin ] --START--
INFO: Run Behavior\ReadHtmlCacheBehavior [ RunTime:0.001000s ]
INFO: [ app_begin ] --END-- [ RunTime:0.001000s ]
SQL: SHOW COLUMNS FROM `db_washshop` [ RunTime:0.0100s ]
SQL: SELECT id as shop_id,`shop_pic`,`shop_name`,`lon`,`lat`,`shop_phone`,`address`,`startime`,`create_time`,`endtime`,`mtime`,`etime`,(2 * 6378.137* ASIN(SQRT(POW(SIN(3.1415926535898*(39.390072728800-lat)/360),2)+COS(3.1415926535898*39.390072728800/180)* COS(lat * 3.1415926535898/180)*POW(SIN(3.1415926535898*(117.088382410100-lon)/360),2))))*1000 as distance FROM `db_washshop` WHERE `status` = 1 ORDER BY distance asc  [ RunTime:0.0090s ]
SQL: SHOW COLUMNS FROM `db_file` [ RunTime:0.0080s ]
SQL: SELECT `path` FROM `db_file` WHERE `id` = 1324 LIMIT 1   [ RunTime:0.0080s ]
SQL: SELECT `path` FROM `db_file` WHERE `id` = 0 LIMIT 1   [ RunTime:0.0070s ]
SQL: SELECT `path` FROM `db_file` WHERE `id` = 0 LIMIT 1   [ RunTime:0.0090s ]
SQL: SELECT `path` FROM `db_file` WHERE `id` = 0 LIMIT 1   [ RunTime:0.0090s ]
NOTIC: [8] Undefined index: token G:\Littlewhale\Application\Api\Controller\BaseController.class.php 第 26 行.

[ 2018-12-25T17:58:25+08:00 ] 127.0.0.1 /index.php/Api/Washshop/WashshopList?lon=117.088382410100&lat=39.390072728800
INFO: [ app_init ] --START--
INFO: Run Behavior\BuildLiteBehavior [ RunTime:0.000000s ]
INFO: [ app_init ] --END-- [ RunTime:0.000000s ]
INFO: [ app_begin ] --START--
INFO: Run Behavior\ReadHtmlCacheBehavior [ RunTime:0.000000s ]
INFO: [ app_begin ] --END-- [ RunTime:0.000000s ]
SQL: SHOW COLUMNS FROM `db_washshop` [ RunTime:0.0100s ]
SQL: SELECT id as shop_id,`shop_pic`,`shop_name`,`lon`,`lat`,`shop_phone`,`address`,`startime`,`create_time`,`endtime`,`mtime`,`etime`,(2 * 6378.137* ASIN(SQRT(POW(SIN(3.1415926535898*(39.390072728800-lat)/360),2)+COS(3.1415926535898*39.390072728800/180)* COS(lat * 3.1415926535898/180)*POW(SIN(3.1415926535898*(117.088382410100-lon)/360),2))))*1000 as distance FROM `db_washshop` WHERE `status` = 1 ORDER BY distance asc  [ RunTime:0.0090s ]
SQL: SHOW COLUMNS FROM `db_file` [ RunTime:0.0100s ]
SQL: SELECT `path` FROM `db_file` WHERE `id` = 1324 LIMIT 1   [ RunTime:0.0090s ]
SQL: SELECT `path` FROM `db_file` WHERE `id` = 0 LIMIT 1   [ RunTime:0.0090s ]
SQL: SELECT `path` FROM `db_file` WHERE `id` = 0 LIMIT 1   [ RunTime:0.0090s ]
SQL: SELECT `path` FROM `db_file` WHERE `id` = 0 LIMIT 1   [ RunTime:0.0090s ]
NOTIC: [8] Undefined index: token G:\Littlewhale\Application\Api\Controller\BaseController.class.php 第 26 行.

[ 2018-12-25T18:00:08+08:00 ] 127.0.0.1 /index.php/Api/Washshop/WashshopList?lon=117.088382410100&lat=39.390072728800
INFO: [ app_init ] --START--
INFO: Run Behavior\BuildLiteBehavior [ RunTime:0.001000s ]
INFO: [ app_init ] --END-- [ RunTime:0.001000s ]
INFO: [ app_begin ] --START--
INFO: Run Behavior\ReadHtmlCacheBehavior [ RunTime:0.001000s ]
INFO: [ app_begin ] --END-- [ RunTime:0.001000s ]
SQL: SHOW COLUMNS FROM `db_washshop` [ RunTime:0.0080s ]
SQL: SELECT id as shop_id,`shop_pic`,`shop_name`,`lon`,`lat`,`shop_phone`,`address`,`startime`,`create_time`,`endtime`,`mtime`,`etime`,(2 * 6378.137* ASIN(SQRT(POW(SIN(3.1415926535898*(39.390072728800-lat)/360),2)+COS(3.1415926535898*39.390072728800/180)* COS(lat * 3.1415926535898/180)*POW(SIN(3.1415926535898*(117.088382410100-lon)/360),2))))*1000 as distance,`p_id` FROM `db_washshop` WHERE `status` = 1 ORDER BY distance asc  [ RunTime:0.0090s ]
SQL: SHOW COLUMNS FROM `db_file` [ RunTime:0.0080s ]
SQL: SELECT `path` FROM `db_file` WHERE `id` = 1324 LIMIT 1   [ RunTime:0.0070s ]
SQL: SELECT `path` FROM `db_file` WHERE `id` = 0 LIMIT 1   [ RunTime:0.0080s ]
SQL: SELECT `path` FROM `db_file` WHERE `id` = 0 LIMIT 1   [ RunTime:0.0080s ]
SQL: SELECT `path` FROM `db_file` WHERE `id` = 0 LIMIT 1   [ RunTime:0.0080s ]
NOTIC: [8] Undefined index: token G:\Littlewhale\Application\Api\Controller\BaseController.class.php 第 26 行.

[ 2018-12-25T18:05:41+08:00 ] 127.0.0.1 /index.php/Api/order/canInvoice
INFO: [ app_init ] --START--
INFO: Run Behavior\BuildLiteBehavior [ RunTime:0.000000s ]
INFO: [ app_init ] --END-- [ RunTime:0.001000s ]
INFO: [ app_begin ] --START--
INFO: Run Behavior\ReadHtmlCacheBehavior [ RunTime:0.002000s ]
INFO: [ app_begin ] --END-- [ RunTime:0.002000s ]
NOTIC: [8] Undefined index: token G:\Littlewhale\Application\Api\Controller\BaseController.class.php 第 26 行.

[ 2018-12-25T18:05:45+08:00 ] 127.0.0.1 /index.php/Api/order/canInvoice?token=3b85d91fe23951cba0c26be393a81241
INFO: [ app_init ] --START--
INFO: Run Behavior\BuildLiteBehavior [ RunTime:0.000000s ]
INFO: [ app_init ] --END-- [ RunTime:0.001000s ]
INFO: [ app_begin ] --START--
INFO: Run Behavior\ReadHtmlCacheBehavior [ RunTime:0.001000s ]
INFO: [ app_begin ] --END-- [ RunTime:0.001000s ]
SQL: SHOW COLUMNS FROM `db_member` [ RunTime:0.0100s ]
NOTIC: [8] Undefined index: fetchSql G:\Littlewhale\Application\Common\Service\ModelService.class.php 第 245 行.
SQL: SELECT `id` FROM `db_member` WHERE `token` = '3b85d91fe23951cba0c26be393a81241' AND `expired_time` >= 1545732345 AND `status` <> 0 LIMIT 1   [ RunTime:0.0070s ]
SQL: SHOW COLUMNS FROM `db_order` [ RunTime:0.0090s ]
SQL: SELECT * FROM `db_order` WHERE `m_id` = 91 AND `status` = 2 AND `invoice` = 0 ORDER BY create_time desc LIMIT 0,15   [ RunTime:0.0090s ]

