[ 2018-12-29T02:18:55+08:00 ] 127.0.0.1 /index.php/Api/Agent/carWasherIncome
INFO: [ app_init ] --START--
INFO: Run Behavior\BuildLiteBehavior [ RunTime:0.004591s ]
INFO: [ app_init ] --END-- [ RunTime:0.006450s ]
INFO: [ app_begin ] --START--
INFO: Run Behavior\ReadHtmlCacheBehavior [ RunTime:0.014989s ]
INFO: [ app_begin ] --END-- [ RunTime:0.015201s ]
ERR: 非法操作:carWasherIncome

[ 2018-12-29T02:19:12+08:00 ] 127.0.0.1 /index.php/Api/CarWasher/carWasherIncome
INFO: [ app_init ] --START--
INFO: Run Behavior\BuildLiteBehavior [ RunTime:0.000018s ]
INFO: [ app_init ] --END-- [ RunTime:0.000276s ]
INFO: [ app_begin ] --START--
INFO: Run Behavior\ReadHtmlCacheBehavior [ RunTime:0.000551s ]
INFO: [ app_begin ] --END-- [ RunTime:0.000649s ]

[ 2018-12-29T02:20:33+08:00 ] 127.0.0.1 /index.php/Api/CarWasher/carWasherIncome
INFO: [ app_init ] --START--
INFO: Run Behavior\BuildLiteBehavior [ RunTime:0.000034s ]
INFO: [ app_init ] --END-- [ RunTime:0.000245s ]
INFO: [ app_begin ] --START--
INFO: Run Behavior\ReadHtmlCacheBehavior [ RunTime:0.000260s ]
INFO: [ app_begin ] --END-- [ RunTime:0.000402s ]
SQL: SHOW COLUMNS FROM `db_agent` [ RunTime:0.0094s ]
NOTIC: [8] Undefined index: status D:\test\Littlewhale\Application\Common\Model\AgentModel.class.php 第 23 行.
SQL: SELECT `id`,`account`,`token`,`nickname`,`address`,`grade` FROM `db_agent` WHERE `token` = 'b7c6f0307448306e8c840ec6fc322cb4' AND `status` <> '9' LIMIT 1   [ RunTime:0.0086s ]
NOTIC: [8] Undefined index: status D:\test\Littlewhale\Application\Api\Controller\BaseController.class.php 第 117 行.
NOTIC: [8] Undefined index: status D:\test\Littlewhale\Application\Api\Controller\BaseController.class.php 第 120 行.
SQL: SHOW COLUMNS FROM `db_income` [ RunTime:0.0084s ]
SQL: SELECT `net_income`,`car_wash`,`day`,`car_washer_id` FROM `db_income` WHERE `car_washer_id` = 1  [ RunTime:0.0093s ]
SQL: SELECT SUM(net_income),`month` FROM `db_income` WHERE `car_washer_id` = 1 AND `month` = 1543593600  [ RunTime:0.0081s ]

[ 2018-12-29T02:21:51+08:00 ] 127.0.0.1 /index.php/Api/CarWasher/carWasherIncome
INFO: [ app_init ] --START--
INFO: Run Behavior\BuildLiteBehavior [ RunTime:0.000037s ]
INFO: [ app_init ] --END-- [ RunTime:0.000931s ]
INFO: [ app_begin ] --START--
INFO: Run Behavior\ReadHtmlCacheBehavior [ RunTime:0.001044s ]
INFO: [ app_begin ] --END-- [ RunTime:0.001203s ]
SQL: SHOW COLUMNS FROM `db_agent` [ RunTime:0.0087s ]
NOTIC: [8] Undefined index: status D:\test\Littlewhale\Application\Common\Model\AgentModel.class.php 第 23 行.
SQL: SELECT `id`,`account`,`token`,`nickname`,`address`,`grade` FROM `db_agent` WHERE `token` = 'b7c6f0307448306e8c840ec6fc322cb4' AND `status` <> '9' LIMIT 1   [ RunTime:0.0085s ]
NOTIC: [8] Undefined index: status D:\test\Littlewhale\Application\Api\Controller\BaseController.class.php 第 117 行.
NOTIC: [8] Undefined index: status D:\test\Littlewhale\Application\Api\Controller\BaseController.class.php 第 120 行.
SQL: SHOW COLUMNS FROM `db_income` [ RunTime:0.0111s ]
SQL: SELECT `net_income`,`car_wash`,`day`,`car_washer_id` FROM `db_income` WHERE `car_washer_id` = 1 AND `month` = 1543593600  [ RunTime:0.0119s ]
SQL: SELECT SUM(net_income),`month` FROM `db_income` WHERE `car_washer_id` = 1 AND `month` = 1543593600  [ RunTime:0.0082s ]

[ 2018-12-29T02:21:53+08:00 ] 127.0.0.1 /index.php/Api/CarWasher/carWasherIncome
INFO: [ app_init ] --START--
INFO: Run Behavior\BuildLiteBehavior [ RunTime:0.000051s ]
INFO: [ app_init ] --END-- [ RunTime:0.000308s ]
INFO: [ app_begin ] --START--
INFO: Run Behavior\ReadHtmlCacheBehavior [ RunTime:0.001045s ]
INFO: [ app_begin ] --END-- [ RunTime:0.001606s ]
SQL: SHOW COLUMNS FROM `db_agent` [ RunTime:0.0103s ]
NOTIC: [8] Undefined index: status D:\test\Littlewhale\Application\Common\Model\AgentModel.class.php 第 23 行.
SQL: SELECT `id`,`account`,`token`,`nickname`,`address`,`grade` FROM `db_agent` WHERE `token` = 'b7c6f0307448306e8c840ec6fc322cb4' AND `status` <> '9' LIMIT 1   [ RunTime:0.0089s ]
NOTIC: [8] Undefined index: status D:\test\Littlewhale\Application\Api\Controller\BaseController.class.php 第 117 行.
NOTIC: [8] Undefined index: status D:\test\Littlewhale\Application\Api\Controller\BaseController.class.php 第 120 行.
SQL: SHOW COLUMNS FROM `db_income` [ RunTime:0.0113s ]
SQL: SELECT `net_income`,`car_wash`,`day`,`car_washer_id` FROM `db_income` WHERE `car_washer_id` = 1 AND `month` = 1543593600  [ RunTime:0.0102s ]
SQL: SELECT SUM(net_income),`month` FROM `db_income` WHERE `car_washer_id` = 1 AND `month` = 1543593600  [ RunTime:0.0100s ]

[ 2018-12-29T02:21:53+08:00 ] 127.0.0.1 /index.php/Api/CarWasher/carWasherIncome
INFO: [ app_init ] --START--
INFO: Run Behavior\BuildLiteBehavior [ RunTime:0.000053s ]
INFO: [ app_init ] --END-- [ RunTime:0.000322s ]
INFO: [ app_begin ] --START--
INFO: Run Behavior\ReadHtmlCacheBehavior [ RunTime:0.000257s ]
INFO: [ app_begin ] --END-- [ RunTime:0.000579s ]
SQL: SHOW COLUMNS FROM `db_agent` [ RunTime:0.0093s ]
NOTIC: [8] Undefined index: status D:\test\Littlewhale\Application\Common\Model\AgentModel.class.php 第 23 行.
SQL: SELECT `id`,`account`,`token`,`nickname`,`address`,`grade` FROM `db_agent` WHERE `token` = 'b7c6f0307448306e8c840ec6fc322cb4' AND `status` <> '9' LIMIT 1   [ RunTime:0.0110s ]
NOTIC: [8] Undefined index: status D:\test\Littlewhale\Application\Api\Controller\BaseController.class.php 第 117 行.
NOTIC: [8] Undefined index: status D:\test\Littlewhale\Application\Api\Controller\BaseController.class.php 第 120 行.
SQL: SHOW COLUMNS FROM `db_income` [ RunTime:0.0090s ]
SQL: SELECT `net_income`,`car_wash`,`day`,`car_washer_id` FROM `db_income` WHERE `car_washer_id` = 1 AND `month` = 1543593600  [ RunTime:0.0102s ]
SQL: SELECT SUM(net_income),`month` FROM `db_income` WHERE `car_washer_id` = 1 AND `month` = 1543593600  [ RunTime:0.0100s ]

[ 2018-12-29T02:21:53+08:00 ] 127.0.0.1 /index.php/Api/CarWasher/carWasherIncome
INFO: [ app_init ] --START--
INFO: Run Behavior\BuildLiteBehavior [ RunTime:0.000084s ]
INFO: [ app_init ] --END-- [ RunTime:0.000514s ]
INFO: [ app_begin ] --START--
INFO: Run Behavior\ReadHtmlCacheBehavior [ RunTime:0.000277s ]
INFO: [ app_begin ] --END-- [ RunTime:0.000599s ]
SQL: SHOW COLUMNS FROM `db_agent` [ RunTime:0.0229s ]
NOTIC: [8] Undefined index: status D:\test\Littlewhale\Application\Common\Model\AgentModel.class.php 第 23 行.
SQL: SELECT `id`,`account`,`token`,`nickname`,`address`,`grade` FROM `db_agent` WHERE `token` = 'b7c6f0307448306e8c840ec6fc322cb4' AND `status` <> '9' LIMIT 1   [ RunTime:0.0092s ]
NOTIC: [8] Undefined index: status D:\test\Littlewhale\Application\Api\Controller\BaseController.class.php 第 117 行.
NOTIC: [8] Undefined index: status D:\test\Littlewhale\Application\Api\Controller\BaseController.class.php 第 120 行.
SQL: SHOW COLUMNS FROM `db_income` [ RunTime:0.0092s ]
SQL: SELECT `net_income`,`car_wash`,`day`,`car_washer_id` FROM `db_income` WHERE `car_washer_id` = 1 AND `month` = 1543593600  [ RunTime:0.0087s ]
SQL: SELECT SUM(net_income),`month` FROM `db_income` WHERE `car_washer_id` = 1 AND `month` = 1543593600  [ RunTime:0.0085s ]

[ 2018-12-29T02:21:54+08:00 ] 127.0.0.1 /index.php/Api/CarWasher/carWasherIncome
INFO: [ app_init ] --START--
INFO: Run Behavior\BuildLiteBehavior [ RunTime:0.000056s ]
INFO: [ app_init ] --END-- [ RunTime:0.000375s ]
INFO: [ app_begin ] --START--
INFO: Run Behavior\ReadHtmlCacheBehavior [ RunTime:0.000166s ]
INFO: [ app_begin ] --END-- [ RunTime:0.000283s ]
SQL: SHOW COLUMNS FROM `db_agent` [ RunTime:0.0088s ]
NOTIC: [8] Undefined index: status D:\test\Littlewhale\Application\Common\Model\AgentModel.class.php 第 23 行.
SQL: SELECT `id`,`account`,`token`,`nickname`,`address`,`grade` FROM `db_agent` WHERE `token` = 'b7c6f0307448306e8c840ec6fc322cb4' AND `status` <> '9' LIMIT 1   [ RunTime:0.0103s ]
NOTIC: [8] Undefined index: status D:\test\Littlewhale\Application\Api\Controller\BaseController.class.php 第 117 行.
NOTIC: [8] Undefined index: status D:\test\Littlewhale\Application\Api\Controller\BaseController.class.php 第 120 行.
SQL: SHOW COLUMNS FROM `db_income` [ RunTime:0.0088s ]
SQL: SELECT `net_income`,`car_wash`,`day`,`car_washer_id` FROM `db_income` WHERE `car_washer_id` = 1 AND `month` = 1543593600  [ RunTime:0.0120s ]
SQL: SELECT SUM(net_income),`month` FROM `db_income` WHERE `car_washer_id` = 1 AND `month` = 1543593600  [ RunTime:0.0120s ]

