[ 2018-12-20T08:39:10+08:00 ] 127.0.0.1 /index.php/Api/login/login
INFO: [ app_init ] --START--
INFO: Run Behavior\BuildLiteBehavior [ RunTime:0.000633s ]
INFO: [ app_init ] --END-- [ RunTime:0.002043s ]
INFO: [ app_begin ] --START--
INFO: Run Behavior\ReadHtmlCacheBehavior [ RunTime:0.001898s ]
INFO: [ app_begin ] --END-- [ RunTime:0.001983s ]
SQL: SHOW COLUMNS FROM `db_agent` [ RunTime:0.0134s ]
SQL: SELECT * FROM `db_agent` WHERE `account` = 17622818248 LIMIT 1   [ RunTime:0.0101s ]

[ 2018-12-20T09:17:42+08:00 ] 127.0.0.1 /index.php/Api/login/login
INFO: [ app_init ] --START--
INFO: Run Behavior\BuildLiteBehavior [ RunTime:0.000024s ]
INFO: [ app_init ] --END-- [ RunTime:0.000334s ]
INFO: [ app_begin ] --START--
INFO: Run Behavior\ReadHtmlCacheBehavior [ RunTime:0.000619s ]
INFO: [ app_begin ] --END-- [ RunTime:0.000689s ]
SQL: SHOW COLUMNS FROM `db_agent` [ RunTime:0.0098s ]
SQL: SELECT * FROM `db_agent` WHERE `account` = 17622818248 LIMIT 1   [ RunTime:0.0109s ]

[ 2018-12-20T09:52:50+08:00 ] 127.0.0.1 /index.php/Api/login/login
INFO: [ app_init ] --START--
INFO: Run Behavior\BuildLiteBehavior [ RunTime:0.000020s ]
INFO: [ app_init ] --END-- [ RunTime:0.000359s ]
INFO: [ app_begin ] --START--
INFO: Run Behavior\ReadHtmlCacheBehavior [ RunTime:0.003001s ]
INFO: [ app_begin ] --END-- [ RunTime:0.003154s ]
NOTIC: [8] Undefined index: phone，password D:\test\Littlewhale\Application\Common\Common\function.php 第 336 行.

[ 2018-12-20T09:52:54+08:00 ] 127.0.0.1 /index.php/Api/login/login
INFO: [ app_init ] --START--
INFO: Run Behavior\BuildLiteBehavior [ RunTime:0.000032s ]
INFO: [ app_init ] --END-- [ RunTime:0.000307s ]
INFO: [ app_begin ] --START--
INFO: Run Behavior\ReadHtmlCacheBehavior [ RunTime:0.000468s ]
INFO: [ app_begin ] --END-- [ RunTime:0.000608s ]
NOTIC: [8] Undefined index: phone，password D:\test\Littlewhale\Application\Common\Common\function.php 第 336 行.

[ 2018-12-20T09:55:05+08:00 ] 127.0.0.1 /index.php/Api/login/login
INFO: [ app_init ] --START--
INFO: Run Behavior\BuildLiteBehavior [ RunTime:0.000019s ]
INFO: [ app_init ] --END-- [ RunTime:0.000304s ]
INFO: [ app_begin ] --START--
INFO: Run Behavior\ReadHtmlCacheBehavior [ RunTime:0.000740s ]
INFO: [ app_begin ] --END-- [ RunTime:0.000867s ]
NOTIC: [8] Undefined index: phone，password D:\test\Littlewhale\Application\Common\Common\function.php 第 336 行.

[ 2018-12-20T09:55:06+08:00 ] 127.0.0.1 /index.php/Api/login/login
INFO: [ app_init ] --START--
INFO: Run Behavior\BuildLiteBehavior [ RunTime:0.000017s ]
INFO: [ app_init ] --END-- [ RunTime:0.000100s ]
INFO: [ app_begin ] --START--
INFO: Run Behavior\ReadHtmlCacheBehavior [ RunTime:0.000076s ]
INFO: [ app_begin ] --END-- [ RunTime:0.000139s ]
NOTIC: [8] Undefined index: phone，password D:\test\Littlewhale\Application\Common\Common\function.php 第 336 行.

[ 2018-12-20T09:55:06+08:00 ] 127.0.0.1 /index.php/Api/login/login
INFO: [ app_init ] --START--
INFO: Run Behavior\BuildLiteBehavior [ RunTime:0.000018s ]
INFO: [ app_init ] --END-- [ RunTime:0.000118s ]
INFO: [ app_begin ] --START--
INFO: Run Behavior\ReadHtmlCacheBehavior [ RunTime:0.000111s ]
INFO: [ app_begin ] --END-- [ RunTime:0.000196s ]
NOTIC: [8] Undefined index: phone，password D:\test\Littlewhale\Application\Common\Common\function.php 第 336 行.

[ 2018-12-20T09:55:07+08:00 ] 127.0.0.1 /index.php/Api/login/login
INFO: [ app_init ] --START--
INFO: Run Behavior\BuildLiteBehavior [ RunTime:0.000037s ]
INFO: [ app_init ] --END-- [ RunTime:0.000209s ]
INFO: [ app_begin ] --START--
INFO: Run Behavior\ReadHtmlCacheBehavior [ RunTime:0.000118s ]
INFO: [ app_begin ] --END-- [ RunTime:0.000224s ]
NOTIC: [8] Undefined index: phone，password D:\test\Littlewhale\Application\Common\Common\function.php 第 336 行.

[ 2018-12-20T09:55:07+08:00 ] 127.0.0.1 /index.php/Api/login/login
INFO: [ app_init ] --START--
INFO: Run Behavior\BuildLiteBehavior [ RunTime:0.000014s ]
INFO: [ app_init ] --END-- [ RunTime:0.000086s ]
INFO: [ app_begin ] --START--
INFO: Run Behavior\ReadHtmlCacheBehavior [ RunTime:0.000090s ]
INFO: [ app_begin ] --END-- [ RunTime:0.000153s ]
NOTIC: [8] Undefined index: phone，password D:\test\Littlewhale\Application\Common\Common\function.php 第 336 行.

[ 2018-12-20T09:55:27+08:00 ] 127.0.0.1 /index.php/Api/Agent/login
INFO: [ app_init ] --START--
INFO: Run Behavior\BuildLiteBehavior [ RunTime:0.000059s ]
INFO: [ app_init ] --END-- [ RunTime:0.000963s ]
INFO: [ app_begin ] --START--
INFO: Run Behavior\ReadHtmlCacheBehavior [ RunTime:0.000465s ]
INFO: [ app_begin ] --END-- [ RunTime:0.000568s ]

[ 2018-12-20T09:55:36+08:00 ] 127.0.0.1 /index.php/Api/Agent/login
INFO: [ app_init ] --START--
INFO: Run Behavior\BuildLiteBehavior [ RunTime:0.000030s ]
INFO: [ app_init ] --END-- [ RunTime:0.000216s ]
INFO: [ app_begin ] --START--
INFO: Run Behavior\ReadHtmlCacheBehavior [ RunTime:0.000074s ]
INFO: [ app_begin ] --END-- [ RunTime:0.000157s ]
SQL: SHOW COLUMNS FROM `db_agent` [ RunTime:0.0239s ]
SQL: SELECT * FROM `db_agent` WHERE `account` = 17622818248 LIMIT 1   [ RunTime:0.0096s ]

[ 2018-12-20T09:55:55+08:00 ] 127.0.0.1 /index.php/Api/Agent/login
INFO: [ app_init ] --START--
INFO: Run Behavior\BuildLiteBehavior [ RunTime:0.000018s ]
INFO: [ app_init ] --END-- [ RunTime:0.000132s ]
INFO: [ app_begin ] --START--
INFO: Run Behavior\ReadHtmlCacheBehavior [ RunTime:0.000087s ]
INFO: [ app_begin ] --END-- [ RunTime:0.000154s ]
SQL: SHOW COLUMNS FROM `db_agent` [ RunTime:0.0108s ]
SQL: SELECT * FROM `db_agent` WHERE `account` = 17622818248 LIMIT 1   [ RunTime:0.0102s ]

