[ 2019-05-31T14:12:42+08:00 ] 127.0.0.1 /Api/Upgrade/upgrade
INFO: [ app_init ] --START--
INFO: Run Behavior\BuildLiteBehavior [ RunTime:0.000036s ]
INFO: [ app_init ] --END-- [ RunTime:0.001746s ]
INFO: [ app_begin ] --START--
INFO: Run Behavior\ReadHtmlCacheBehavior [ RunTime:0.014946s ]
INFO: [ app_begin ] --END-- [ RunTime:0.015105s ]
NOTIC: [8] Undefined index: member_type D:\test\Littlewhale\Application\Api\Controller\UpgradeController.class.php 第 14 行.
NOTIC: [8] Undefined index: member_type D:\test\Littlewhale\Application\Api\Controller\UpgradeController.class.php 第 19 行.

[ 2019-05-31T14:19:30+08:00 ] 127.0.0.1 /api/NewCarWasher/CarInfo
INFO: [ app_init ] --START--
INFO: Run Behavior\BuildLiteBehavior [ RunTime:0.000032s ]
INFO: [ app_init ] --END-- [ RunTime:0.001300s ]
INFO: [ app_begin ] --START--
INFO: Run Behavior\ReadHtmlCacheBehavior [ RunTime:0.000973s ]
INFO: [ app_begin ] --END-- [ RunTime:0.001032s ]
NOTIC: [8] Undefined index: token D:\test\Littlewhale\Application\Common\Common\function.php 第 397 行.

[ 2019-05-31T14:19:38+08:00 ] 127.0.0.1 /api/NewCarWasher/carWasher
INFO: [ app_init ] --START--
INFO: Run Behavior\BuildLiteBehavior [ RunTime:0.000013s ]
INFO: [ app_init ] --END-- [ RunTime:0.000510s ]
INFO: [ app_begin ] --START--
INFO: Run Behavior\ReadHtmlCacheBehavior [ RunTime:0.000896s ]
INFO: [ app_begin ] --END-- [ RunTime:0.000951s ]
SQL: SHOW COLUMNS FROM `db_agent` [ RunTime:0.0316s ]
NOTIC: [8] Undefined index: status D:\test\Littlewhale\Application\Common\Model\AgentModel.class.php 第 23 行.
SQL: SELECT `id`,`account`,`token`,`nickname`,`balance`,`salt`,`password`,`grade` FROM `db_agent` WHERE `token` = '5ecb3d16004f758c566a350346e0454b' AND `status` <> '9' LIMIT 1   [ RunTime:0.0281s ]
NOTIC: [8] Undefined index: status D:\test\Littlewhale\Application\Api\Controller\BaseController.class.php 第 118 行.
NOTIC: [8] Undefined index: status D:\test\Littlewhale\Application\Api\Controller\BaseController.class.php 第 121 行.
SQL: SHOW COLUMNS FROM `db_car_washer` [ RunTime:0.0373s ]
SQL: SELECT `id`,`mc_code` FROM `db_car_washer` WHERE `agent_id` = 9 AND `status` <> 9 ORDER BY id ASC LIMIT 0,10   [ RunTime:0.0144s ]
SQL: SHOW COLUMNS FROM `db_income` [ RunTime:0.0357s ]
SQL: SELECT SUM(net_income) as net_income,SUM(car_wash) as car_wash FROM `db_income` WHERE `car_washer_id` = 2 AND `agent_id` = 9 GROUP BY car_washer_id LIMIT 1   [ RunTime:0.0133s ]

[ 2019-05-31T19:05:02+08:00 ] 127.0.0.1 /api/NewCarWasher/carWasher
INFO: [ app_init ] --START--
INFO: Run Behavior\BuildLiteBehavior [ RunTime:0.000027s ]
INFO: [ app_init ] --END-- [ RunTime:0.001744s ]
INFO: [ app_begin ] --START--
INFO: Run Behavior\ReadHtmlCacheBehavior [ RunTime:0.020495s ]
INFO: [ app_begin ] --END-- [ RunTime:0.020702s ]
SQL: SHOW COLUMNS FROM `db_agent` [ RunTime:0.0105s ]
NOTIC: [8] Undefined index: status D:\test\Littlewhale\Application\Common\Model\AgentModel.class.php 第 23 行.
SQL: SELECT `id`,`account`,`token`,`nickname`,`balance`,`salt`,`password`,`grade` FROM `db_agent` WHERE `token` = '5ecb3d16004f758c566a350346e0454b' AND `status` <> '9' LIMIT 1   [ RunTime:0.0105s ]
NOTIC: [8] Undefined index: status D:\test\Littlewhale\Application\Api\Controller\BaseController.class.php 第 118 行.
NOTIC: [8] Undefined index: status D:\test\Littlewhale\Application\Api\Controller\BaseController.class.php 第 121 行.
SQL: SHOW COLUMNS FROM `db_car_washer` [ RunTime:0.0110s ]
SQL: SELECT `id`,`mc_code` FROM `db_car_washer` WHERE `agent_id` = 9 AND `status` <> 9 ORDER BY id ASC LIMIT 0,10   [ RunTime:0.0102s ]
SQL: SHOW COLUMNS FROM `db_income` [ RunTime:0.0134s ]
SQL: SELECT SUM(net_income) as net_income,SUM(car_wash) as car_wash FROM `db_income` WHERE `car_washer_id` = 2 AND `agent_id` = 9 GROUP BY car_washer_id LIMIT 1   [ RunTime:0.0099s ]

[ 2019-05-31T19:07:17+08:00 ] 127.0.0.1 /api/NewCarWasher/carWasher
INFO: [ app_init ] --START--
INFO: Run Behavior\BuildLiteBehavior [ RunTime:0.000015s ]
INFO: [ app_init ] --END-- [ RunTime:0.000565s ]
INFO: [ app_begin ] --START--
INFO: Run Behavior\ReadHtmlCacheBehavior [ RunTime:0.001797s ]
INFO: [ app_begin ] --END-- [ RunTime:0.001871s ]
SQL: SHOW COLUMNS FROM `db_agent` [ RunTime:0.0097s ]
NOTIC: [8] Undefined index: status D:\test\Littlewhale\Application\Common\Model\AgentModel.class.php 第 23 行.
SQL: SELECT `id`,`account`,`token`,`nickname`,`balance`,`salt`,`password`,`grade` FROM `db_agent` WHERE `token` = '5ecb3d16004f758c566a350346e0454b' AND `status` <> '9' LIMIT 1   [ RunTime:0.0094s ]
NOTIC: [8] Undefined index: status D:\test\Littlewhale\Application\Api\Controller\BaseController.class.php 第 118 行.
NOTIC: [8] Undefined index: status D:\test\Littlewhale\Application\Api\Controller\BaseController.class.php 第 121 行.
SQL: SHOW COLUMNS FROM `db_car_washer` [ RunTime:0.0101s ]
SQL: SELECT `id`,`mc_code` FROM `db_car_washer` WHERE `agent_id` = 9 AND `status` <> 9 ORDER BY id ASC LIMIT 0,10   [ RunTime:0.0095s ]
SQL: SHOW COLUMNS FROM `db_income` [ RunTime:0.0102s ]
SQL: SELECT SUM(net_income) as net_income,SUM(car_wash) as car_wash FROM `db_income` WHERE `car_washer_id` = 2 AND `agent_id` = 9 GROUP BY car_washer_id LIMIT 1   [ RunTime:0.0087s ]

[ 2019-05-31T19:07:30+08:00 ] 127.0.0.1 /api/NewCarWasher/carWasherIncome
INFO: [ app_init ] --START--
INFO: Run Behavior\BuildLiteBehavior [ RunTime:0.000014s ]
INFO: [ app_init ] --END-- [ RunTime:0.000579s ]
INFO: [ app_begin ] --START--
INFO: Run Behavior\ReadHtmlCacheBehavior [ RunTime:0.001506s ]
INFO: [ app_begin ] --END-- [ RunTime:0.001559s ]
NOTIC: [8] Undefined index: in_month D:\test\Littlewhale\Application\Api\Controller\NewCarWasherController.class.php 第 71 行.
SQL: SHOW COLUMNS FROM `db_agent` [ RunTime:0.0093s ]
NOTIC: [8] Undefined index: status D:\test\Littlewhale\Application\Common\Model\AgentModel.class.php 第 23 行.
SQL: SELECT `id`,`account`,`token`,`nickname`,`balance`,`salt`,`password`,`grade` FROM `db_agent` WHERE `token` = '5ecb3d16004f758c566a350346e0454b' AND `status` <> '9' LIMIT 1   [ RunTime:0.0085s ]
NOTIC: [8] Undefined index: status D:\test\Littlewhale\Application\Api\Controller\BaseController.class.php 第 118 行.
NOTIC: [8] Undefined index: status D:\test\Littlewhale\Application\Api\Controller\BaseController.class.php 第 121 行.
SQL: SHOW COLUMNS FROM `db_income` [ RunTime:0.0102s ]
SQL: SELECT SUM(net_income) as net_income,SUM(car_wash) as car_wash,`day` FROM `db_income` WHERE `car_washer_id` = 2 AND `month` = 1556640000 GROUP BY day ORDER BY create_time DESC LIMIT 0,10   [ RunTime:0.0092s ]
SQL: SELECT SUM(net_income) as net_income,month as ag_month FROM `db_income` WHERE `car_washer_id` = 2 AND `month` = 1556640000 GROUP BY month  [ RunTime:0.0084s ]

