[ 2019-06-02T18:08:49+08:00 ] 127.0.0.1 /api/NewAgent/income
INFO: [ app_init ] --START--
INFO: Run Behavior\BuildLiteBehavior [ RunTime:0.000029s ]
INFO: [ app_init ] --END-- [ RunTime:0.003260s ]
INFO: [ app_begin ] --START--
INFO: Run Behavior\ReadHtmlCacheBehavior [ RunTime:0.003187s ]
INFO: [ app_begin ] --END-- [ RunTime:0.003291s ]
SQL: SHOW COLUMNS FROM `db_agent` [ RunTime:0.0124s ]
NOTIC: [8] Undefined index: status D:\test\Littlewhale\Application\Common\Model\AgentModel.class.php 第 23 行.
SQL: SELECT `id`,`account`,`token`,`nickname`,`balance`,`salt`,`password`,`grade` FROM `db_agent` WHERE `token` = '5ecb3d16004f758c566a350346e0454b' AND `status` <> '9' LIMIT 1   [ RunTime:0.0080s ]
NOTIC: [8] Undefined index: status D:\test\Littlewhale\Application\Api\Controller\BaseController.class.php 第 118 行.
NOTIC: [8] Undefined index: status D:\test\Littlewhale\Application\Api\Controller\BaseController.class.php 第 121 行.

[ 2019-06-02T18:08:59+08:00 ] 127.0.0.1 /api/NewAgent/income
INFO: [ app_init ] --START--
INFO: Run Behavior\BuildLiteBehavior [ RunTime:0.000030s ]
INFO: [ app_init ] --END-- [ RunTime:0.003351s ]
INFO: [ app_begin ] --START--
INFO: Run Behavior\ReadHtmlCacheBehavior [ RunTime:0.003801s ]
INFO: [ app_begin ] --END-- [ RunTime:0.003922s ]
SQL: SHOW COLUMNS FROM `db_agent` [ RunTime:0.0095s ]
NOTIC: [8] Undefined index: status D:\test\Littlewhale\Application\Common\Model\AgentModel.class.php 第 23 行.
SQL: SELECT `id`,`account`,`token`,`nickname`,`balance`,`salt`,`password`,`grade` FROM `db_agent` WHERE `token` = '5ecb3d16004f758c566a350346e0454b' AND `status` <> '9' LIMIT 1   [ RunTime:0.0083s ]
NOTIC: [8] Undefined index: status D:\test\Littlewhale\Application\Api\Controller\BaseController.class.php 第 118 行.
NOTIC: [8] Undefined index: status D:\test\Littlewhale\Application\Api\Controller\BaseController.class.php 第 121 行.
SQL: SHOW COLUMNS FROM `db_car_washer` [ RunTime:0.0100s ]
SQL: SELECT * FROM `db_car_washer` WHERE `agent_id` = 9 AND `status` <> 9  [ RunTime:0.0113s ]
SQL: SHOW COLUMNS FROM `db_income` [ RunTime:0.0111s ]
SQL: SELECT `id`,`agent_id`,year as time,SUM(net_income) as net_income,SUM(p_money) as p_money,SUM(car_wash) as car_wash,`create_time` FROM `db_income` WHERE `agent_id` = 9 AND `status` = 1 GROUP BY year ORDER BY create_time DESC LIMIT 0,10000000   [ RunTime:0.0099s ]

[ 2019-06-02T18:09:11+08:00 ] 127.0.0.1 /api/NewAgent/income
INFO: [ app_init ] --START--
INFO: Run Behavior\BuildLiteBehavior [ RunTime:0.000014s ]
INFO: [ app_init ] --END-- [ RunTime:0.000620s ]
INFO: [ app_begin ] --START--
INFO: Run Behavior\ReadHtmlCacheBehavior [ RunTime:0.001451s ]
INFO: [ app_begin ] --END-- [ RunTime:0.001502s ]
SQL: SHOW COLUMNS FROM `db_agent` [ RunTime:0.0090s ]
NOTIC: [8] Undefined index: status D:\test\Littlewhale\Application\Common\Model\AgentModel.class.php 第 23 行.
SQL: SELECT `id`,`account`,`token`,`nickname`,`balance`,`salt`,`password`,`grade` FROM `db_agent` WHERE `token` = '5ecb3d16004f758c566a350346e0454b' AND `status` <> '9' LIMIT 1   [ RunTime:0.0083s ]
NOTIC: [8] Undefined index: status D:\test\Littlewhale\Application\Api\Controller\BaseController.class.php 第 118 行.
NOTIC: [8] Undefined index: status D:\test\Littlewhale\Application\Api\Controller\BaseController.class.php 第 121 行.
SQL: SHOW COLUMNS FROM `db_car_washer` [ RunTime:0.0096s ]
SQL: SELECT * FROM `db_car_washer` WHERE `agent_id` = 9 AND `status` <> 9  [ RunTime:0.0098s ]
SQL: SHOW COLUMNS FROM `db_income` [ RunTime:0.0088s ]
SQL: SELECT `id`,`agent_id`,day as time,SUM(net_income) as net_income,SUM(p_money) as p_money,SUM(car_wash) as car_wash,`create_time` FROM `db_income` WHERE `agent_id` = 9 AND `status` = 1 AND `month` = 1559318400 GROUP BY day ORDER BY create_time DESC LIMIT 0,10000000   [ RunTime:0.0086s ]
NOTIC: [8] Undefined variable: array D:\test\Littlewhale\Application\Api\Controller\NewAgentController.class.php 第 272 行.
NOTIC: [2] Invalid argument supplied for foreach() D:\test\Littlewhale\Application\Api\Controller\NewAgentController.class.php 第 107 行.
NOTIC: [8] Undefined variable: new_income D:\test\Littlewhale\Application\Api\Controller\NewAgentController.class.php 第 125 行.
NOTIC: [8] Undefined variable: records D:\test\Littlewhale\Application\Api\Controller\NewAgentController.class.php 第 126 行.
NOTIC: [8] Undefined variable: wash_num D:\test\Littlewhale\Application\Api\Controller\NewAgentController.class.php 第 127 行.

[ 2019-06-02T18:09:12+08:00 ] 127.0.0.1 /api/NewAgent/income
INFO: [ app_init ] --START--
INFO: Run Behavior\BuildLiteBehavior [ RunTime:0.000013s ]
INFO: [ app_init ] --END-- [ RunTime:0.000524s ]
INFO: [ app_begin ] --START--
INFO: Run Behavior\ReadHtmlCacheBehavior [ RunTime:0.001454s ]
INFO: [ app_begin ] --END-- [ RunTime:0.001505s ]
SQL: SHOW COLUMNS FROM `db_agent` [ RunTime:0.0086s ]
NOTIC: [8] Undefined index: status D:\test\Littlewhale\Application\Common\Model\AgentModel.class.php 第 23 行.
SQL: SELECT `id`,`account`,`token`,`nickname`,`balance`,`salt`,`password`,`grade` FROM `db_agent` WHERE `token` = '5ecb3d16004f758c566a350346e0454b' AND `status` <> '9' LIMIT 1   [ RunTime:0.0083s ]
NOTIC: [8] Undefined index: status D:\test\Littlewhale\Application\Api\Controller\BaseController.class.php 第 118 行.
NOTIC: [8] Undefined index: status D:\test\Littlewhale\Application\Api\Controller\BaseController.class.php 第 121 行.
SQL: SHOW COLUMNS FROM `db_car_washer` [ RunTime:0.0095s ]
SQL: SELECT * FROM `db_car_washer` WHERE `agent_id` = 9 AND `status` <> 9  [ RunTime:0.0104s ]
SQL: SHOW COLUMNS FROM `db_income` [ RunTime:0.0086s ]
SQL: SELECT `id`,`agent_id`,day as time,SUM(net_income) as net_income,SUM(p_money) as p_money,SUM(car_wash) as car_wash,`create_time` FROM `db_income` WHERE `agent_id` = 9 AND `status` = 1 AND `month` = 1559318400 GROUP BY day ORDER BY create_time DESC LIMIT 0,10000000   [ RunTime:0.0081s ]
NOTIC: [8] Undefined variable: array D:\test\Littlewhale\Application\Api\Controller\NewAgentController.class.php 第 272 行.
NOTIC: [2] Invalid argument supplied for foreach() D:\test\Littlewhale\Application\Api\Controller\NewAgentController.class.php 第 107 行.
NOTIC: [8] Undefined variable: new_income D:\test\Littlewhale\Application\Api\Controller\NewAgentController.class.php 第 125 行.
NOTIC: [8] Undefined variable: records D:\test\Littlewhale\Application\Api\Controller\NewAgentController.class.php 第 126 行.
NOTIC: [8] Undefined variable: wash_num D:\test\Littlewhale\Application\Api\Controller\NewAgentController.class.php 第 127 行.

[ 2019-06-02T18:10:19+08:00 ] 127.0.0.1 /api/NewAgent/income
INFO: [ app_init ] --START--
INFO: Run Behavior\BuildLiteBehavior [ RunTime:0.000021s ]
INFO: [ app_init ] --END-- [ RunTime:0.000634s ]
INFO: [ app_begin ] --START--
INFO: Run Behavior\ReadHtmlCacheBehavior [ RunTime:0.001625s ]
INFO: [ app_begin ] --END-- [ RunTime:0.001689s ]
SQL: SHOW COLUMNS FROM `db_agent` [ RunTime:0.0104s ]
NOTIC: [8] Undefined index: status D:\test\Littlewhale\Application\Common\Model\AgentModel.class.php 第 23 行.
SQL: SELECT `id`,`account`,`token`,`nickname`,`balance`,`salt`,`password`,`grade` FROM `db_agent` WHERE `token` = '5ecb3d16004f758c566a350346e0454b' AND `status` <> '9' LIMIT 1   [ RunTime:0.0075s ]
NOTIC: [8] Undefined index: status D:\test\Littlewhale\Application\Api\Controller\BaseController.class.php 第 118 行.
NOTIC: [8] Undefined index: status D:\test\Littlewhale\Application\Api\Controller\BaseController.class.php 第 121 行.
SQL: SHOW COLUMNS FROM `db_car_washer` [ RunTime:0.0085s ]
SQL: SELECT * FROM `db_car_washer` WHERE `agent_id` = 9 AND `status` <> 9  [ RunTime:0.0089s ]
SQL: SHOW COLUMNS FROM `db_income` [ RunTime:0.0080s ]
SQL: SELECT `id`,`agent_id`,day as time,SUM(net_income) as net_income,SUM(p_money) as p_money,SUM(car_wash) as car_wash,`create_time` FROM `db_income` WHERE `agent_id` = 9 AND `status` = 1 AND `month` = 1559318400 GROUP BY day ORDER BY create_time DESC LIMIT 0,10000000   [ RunTime:0.0089s ]
NOTIC: [8] Undefined variable: array D:\test\Littlewhale\Application\Api\Controller\NewAgentController.class.php 第 273 行.
NOTIC: [2] Invalid argument supplied for foreach() D:\test\Littlewhale\Application\Api\Controller\NewAgentController.class.php 第 108 行.
NOTIC: [8] Undefined variable: new_income D:\test\Littlewhale\Application\Api\Controller\NewAgentController.class.php 第 126 行.
NOTIC: [8] Undefined variable: records D:\test\Littlewhale\Application\Api\Controller\NewAgentController.class.php 第 127 行.
NOTIC: [8] Undefined variable: wash_num D:\test\Littlewhale\Application\Api\Controller\NewAgentController.class.php 第 128 行.

[ 2019-06-02T18:10:21+08:00 ] 127.0.0.1 /api/NewAgent/income
INFO: [ app_init ] --START--
INFO: Run Behavior\BuildLiteBehavior [ RunTime:0.000013s ]
INFO: [ app_init ] --END-- [ RunTime:0.000536s ]
INFO: [ app_begin ] --START--
INFO: Run Behavior\ReadHtmlCacheBehavior [ RunTime:0.002057s ]
INFO: [ app_begin ] --END-- [ RunTime:0.002134s ]
SQL: SHOW COLUMNS FROM `db_agent` [ RunTime:0.0094s ]
NOTIC: [8] Undefined index: status D:\test\Littlewhale\Application\Common\Model\AgentModel.class.php 第 23 行.
SQL: SELECT `id`,`account`,`token`,`nickname`,`balance`,`salt`,`password`,`grade` FROM `db_agent` WHERE `token` = '5ecb3d16004f758c566a350346e0454b' AND `status` <> '9' LIMIT 1   [ RunTime:0.0083s ]
NOTIC: [8] Undefined index: status D:\test\Littlewhale\Application\Api\Controller\BaseController.class.php 第 118 行.
NOTIC: [8] Undefined index: status D:\test\Littlewhale\Application\Api\Controller\BaseController.class.php 第 121 行.
SQL: SHOW COLUMNS FROM `db_car_washer` [ RunTime:0.0092s ]
SQL: SELECT * FROM `db_car_washer` WHERE `agent_id` = 9 AND `status` <> 9  [ RunTime:0.0096s ]
SQL: SHOW COLUMNS FROM `db_income` [ RunTime:0.0089s ]
SQL: SELECT `id`,`agent_id`,day as time,SUM(net_income) as net_income,SUM(p_money) as p_money,SUM(car_wash) as car_wash,`create_time` FROM `db_income` WHERE `agent_id` = 9 AND `status` = 1 AND `month` = 1559318400 GROUP BY day ORDER BY create_time DESC LIMIT 0,10000000   [ RunTime:0.0081s ]
NOTIC: [8] Undefined variable: array D:\test\Littlewhale\Application\Api\Controller\NewAgentController.class.php 第 273 行.
NOTIC: [2] Invalid argument supplied for foreach() D:\test\Littlewhale\Application\Api\Controller\NewAgentController.class.php 第 108 行.
NOTIC: [8] Undefined variable: new_income D:\test\Littlewhale\Application\Api\Controller\NewAgentController.class.php 第 126 行.
NOTIC: [8] Undefined variable: records D:\test\Littlewhale\Application\Api\Controller\NewAgentController.class.php 第 127 行.
NOTIC: [8] Undefined variable: wash_num D:\test\Littlewhale\Application\Api\Controller\NewAgentController.class.php 第 128 行.

[ 2019-06-02T18:10:21+08:00 ] 127.0.0.1 /api/NewAgent/income
INFO: [ app_init ] --START--
INFO: Run Behavior\BuildLiteBehavior [ RunTime:0.000013s ]
INFO: [ app_init ] --END-- [ RunTime:0.000541s ]
INFO: [ app_begin ] --START--
INFO: Run Behavior\ReadHtmlCacheBehavior [ RunTime:0.002549s ]
INFO: [ app_begin ] --END-- [ RunTime:0.002636s ]
SQL: SHOW COLUMNS FROM `db_agent` [ RunTime:0.0082s ]
NOTIC: [8] Undefined index: status D:\test\Littlewhale\Application\Common\Model\AgentModel.class.php 第 23 行.
SQL: SELECT `id`,`account`,`token`,`nickname`,`balance`,`salt`,`password`,`grade` FROM `db_agent` WHERE `token` = '5ecb3d16004f758c566a350346e0454b' AND `status` <> '9' LIMIT 1   [ RunTime:0.0074s ]
NOTIC: [8] Undefined index: status D:\test\Littlewhale\Application\Api\Controller\BaseController.class.php 第 118 行.
NOTIC: [8] Undefined index: status D:\test\Littlewhale\Application\Api\Controller\BaseController.class.php 第 121 行.
SQL: SHOW COLUMNS FROM `db_car_washer` [ RunTime:0.0101s ]
SQL: SELECT * FROM `db_car_washer` WHERE `agent_id` = 9 AND `status` <> 9  [ RunTime:0.0081s ]
SQL: SHOW COLUMNS FROM `db_income` [ RunTime:0.0082s ]
SQL: SELECT `id`,`agent_id`,day as time,SUM(net_income) as net_income,SUM(p_money) as p_money,SUM(car_wash) as car_wash,`create_time` FROM `db_income` WHERE `agent_id` = 9 AND `status` = 1 AND `month` = 1559318400 GROUP BY day ORDER BY create_time DESC LIMIT 0,10000000   [ RunTime:0.0075s ]
NOTIC: [8] Undefined variable: array D:\test\Littlewhale\Application\Api\Controller\NewAgentController.class.php 第 273 行.
NOTIC: [2] Invalid argument supplied for foreach() D:\test\Littlewhale\Application\Api\Controller\NewAgentController.class.php 第 108 行.
NOTIC: [8] Undefined variable: new_income D:\test\Littlewhale\Application\Api\Controller\NewAgentController.class.php 第 126 行.
NOTIC: [8] Undefined variable: records D:\test\Littlewhale\Application\Api\Controller\NewAgentController.class.php 第 127 行.
NOTIC: [8] Undefined variable: wash_num D:\test\Littlewhale\Application\Api\Controller\NewAgentController.class.php 第 128 行.

[ 2019-06-02T18:10:29+08:00 ] 127.0.0.1 /api/NewAgent/income
INFO: [ app_init ] --START--
INFO: Run Behavior\BuildLiteBehavior [ RunTime:0.000012s ]
INFO: [ app_init ] --END-- [ RunTime:0.000510s ]
INFO: [ app_begin ] --START--
INFO: Run Behavior\ReadHtmlCacheBehavior [ RunTime:0.001826s ]
INFO: [ app_begin ] --END-- [ RunTime:0.001903s ]
SQL: SHOW COLUMNS FROM `db_agent` [ RunTime:0.0092s ]
NOTIC: [8] Undefined index: status D:\test\Littlewhale\Application\Common\Model\AgentModel.class.php 第 23 行.
SQL: SELECT `id`,`account`,`token`,`nickname`,`balance`,`salt`,`password`,`grade` FROM `db_agent` WHERE `token` = '5ecb3d16004f758c566a350346e0454b' AND `status` <> '9' LIMIT 1   [ RunTime:0.0087s ]
NOTIC: [8] Undefined index: status D:\test\Littlewhale\Application\Api\Controller\BaseController.class.php 第 118 行.
NOTIC: [8] Undefined index: status D:\test\Littlewhale\Application\Api\Controller\BaseController.class.php 第 121 行.
SQL: SHOW COLUMNS FROM `db_car_washer` [ RunTime:0.0108s ]
SQL: SELECT * FROM `db_car_washer` WHERE `agent_id` = 9 AND `status` <> 9  [ RunTime:0.0097s ]
SQL: SHOW COLUMNS FROM `db_income` [ RunTime:0.0088s ]
SQL: SELECT `id`,`agent_id`,day as time,SUM(net_income) as net_income,SUM(p_money) as p_money,SUM(car_wash) as car_wash,`create_time` FROM `db_income` WHERE `agent_id` = 9 AND `status` = 1 AND `month` = 1559318400 GROUP BY day ORDER BY create_time DESC LIMIT 0,10000000   [ RunTime:0.0086s ]
NOTIC: [8] Undefined variable: array D:\test\Littlewhale\Application\Api\Controller\NewAgentController.class.php 第 274 行.
NOTIC: [2] Invalid argument supplied for foreach() D:\test\Littlewhale\Application\Api\Controller\NewAgentController.class.php 第 109 行.
NOTIC: [8] Undefined variable: new_income D:\test\Littlewhale\Application\Api\Controller\NewAgentController.class.php 第 127 行.
NOTIC: [8] Undefined variable: records D:\test\Littlewhale\Application\Api\Controller\NewAgentController.class.php 第 128 行.
NOTIC: [8] Undefined variable: wash_num D:\test\Littlewhale\Application\Api\Controller\NewAgentController.class.php 第 129 行.

[ 2019-06-02T18:10:30+08:00 ] 127.0.0.1 /api/NewAgent/income
INFO: [ app_init ] --START--
INFO: Run Behavior\BuildLiteBehavior [ RunTime:0.000021s ]
INFO: [ app_init ] --END-- [ RunTime:0.000694s ]
INFO: [ app_begin ] --START--
INFO: Run Behavior\ReadHtmlCacheBehavior [ RunTime:0.001452s ]
INFO: [ app_begin ] --END-- [ RunTime:0.001502s ]
SQL: SHOW COLUMNS FROM `db_agent` [ RunTime:0.0088s ]
NOTIC: [8] Undefined index: status D:\test\Littlewhale\Application\Common\Model\AgentModel.class.php 第 23 行.
SQL: SELECT `id`,`account`,`token`,`nickname`,`balance`,`salt`,`password`,`grade` FROM `db_agent` WHERE `token` = '5ecb3d16004f758c566a350346e0454b' AND `status` <> '9' LIMIT 1   [ RunTime:0.0080s ]
NOTIC: [8] Undefined index: status D:\test\Littlewhale\Application\Api\Controller\BaseController.class.php 第 118 行.
NOTIC: [8] Undefined index: status D:\test\Littlewhale\Application\Api\Controller\BaseController.class.php 第 121 行.
SQL: SHOW COLUMNS FROM `db_car_washer` [ RunTime:0.0083s ]
SQL: SELECT * FROM `db_car_washer` WHERE `agent_id` = 9 AND `status` <> 9  [ RunTime:0.0082s ]
SQL: SHOW COLUMNS FROM `db_income` [ RunTime:0.0078s ]
SQL: SELECT `id`,`agent_id`,day as time,SUM(net_income) as net_income,SUM(p_money) as p_money,SUM(car_wash) as car_wash,`create_time` FROM `db_income` WHERE `agent_id` = 9 AND `status` = 1 AND `month` = 1559318400 GROUP BY day ORDER BY create_time DESC LIMIT 0,10000000   [ RunTime:0.0078s ]
NOTIC: [8] Undefined variable: array D:\test\Littlewhale\Application\Api\Controller\NewAgentController.class.php 第 274 行.
NOTIC: [2] Invalid argument supplied for foreach() D:\test\Littlewhale\Application\Api\Controller\NewAgentController.class.php 第 109 行.
NOTIC: [8] Undefined variable: new_income D:\test\Littlewhale\Application\Api\Controller\NewAgentController.class.php 第 127 行.
NOTIC: [8] Undefined variable: records D:\test\Littlewhale\Application\Api\Controller\NewAgentController.class.php 第 128 行.
NOTIC: [8] Undefined variable: wash_num D:\test\Littlewhale\Application\Api\Controller\NewAgentController.class.php 第 129 行.

[ 2019-06-02T18:10:57+08:00 ] 127.0.0.1 /api/NewAgent/income
INFO: [ app_init ] --START--
INFO: Run Behavior\BuildLiteBehavior [ RunTime:0.000014s ]
INFO: [ app_init ] --END-- [ RunTime:0.000544s ]
INFO: [ app_begin ] --START--
INFO: Run Behavior\ReadHtmlCacheBehavior [ RunTime:0.001457s ]
INFO: [ app_begin ] --END-- [ RunTime:0.001508s ]
SQL: SHOW COLUMNS FROM `db_agent` [ RunTime:0.0090s ]
NOTIC: [8] Undefined index: status D:\test\Littlewhale\Application\Common\Model\AgentModel.class.php 第 23 行.
SQL: SELECT `id`,`account`,`token`,`nickname`,`balance`,`salt`,`password`,`grade` FROM `db_agent` WHERE `token` = '5ecb3d16004f758c566a350346e0454b' AND `status` <> '9' LIMIT 1   [ RunTime:0.0071s ]
NOTIC: [8] Undefined index: status D:\test\Littlewhale\Application\Api\Controller\BaseController.class.php 第 118 行.
NOTIC: [8] Undefined index: status D:\test\Littlewhale\Application\Api\Controller\BaseController.class.php 第 121 行.
SQL: SHOW COLUMNS FROM `db_car_washer` [ RunTime:0.0081s ]
SQL: SELECT * FROM `db_car_washer` WHERE `agent_id` = 9 AND `status` <> 9  [ RunTime:0.0082s ]
SQL: SHOW COLUMNS FROM `db_income` [ RunTime:0.0079s ]
SQL: SELECT `id`,`agent_id`,day as time,SUM(net_income) as net_income,SUM(p_money) as p_money,SUM(car_wash) as car_wash,`create_time` FROM `db_income` WHERE `agent_id` = 9 AND `status` = 1 AND `month` = 1559318400 GROUP BY day ORDER BY create_time DESC LIMIT 0,10000000   [ RunTime:0.0100s ]
NOTIC: [8] Undefined variable: array D:\test\Littlewhale\Application\Api\Controller\NewAgentController.class.php 第 275 行.

[ 2019-06-02T18:11:10+08:00 ] 127.0.0.1 /api/NewAgent/income
INFO: [ app_init ] --START--
INFO: Run Behavior\BuildLiteBehavior [ RunTime:0.000013s ]
INFO: [ app_init ] --END-- [ RunTime:0.000527s ]
INFO: [ app_begin ] --START--
INFO: Run Behavior\ReadHtmlCacheBehavior [ RunTime:0.001457s ]
INFO: [ app_begin ] --END-- [ RunTime:0.001508s ]
SQL: SHOW COLUMNS FROM `db_agent` [ RunTime:0.0092s ]
NOTIC: [8] Undefined index: status D:\test\Littlewhale\Application\Common\Model\AgentModel.class.php 第 23 行.
SQL: SELECT `id`,`account`,`token`,`nickname`,`balance`,`salt`,`password`,`grade` FROM `db_agent` WHERE `token` = '5ecb3d16004f758c566a350346e0454b' AND `status` <> '9' LIMIT 1   [ RunTime:0.0085s ]
NOTIC: [8] Undefined index: status D:\test\Littlewhale\Application\Api\Controller\BaseController.class.php 第 118 行.
NOTIC: [8] Undefined index: status D:\test\Littlewhale\Application\Api\Controller\BaseController.class.php 第 121 行.
SQL: SHOW COLUMNS FROM `db_car_washer` [ RunTime:0.0101s ]
SQL: SELECT * FROM `db_car_washer` WHERE `agent_id` = 9 AND `status` <> 9  [ RunTime:0.0111s ]
SQL: SHOW COLUMNS FROM `db_income` [ RunTime:0.0091s ]
SQL: SELECT `id`,`agent_id`,day as time,SUM(net_income) as net_income,SUM(p_money) as p_money,SUM(car_wash) as car_wash,`create_time` FROM `db_income` WHERE `agent_id` = 9 AND `status` = 1 AND `month` = 1559318400 GROUP BY day ORDER BY create_time DESC LIMIT 0,10000000   [ RunTime:0.0174s ]
NOTIC: [8] Undefined variable: array D:\test\Littlewhale\Application\Api\Controller\NewAgentController.class.php 第 276 行.
NOTIC: [2] Invalid argument supplied for foreach() D:\test\Littlewhale\Application\Api\Controller\NewAgentController.class.php 第 109 行.
NOTIC: [8] Undefined variable: new_income D:\test\Littlewhale\Application\Api\Controller\NewAgentController.class.php 第 129 行.
NOTIC: [8] Undefined variable: records D:\test\Littlewhale\Application\Api\Controller\NewAgentController.class.php 第 130 行.
NOTIC: [8] Undefined variable: wash_num D:\test\Littlewhale\Application\Api\Controller\NewAgentController.class.php 第 131 行.

[ 2019-06-02T18:11:18+08:00 ] 127.0.0.1 /api/NewAgent/income
INFO: [ app_init ] --START--
INFO: Run Behavior\BuildLiteBehavior [ RunTime:0.000015s ]
INFO: [ app_init ] --END-- [ RunTime:0.000572s ]
INFO: [ app_begin ] --START--
INFO: Run Behavior\ReadHtmlCacheBehavior [ RunTime:0.002546s ]
INFO: [ app_begin ] --END-- [ RunTime:0.002638s ]
SQL: SHOW COLUMNS FROM `db_agent` [ RunTime:0.0084s ]
NOTIC: [8] Undefined index: status D:\test\Littlewhale\Application\Common\Model\AgentModel.class.php 第 23 行.
SQL: SELECT `id`,`account`,`token`,`nickname`,`balance`,`salt`,`password`,`grade` FROM `db_agent` WHERE `token` = '5ecb3d16004f758c566a350346e0454b' AND `status` <> '9' LIMIT 1   [ RunTime:0.0075s ]
NOTIC: [8] Undefined index: status D:\test\Littlewhale\Application\Api\Controller\BaseController.class.php 第 118 行.
NOTIC: [8] Undefined index: status D:\test\Littlewhale\Application\Api\Controller\BaseController.class.php 第 121 行.
SQL: SHOW COLUMNS FROM `db_car_washer` [ RunTime:0.0082s ]
SQL: SELECT * FROM `db_car_washer` WHERE `agent_id` = 9 AND `status` <> 9  [ RunTime:0.0087s ]
SQL: SHOW COLUMNS FROM `db_income` [ RunTime:0.0083s ]
SQL: SELECT `id`,`agent_id`,day as time,SUM(net_income) as net_income,SUM(p_money) as p_money,SUM(car_wash) as car_wash,`create_time` FROM `db_income` WHERE `agent_id` = 9 AND `status` = 1 AND `month` = 1559318400 GROUP BY day ORDER BY create_time DESC LIMIT 0,10000000   [ RunTime:0.0074s ]
NOTIC: [8] Undefined variable: array D:\test\Littlewhale\Application\Api\Controller\NewAgentController.class.php 第 276 行.
NOTIC: [2] Invalid argument supplied for foreach() D:\test\Littlewhale\Application\Api\Controller\NewAgentController.class.php 第 109 行.
NOTIC: [8] Undefined variable: new_income D:\test\Littlewhale\Application\Api\Controller\NewAgentController.class.php 第 129 行.
NOTIC: [8] Undefined variable: records D:\test\Littlewhale\Application\Api\Controller\NewAgentController.class.php 第 130 行.
NOTIC: [8] Undefined variable: wash_num D:\test\Littlewhale\Application\Api\Controller\NewAgentController.class.php 第 131 行.

[ 2019-06-02T18:11:19+08:00 ] 127.0.0.1 /api/NewAgent/income
INFO: [ app_init ] --START--
INFO: Run Behavior\BuildLiteBehavior [ RunTime:0.000013s ]
INFO: [ app_init ] --END-- [ RunTime:0.000640s ]
INFO: [ app_begin ] --START--
INFO: Run Behavior\ReadHtmlCacheBehavior [ RunTime:0.001545s ]
INFO: [ app_begin ] --END-- [ RunTime:0.001597s ]
SQL: SHOW COLUMNS FROM `db_agent` [ RunTime:0.0106s ]
NOTIC: [8] Undefined index: status D:\test\Littlewhale\Application\Common\Model\AgentModel.class.php 第 23 行.
SQL: SELECT `id`,`account`,`token`,`nickname`,`balance`,`salt`,`password`,`grade` FROM `db_agent` WHERE `token` = '5ecb3d16004f758c566a350346e0454b' AND `status` <> '9' LIMIT 1   [ RunTime:0.0086s ]
NOTIC: [8] Undefined index: status D:\test\Littlewhale\Application\Api\Controller\BaseController.class.php 第 118 行.
NOTIC: [8] Undefined index: status D:\test\Littlewhale\Application\Api\Controller\BaseController.class.php 第 121 行.
SQL: SHOW COLUMNS FROM `db_car_washer` [ RunTime:0.0094s ]
SQL: SELECT * FROM `db_car_washer` WHERE `agent_id` = 9 AND `status` <> 9  [ RunTime:0.0105s ]
SQL: SHOW COLUMNS FROM `db_income` [ RunTime:0.0092s ]
SQL: SELECT `id`,`agent_id`,day as time,SUM(net_income) as net_income,SUM(p_money) as p_money,SUM(car_wash) as car_wash,`create_time` FROM `db_income` WHERE `agent_id` = 9 AND `status` = 1 AND `month` = 1559318400 GROUP BY day ORDER BY create_time DESC LIMIT 0,10000000   [ RunTime:0.0093s ]
NOTIC: [8] Undefined variable: array D:\test\Littlewhale\Application\Api\Controller\NewAgentController.class.php 第 276 行.
NOTIC: [2] Invalid argument supplied for foreach() D:\test\Littlewhale\Application\Api\Controller\NewAgentController.class.php 第 109 行.
NOTIC: [8] Undefined variable: new_income D:\test\Littlewhale\Application\Api\Controller\NewAgentController.class.php 第 129 行.
NOTIC: [8] Undefined variable: records D:\test\Littlewhale\Application\Api\Controller\NewAgentController.class.php 第 130 行.
NOTIC: [8] Undefined variable: wash_num D:\test\Littlewhale\Application\Api\Controller\NewAgentController.class.php 第 131 行.

[ 2019-06-02T18:11:19+08:00 ] 127.0.0.1 /api/NewAgent/income
INFO: [ app_init ] --START--
INFO: Run Behavior\BuildLiteBehavior [ RunTime:0.000013s ]
INFO: [ app_init ] --END-- [ RunTime:0.000509s ]
INFO: [ app_begin ] --START--
INFO: Run Behavior\ReadHtmlCacheBehavior [ RunTime:0.001635s ]
INFO: [ app_begin ] --END-- [ RunTime:0.001699s ]
SQL: SHOW COLUMNS FROM `db_agent` [ RunTime:0.0086s ]
NOTIC: [8] Undefined index: status D:\test\Littlewhale\Application\Common\Model\AgentModel.class.php 第 23 行.
SQL: SELECT `id`,`account`,`token`,`nickname`,`balance`,`salt`,`password`,`grade` FROM `db_agent` WHERE `token` = '5ecb3d16004f758c566a350346e0454b' AND `status` <> '9' LIMIT 1   [ RunTime:0.0100s ]
NOTIC: [8] Undefined index: status D:\test\Littlewhale\Application\Api\Controller\BaseController.class.php 第 118 行.
NOTIC: [8] Undefined index: status D:\test\Littlewhale\Application\Api\Controller\BaseController.class.php 第 121 行.
SQL: SHOW COLUMNS FROM `db_car_washer` [ RunTime:0.0101s ]
SQL: SELECT * FROM `db_car_washer` WHERE `agent_id` = 9 AND `status` <> 9  [ RunTime:0.0086s ]
SQL: SHOW COLUMNS FROM `db_income` [ RunTime:0.0107s ]
SQL: SELECT `id`,`agent_id`,day as time,SUM(net_income) as net_income,SUM(p_money) as p_money,SUM(car_wash) as car_wash,`create_time` FROM `db_income` WHERE `agent_id` = 9 AND `status` = 1 AND `month` = 1559318400 GROUP BY day ORDER BY create_time DESC LIMIT 0,10000000   [ RunTime:0.0086s ]
NOTIC: [8] Undefined variable: array D:\test\Littlewhale\Application\Api\Controller\NewAgentController.class.php 第 276 行.
NOTIC: [2] Invalid argument supplied for foreach() D:\test\Littlewhale\Application\Api\Controller\NewAgentController.class.php 第 109 行.
NOTIC: [8] Undefined variable: new_income D:\test\Littlewhale\Application\Api\Controller\NewAgentController.class.php 第 129 行.
NOTIC: [8] Undefined variable: records D:\test\Littlewhale\Application\Api\Controller\NewAgentController.class.php 第 130 行.
NOTIC: [8] Undefined variable: wash_num D:\test\Littlewhale\Application\Api\Controller\NewAgentController.class.php 第 131 行.

[ 2019-06-02T18:11:19+08:00 ] 127.0.0.1 /api/NewAgent/income
INFO: [ app_init ] --START--
INFO: Run Behavior\BuildLiteBehavior [ RunTime:0.000026s ]
INFO: [ app_init ] --END-- [ RunTime:0.001147s ]
INFO: [ app_begin ] --START--
INFO: Run Behavior\ReadHtmlCacheBehavior [ RunTime:0.001504s ]
INFO: [ app_begin ] --END-- [ RunTime:0.001556s ]
SQL: SHOW COLUMNS FROM `db_agent` [ RunTime:0.0107s ]
NOTIC: [8] Undefined index: status D:\test\Littlewhale\Application\Common\Model\AgentModel.class.php 第 23 行.
SQL: SELECT `id`,`account`,`token`,`nickname`,`balance`,`salt`,`password`,`grade` FROM `db_agent` WHERE `token` = '5ecb3d16004f758c566a350346e0454b' AND `status` <> '9' LIMIT 1   [ RunTime:0.0100s ]
NOTIC: [8] Undefined index: status D:\test\Littlewhale\Application\Api\Controller\BaseController.class.php 第 118 行.
NOTIC: [8] Undefined index: status D:\test\Littlewhale\Application\Api\Controller\BaseController.class.php 第 121 行.
SQL: SHOW COLUMNS FROM `db_car_washer` [ RunTime:0.0099s ]
SQL: SELECT * FROM `db_car_washer` WHERE `agent_id` = 9 AND `status` <> 9  [ RunTime:0.0090s ]
SQL: SHOW COLUMNS FROM `db_income` [ RunTime:0.0089s ]
SQL: SELECT `id`,`agent_id`,day as time,SUM(net_income) as net_income,SUM(p_money) as p_money,SUM(car_wash) as car_wash,`create_time` FROM `db_income` WHERE `agent_id` = 9 AND `status` = 1 AND `month` = 1559318400 GROUP BY day ORDER BY create_time DESC LIMIT 0,10000000   [ RunTime:0.0083s ]
NOTIC: [8] Undefined variable: array D:\test\Littlewhale\Application\Api\Controller\NewAgentController.class.php 第 276 行.
NOTIC: [2] Invalid argument supplied for foreach() D:\test\Littlewhale\Application\Api\Controller\NewAgentController.class.php 第 109 行.
NOTIC: [8] Undefined variable: new_income D:\test\Littlewhale\Application\Api\Controller\NewAgentController.class.php 第 129 行.
NOTIC: [8] Undefined variable: records D:\test\Littlewhale\Application\Api\Controller\NewAgentController.class.php 第 130 行.
NOTIC: [8] Undefined variable: wash_num D:\test\Littlewhale\Application\Api\Controller\NewAgentController.class.php 第 131 行.

[ 2019-06-02T18:11:27+08:00 ] 127.0.0.1 /api/NewAgent/income
INFO: [ app_init ] --START--
INFO: Run Behavior\BuildLiteBehavior [ RunTime:0.000012s ]
INFO: [ app_init ] --END-- [ RunTime:0.000497s ]
INFO: [ app_begin ] --START--
INFO: Run Behavior\ReadHtmlCacheBehavior [ RunTime:0.001147s ]
INFO: [ app_begin ] --END-- [ RunTime:0.001199s ]
SQL: SHOW COLUMNS FROM `db_agent` [ RunTime:0.0093s ]
NOTIC: [8] Undefined index: status D:\test\Littlewhale\Application\Common\Model\AgentModel.class.php 第 23 行.
SQL: SELECT `id`,`account`,`token`,`nickname`,`balance`,`salt`,`password`,`grade` FROM `db_agent` WHERE `token` = '5ecb3d16004f758c566a350346e0454b' AND `status` <> '9' LIMIT 1   [ RunTime:0.0084s ]
NOTIC: [8] Undefined index: status D:\test\Littlewhale\Application\Api\Controller\BaseController.class.php 第 118 行.
NOTIC: [8] Undefined index: status D:\test\Littlewhale\Application\Api\Controller\BaseController.class.php 第 121 行.
SQL: SHOW COLUMNS FROM `db_car_washer` [ RunTime:0.0088s ]
SQL: SELECT * FROM `db_car_washer` WHERE `agent_id` = 9 AND `status` <> 9  [ RunTime:0.0087s ]
SQL: SHOW COLUMNS FROM `db_income` [ RunTime:0.0085s ]
SQL: SELECT `id`,`agent_id`,day as time,SUM(net_income) as net_income,SUM(p_money) as p_money,SUM(car_wash) as car_wash,`create_time` FROM `db_income` WHERE `agent_id` = 9 AND `status` = 1 AND `month` = 1559318400 GROUP BY day ORDER BY create_time DESC LIMIT 0,10000000   [ RunTime:0.0075s ]
NOTIC: [8] Undefined variable: array D:\test\Littlewhale\Application\Api\Controller\NewAgentController.class.php 第 276 行.

[ 2019-06-02T18:11:40+08:00 ] 127.0.0.1 /api/NewAgent/income
INFO: [ app_init ] --START--
INFO: Run Behavior\BuildLiteBehavior [ RunTime:0.000025s ]
INFO: [ app_init ] --END-- [ RunTime:0.001328s ]
INFO: [ app_begin ] --START--
INFO: Run Behavior\ReadHtmlCacheBehavior [ RunTime:0.001529s ]
INFO: [ app_begin ] --END-- [ RunTime:0.001583s ]
SQL: SHOW COLUMNS FROM `db_agent` [ RunTime:0.0081s ]
NOTIC: [8] Undefined index: status D:\test\Littlewhale\Application\Common\Model\AgentModel.class.php 第 23 行.
SQL: SELECT `id`,`account`,`token`,`nickname`,`balance`,`salt`,`password`,`grade` FROM `db_agent` WHERE `token` = '5ecb3d16004f758c566a350346e0454b' AND `status` <> '9' LIMIT 1   [ RunTime:0.0120s ]
NOTIC: [8] Undefined index: status D:\test\Littlewhale\Application\Api\Controller\BaseController.class.php 第 118 行.
NOTIC: [8] Undefined index: status D:\test\Littlewhale\Application\Api\Controller\BaseController.class.php 第 121 行.
SQL: SHOW COLUMNS FROM `db_car_washer` [ RunTime:0.0085s ]
SQL: SELECT * FROM `db_car_washer` WHERE `agent_id` = 9 AND `status` <> 9  [ RunTime:0.0083s ]
SQL: SHOW COLUMNS FROM `db_income` [ RunTime:0.0085s ]
SQL: SELECT `id`,`agent_id`,day as time,SUM(net_income) as net_income,SUM(p_money) as p_money,SUM(car_wash) as car_wash,`create_time` FROM `db_income` WHERE `agent_id` = 9 AND `status` = 1 AND `month` = 1559318400 GROUP BY day ORDER BY create_time DESC LIMIT 0,10000000   [ RunTime:0.0076s ]
NOTIC: [8] Undefined variable: array D:\test\Littlewhale\Application\Api\Controller\NewAgentController.class.php 第 275 行.
NOTIC: [2] Invalid argument supplied for foreach() D:\test\Littlewhale\Application\Api\Controller\NewAgentController.class.php 第 109 行.
NOTIC: [8] Undefined variable: new_income D:\test\Littlewhale\Application\Api\Controller\NewAgentController.class.php 第 128 行.
NOTIC: [8] Undefined variable: records D:\test\Littlewhale\Application\Api\Controller\NewAgentController.class.php 第 129 行.
NOTIC: [8] Undefined variable: wash_num D:\test\Littlewhale\Application\Api\Controller\NewAgentController.class.php 第 130 行.

[ 2019-06-02T18:12:28+08:00 ] 127.0.0.1 /api/NewAgent/income
INFO: [ app_init ] --START--
INFO: Run Behavior\BuildLiteBehavior [ RunTime:0.000013s ]
INFO: [ app_init ] --END-- [ RunTime:0.000388s ]
INFO: [ app_begin ] --START--
INFO: Run Behavior\ReadHtmlCacheBehavior [ RunTime:0.001379s ]
INFO: [ app_begin ] --END-- [ RunTime:0.001439s ]
SQL: SHOW COLUMNS FROM `db_agent` [ RunTime:0.0104s ]
NOTIC: [8] Undefined index: status D:\test\Littlewhale\Application\Common\Model\AgentModel.class.php 第 23 行.
SQL: SELECT `id`,`account`,`token`,`nickname`,`balance`,`salt`,`password`,`grade` FROM `db_agent` WHERE `token` = '5ecb3d16004f758c566a350346e0454b' AND `status` <> '9' LIMIT 1   [ RunTime:0.0075s ]
NOTIC: [8] Undefined index: status D:\test\Littlewhale\Application\Api\Controller\BaseController.class.php 第 118 行.
NOTIC: [8] Undefined index: status D:\test\Littlewhale\Application\Api\Controller\BaseController.class.php 第 121 行.
SQL: SHOW COLUMNS FROM `db_car_washer` [ RunTime:0.0084s ]
SQL: SELECT * FROM `db_car_washer` WHERE `agent_id` = 9 AND `status` <> 9  [ RunTime:0.0085s ]
SQL: SHOW COLUMNS FROM `db_income` [ RunTime:0.0088s ]
SQL: SELECT `id`,`agent_id`,day as time,SUM(net_income) as net_income,SUM(p_money) as p_money,SUM(car_wash) as car_wash,`create_time` FROM `db_income` WHERE `agent_id` = 9 AND `status` = 1 AND `month` = 1559318400 GROUP BY day ORDER BY create_time DESC LIMIT 0,10000000   [ RunTime:0.0076s ]

[ 2019-06-02T18:12:38+08:00 ] 127.0.0.1 /api/NewAgent/income
INFO: [ app_init ] --START--
INFO: Run Behavior\BuildLiteBehavior [ RunTime:0.000031s ]
INFO: [ app_init ] --END-- [ RunTime:0.001016s ]
INFO: [ app_begin ] --START--
INFO: Run Behavior\ReadHtmlCacheBehavior [ RunTime:0.002730s ]
INFO: [ app_begin ] --END-- [ RunTime:0.002852s ]
SQL: SHOW COLUMNS FROM `db_agent` [ RunTime:0.0086s ]
NOTIC: [8] Undefined index: status D:\test\Littlewhale\Application\Common\Model\AgentModel.class.php 第 23 行.
SQL: SELECT `id`,`account`,`token`,`nickname`,`balance`,`salt`,`password`,`grade` FROM `db_agent` WHERE `token` = '5ecb3d16004f758c566a350346e0454b' AND `status` <> '9' LIMIT 1   [ RunTime:0.0081s ]
NOTIC: [8] Undefined index: status D:\test\Littlewhale\Application\Api\Controller\BaseController.class.php 第 118 行.
NOTIC: [8] Undefined index: status D:\test\Littlewhale\Application\Api\Controller\BaseController.class.php 第 121 行.
SQL: SHOW COLUMNS FROM `db_car_washer` [ RunTime:0.0088s ]
SQL: SELECT * FROM `db_car_washer` WHERE `agent_id` = 9 AND `status` <> 9  [ RunTime:0.0098s ]
SQL: SHOW COLUMNS FROM `db_income` [ RunTime:0.0089s ]
SQL: SELECT `id`,`agent_id`,day as time,SUM(net_income) as net_income,SUM(p_money) as p_money,SUM(car_wash) as car_wash,`create_time` FROM `db_income` WHERE `agent_id` = 9 AND `status` = 1 AND `month` = 1559318400 GROUP BY day ORDER BY create_time DESC LIMIT 0,10000000   [ RunTime:0.0079s ]

[ 2019-06-02T18:13:27+08:00 ] 127.0.0.1 /api/NewAgent/income
INFO: [ app_init ] --START--
INFO: Run Behavior\BuildLiteBehavior [ RunTime:0.000039s ]
INFO: [ app_init ] --END-- [ RunTime:0.002111s ]
INFO: [ app_begin ] --START--
INFO: Run Behavior\ReadHtmlCacheBehavior [ RunTime:0.001194s ]
INFO: [ app_begin ] --END-- [ RunTime:0.001250s ]
SQL: SHOW COLUMNS FROM `db_agent` [ RunTime:0.0092s ]
NOTIC: [8] Undefined index: status D:\test\Littlewhale\Application\Common\Model\AgentModel.class.php 第 23 行.
SQL: SELECT `id`,`account`,`token`,`nickname`,`balance`,`salt`,`password`,`grade` FROM `db_agent` WHERE `token` = '5ecb3d16004f758c566a350346e0454b' AND `status` <> '9' LIMIT 1   [ RunTime:0.0082s ]
NOTIC: [8] Undefined index: status D:\test\Littlewhale\Application\Api\Controller\BaseController.class.php 第 118 行.
NOTIC: [8] Undefined index: status D:\test\Littlewhale\Application\Api\Controller\BaseController.class.php 第 121 行.
SQL: SHOW COLUMNS FROM `db_car_washer` [ RunTime:0.0113s ]
SQL: SELECT * FROM `db_car_washer` WHERE `agent_id` = 9 AND `status` <> 9  [ RunTime:0.0092s ]
SQL: SHOW COLUMNS FROM `db_income` [ RunTime:0.0099s ]
SQL: SELECT `id`,`agent_id`,day as time,SUM(net_income) as net_income,SUM(p_money) as p_money,SUM(car_wash) as car_wash,`create_time` FROM `db_income` WHERE `agent_id` = 9 AND `status` = 1 AND `month` = 1559318400 GROUP BY day ORDER BY create_time DESC LIMIT 0,10000000   [ RunTime:0.0081s ]

[ 2019-06-02T18:14:55+08:00 ] 127.0.0.1 /api/NewAgent/income
INFO: [ app_init ] --START--
INFO: Run Behavior\BuildLiteBehavior [ RunTime:0.000014s ]
INFO: [ app_init ] --END-- [ RunTime:0.000986s ]
INFO: [ app_begin ] --START--
INFO: Run Behavior\ReadHtmlCacheBehavior [ RunTime:0.001479s ]
INFO: [ app_begin ] --END-- [ RunTime:0.001533s ]
SQL: SHOW COLUMNS FROM `db_agent` [ RunTime:0.0098s ]
NOTIC: [8] Undefined index: status D:\test\Littlewhale\Application\Common\Model\AgentModel.class.php 第 23 行.
SQL: SELECT `id`,`account`,`token`,`nickname`,`balance`,`salt`,`password`,`grade` FROM `db_agent` WHERE `token` = '5ecb3d16004f758c566a350346e0454b' AND `status` <> '9' LIMIT 1   [ RunTime:0.0084s ]
NOTIC: [8] Undefined index: status D:\test\Littlewhale\Application\Api\Controller\BaseController.class.php 第 118 行.
NOTIC: [8] Undefined index: status D:\test\Littlewhale\Application\Api\Controller\BaseController.class.php 第 121 行.
SQL: SHOW COLUMNS FROM `db_car_washer` [ RunTime:0.0088s ]
SQL: SELECT * FROM `db_car_washer` WHERE `agent_id` = 9 AND `status` <> 9  [ RunTime:0.0085s ]
SQL: SHOW COLUMNS FROM `db_income` [ RunTime:0.0104s ]
SQL: SELECT `id`,`agent_id`,day as time,SUM(net_income) as net_income,SUM(p_money) as p_money,SUM(car_wash) as car_wash,`create_time` FROM `db_income` WHERE `agent_id` = 9 AND `status` = 1 AND `month` = 1559318400 GROUP BY day ORDER BY create_time DESC LIMIT 0,10000000   [ RunTime:0.0079s ]

[ 2019-06-02T18:15:16+08:00 ] 127.0.0.1 /api/NewAgent/income
INFO: [ app_init ] --START--
INFO: Run Behavior\BuildLiteBehavior [ RunTime:0.000013s ]
INFO: [ app_init ] --END-- [ RunTime:0.000544s ]
INFO: [ app_begin ] --START--
INFO: Run Behavior\ReadHtmlCacheBehavior [ RunTime:0.001143s ]
INFO: [ app_begin ] --END-- [ RunTime:0.001194s ]
SQL: SHOW COLUMNS FROM `db_agent` [ RunTime:0.0185s ]
NOTIC: [8] Undefined index: status D:\test\Littlewhale\Application\Common\Model\AgentModel.class.php 第 23 行.
SQL: SELECT `id`,`account`,`token`,`nickname`,`balance`,`salt`,`password`,`grade` FROM `db_agent` WHERE `token` = '5ecb3d16004f758c566a350346e0454b' AND `status` <> '9' LIMIT 1   [ RunTime:0.0079s ]
NOTIC: [8] Undefined index: status D:\test\Littlewhale\Application\Api\Controller\BaseController.class.php 第 118 行.
NOTIC: [8] Undefined index: status D:\test\Littlewhale\Application\Api\Controller\BaseController.class.php 第 121 行.
SQL: SHOW COLUMNS FROM `db_car_washer` [ RunTime:0.0087s ]
SQL: SELECT * FROM `db_car_washer` WHERE `agent_id` = 9 AND `status` <> 9  [ RunTime:0.0099s ]
SQL: SHOW COLUMNS FROM `db_income` [ RunTime:0.0082s ]
SQL: SELECT `id`,`agent_id`,day as time,SUM(net_income) as net_income,SUM(p_money) as p_money,SUM(car_wash) as car_wash,`create_time` FROM `db_income` WHERE `agent_id` = 9 AND `status` = 1 AND `month` = 1559318400 GROUP BY day ORDER BY create_time DESC LIMIT 0,10000000   [ RunTime:0.0078s ]

[ 2019-06-02T18:15:35+08:00 ] 127.0.0.1 /api/NewAgent/income
INFO: [ app_init ] --START--
INFO: Run Behavior\BuildLiteBehavior [ RunTime:0.000015s ]
INFO: [ app_init ] --END-- [ RunTime:0.000575s ]
INFO: [ app_begin ] --START--
INFO: Run Behavior\ReadHtmlCacheBehavior [ RunTime:0.001494s ]
INFO: [ app_begin ] --END-- [ RunTime:0.001551s ]
SQL: SHOW COLUMNS FROM `db_agent` [ RunTime:0.0085s ]
NOTIC: [8] Undefined index: status D:\test\Littlewhale\Application\Common\Model\AgentModel.class.php 第 23 行.
SQL: SELECT `id`,`account`,`token`,`nickname`,`balance`,`salt`,`password`,`grade` FROM `db_agent` WHERE `token` = '5ecb3d16004f758c566a350346e0454b' AND `status` <> '9' LIMIT 1   [ RunTime:0.0079s ]
NOTIC: [8] Undefined index: status D:\test\Littlewhale\Application\Api\Controller\BaseController.class.php 第 118 行.
NOTIC: [8] Undefined index: status D:\test\Littlewhale\Application\Api\Controller\BaseController.class.php 第 121 行.
SQL: SHOW COLUMNS FROM `db_car_washer` [ RunTime:0.0105s ]
SQL: SELECT * FROM `db_car_washer` WHERE `agent_id` = 9 AND `status` <> 9  [ RunTime:0.0141s ]
SQL: SHOW COLUMNS FROM `db_income` [ RunTime:0.0104s ]
SQL: SELECT `id`,`agent_id`,day as time,SUM(net_income) as net_income,SUM(p_money) as p_money,SUM(car_wash) as car_wash,`create_time` FROM `db_income` WHERE `agent_id` = 9 AND `status` = 1 AND `month` = 1559318400 GROUP BY day ORDER BY create_time DESC LIMIT 0,10000000   [ RunTime:0.0081s ]

[ 2019-06-02T18:15:53+08:00 ] 127.0.0.1 /api/NewAgent/income
INFO: [ app_init ] --START--
INFO: Run Behavior\BuildLiteBehavior [ RunTime:0.000012s ]
INFO: [ app_init ] --END-- [ RunTime:0.000381s ]
INFO: [ app_begin ] --START--
INFO: Run Behavior\ReadHtmlCacheBehavior [ RunTime:0.001122s ]
INFO: [ app_begin ] --END-- [ RunTime:0.001172s ]
SQL: SHOW COLUMNS FROM `db_agent` [ RunTime:0.0083s ]
NOTIC: [8] Undefined index: status D:\test\Littlewhale\Application\Common\Model\AgentModel.class.php 第 23 行.
SQL: SELECT `id`,`account`,`token`,`nickname`,`balance`,`salt`,`password`,`grade` FROM `db_agent` WHERE `token` = '5ecb3d16004f758c566a350346e0454b' AND `status` <> '9' LIMIT 1   [ RunTime:0.0117s ]
NOTIC: [8] Undefined index: status D:\test\Littlewhale\Application\Api\Controller\BaseController.class.php 第 118 行.
NOTIC: [8] Undefined index: status D:\test\Littlewhale\Application\Api\Controller\BaseController.class.php 第 121 行.
SQL: SHOW COLUMNS FROM `db_car_washer` [ RunTime:0.0086s ]
SQL: SELECT * FROM `db_car_washer` WHERE `agent_id` = 9 AND `status` <> 9  [ RunTime:0.0090s ]
SQL: SHOW COLUMNS FROM `db_income` [ RunTime:0.0083s ]
SQL: SELECT `id`,`agent_id`,day as time,SUM(net_income) as net_income,SUM(p_money) as p_money,SUM(car_wash) as car_wash,`create_time` FROM `db_income` WHERE `agent_id` = 9 AND `status` = 1 AND `month` = 1559318400 GROUP BY day ORDER BY create_time DESC LIMIT 0,10000000   [ RunTime:0.0077s ]
NOTIC: [8] Undefined variable: new_income D:\test\Littlewhale\Application\Api\Controller\NewAgentController.class.php 第 127 行.
NOTIC: [8] Undefined variable: records D:\test\Littlewhale\Application\Api\Controller\NewAgentController.class.php 第 128 行.
NOTIC: [8] Undefined variable: wash_num D:\test\Littlewhale\Application\Api\Controller\NewAgentController.class.php 第 129 行.

[ 2019-06-02T18:51:47+08:00 ] 127.0.0.1 /api/NewAgent/income
INFO: [ app_init ] --START--
INFO: Run Behavior\BuildLiteBehavior [ RunTime:0.000014s ]
INFO: [ app_init ] --END-- [ RunTime:0.000512s ]
INFO: [ app_begin ] --START--
INFO: Run Behavior\ReadHtmlCacheBehavior [ RunTime:0.001432s ]
INFO: [ app_begin ] --END-- [ RunTime:0.001485s ]
SQL: SHOW COLUMNS FROM `db_agent` [ RunTime:0.0084s ]
NOTIC: [8] Undefined index: status D:\test\Littlewhale\Application\Common\Model\AgentModel.class.php 第 23 行.
SQL: SELECT `id`,`account`,`token`,`nickname`,`balance`,`salt`,`password`,`grade` FROM `db_agent` WHERE `token` = '5ecb3d16004f758c566a350346e0454b' AND `status` <> '9' LIMIT 1   [ RunTime:0.0083s ]
NOTIC: [8] Undefined index: status D:\test\Littlewhale\Application\Api\Controller\BaseController.class.php 第 118 行.
NOTIC: [8] Undefined index: status D:\test\Littlewhale\Application\Api\Controller\BaseController.class.php 第 121 行.
SQL: SHOW COLUMNS FROM `db_car_washer` [ RunTime:0.0089s ]
SQL: SELECT * FROM `db_car_washer` WHERE `agent_id` = 9 AND `status` <> 9  [ RunTime:0.0109s ]
SQL: SHOW COLUMNS FROM `db_income` [ RunTime:0.0107s ]
SQL: SELECT `id`,`agent_id`,day as time,SUM(net_income) as net_income,SUM(p_money) as p_money,SUM(car_wash) as car_wash,`create_time` FROM `db_income` WHERE `agent_id` = 9 AND `status` = 1 AND `month` = 1559318400 GROUP BY day ORDER BY create_time DESC LIMIT 0,10000000   [ RunTime:0.0079s ]
NOTIC: [2] Invalid argument supplied for foreach() D:\test\Littlewhale\Application\Api\Controller\NewAgentController.class.php 第 108 行.
NOTIC: [8] Undefined variable: new_income D:\test\Littlewhale\Application\Api\Controller\NewAgentController.class.php 第 128 行.
NOTIC: [8] Undefined variable: records D:\test\Littlewhale\Application\Api\Controller\NewAgentController.class.php 第 129 行.
NOTIC: [8] Undefined variable: wash_num D:\test\Littlewhale\Application\Api\Controller\NewAgentController.class.php 第 130 行.

[ 2019-06-02T18:51:47+08:00 ] 127.0.0.1 /api/NewAgent/income
INFO: [ app_init ] --START--
INFO: Run Behavior\BuildLiteBehavior [ RunTime:0.000012s ]
INFO: [ app_init ] --END-- [ RunTime:0.000500s ]
INFO: [ app_begin ] --START--
INFO: Run Behavior\ReadHtmlCacheBehavior [ RunTime:0.001466s ]
INFO: [ app_begin ] --END-- [ RunTime:0.001518s ]
SQL: SHOW COLUMNS FROM `db_agent` [ RunTime:0.0077s ]
NOTIC: [8] Undefined index: status D:\test\Littlewhale\Application\Common\Model\AgentModel.class.php 第 23 行.
SQL: SELECT `id`,`account`,`token`,`nickname`,`balance`,`salt`,`password`,`grade` FROM `db_agent` WHERE `token` = '5ecb3d16004f758c566a350346e0454b' AND `status` <> '9' LIMIT 1   [ RunTime:0.0073s ]
NOTIC: [8] Undefined index: status D:\test\Littlewhale\Application\Api\Controller\BaseController.class.php 第 118 行.
NOTIC: [8] Undefined index: status D:\test\Littlewhale\Application\Api\Controller\BaseController.class.php 第 121 行.
SQL: SHOW COLUMNS FROM `db_car_washer` [ RunTime:0.0079s ]
SQL: SELECT * FROM `db_car_washer` WHERE `agent_id` = 9 AND `status` <> 9  [ RunTime:0.0080s ]
SQL: SHOW COLUMNS FROM `db_income` [ RunTime:0.0086s ]
SQL: SELECT `id`,`agent_id`,day as time,SUM(net_income) as net_income,SUM(p_money) as p_money,SUM(car_wash) as car_wash,`create_time` FROM `db_income` WHERE `agent_id` = 9 AND `status` = 1 AND `month` = 1559318400 GROUP BY day ORDER BY create_time DESC LIMIT 0,10000000   [ RunTime:0.0071s ]
NOTIC: [2] Invalid argument supplied for foreach() D:\test\Littlewhale\Application\Api\Controller\NewAgentController.class.php 第 108 行.
NOTIC: [8] Undefined variable: new_income D:\test\Littlewhale\Application\Api\Controller\NewAgentController.class.php 第 128 行.
NOTIC: [8] Undefined variable: records D:\test\Littlewhale\Application\Api\Controller\NewAgentController.class.php 第 129 行.
NOTIC: [8] Undefined variable: wash_num D:\test\Littlewhale\Application\Api\Controller\NewAgentController.class.php 第 130 行.

[ 2019-06-02T18:51:48+08:00 ] 127.0.0.1 /api/NewAgent/income
INFO: [ app_init ] --START--
INFO: Run Behavior\BuildLiteBehavior [ RunTime:0.000013s ]
INFO: [ app_init ] --END-- [ RunTime:0.000524s ]
INFO: [ app_begin ] --START--
INFO: Run Behavior\ReadHtmlCacheBehavior [ RunTime:0.001532s ]
INFO: [ app_begin ] --END-- [ RunTime:0.001583s ]
SQL: SHOW COLUMNS FROM `db_agent` [ RunTime:0.0081s ]
NOTIC: [8] Undefined index: status D:\test\Littlewhale\Application\Common\Model\AgentModel.class.php 第 23 行.
SQL: SELECT `id`,`account`,`token`,`nickname`,`balance`,`salt`,`password`,`grade` FROM `db_agent` WHERE `token` = '5ecb3d16004f758c566a350346e0454b' AND `status` <> '9' LIMIT 1   [ RunTime:0.0073s ]
NOTIC: [8] Undefined index: status D:\test\Littlewhale\Application\Api\Controller\BaseController.class.php 第 118 行.
NOTIC: [8] Undefined index: status D:\test\Littlewhale\Application\Api\Controller\BaseController.class.php 第 121 行.
SQL: SHOW COLUMNS FROM `db_car_washer` [ RunTime:0.0084s ]
SQL: SELECT * FROM `db_car_washer` WHERE `agent_id` = 9 AND `status` <> 9  [ RunTime:0.0100s ]
SQL: SHOW COLUMNS FROM `db_income` [ RunTime:0.0080s ]
SQL: SELECT `id`,`agent_id`,day as time,SUM(net_income) as net_income,SUM(p_money) as p_money,SUM(car_wash) as car_wash,`create_time` FROM `db_income` WHERE `agent_id` = 9 AND `status` = 1 AND `month` = 1559318400 GROUP BY day ORDER BY create_time DESC LIMIT 0,10000000   [ RunTime:0.0075s ]
NOTIC: [2] Invalid argument supplied for foreach() D:\test\Littlewhale\Application\Api\Controller\NewAgentController.class.php 第 108 行.
NOTIC: [8] Undefined variable: new_income D:\test\Littlewhale\Application\Api\Controller\NewAgentController.class.php 第 128 行.
NOTIC: [8] Undefined variable: records D:\test\Littlewhale\Application\Api\Controller\NewAgentController.class.php 第 129 行.
NOTIC: [8] Undefined variable: wash_num D:\test\Littlewhale\Application\Api\Controller\NewAgentController.class.php 第 130 行.

[ 2019-06-02T18:51:48+08:00 ] 127.0.0.1 /api/NewAgent/income
INFO: [ app_init ] --START--
INFO: Run Behavior\BuildLiteBehavior [ RunTime:0.000016s ]
INFO: [ app_init ] --END-- [ RunTime:0.000567s ]
INFO: [ app_begin ] --START--
INFO: Run Behavior\ReadHtmlCacheBehavior [ RunTime:0.001543s ]
INFO: [ app_begin ] --END-- [ RunTime:0.001602s ]
SQL: SHOW COLUMNS FROM `db_agent` [ RunTime:0.0087s ]
NOTIC: [8] Undefined index: status D:\test\Littlewhale\Application\Common\Model\AgentModel.class.php 第 23 行.
SQL: SELECT `id`,`account`,`token`,`nickname`,`balance`,`salt`,`password`,`grade` FROM `db_agent` WHERE `token` = '5ecb3d16004f758c566a350346e0454b' AND `status` <> '9' LIMIT 1   [ RunTime:0.0076s ]
NOTIC: [8] Undefined index: status D:\test\Littlewhale\Application\Api\Controller\BaseController.class.php 第 118 行.
NOTIC: [8] Undefined index: status D:\test\Littlewhale\Application\Api\Controller\BaseController.class.php 第 121 行.
SQL: SHOW COLUMNS FROM `db_car_washer` [ RunTime:0.0094s ]
SQL: SELECT * FROM `db_car_washer` WHERE `agent_id` = 9 AND `status` <> 9  [ RunTime:0.0105s ]
SQL: SHOW COLUMNS FROM `db_income` [ RunTime:0.0103s ]
SQL: SELECT `id`,`agent_id`,day as time,SUM(net_income) as net_income,SUM(p_money) as p_money,SUM(car_wash) as car_wash,`create_time` FROM `db_income` WHERE `agent_id` = 9 AND `status` = 1 AND `month` = 1559318400 GROUP BY day ORDER BY create_time DESC LIMIT 0,10000000   [ RunTime:0.0076s ]
NOTIC: [2] Invalid argument supplied for foreach() D:\test\Littlewhale\Application\Api\Controller\NewAgentController.class.php 第 108 行.
NOTIC: [8] Undefined variable: new_income D:\test\Littlewhale\Application\Api\Controller\NewAgentController.class.php 第 128 行.
NOTIC: [8] Undefined variable: records D:\test\Littlewhale\Application\Api\Controller\NewAgentController.class.php 第 129 行.
NOTIC: [8] Undefined variable: wash_num D:\test\Littlewhale\Application\Api\Controller\NewAgentController.class.php 第 130 行.

[ 2019-06-02T18:51:48+08:00 ] 127.0.0.1 /api/NewAgent/income
INFO: [ app_init ] --START--
INFO: Run Behavior\BuildLiteBehavior [ RunTime:0.000026s ]
INFO: [ app_init ] --END-- [ RunTime:0.001003s ]
INFO: [ app_begin ] --START--
INFO: Run Behavior\ReadHtmlCacheBehavior [ RunTime:0.001272s ]
INFO: [ app_begin ] --END-- [ RunTime:0.001332s ]
SQL: SHOW COLUMNS FROM `db_agent` [ RunTime:0.0091s ]
NOTIC: [8] Undefined index: status D:\test\Littlewhale\Application\Common\Model\AgentModel.class.php 第 23 行.
SQL: SELECT `id`,`account`,`token`,`nickname`,`balance`,`salt`,`password`,`grade` FROM `db_agent` WHERE `token` = '5ecb3d16004f758c566a350346e0454b' AND `status` <> '9' LIMIT 1   [ RunTime:0.0085s ]
NOTIC: [8] Undefined index: status D:\test\Littlewhale\Application\Api\Controller\BaseController.class.php 第 118 行.
NOTIC: [8] Undefined index: status D:\test\Littlewhale\Application\Api\Controller\BaseController.class.php 第 121 行.
SQL: SHOW COLUMNS FROM `db_car_washer` [ RunTime:0.0090s ]
SQL: SELECT * FROM `db_car_washer` WHERE `agent_id` = 9 AND `status` <> 9  [ RunTime:0.0091s ]
SQL: SHOW COLUMNS FROM `db_income` [ RunTime:0.0094s ]
SQL: SELECT `id`,`agent_id`,day as time,SUM(net_income) as net_income,SUM(p_money) as p_money,SUM(car_wash) as car_wash,`create_time` FROM `db_income` WHERE `agent_id` = 9 AND `status` = 1 AND `month` = 1559318400 GROUP BY day ORDER BY create_time DESC LIMIT 0,10000000   [ RunTime:0.0084s ]
NOTIC: [2] Invalid argument supplied for foreach() D:\test\Littlewhale\Application\Api\Controller\NewAgentController.class.php 第 108 行.
NOTIC: [8] Undefined variable: new_income D:\test\Littlewhale\Application\Api\Controller\NewAgentController.class.php 第 128 行.
NOTIC: [8] Undefined variable: records D:\test\Littlewhale\Application\Api\Controller\NewAgentController.class.php 第 129 行.
NOTIC: [8] Undefined variable: wash_num D:\test\Littlewhale\Application\Api\Controller\NewAgentController.class.php 第 130 行.

[ 2019-06-02T18:51:48+08:00 ] 127.0.0.1 /api/NewAgent/income
INFO: [ app_init ] --START--
INFO: Run Behavior\BuildLiteBehavior [ RunTime:0.000022s ]
INFO: [ app_init ] --END-- [ RunTime:0.000819s ]
INFO: [ app_begin ] --START--
INFO: Run Behavior\ReadHtmlCacheBehavior [ RunTime:0.001735s ]
INFO: [ app_begin ] --END-- [ RunTime:0.001792s ]
SQL: SHOW COLUMNS FROM `db_agent` [ RunTime:0.0104s ]
NOTIC: [8] Undefined index: status D:\test\Littlewhale\Application\Common\Model\AgentModel.class.php 第 23 行.
SQL: SELECT `id`,`account`,`token`,`nickname`,`balance`,`salt`,`password`,`grade` FROM `db_agent` WHERE `token` = '5ecb3d16004f758c566a350346e0454b' AND `status` <> '9' LIMIT 1   [ RunTime:0.0101s ]
NOTIC: [8] Undefined index: status D:\test\Littlewhale\Application\Api\Controller\BaseController.class.php 第 118 行.
NOTIC: [8] Undefined index: status D:\test\Littlewhale\Application\Api\Controller\BaseController.class.php 第 121 行.
SQL: SHOW COLUMNS FROM `db_car_washer` [ RunTime:0.0081s ]
SQL: SELECT * FROM `db_car_washer` WHERE `agent_id` = 9 AND `status` <> 9  [ RunTime:0.0087s ]
SQL: SHOW COLUMNS FROM `db_income` [ RunTime:0.0079s ]
SQL: SELECT `id`,`agent_id`,day as time,SUM(net_income) as net_income,SUM(p_money) as p_money,SUM(car_wash) as car_wash,`create_time` FROM `db_income` WHERE `agent_id` = 9 AND `status` = 1 AND `month` = 1559318400 GROUP BY day ORDER BY create_time DESC LIMIT 0,10000000   [ RunTime:0.0133s ]
NOTIC: [2] Invalid argument supplied for foreach() D:\test\Littlewhale\Application\Api\Controller\NewAgentController.class.php 第 108 行.
NOTIC: [8] Undefined variable: new_income D:\test\Littlewhale\Application\Api\Controller\NewAgentController.class.php 第 128 行.
NOTIC: [8] Undefined variable: records D:\test\Littlewhale\Application\Api\Controller\NewAgentController.class.php 第 129 行.
NOTIC: [8] Undefined variable: wash_num D:\test\Littlewhale\Application\Api\Controller\NewAgentController.class.php 第 130 行.

[ 2019-06-02T18:51:49+08:00 ] 127.0.0.1 /api/NewAgent/income
INFO: [ app_init ] --START--
INFO: Run Behavior\BuildLiteBehavior [ RunTime:0.000012s ]
INFO: [ app_init ] --END-- [ RunTime:0.000505s ]
INFO: [ app_begin ] --START--
INFO: Run Behavior\ReadHtmlCacheBehavior [ RunTime:0.001438s ]
INFO: [ app_begin ] --END-- [ RunTime:0.001488s ]
SQL: SHOW COLUMNS FROM `db_agent` [ RunTime:0.0091s ]
NOTIC: [8] Undefined index: status D:\test\Littlewhale\Application\Common\Model\AgentModel.class.php 第 23 行.
SQL: SELECT `id`,`account`,`token`,`nickname`,`balance`,`salt`,`password`,`grade` FROM `db_agent` WHERE `token` = '5ecb3d16004f758c566a350346e0454b' AND `status` <> '9' LIMIT 1   [ RunTime:0.0085s ]
NOTIC: [8] Undefined index: status D:\test\Littlewhale\Application\Api\Controller\BaseController.class.php 第 118 行.
NOTIC: [8] Undefined index: status D:\test\Littlewhale\Application\Api\Controller\BaseController.class.php 第 121 行.
SQL: SHOW COLUMNS FROM `db_car_washer` [ RunTime:0.0103s ]
SQL: SELECT * FROM `db_car_washer` WHERE `agent_id` = 9 AND `status` <> 9  [ RunTime:0.0094s ]
SQL: SHOW COLUMNS FROM `db_income` [ RunTime:0.0089s ]
SQL: SELECT `id`,`agent_id`,day as time,SUM(net_income) as net_income,SUM(p_money) as p_money,SUM(car_wash) as car_wash,`create_time` FROM `db_income` WHERE `agent_id` = 9 AND `status` = 1 AND `month` = 1559318400 GROUP BY day ORDER BY create_time DESC LIMIT 0,10000000   [ RunTime:0.0151s ]
NOTIC: [2] Invalid argument supplied for foreach() D:\test\Littlewhale\Application\Api\Controller\NewAgentController.class.php 第 108 行.
NOTIC: [8] Undefined variable: new_income D:\test\Littlewhale\Application\Api\Controller\NewAgentController.class.php 第 128 行.
NOTIC: [8] Undefined variable: records D:\test\Littlewhale\Application\Api\Controller\NewAgentController.class.php 第 129 行.
NOTIC: [8] Undefined variable: wash_num D:\test\Littlewhale\Application\Api\Controller\NewAgentController.class.php 第 130 行.

[ 2019-06-02T18:51:56+08:00 ] 127.0.0.1 /api/NewAgent/income
INFO: [ app_init ] --START--
INFO: Run Behavior\BuildLiteBehavior [ RunTime:0.000021s ]
INFO: [ app_init ] --END-- [ RunTime:0.000539s ]
INFO: [ app_begin ] --START--
INFO: Run Behavior\ReadHtmlCacheBehavior [ RunTime:0.001164s ]
INFO: [ app_begin ] --END-- [ RunTime:0.001219s ]
SQL: SHOW COLUMNS FROM `db_agent` [ RunTime:0.0086s ]
NOTIC: [8] Undefined index: status D:\test\Littlewhale\Application\Common\Model\AgentModel.class.php 第 23 行.
SQL: SELECT `id`,`account`,`token`,`nickname`,`balance`,`salt`,`password`,`grade` FROM `db_agent` WHERE `token` = '5ecb3d16004f758c566a350346e0454b' AND `status` <> '9' LIMIT 1   [ RunTime:0.0088s ]
NOTIC: [8] Undefined index: status D:\test\Littlewhale\Application\Api\Controller\BaseController.class.php 第 118 行.
NOTIC: [8] Undefined index: status D:\test\Littlewhale\Application\Api\Controller\BaseController.class.php 第 121 行.
SQL: SHOW COLUMNS FROM `db_car_washer` [ RunTime:0.0087s ]
SQL: SELECT * FROM `db_car_washer` WHERE `agent_id` = 9 AND `status` <> 9  [ RunTime:0.0083s ]
SQL: SHOW COLUMNS FROM `db_income` [ RunTime:0.0092s ]
SQL: SELECT `id`,`agent_id`,day as time,SUM(net_income) as net_income,SUM(p_money) as p_money,SUM(car_wash) as car_wash,`create_time` FROM `db_income` WHERE `agent_id` = 9 AND `status` = 1 AND `month` = 1559318400 GROUP BY day ORDER BY create_time DESC LIMIT 0,10000000   [ RunTime:0.0152s ]

[ 2019-06-02T18:53:32+08:00 ] 127.0.0.1 /api/NewAgent/income
INFO: [ app_init ] --START--
INFO: Run Behavior\BuildLiteBehavior [ RunTime:0.000013s ]
INFO: [ app_init ] --END-- [ RunTime:0.000588s ]
INFO: [ app_begin ] --START--
INFO: Run Behavior\ReadHtmlCacheBehavior [ RunTime:0.001719s ]
INFO: [ app_begin ] --END-- [ RunTime:0.001776s ]
SQL: SHOW COLUMNS FROM `db_agent` [ RunTime:0.0081s ]
NOTIC: [8] Undefined index: status D:\test\Littlewhale\Application\Common\Model\AgentModel.class.php 第 23 行.
SQL: SELECT `id`,`account`,`token`,`nickname`,`balance`,`salt`,`password`,`grade` FROM `db_agent` WHERE `token` = '5ecb3d16004f758c566a350346e0454b' AND `status` <> '9' LIMIT 1   [ RunTime:0.0074s ]
NOTIC: [8] Undefined index: status D:\test\Littlewhale\Application\Api\Controller\BaseController.class.php 第 118 行.
NOTIC: [8] Undefined index: status D:\test\Littlewhale\Application\Api\Controller\BaseController.class.php 第 121 行.
SQL: SHOW COLUMNS FROM `db_car_washer` [ RunTime:0.0083s ]
SQL: SELECT * FROM `db_car_washer` WHERE `agent_id` = 9 AND `status` <> 9  [ RunTime:0.0131s ]
SQL: SHOW COLUMNS FROM `db_income` [ RunTime:0.0100s ]
SQL: SELECT `id`,`agent_id`,day as time,SUM(net_income) as net_income,SUM(p_money) as p_money,SUM(car_wash) as car_wash,`create_time` FROM `db_income` WHERE `agent_id` = 9 AND `status` = 1 AND `month` = 1559318400 GROUP BY day ORDER BY create_time DESC LIMIT 0,10000000   [ RunTime:0.0074s ]
NOTIC: [8] Undefined variable: records D:\test\Littlewhale\Application\Api\Controller\NewAgentController.class.php 第 133 行.
NOTIC: [8] Undefined variable: wash_num D:\test\Littlewhale\Application\Api\Controller\NewAgentController.class.php 第 134 行.

[ 2019-06-02T18:53:33+08:00 ] 127.0.0.1 /api/NewAgent/income
INFO: [ app_init ] --START--
INFO: Run Behavior\BuildLiteBehavior [ RunTime:0.000013s ]
INFO: [ app_init ] --END-- [ RunTime:0.000533s ]
INFO: [ app_begin ] --START--
INFO: Run Behavior\ReadHtmlCacheBehavior [ RunTime:0.001597s ]
INFO: [ app_begin ] --END-- [ RunTime:0.001653s ]
SQL: SHOW COLUMNS FROM `db_agent` [ RunTime:0.0084s ]
NOTIC: [8] Undefined index: status D:\test\Littlewhale\Application\Common\Model\AgentModel.class.php 第 23 行.
SQL: SELECT `id`,`account`,`token`,`nickname`,`balance`,`salt`,`password`,`grade` FROM `db_agent` WHERE `token` = '5ecb3d16004f758c566a350346e0454b' AND `status` <> '9' LIMIT 1   [ RunTime:0.0084s ]
NOTIC: [8] Undefined index: status D:\test\Littlewhale\Application\Api\Controller\BaseController.class.php 第 118 行.
NOTIC: [8] Undefined index: status D:\test\Littlewhale\Application\Api\Controller\BaseController.class.php 第 121 行.
SQL: SHOW COLUMNS FROM `db_car_washer` [ RunTime:0.0088s ]
SQL: SELECT * FROM `db_car_washer` WHERE `agent_id` = 9 AND `status` <> 9  [ RunTime:0.0088s ]
SQL: SHOW COLUMNS FROM `db_income` [ RunTime:0.0081s ]
SQL: SELECT `id`,`agent_id`,day as time,SUM(net_income) as net_income,SUM(p_money) as p_money,SUM(car_wash) as car_wash,`create_time` FROM `db_income` WHERE `agent_id` = 9 AND `status` = 1 AND `month` = 1559318400 GROUP BY day ORDER BY create_time DESC LIMIT 0,10000000   [ RunTime:0.0077s ]
NOTIC: [8] Undefined variable: records D:\test\Littlewhale\Application\Api\Controller\NewAgentController.class.php 第 133 行.
NOTIC: [8] Undefined variable: wash_num D:\test\Littlewhale\Application\Api\Controller\NewAgentController.class.php 第 134 行.

[ 2019-06-02T18:53:34+08:00 ] 127.0.0.1 /api/NewAgent/income
INFO: [ app_init ] --START--
INFO: Run Behavior\BuildLiteBehavior [ RunTime:0.000014s ]
INFO: [ app_init ] --END-- [ RunTime:0.000678s ]
INFO: [ app_begin ] --START--
INFO: Run Behavior\ReadHtmlCacheBehavior [ RunTime:0.001464s ]
INFO: [ app_begin ] --END-- [ RunTime:0.001516s ]
SQL: SHOW COLUMNS FROM `db_agent` [ RunTime:0.0087s ]
NOTIC: [8] Undefined index: status D:\test\Littlewhale\Application\Common\Model\AgentModel.class.php 第 23 行.
SQL: SELECT `id`,`account`,`token`,`nickname`,`balance`,`salt`,`password`,`grade` FROM `db_agent` WHERE `token` = '5ecb3d16004f758c566a350346e0454b' AND `status` <> '9' LIMIT 1   [ RunTime:0.0077s ]
NOTIC: [8] Undefined index: status D:\test\Littlewhale\Application\Api\Controller\BaseController.class.php 第 118 行.
NOTIC: [8] Undefined index: status D:\test\Littlewhale\Application\Api\Controller\BaseController.class.php 第 121 行.
SQL: SHOW COLUMNS FROM `db_car_washer` [ RunTime:0.0088s ]
SQL: SELECT * FROM `db_car_washer` WHERE `agent_id` = 9 AND `status` <> 9  [ RunTime:0.0096s ]
SQL: SHOW COLUMNS FROM `db_income` [ RunTime:0.0103s ]
SQL: SELECT `id`,`agent_id`,day as time,SUM(net_income) as net_income,SUM(p_money) as p_money,SUM(car_wash) as car_wash,`create_time` FROM `db_income` WHERE `agent_id` = 9 AND `status` = 1 AND `month` = 1559318400 GROUP BY day ORDER BY create_time DESC LIMIT 0,10000000   [ RunTime:0.0076s ]
NOTIC: [8] Undefined variable: records D:\test\Littlewhale\Application\Api\Controller\NewAgentController.class.php 第 133 行.
NOTIC: [8] Undefined variable: wash_num D:\test\Littlewhale\Application\Api\Controller\NewAgentController.class.php 第 134 行.

[ 2019-06-02T18:57:22+08:00 ] 127.0.0.1 /api/NewAgent/income
INFO: [ app_init ] --START--
INFO: Run Behavior\BuildLiteBehavior [ RunTime:0.000025s ]
INFO: [ app_init ] --END-- [ RunTime:0.001588s ]
INFO: [ app_begin ] --START--
INFO: Run Behavior\ReadHtmlCacheBehavior [ RunTime:0.001148s ]
INFO: [ app_begin ] --END-- [ RunTime:0.001201s ]
SQL: SHOW COLUMNS FROM `db_agent` [ RunTime:0.0093s ]
NOTIC: [8] Undefined index: status D:\test\Littlewhale\Application\Common\Model\AgentModel.class.php 第 23 行.
SQL: SELECT `id`,`account`,`token`,`nickname`,`balance`,`salt`,`password`,`grade` FROM `db_agent` WHERE `token` = '5ecb3d16004f758c566a350346e0454b' AND `status` <> '9' LIMIT 1   [ RunTime:0.0085s ]
NOTIC: [8] Undefined index: status D:\test\Littlewhale\Application\Api\Controller\BaseController.class.php 第 118 行.
NOTIC: [8] Undefined index: status D:\test\Littlewhale\Application\Api\Controller\BaseController.class.php 第 121 行.
SQL: SHOW COLUMNS FROM `db_car_washer` [ RunTime:0.0093s ]
SQL: SELECT * FROM `db_car_washer` WHERE `agent_id` = 9 AND `status` <> 9  [ RunTime:0.0094s ]
SQL: SHOW COLUMNS FROM `db_income` [ RunTime:0.0089s ]
SQL: SELECT `id`,`agent_id`,day as time,SUM(net_income) as net_income,SUM(p_money) as p_money,SUM(car_wash) as car_wash,`create_time` FROM `db_income` WHERE `agent_id` = 9 AND `status` = 1 AND `month` = 1559318400 GROUP BY day ORDER BY create_time DESC LIMIT 0,10000000   [ RunTime:0.0083s ]
NOTIC: [8] Undefined offset: 0 D:\test\Littlewhale\Application\Api\Controller\NewAgentController.class.php 第 111 行.
NOTIC: [8] Undefined offset: 0 D:\test\Littlewhale\Application\Api\Controller\NewAgentController.class.php 第 111 行.
NOTIC: [8] Undefined offset: 0 D:\test\Littlewhale\Application\Api\Controller\NewAgentController.class.php 第 111 行.
NOTIC: [8] Undefined offset: 0 D:\test\Littlewhale\Application\Api\Controller\NewAgentController.class.php 第 111 行.

[ 2019-06-02T18:57:59+08:00 ] 127.0.0.1 /api/NewAgent/income
INFO: [ app_init ] --START--
INFO: Run Behavior\BuildLiteBehavior [ RunTime:0.000016s ]
INFO: [ app_init ] --END-- [ RunTime:0.000610s ]
INFO: [ app_begin ] --START--
INFO: Run Behavior\ReadHtmlCacheBehavior [ RunTime:0.003078s ]
INFO: [ app_begin ] --END-- [ RunTime:0.003173s ]
SQL: SHOW COLUMNS FROM `db_agent` [ RunTime:0.0096s ]
NOTIC: [8] Undefined index: status D:\test\Littlewhale\Application\Common\Model\AgentModel.class.php 第 23 行.
SQL: SELECT `id`,`account`,`token`,`nickname`,`balance`,`salt`,`password`,`grade` FROM `db_agent` WHERE `token` = '5ecb3d16004f758c566a350346e0454b' AND `status` <> '9' LIMIT 1   [ RunTime:0.0089s ]
NOTIC: [8] Undefined index: status D:\test\Littlewhale\Application\Api\Controller\BaseController.class.php 第 118 行.
NOTIC: [8] Undefined index: status D:\test\Littlewhale\Application\Api\Controller\BaseController.class.php 第 121 行.
SQL: SHOW COLUMNS FROM `db_car_washer` [ RunTime:0.0129s ]
SQL: SELECT * FROM `db_car_washer` WHERE `agent_id` = 9 AND `status` <> 9  [ RunTime:0.0146s ]
SQL: SHOW COLUMNS FROM `db_income` [ RunTime:0.0096s ]
SQL: SELECT `id`,`agent_id`,day as time,SUM(net_income) as net_income,SUM(p_money) as p_money,SUM(car_wash) as car_wash,`create_time` FROM `db_income` WHERE `agent_id` = 9 AND `status` = 1 AND `month` = 1559318400 GROUP BY day ORDER BY create_time DESC LIMIT 0,10000000   [ RunTime:0.0090s ]

[ 2019-06-02T18:58:21+08:00 ] 127.0.0.1 /api/NewAgent/income
INFO: [ app_init ] --START--
INFO: Run Behavior\BuildLiteBehavior [ RunTime:0.000024s ]
INFO: [ app_init ] --END-- [ RunTime:0.000470s ]
INFO: [ app_begin ] --START--
INFO: Run Behavior\ReadHtmlCacheBehavior [ RunTime:0.001595s ]
INFO: [ app_begin ] --END-- [ RunTime:0.001670s ]
SQL: SHOW COLUMNS FROM `db_agent` [ RunTime:0.0098s ]
NOTIC: [8] Undefined index: status D:\test\Littlewhale\Application\Common\Model\AgentModel.class.php 第 23 行.
SQL: SELECT `id`,`account`,`token`,`nickname`,`balance`,`salt`,`password`,`grade` FROM `db_agent` WHERE `token` = '5ecb3d16004f758c566a350346e0454b' AND `status` <> '9' LIMIT 1   [ RunTime:0.0079s ]
NOTIC: [8] Undefined index: status D:\test\Littlewhale\Application\Api\Controller\BaseController.class.php 第 118 行.
NOTIC: [8] Undefined index: status D:\test\Littlewhale\Application\Api\Controller\BaseController.class.php 第 121 行.
SQL: SHOW COLUMNS FROM `db_car_washer` [ RunTime:0.0119s ]
SQL: SELECT * FROM `db_car_washer` WHERE `agent_id` = 9 AND `status` <> 9  [ RunTime:0.0094s ]
SQL: SHOW COLUMNS FROM `db_income` [ RunTime:0.0087s ]
SQL: SELECT `id`,`agent_id`,day as time,SUM(net_income) as net_income,SUM(p_money) as p_money,SUM(car_wash) as car_wash,`create_time` FROM `db_income` WHERE `agent_id` = 9 AND `status` = 1 AND `month` = 1559318400 GROUP BY day ORDER BY create_time DESC LIMIT 0,10000000   [ RunTime:0.0081s ]

[ 2019-06-02T18:58:26+08:00 ] 127.0.0.1 /api/NewAgent/income
INFO: [ app_init ] --START--
INFO: Run Behavior\BuildLiteBehavior [ RunTime:0.000012s ]
INFO: [ app_init ] --END-- [ RunTime:0.000410s ]
INFO: [ app_begin ] --START--
INFO: Run Behavior\ReadHtmlCacheBehavior [ RunTime:0.001142s ]
INFO: [ app_begin ] --END-- [ RunTime:0.001195s ]
SQL: SHOW COLUMNS FROM `db_agent` [ RunTime:0.0103s ]
NOTIC: [8] Undefined index: status D:\test\Littlewhale\Application\Common\Model\AgentModel.class.php 第 23 行.
SQL: SELECT `id`,`account`,`token`,`nickname`,`balance`,`salt`,`password`,`grade` FROM `db_agent` WHERE `token` = '5ecb3d16004f758c566a350346e0454b' AND `status` <> '9' LIMIT 1   [ RunTime:0.0090s ]
NOTIC: [8] Undefined index: status D:\test\Littlewhale\Application\Api\Controller\BaseController.class.php 第 118 行.
NOTIC: [8] Undefined index: status D:\test\Littlewhale\Application\Api\Controller\BaseController.class.php 第 121 行.
SQL: SHOW COLUMNS FROM `db_car_washer` [ RunTime:0.0083s ]
SQL: SELECT * FROM `db_car_washer` WHERE `agent_id` = 9 AND `status` <> 9  [ RunTime:0.0125s ]
SQL: SHOW COLUMNS FROM `db_income` [ RunTime:0.0082s ]
SQL: SELECT `id`,`agent_id`,day as time,SUM(net_income) as net_income,SUM(p_money) as p_money,SUM(car_wash) as car_wash,`create_time` FROM `db_income` WHERE `agent_id` = 9 AND `status` = 1 AND `month` = 1559318400 GROUP BY day ORDER BY create_time DESC LIMIT 0,10000000   [ RunTime:0.0081s ]
NOTIC: [8] Undefined offset: 0 D:\test\Littlewhale\Application\Api\Controller\NewAgentController.class.php 第 111 行.
NOTIC: [8] Undefined offset: 0 D:\test\Littlewhale\Application\Api\Controller\NewAgentController.class.php 第 111 行.
NOTIC: [8] Undefined offset: 0 D:\test\Littlewhale\Application\Api\Controller\NewAgentController.class.php 第 111 行.
NOTIC: [8] Undefined offset: 0 D:\test\Littlewhale\Application\Api\Controller\NewAgentController.class.php 第 111 行.

[ 2019-06-02T18:59:43+08:00 ] 127.0.0.1 /api/NewAgent/income
INFO: [ app_init ] --START--
INFO: Run Behavior\BuildLiteBehavior [ RunTime:0.000013s ]
INFO: [ app_init ] --END-- [ RunTime:0.000562s ]
INFO: [ app_begin ] --START--
INFO: Run Behavior\ReadHtmlCacheBehavior [ RunTime:0.001428s ]
INFO: [ app_begin ] --END-- [ RunTime:0.001478s ]
SQL: SHOW COLUMNS FROM `db_agent` [ RunTime:0.0091s ]
NOTIC: [8] Undefined index: status D:\test\Littlewhale\Application\Common\Model\AgentModel.class.php 第 23 行.
SQL: SELECT `id`,`account`,`token`,`nickname`,`balance`,`salt`,`password`,`grade` FROM `db_agent` WHERE `token` = '5ecb3d16004f758c566a350346e0454b' AND `status` <> '9' LIMIT 1   [ RunTime:0.0083s ]
NOTIC: [8] Undefined index: status D:\test\Littlewhale\Application\Api\Controller\BaseController.class.php 第 118 行.
NOTIC: [8] Undefined index: status D:\test\Littlewhale\Application\Api\Controller\BaseController.class.php 第 121 行.
SQL: SHOW COLUMNS FROM `db_car_washer` [ RunTime:0.0094s ]
SQL: SELECT * FROM `db_car_washer` WHERE `agent_id` = 9 AND `status` <> 9  [ RunTime:0.0092s ]
SQL: SHOW COLUMNS FROM `db_income` [ RunTime:0.0088s ]
SQL: SELECT `id`,`agent_id`,day as time,SUM(net_income) as net_income,SUM(p_money) as p_money,SUM(car_wash) as car_wash,`create_time` FROM `db_income` WHERE `agent_id` = 9 AND `status` = 1 AND `month` = 1559318400 GROUP BY day ORDER BY create_time DESC LIMIT 0,10000000   [ RunTime:0.0081s ]
NOTIC: [2] Invalid argument supplied for foreach() D:\test\Littlewhale\Application\Api\Controller\NewAgentController.class.php 第 109 行.
NOTIC: [8] Undefined variable: new_income D:\test\Littlewhale\Application\Api\Controller\NewAgentController.class.php 第 128 行.
NOTIC: [8] Undefined variable: records D:\test\Littlewhale\Application\Api\Controller\NewAgentController.class.php 第 129 行.
NOTIC: [8] Undefined variable: wash_num D:\test\Littlewhale\Application\Api\Controller\NewAgentController.class.php 第 130 行.

[ 2019-06-02T18:59:52+08:00 ] 127.0.0.1 /api/NewAgent/income
INFO: [ app_init ] --START--
INFO: Run Behavior\BuildLiteBehavior [ RunTime:0.000015s ]
INFO: [ app_init ] --END-- [ RunTime:0.000560s ]
INFO: [ app_begin ] --START--
INFO: Run Behavior\ReadHtmlCacheBehavior [ RunTime:0.001110s ]
INFO: [ app_begin ] --END-- [ RunTime:0.001160s ]
SQL: SHOW COLUMNS FROM `db_agent` [ RunTime:0.0083s ]
NOTIC: [8] Undefined index: status D:\test\Littlewhale\Application\Common\Model\AgentModel.class.php 第 23 行.
SQL: SELECT `id`,`account`,`token`,`nickname`,`balance`,`salt`,`password`,`grade` FROM `db_agent` WHERE `token` = '5ecb3d16004f758c566a350346e0454b' AND `status` <> '9' LIMIT 1   [ RunTime:0.0077s ]
NOTIC: [8] Undefined index: status D:\test\Littlewhale\Application\Api\Controller\BaseController.class.php 第 118 行.
NOTIC: [8] Undefined index: status D:\test\Littlewhale\Application\Api\Controller\BaseController.class.php 第 121 行.
SQL: SHOW COLUMNS FROM `db_car_washer` [ RunTime:0.0084s ]
SQL: SELECT * FROM `db_car_washer` WHERE `agent_id` = 9 AND `status` <> 9  [ RunTime:0.0099s ]
SQL: SHOW COLUMNS FROM `db_income` [ RunTime:0.0094s ]
SQL: SELECT `id`,`agent_id`,day as time,SUM(net_income) as net_income,SUM(p_money) as p_money,SUM(car_wash) as car_wash,`create_time` FROM `db_income` WHERE `agent_id` = 9 AND `status` = 1 AND `month` = 1559318400 GROUP BY day ORDER BY create_time DESC LIMIT 0,10000000   [ RunTime:0.0077s ]

[ 2019-06-02T18:59:53+08:00 ] 127.0.0.1 /api/NewAgent/income
INFO: [ app_init ] --START--
INFO: Run Behavior\BuildLiteBehavior [ RunTime:0.000013s ]
INFO: [ app_init ] --END-- [ RunTime:0.000411s ]
INFO: [ app_begin ] --START--
INFO: Run Behavior\ReadHtmlCacheBehavior [ RunTime:0.001083s ]
INFO: [ app_begin ] --END-- [ RunTime:0.001133s ]
SQL: SHOW COLUMNS FROM `db_agent` [ RunTime:0.0088s ]
NOTIC: [8] Undefined index: status D:\test\Littlewhale\Application\Common\Model\AgentModel.class.php 第 23 行.
SQL: SELECT `id`,`account`,`token`,`nickname`,`balance`,`salt`,`password`,`grade` FROM `db_agent` WHERE `token` = '5ecb3d16004f758c566a350346e0454b' AND `status` <> '9' LIMIT 1   [ RunTime:0.0105s ]
NOTIC: [8] Undefined index: status D:\test\Littlewhale\Application\Api\Controller\BaseController.class.php 第 118 行.
NOTIC: [8] Undefined index: status D:\test\Littlewhale\Application\Api\Controller\BaseController.class.php 第 121 行.
SQL: SHOW COLUMNS FROM `db_car_washer` [ RunTime:0.0095s ]
SQL: SELECT * FROM `db_car_washer` WHERE `agent_id` = 9 AND `status` <> 9  [ RunTime:0.0099s ]
SQL: SHOW COLUMNS FROM `db_income` [ RunTime:0.0088s ]
SQL: SELECT `id`,`agent_id`,day as time,SUM(net_income) as net_income,SUM(p_money) as p_money,SUM(car_wash) as car_wash,`create_time` FROM `db_income` WHERE `agent_id` = 9 AND `status` = 1 AND `month` = 1559318400 GROUP BY day ORDER BY create_time DESC LIMIT 0,10000000   [ RunTime:0.0082s ]

