[ 2019-06-21T10:36:14+08:00 ] 127.0.0.1 /Api/Index/ajax_test
INFO: [ app_init ] --START--
INFO: Run Behavior\BuildLiteBehavior [ RunTime:0.000018s ]
INFO: [ app_init ] --END-- [ RunTime:0.000856s ]
INFO: [ app_begin ] --START--
INFO: Run Behavior\ReadHtmlCacheBehavior [ RunTime:0.000934s ]
INFO: [ app_begin ] --END-- [ RunTime:0.001010s ]
SQL: SHOW COLUMNS FROM `db_car_washer` [ RunTime:0.0126s ]
SQL: SELECT COUNT(*) AS tp_count FROM `db_car_washer` WHERE `status` = 1 LIMIT 1   [ RunTime:0.0149s ]
SQL: SELECT COUNT(*) AS tp_count FROM `db_car_washer` WHERE `status` <> 1 LIMIT 1   [ RunTime:0.0159s ]

[ 2019-06-21T11:00:06+08:00 ] 127.0.0.1 /api/NewAgent/partnerDetail
INFO: [ app_init ] --START--
INFO: Run Behavior\BuildLiteBehavior [ RunTime:0.000017s ]
INFO: [ app_init ] --END-- [ RunTime:0.013480s ]
INFO: [ app_begin ] --START--
INFO: Run Behavior\ReadHtmlCacheBehavior [ RunTime:0.002545s ]
INFO: [ app_begin ] --END-- [ RunTime:0.002707s ]
NOTIC: [8] Undefined index: token D:\test\Littlewhale\Application\Common\Common\function.php 第 397 行.

[ 2019-06-21T11:00:14+08:00 ] 127.0.0.1 /api/Order/settlement
INFO: [ app_init ] --START--
INFO: Run Behavior\BuildLiteBehavior [ RunTime:0.000016s ]
INFO: [ app_init ] --END-- [ RunTime:0.000513s ]
INFO: [ app_begin ] --START--
INFO: Run Behavior\ReadHtmlCacheBehavior [ RunTime:0.000520s ]
INFO: [ app_begin ] --END-- [ RunTime:0.000567s ]
SQL: SHOW COLUMNS FROM `db_member` [ RunTime:0.0117s ]
SQL: SELECT * FROM `db_member` WHERE `token` = '383754a893b3eb3fa41d10d58233c602' LIMIT 1   [ RunTime:0.0116s ]
SQL: SHOW COLUMNS FROM `db_order` [ RunTime:0.0113s ]
SQL: SELECT * FROM `db_order` WHERE `m_id` = 55 AND `orderid` = 'XC201906211052511777' AND `button` = 0 LIMIT 1   [ RunTime:0.0134s ]
SQL: SELECT * FROM `db_order` WHERE `m_id` = 55 AND `orderid` = 'XC201906211052511777' LIMIT 1   [ RunTime:0.0129s ]
SQL: SHOW COLUMNS FROM `db_details` [ RunTime:0.0103s ]
SQL: SELECT * FROM `db_details` WHERE `o_id` = 1260 AND `m_id` = 55 LIMIT 1   [ RunTime:0.0118s ]
SQL: SHOW COLUMNS FROM `db_car_washer` [ RunTime:0.0114s ]
SQL: SELECT * FROM `db_car_washer` WHERE `id` = 2 LIMIT 1   [ RunTime:0.0109s ]
SQL: SELECT * FROM `db_details` WHERE `id` = 1241 AND `status` = 0 LIMIT 1   [ RunTime:0.0110s ]
SQL: SELECT * FROM `db_details` WHERE `o_id` = 1260 AND `m_id` = 55 AND `status` = 0 LIMIT 1   [ RunTime:0.0121s ]
SQL: SELECT * FROM `db_car_washer` WHERE `id` = 2 LIMIT 1   [ RunTime:0.0112s ]
SQL: UPDATE `db_details` SET `washing_end_time`='9021',`foam_end_time`='4969',`cleaner_end_time`='50010',`washing`='0',`foam`='0',`cleaner`='428' WHERE `o_id` = 1260 AND `m_id` = 55 AND `status` = 0 [ RunTime:0.0249s ]
SQL: UPDATE `db_order` SET `money`='4.28',`pay_money`='4.28',`update_time`='1561086014' WHERE `id` = 1260 AND `m_id` = 55 [ RunTime:0.0867s ]
SQL: UPDATE `db_order` SET `money`='4.28',`pay_money`='4.28' WHERE `orderid` = 'XC201906211052511777' [ RunTime:0.0319s ]
SQL: SELECT * FROM `db_details` WHERE `o_id` = 1260 AND `m_id` = 55 LIMIT 1   [ RunTime:0.0194s ]
SQL: UPDATE `db_details` SET `washing_end_time`='9021',`washing`='0' WHERE `o_id` = 1260 AND `m_id` = 55 AND `status` = 0 AND `id` = 1241 [ RunTime:0.0254s ]
SQL: UPDATE `db_details` SET `foam_end_time`='4969',`foam`='0' WHERE `o_id` = 1260 AND `m_id` = 55 AND `status` = 0 AND `id` = 1241 [ RunTime:0.0223s ]
SQL: UPDATE `db_details` SET `cleaner_end_time`='50010',`cleaner`='428' WHERE `o_id` = 1260 AND `m_id` = 55 AND `status` = 0 AND `id` = 1241 [ RunTime:0.0243s ]
SQL: SELECT * FROM `db_details` WHERE `o_id` = 1260 AND `m_id` = 55 LIMIT 1   [ RunTime:0.0101s ]
SQL: UPDATE `db_details` SET `washing_end_time`='9021',`washing`='0' WHERE `o_id` = 1260 AND `m_id` = 55 AND `status` = 0 AND `id` = 1241 [ RunTime:0.0175s ]
SQL: UPDATE `db_details` SET `foam_end_time`='4969',`foam`='0' WHERE `o_id` = 1260 AND `m_id` = 55 AND `status` = 0 AND `id` = 1241 [ RunTime:0.0159s ]
SQL: UPDATE `db_details` SET `cleaner_end_time`='50010',`cleaner`='428' WHERE `o_id` = 1260 AND `m_id` = 55 AND `status` = 0 AND `id` = 1241 [ RunTime:0.0181s ]

[ 2019-06-21T11:00:36+08:00 ] 127.0.0.1 /api/Order/settlement
INFO: [ app_init ] --START--
INFO: Run Behavior\BuildLiteBehavior [ RunTime:0.000012s ]
INFO: [ app_init ] --END-- [ RunTime:0.000411s ]
INFO: [ app_begin ] --START--
INFO: Run Behavior\ReadHtmlCacheBehavior [ RunTime:0.000527s ]
INFO: [ app_begin ] --END-- [ RunTime:0.000574s ]
SQL: SHOW COLUMNS FROM `db_member` [ RunTime:0.0104s ]
SQL: SELECT * FROM `db_member` WHERE `token` = '383754a893b3eb3fa41d10d58233c602' LIMIT 1   [ RunTime:0.0163s ]
SQL: SHOW COLUMNS FROM `db_order` [ RunTime:0.0099s ]
SQL: SELECT * FROM `db_order` WHERE `m_id` = 55 AND `orderid` = 'XC201906211052511777' AND `button` = 0 LIMIT 1   [ RunTime:0.0114s ]
SQL: SELECT * FROM `db_order` WHERE `m_id` = 55 AND `orderid` = 'XC201906211052511777' LIMIT 1   [ RunTime:0.0107s ]
SQL: SHOW COLUMNS FROM `db_details` [ RunTime:0.0092s ]
SQL: SELECT * FROM `db_details` WHERE `o_id` = 1260 AND `m_id` = 55 LIMIT 1   [ RunTime:0.0102s ]
SQL: SHOW COLUMNS FROM `db_car_washer` [ RunTime:0.0117s ]
SQL: SELECT * FROM `db_car_washer` WHERE `id` = 2 LIMIT 1   [ RunTime:0.0095s ]

[ 2019-06-21T11:10:35+08:00 ] 127.0.0.1 /Api/Index/ajax_test
INFO: [ app_init ] --START--
INFO: Run Behavior\BuildLiteBehavior [ RunTime:0.000016s ]
INFO: [ app_init ] --END-- [ RunTime:0.000860s ]
INFO: [ app_begin ] --START--
INFO: Run Behavior\ReadHtmlCacheBehavior [ RunTime:0.001603s ]
INFO: [ app_begin ] --END-- [ RunTime:0.001676s ]
SQL: SHOW COLUMNS FROM `db_car_washer` [ RunTime:0.0144s ]
SQL: SELECT COUNT(*) AS tp_count FROM `db_car_washer` WHERE `status` = 1 LIMIT 1   [ RunTime:0.0122s ]
SQL: SELECT COUNT(*) AS tp_count FROM `db_car_washer` WHERE `status` <> 1 LIMIT 1   [ RunTime:0.0103s ]

