[ 2019-05-24T09:44:04+08:00 ] 127.0.0.1 /index.php/Api/Washshop/washcarList
INFO: [ app_init ] --START--
INFO: Run Behavior\BuildLiteBehavior [ RunTime:0.000043s ]
INFO: [ app_init ] --END-- [ RunTime:0.001772s ]
INFO: [ app_begin ] --START--
INFO: Run Behavior\ReadHtmlCacheBehavior [ RunTime:0.002495s ]
INFO: [ app_begin ] --END-- [ RunTime:0.002602s ]
NOTIC: [8] Undefined index: token D:\test\Littlewhale\Application\Api\Controller\BaseController.class.php 第 25 行.
SQL: SHOW COLUMNS FROM `db_car_washer` [ RunTime:0.0837s ]
SQL: SELECT `id`,`p_id`,`lon`,`lat`,`address`,mc_code as mc_id,`status`,`type`,(2 * 6378.137* ASIN(SQRT(POW(SIN(3.1415926535898*(39.9047253699-lat)/360),2)+COS(3.1415926535898*39.9047253699/180)* COS(lat * 3.1415926535898/180)*POW(SIN(3.1415926535898*(116.4072154982
-lon)/360),2))))*1000 as distance FROM `db_car_washer` WHERE `status` <> 9 ORDER BY distance ASC  [ RunTime:0.1002s ]

[ 2019-05-24T09:46:25+08:00 ] 127.0.0.1 /index.php/Api/Washshop/washcarList
INFO: [ app_init ] --START--
INFO: Run Behavior\BuildLiteBehavior [ RunTime:0.000020s ]
INFO: [ app_init ] --END-- [ RunTime:0.000783s ]
INFO: [ app_begin ] --START--
INFO: Run Behavior\ReadHtmlCacheBehavior [ RunTime:0.001570s ]
INFO: [ app_begin ] --END-- [ RunTime:0.001655s ]
NOTIC: [8] Undefined index: token D:\test\Littlewhale\Application\Api\Controller\BaseController.class.php 第 25 行.
SQL: SHOW COLUMNS FROM `db_car_washer` [ RunTime:0.0149s ]
SQL: SELECT `id`,`p_id`,`lon`,`lat`,`address`,mc_code as mc_id,`status`,`type`,(2 * 6378.137* ASIN(SQRT(POW(SIN(3.1415926535898*(39.9047253699-lat)/360),2)+COS(3.1415926535898*39.9047253699/180)* COS(lat * 3.1415926535898/180)*POW(SIN(3.1415926535898*(116.4072154982
-lon)/360),2))))*1000 as distance FROM `db_car_washer` WHERE `status` <> 9 ORDER BY distance ASC  [ RunTime:0.0129s ]

[ 2019-05-24T09:47:07+08:00 ] 127.0.0.1 /index.php/Api/Washshop/washcarList
INFO: [ app_init ] --START--
INFO: Run Behavior\BuildLiteBehavior [ RunTime:0.000030s ]
INFO: [ app_init ] --END-- [ RunTime:0.000585s ]
INFO: [ app_begin ] --START--
INFO: Run Behavior\ReadHtmlCacheBehavior [ RunTime:0.001135s ]
INFO: [ app_begin ] --END-- [ RunTime:0.001239s ]
NOTIC: [8] Undefined index: token D:\test\Littlewhale\Application\Api\Controller\BaseController.class.php 第 25 行.
SQL: SHOW COLUMNS FROM `db_car_washer` [ RunTime:0.0120s ]
SQL: SELECT `id`,`p_id`,`lon`,`lat`,`address`,mc_code as mc_id,`status`,`type`,(2 * 6378.137* ASIN(SQRT(POW(SIN(3.1415926535898*(39.9047253699-lat)/360),2)+COS(3.1415926535898*39.9047253699/180)* COS(lat * 3.1415926535898/180)*POW(SIN(3.1415926535898*(116.4072154982
-lon)/360),2))))*1000 as distance FROM `db_car_washer` WHERE `status` <> 9 ORDER BY distance ASC  [ RunTime:0.0121s ]

[ 2019-05-24T09:47:14+08:00 ] 127.0.0.1 /index.php/Api/Washshop/washcarList
INFO: [ app_init ] --START--
INFO: Run Behavior\BuildLiteBehavior [ RunTime:0.000021s ]
INFO: [ app_init ] --END-- [ RunTime:0.000608s ]
INFO: [ app_begin ] --START--
INFO: Run Behavior\ReadHtmlCacheBehavior [ RunTime:0.001218s ]
INFO: [ app_begin ] --END-- [ RunTime:0.001325s ]
NOTIC: [8] Undefined index: token D:\test\Littlewhale\Application\Api\Controller\BaseController.class.php 第 25 行.
SQL: SHOW COLUMNS FROM `db_car_washer` [ RunTime:0.0103s ]
SQL: SELECT `id`,`p_id`,`lon`,`lat`,`address`,mc_code as mc_id,`status`,`type`,(2 * 6378.137* ASIN(SQRT(POW(SIN(3.1415926535898*(39.9047253699-lat)/360),2)+COS(3.1415926535898*39.9047253699/180)* COS(lat * 3.1415926535898/180)*POW(SIN(3.1415926535898*(116.4072154982
-lon)/360),2))))*1000 as distance FROM `db_car_washer` WHERE `status` <> 9 ORDER BY distance ASC  [ RunTime:0.0131s ]

[ 2019-05-24T09:47:37+08:00 ] 127.0.0.1 /index.php/Api/Washshop/washcarList
INFO: [ app_init ] --START--
INFO: Run Behavior\BuildLiteBehavior [ RunTime:0.000017s ]
INFO: [ app_init ] --END-- [ RunTime:0.000772s ]
INFO: [ app_begin ] --START--
INFO: Run Behavior\ReadHtmlCacheBehavior [ RunTime:0.001008s ]
INFO: [ app_begin ] --END-- [ RunTime:0.001110s ]
NOTIC: [8] Undefined index: token D:\test\Littlewhale\Application\Api\Controller\BaseController.class.php 第 25 行.
SQL: SHOW COLUMNS FROM `db_car_washer` [ RunTime:0.0388s ]
SQL: SELECT `id`,`p_id`,`lon`,`lat`,`address`,mc_code as mc_id,`status`,`type`,(2 * 6378.137* ASIN(SQRT(POW(SIN(3.1415926535898*(39.9047253699-lat)/360),2)+COS(3.1415926535898*39.9047253699/180)* COS(lat * 3.1415926535898/180)*POW(SIN(3.1415926535898*(116.4072154982
-lon)/360),2))))*1000 as distance FROM `db_car_washer` WHERE `status` <> 9 ORDER BY distance ASC  [ RunTime:0.0119s ]

[ 2019-05-24T09:48:04+08:00 ] 127.0.0.1 /index.php/Api/Washshop/washcarList
INFO: [ app_init ] --START--
INFO: Run Behavior\BuildLiteBehavior [ RunTime:0.000013s ]
INFO: [ app_init ] --END-- [ RunTime:0.000415s ]
INFO: [ app_begin ] --START--
INFO: Run Behavior\ReadHtmlCacheBehavior [ RunTime:0.000597s ]
INFO: [ app_begin ] --END-- [ RunTime:0.000662s ]
NOTIC: [8] Undefined index: token D:\test\Littlewhale\Application\Api\Controller\BaseController.class.php 第 25 行.
SQL: SHOW COLUMNS FROM `db_car_washer` [ RunTime:0.0097s ]
SQL: SELECT `id`,`p_id`,`lon`,`lat`,`address`,mc_code as mc_id,`status`,`type`,(2 * 6378.137* ASIN(SQRT(POW(SIN(3.1415926535898*(39.9047253699-lat)/360),2)+COS(3.1415926535898*39.9047253699/180)* COS(lat * 3.1415926535898/180)*POW(SIN(3.1415926535898*(116.4072154982
-lon)/360),2))))*1000 as distance FROM `db_car_washer` WHERE `status` <> 9 ORDER BY distance ASC  [ RunTime:0.0102s ]

[ 2019-05-24T09:48:41+08:00 ] 127.0.0.1 /index.php/Api/Washshop/washcarList
INFO: [ app_init ] --START--
INFO: Run Behavior\BuildLiteBehavior [ RunTime:0.000027s ]
INFO: [ app_init ] --END-- [ RunTime:0.001114s ]
INFO: [ app_begin ] --START--
INFO: Run Behavior\ReadHtmlCacheBehavior [ RunTime:0.001765s ]
INFO: [ app_begin ] --END-- [ RunTime:0.001849s ]
NOTIC: [8] Undefined index: token D:\test\Littlewhale\Application\Api\Controller\BaseController.class.php 第 25 行.
SQL: SHOW COLUMNS FROM `db_car_washer` [ RunTime:0.0115s ]
SQL: SELECT `id`,`p_id`,`lon`,`lat`,`address`,mc_code as mc_id,`status`,`type`,(2 * 6378.137* ASIN(SQRT(POW(SIN(3.1415926535898*(39.9047253699-lat)/360),2)+COS(3.1415926535898*39.9047253699/180)* COS(lat * 3.1415926535898/180)*POW(SIN(3.1415926535898*(116.4072154982
-lon)/360),2))))*1000 as distance FROM `db_car_washer` WHERE `status` <> 9 ORDER BY distance ASC  [ RunTime:0.0129s ]
NOTIC: [2] Invalid argument supplied for foreach() D:\test\Littlewhale\Application\Common\Common\function.php 第 620 行.

[ 2019-05-24T09:49:04+08:00 ] 127.0.0.1 /index.php/Api/Washshop/washcarList
INFO: [ app_init ] --START--
INFO: Run Behavior\BuildLiteBehavior [ RunTime:0.000022s ]
INFO: [ app_init ] --END-- [ RunTime:0.000634s ]
INFO: [ app_begin ] --START--
INFO: Run Behavior\ReadHtmlCacheBehavior [ RunTime:0.001009s ]
INFO: [ app_begin ] --END-- [ RunTime:0.001105s ]
NOTIC: [8] Undefined index: token D:\test\Littlewhale\Application\Api\Controller\BaseController.class.php 第 25 行.
SQL: SHOW COLUMNS FROM `db_car_washer` [ RunTime:0.0096s ]
SQL: SELECT `id`,`p_id`,`lon`,`lat`,`address`,mc_code as mc_id,`status`,`type`,(2 * 6378.137* ASIN(SQRT(POW(SIN(3.1415926535898*(39.9047253699-lat)/360),2)+COS(3.1415926535898*39.9047253699/180)* COS(lat * 3.1415926535898/180)*POW(SIN(3.1415926535898*(116.4072154982
-lon)/360),2))))*1000 as distance FROM `db_car_washer` WHERE `status` <> 9 ORDER BY distance ASC  [ RunTime:0.0085s ]

[ 2019-05-24T10:07:01+08:00 ] 127.0.0.1 /index.php/Api/Washshop/washcarList
INFO: [ app_init ] --START--
INFO: Run Behavior\BuildLiteBehavior [ RunTime:0.000027s ]
INFO: [ app_init ] --END-- [ RunTime:0.001155s ]
INFO: [ app_begin ] --START--
INFO: Run Behavior\ReadHtmlCacheBehavior [ RunTime:0.001575s ]
INFO: [ app_begin ] --END-- [ RunTime:0.001700s ]
NOTIC: [8] Undefined index: token D:\test\Littlewhale\Application\Api\Controller\BaseController.class.php 第 25 行.
SQL: SHOW COLUMNS FROM `db_car_washer` [ RunTime:0.1812s ]
SQL: SELECT `id`,`p_id`,`lon`,`lat`,`address`,mc_code as mc_id,`status`,`type`,(2 * 6378.137* ASIN(SQRT(POW(SIN(3.1415926535898*(39.9047253699-lat)/360),2)+COS(3.1415926535898*39.9047253699/180)* COS(lat * 3.1415926535898/180)*POW(SIN(3.1415926535898*(116.4072154982
-lon)/360),2))))*1000 as distance FROM `db_car_washer` WHERE `status` <> 9 ORDER BY distance ASC  [ RunTime:0.0586s ]

[ 2019-05-24T10:08:46+08:00 ] 127.0.0.1 /index.php/Api/Washshop/washcarList
INFO: [ app_init ] --START--
INFO: Run Behavior\BuildLiteBehavior [ RunTime:0.000020s ]
INFO: [ app_init ] --END-- [ RunTime:0.000593s ]
INFO: [ app_begin ] --START--
INFO: Run Behavior\ReadHtmlCacheBehavior [ RunTime:0.000919s ]
INFO: [ app_begin ] --END-- [ RunTime:0.001005s ]
NOTIC: [8] Undefined index: token D:\test\Littlewhale\Application\Api\Controller\BaseController.class.php 第 25 行.
SQL: SHOW COLUMNS FROM `db_car_washer` [ RunTime:0.0102s ]
SQL: SELECT `id`,`p_id`,`lon`,`lat`,`address`,mc_code as mc_id,`status`,`type`,(2 * 6378.137* ASIN(SQRT(POW(SIN(3.1415926535898*(39.9047253699-lat)/360),2)+COS(3.1415926535898*39.9047253699/180)* COS(lat * 3.1415926535898/180)*POW(SIN(3.1415926535898*(116.4072154982
-lon)/360),2))))*1000 as distance FROM `db_car_washer` WHERE `status` <> 9 ORDER BY distance ASC  [ RunTime:0.0123s ]

[ 2019-05-24T10:20:03+08:00 ] 127.0.0.1 /api/NewAgent/franchTwo
INFO: [ app_init ] --START--
INFO: Run Behavior\BuildLiteBehavior [ RunTime:0.000026s ]
INFO: [ app_init ] --END-- [ RunTime:0.001548s ]
INFO: [ app_begin ] --START--
INFO: Run Behavior\ReadHtmlCacheBehavior [ RunTime:0.001024s ]
INFO: [ app_begin ] --END-- [ RunTime:0.001084s ]
SQL: SHOW COLUMNS FROM `db_agent` [ RunTime:0.0098s ]
NOTIC: [8] Undefined index: status D:\test\Littlewhale\Application\Common\Model\AgentModel.class.php 第 23 行.
SQL: SELECT `id`,`account`,`token`,`nickname`,`balance`,`salt`,`password`,`grade` FROM `db_agent` WHERE `token` = 'c00c797967b0d8480a1c8f9645bde388' AND `status` <> '9' LIMIT 1   [ RunTime:0.0109s ]
NOTIC: [8] Undefined index: status D:\test\Littlewhale\Application\Api\Controller\BaseController.class.php 第 118 行.
NOTIC: [8] Undefined index: status D:\test\Littlewhale\Application\Api\Controller\BaseController.class.php 第 121 行.
SQL: SHOW COLUMNS FROM `db_agent` [ RunTime:0.0091s ]
SQL: SELECT `id` FROM `db_agent` WHERE `p_id` = 23 AND `grade` = 2  [ RunTime:0.0089s ]
SQL: SELECT `create_time`,`id`,`nickname`,`account`,`token` FROM `db_agent` WHERE `p_id` = 1 AND `grade` = 3  [ RunTime:0.0090s ]
SQL: SHOW COLUMNS FROM `db_income` [ RunTime:0.0102s ]
SQL: SELECT SUM(net_income) as net_income,SUM(detail) as detail,SUM(platform) as platform FROM `db_income` WHERE `agent_id` = 2 LIMIT 1   [ RunTime:0.0131s ]
SQL: SELECT SUM(net_income) as net_income,SUM(detail) as detail,SUM(platform) as platform FROM `db_income` WHERE `agent_id` = 3 LIMIT 1   [ RunTime:0.0100s ]
SQL: SELECT SUM(net_income) as net_income,SUM(detail) as detail,SUM(platform) as platform FROM `db_income` WHERE `agent_id` = 4 LIMIT 1   [ RunTime:0.0097s ]
SQL: SELECT SUM(net_income) as net_income,SUM(detail) as detail,SUM(platform) as platform FROM `db_income` WHERE `agent_id` = 5 LIMIT 1   [ RunTime:0.0098s ]
SQL: SELECT SUM(net_income) as net_income,SUM(detail) as detail,SUM(platform) as platform FROM `db_income` WHERE `agent_id` = 8 LIMIT 1   [ RunTime:0.0104s ]
SQL: SELECT SUM(net_income) as net_income,SUM(detail) as detail,SUM(platform) as platform FROM `db_income` WHERE `agent_id` = 9 LIMIT 1   [ RunTime:0.0079s ]
SQL: SELECT SUM(net_income) as net_income,SUM(detail) as detail,SUM(platform) as platform FROM `db_income` WHERE `agent_id` = 27 LIMIT 1   [ RunTime:0.0084s ]
SQL: SELECT `create_time`,`id`,`nickname`,`account`,`token` FROM `db_agent` WHERE `p_id` = 7 AND `grade` = 3  [ RunTime:0.0085s ]
SQL: SELECT SUM(net_income) as net_income,SUM(detail) as detail,SUM(platform) as platform FROM `db_income` WHERE `agent_id` = 6 LIMIT 1   [ RunTime:0.0083s ]
SQL: SELECT `create_time`,`id`,`nickname`,`account`,`token` FROM `db_agent` WHERE `p_id` = 10 AND `grade` = 3  [ RunTime:0.0095s ]
SQL: SELECT `create_time`,`id`,`nickname`,`account`,`token` FROM `db_agent` WHERE `p_id` = 12 AND `grade` = 3  [ RunTime:0.0083s ]
SQL: SELECT `create_time`,`id`,`nickname`,`account`,`token` FROM `db_agent` WHERE `p_id` = 14 AND `grade` = 3  [ RunTime:0.0091s ]

[ 2019-05-24T10:20:06+08:00 ] 127.0.0.1 /api/NewAgent/franchTwo
INFO: [ app_init ] --START--
INFO: Run Behavior\BuildLiteBehavior [ RunTime:0.000015s ]
INFO: [ app_init ] --END-- [ RunTime:0.000435s ]
INFO: [ app_begin ] --START--
INFO: Run Behavior\ReadHtmlCacheBehavior [ RunTime:0.000856s ]
INFO: [ app_begin ] --END-- [ RunTime:0.000927s ]
SQL: SHOW COLUMNS FROM `db_agent` [ RunTime:0.0105s ]
NOTIC: [8] Undefined index: status D:\test\Littlewhale\Application\Common\Model\AgentModel.class.php 第 23 行.
SQL: SELECT `id`,`account`,`token`,`nickname`,`balance`,`salt`,`password`,`grade` FROM `db_agent` WHERE `token` = 'c00c797967b0d8480a1c8f9645bde388' AND `status` <> '9' LIMIT 1   [ RunTime:0.0095s ]
NOTIC: [8] Undefined index: status D:\test\Littlewhale\Application\Api\Controller\BaseController.class.php 第 118 行.
NOTIC: [8] Undefined index: status D:\test\Littlewhale\Application\Api\Controller\BaseController.class.php 第 121 行.
SQL: SHOW COLUMNS FROM `db_agent` [ RunTime:0.0105s ]
SQL: SELECT `id` FROM `db_agent` WHERE `p_id` = 23 AND `grade` = 2  [ RunTime:0.0093s ]
SQL: SELECT `create_time`,`id`,`nickname`,`account`,`token` FROM `db_agent` WHERE `p_id` = 1 AND `grade` = 3  [ RunTime:0.0098s ]
SQL: SHOW COLUMNS FROM `db_income` [ RunTime:0.0108s ]
SQL: SELECT SUM(net_income) as net_income,SUM(detail) as detail,SUM(platform) as platform FROM `db_income` WHERE `agent_id` = 2 LIMIT 1   [ RunTime:0.0099s ]
SQL: SELECT SUM(net_income) as net_income,SUM(detail) as detail,SUM(platform) as platform FROM `db_income` WHERE `agent_id` = 3 LIMIT 1   [ RunTime:0.0131s ]
SQL: SELECT SUM(net_income) as net_income,SUM(detail) as detail,SUM(platform) as platform FROM `db_income` WHERE `agent_id` = 4 LIMIT 1   [ RunTime:0.0089s ]
SQL: SELECT SUM(net_income) as net_income,SUM(detail) as detail,SUM(platform) as platform FROM `db_income` WHERE `agent_id` = 5 LIMIT 1   [ RunTime:0.0102s ]
SQL: SELECT SUM(net_income) as net_income,SUM(detail) as detail,SUM(platform) as platform FROM `db_income` WHERE `agent_id` = 8 LIMIT 1   [ RunTime:0.0094s ]
SQL: SELECT SUM(net_income) as net_income,SUM(detail) as detail,SUM(platform) as platform FROM `db_income` WHERE `agent_id` = 9 LIMIT 1   [ RunTime:0.0097s ]
SQL: SELECT SUM(net_income) as net_income,SUM(detail) as detail,SUM(platform) as platform FROM `db_income` WHERE `agent_id` = 27 LIMIT 1   [ RunTime:0.0120s ]
SQL: SELECT `create_time`,`id`,`nickname`,`account`,`token` FROM `db_agent` WHERE `p_id` = 7 AND `grade` = 3  [ RunTime:0.0089s ]
SQL: SELECT SUM(net_income) as net_income,SUM(detail) as detail,SUM(platform) as platform FROM `db_income` WHERE `agent_id` = 6 LIMIT 1   [ RunTime:0.0090s ]
SQL: SELECT `create_time`,`id`,`nickname`,`account`,`token` FROM `db_agent` WHERE `p_id` = 10 AND `grade` = 3  [ RunTime:0.0096s ]
SQL: SELECT `create_time`,`id`,`nickname`,`account`,`token` FROM `db_agent` WHERE `p_id` = 12 AND `grade` = 3  [ RunTime:0.0086s ]
SQL: SELECT `create_time`,`id`,`nickname`,`account`,`token` FROM `db_agent` WHERE `p_id` = 14 AND `grade` = 3  [ RunTime:0.0091s ]

[ 2019-05-24T10:20:16+08:00 ] 127.0.0.1 /api/NewAgent/franchTwo
INFO: [ app_init ] --START--
INFO: Run Behavior\BuildLiteBehavior [ RunTime:0.000015s ]
INFO: [ app_init ] --END-- [ RunTime:0.000604s ]
INFO: [ app_begin ] --START--
INFO: Run Behavior\ReadHtmlCacheBehavior [ RunTime:0.001746s ]
INFO: [ app_begin ] --END-- [ RunTime:0.001849s ]
SQL: SHOW COLUMNS FROM `db_agent` [ RunTime:0.0119s ]
NOTIC: [8] Undefined index: status D:\test\Littlewhale\Application\Common\Model\AgentModel.class.php 第 23 行.
SQL: SELECT `id`,`account`,`token`,`nickname`,`balance`,`salt`,`password`,`grade` FROM `db_agent` WHERE `token` = 'c00c797967b0d8480a1c8f9645bde388' AND `status` <> '9' LIMIT 1   [ RunTime:0.0089s ]
NOTIC: [8] Undefined index: status D:\test\Littlewhale\Application\Api\Controller\BaseController.class.php 第 118 行.
NOTIC: [8] Undefined index: status D:\test\Littlewhale\Application\Api\Controller\BaseController.class.php 第 121 行.
SQL: SHOW COLUMNS FROM `db_agent` [ RunTime:0.0096s ]
SQL: SELECT `id` FROM `db_agent` WHERE `p_id` = 23 AND `grade` = 2  [ RunTime:0.0088s ]
SQL: SELECT `create_time`,`id`,`nickname`,`account`,`token` FROM `db_agent` WHERE `p_id` = 1 AND `grade` = 3  [ RunTime:0.0097s ]
SQL: SHOW COLUMNS FROM `db_income` [ RunTime:0.0098s ]
SQL: SELECT SUM(net_income) as net_income,SUM(detail) as detail,SUM(platform) as platform FROM `db_income` WHERE `agent_id` = 2 LIMIT 1   [ RunTime:0.0092s ]
SQL: SELECT SUM(net_income) as net_income,SUM(detail) as detail,SUM(platform) as platform FROM `db_income` WHERE `agent_id` = 3 LIMIT 1   [ RunTime:0.0088s ]
SQL: SELECT SUM(net_income) as net_income,SUM(detail) as detail,SUM(platform) as platform FROM `db_income` WHERE `agent_id` = 4 LIMIT 1   [ RunTime:0.0086s ]
SQL: SELECT SUM(net_income) as net_income,SUM(detail) as detail,SUM(platform) as platform FROM `db_income` WHERE `agent_id` = 5 LIMIT 1   [ RunTime:0.0084s ]
SQL: SELECT SUM(net_income) as net_income,SUM(detail) as detail,SUM(platform) as platform FROM `db_income` WHERE `agent_id` = 8 LIMIT 1   [ RunTime:0.0086s ]
SQL: SELECT SUM(net_income) as net_income,SUM(detail) as detail,SUM(platform) as platform FROM `db_income` WHERE `agent_id` = 9 LIMIT 1   [ RunTime:0.0087s ]
SQL: SELECT SUM(net_income) as net_income,SUM(detail) as detail,SUM(platform) as platform FROM `db_income` WHERE `agent_id` = 27 LIMIT 1   [ RunTime:0.0087s ]
SQL: SELECT `create_time`,`id`,`nickname`,`account`,`token` FROM `db_agent` WHERE `p_id` = 7 AND `grade` = 3  [ RunTime:0.0082s ]
SQL: SELECT SUM(net_income) as net_income,SUM(detail) as detail,SUM(platform) as platform FROM `db_income` WHERE `agent_id` = 6 LIMIT 1   [ RunTime:0.0086s ]
SQL: SELECT `create_time`,`id`,`nickname`,`account`,`token` FROM `db_agent` WHERE `p_id` = 10 AND `grade` = 3  [ RunTime:0.0091s ]
SQL: SELECT `create_time`,`id`,`nickname`,`account`,`token` FROM `db_agent` WHERE `p_id` = 12 AND `grade` = 3  [ RunTime:0.0088s ]
SQL: SELECT `create_time`,`id`,`nickname`,`account`,`token` FROM `db_agent` WHERE `p_id` = 14 AND `grade` = 3  [ RunTime:0.0119s ]

[ 2019-05-24T10:20:23+08:00 ] 127.0.0.1 /api/NewAgent/franchTwo
INFO: [ app_init ] --START--
INFO: Run Behavior\BuildLiteBehavior [ RunTime:0.000013s ]
INFO: [ app_init ] --END-- [ RunTime:0.000388s ]
INFO: [ app_begin ] --START--
INFO: Run Behavior\ReadHtmlCacheBehavior [ RunTime:0.000651s ]
INFO: [ app_begin ] --END-- [ RunTime:0.000711s ]
SQL: SHOW COLUMNS FROM `db_agent` [ RunTime:0.0099s ]
NOTIC: [8] Undefined index: status D:\test\Littlewhale\Application\Common\Model\AgentModel.class.php 第 23 行.
SQL: SELECT `id`,`account`,`token`,`nickname`,`balance`,`salt`,`password`,`grade` FROM `db_agent` WHERE `token` = 'c00c797967b0d8480a1c8f9645bde388' AND `status` <> '9' LIMIT 1   [ RunTime:0.0093s ]
NOTIC: [8] Undefined index: status D:\test\Littlewhale\Application\Api\Controller\BaseController.class.php 第 118 行.
NOTIC: [8] Undefined index: status D:\test\Littlewhale\Application\Api\Controller\BaseController.class.php 第 121 行.
SQL: SHOW COLUMNS FROM `db_agent` [ RunTime:0.0102s ]
SQL: SELECT `id` FROM `db_agent` WHERE `p_id` = 23 AND `grade` = 2  [ RunTime:0.0104s ]
SQL: SELECT `create_time`,`id`,`nickname`,`account`,`token` FROM `db_agent` WHERE `p_id` = 1 AND `grade` = 3  [ RunTime:0.0098s ]
SQL: SHOW COLUMNS FROM `db_income` [ RunTime:0.0124s ]
SQL: SELECT SUM(net_income) as net_income,SUM(detail) as detail,SUM(platform) as platform FROM `db_income` WHERE `agent_id` = 2 LIMIT 1   [ RunTime:0.0095s ]
SQL: SELECT SUM(net_income) as net_income,SUM(detail) as detail,SUM(platform) as platform FROM `db_income` WHERE `agent_id` = 3 LIMIT 1   [ RunTime:0.0094s ]
SQL: SELECT SUM(net_income) as net_income,SUM(detail) as detail,SUM(platform) as platform FROM `db_income` WHERE `agent_id` = 4 LIMIT 1   [ RunTime:0.0091s ]
SQL: SELECT SUM(net_income) as net_income,SUM(detail) as detail,SUM(platform) as platform FROM `db_income` WHERE `agent_id` = 5 LIMIT 1   [ RunTime:0.0090s ]
SQL: SELECT SUM(net_income) as net_income,SUM(detail) as detail,SUM(platform) as platform FROM `db_income` WHERE `agent_id` = 8 LIMIT 1   [ RunTime:0.0085s ]
SQL: SELECT SUM(net_income) as net_income,SUM(detail) as detail,SUM(platform) as platform FROM `db_income` WHERE `agent_id` = 9 LIMIT 1   [ RunTime:0.0092s ]
SQL: SELECT SUM(net_income) as net_income,SUM(detail) as detail,SUM(platform) as platform FROM `db_income` WHERE `agent_id` = 27 LIMIT 1   [ RunTime:0.0127s ]
NOTIC: [8] Undefined offset: 7 D:\test\Littlewhale\Application\Api\Controller\NewAgentController.class.php 第 1474 行.
NOTIC: [8] Undefined offset: 8 D:\test\Littlewhale\Application\Api\Controller\NewAgentController.class.php 第 1474 行.
NOTIC: [8] Undefined offset: 9 D:\test\Littlewhale\Application\Api\Controller\NewAgentController.class.php 第 1474 行.
SQL: SELECT `create_time`,`id`,`nickname`,`account`,`token` FROM `db_agent` WHERE `p_id` = 7 AND `grade` = 3  [ RunTime:0.0094s ]
SQL: SELECT SUM(net_income) as net_income,SUM(detail) as detail,SUM(platform) as platform FROM `db_income` WHERE `agent_id` = 6 LIMIT 1   [ RunTime:0.0090s ]
NOTIC: [8] Undefined offset: 8 D:\test\Littlewhale\Application\Api\Controller\NewAgentController.class.php 第 1474 行.
NOTIC: [8] Undefined offset: 9 D:\test\Littlewhale\Application\Api\Controller\NewAgentController.class.php 第 1474 行.
SQL: SELECT `create_time`,`id`,`nickname`,`account`,`token` FROM `db_agent` WHERE `p_id` = 10 AND `grade` = 3  [ RunTime:0.0090s ]
NOTIC: [8] Undefined offset: 8 D:\test\Littlewhale\Application\Api\Controller\NewAgentController.class.php 第 1474 行.
NOTIC: [8] Undefined offset: 9 D:\test\Littlewhale\Application\Api\Controller\NewAgentController.class.php 第 1474 行.
SQL: SELECT `create_time`,`id`,`nickname`,`account`,`token` FROM `db_agent` WHERE `p_id` = 12 AND `grade` = 3  [ RunTime:0.0094s ]
NOTIC: [8] Undefined offset: 8 D:\test\Littlewhale\Application\Api\Controller\NewAgentController.class.php 第 1474 行.
NOTIC: [8] Undefined offset: 9 D:\test\Littlewhale\Application\Api\Controller\NewAgentController.class.php 第 1474 行.
SQL: SELECT `create_time`,`id`,`nickname`,`account`,`token` FROM `db_agent` WHERE `p_id` = 14 AND `grade` = 3  [ RunTime:0.0088s ]
NOTIC: [8] Undefined offset: 8 D:\test\Littlewhale\Application\Api\Controller\NewAgentController.class.php 第 1474 行.
NOTIC: [8] Undefined offset: 9 D:\test\Littlewhale\Application\Api\Controller\NewAgentController.class.php 第 1474 行.

[ 2019-05-24T10:20:59+08:00 ] 127.0.0.1 /api/NewAgent/franchTwo
INFO: [ app_init ] --START--
INFO: Run Behavior\BuildLiteBehavior [ RunTime:0.000024s ]
INFO: [ app_init ] --END-- [ RunTime:0.000442s ]
INFO: [ app_begin ] --START--
INFO: Run Behavior\ReadHtmlCacheBehavior [ RunTime:0.000567s ]
INFO: [ app_begin ] --END-- [ RunTime:0.000615s ]
SQL: SHOW COLUMNS FROM `db_agent` [ RunTime:0.0100s ]
NOTIC: [8] Undefined index: status D:\test\Littlewhale\Application\Common\Model\AgentModel.class.php 第 23 行.
SQL: SELECT `id`,`account`,`token`,`nickname`,`balance`,`salt`,`password`,`grade` FROM `db_agent` WHERE `token` = 'c00c797967b0d8480a1c8f9645bde388' AND `status` <> '9' LIMIT 1   [ RunTime:0.0125s ]
NOTIC: [8] Undefined index: status D:\test\Littlewhale\Application\Api\Controller\BaseController.class.php 第 118 行.
NOTIC: [8] Undefined index: status D:\test\Littlewhale\Application\Api\Controller\BaseController.class.php 第 121 行.
SQL: SHOW COLUMNS FROM `db_agent` [ RunTime:0.0122s ]
SQL: SELECT `id` FROM `db_agent` WHERE `p_id` = 23 AND `grade` = 2  [ RunTime:0.0089s ]
SQL: SELECT `create_time`,`id`,`nickname`,`account`,`token` FROM `db_agent` WHERE `p_id` = 1 AND `grade` = 3  [ RunTime:0.0096s ]
SQL: SHOW COLUMNS FROM `db_income` [ RunTime:0.0103s ]
SQL: SELECT SUM(net_income) as net_income,SUM(detail) as detail,SUM(platform) as platform FROM `db_income` WHERE `agent_id` = 2 LIMIT 1   [ RunTime:0.0088s ]
SQL: SELECT SUM(net_income) as net_income,SUM(detail) as detail,SUM(platform) as platform FROM `db_income` WHERE `agent_id` = 3 LIMIT 1   [ RunTime:0.0108s ]
SQL: SELECT SUM(net_income) as net_income,SUM(detail) as detail,SUM(platform) as platform FROM `db_income` WHERE `agent_id` = 4 LIMIT 1   [ RunTime:0.0342s ]
SQL: SELECT SUM(net_income) as net_income,SUM(detail) as detail,SUM(platform) as platform FROM `db_income` WHERE `agent_id` = 5 LIMIT 1   [ RunTime:0.0110s ]
SQL: SELECT SUM(net_income) as net_income,SUM(detail) as detail,SUM(platform) as platform FROM `db_income` WHERE `agent_id` = 8 LIMIT 1   [ RunTime:0.0107s ]
SQL: SELECT SUM(net_income) as net_income,SUM(detail) as detail,SUM(platform) as platform FROM `db_income` WHERE `agent_id` = 9 LIMIT 1   [ RunTime:0.0102s ]
SQL: SELECT SUM(net_income) as net_income,SUM(detail) as detail,SUM(platform) as platform FROM `db_income` WHERE `agent_id` = 27 LIMIT 1   [ RunTime:0.0107s ]
SQL: SELECT `create_time`,`id`,`nickname`,`account`,`token` FROM `db_agent` WHERE `p_id` = 7 AND `grade` = 3  [ RunTime:0.0102s ]
SQL: SELECT SUM(net_income) as net_income,SUM(detail) as detail,SUM(platform) as platform FROM `db_income` WHERE `agent_id` = 6 LIMIT 1   [ RunTime:0.0103s ]
SQL: SELECT `create_time`,`id`,`nickname`,`account`,`token` FROM `db_agent` WHERE `p_id` = 10 AND `grade` = 3  [ RunTime:0.0336s ]
SQL: SELECT `create_time`,`id`,`nickname`,`account`,`token` FROM `db_agent` WHERE `p_id` = 12 AND `grade` = 3  [ RunTime:0.0116s ]
SQL: SELECT `create_time`,`id`,`nickname`,`account`,`token` FROM `db_agent` WHERE `p_id` = 14 AND `grade` = 3  [ RunTime:0.0111s ]

[ 2019-05-24T10:21:13+08:00 ] 127.0.0.1 /api/NewAgent/franchTwo
INFO: [ app_init ] --START--
INFO: Run Behavior\BuildLiteBehavior [ RunTime:0.000015s ]
INFO: [ app_init ] --END-- [ RunTime:0.000488s ]
INFO: [ app_begin ] --START--
INFO: Run Behavior\ReadHtmlCacheBehavior [ RunTime:0.000610s ]
INFO: [ app_begin ] --END-- [ RunTime:0.000662s ]
SQL: SHOW COLUMNS FROM `db_agent` [ RunTime:0.0105s ]
NOTIC: [8] Undefined index: status D:\test\Littlewhale\Application\Common\Model\AgentModel.class.php 第 23 行.
SQL: SELECT `id`,`account`,`token`,`nickname`,`balance`,`salt`,`password`,`grade` FROM `db_agent` WHERE `token` = 'c00c797967b0d8480a1c8f9645bde388' AND `status` <> '9' LIMIT 1   [ RunTime:0.0092s ]
NOTIC: [8] Undefined index: status D:\test\Littlewhale\Application\Api\Controller\BaseController.class.php 第 118 行.
NOTIC: [8] Undefined index: status D:\test\Littlewhale\Application\Api\Controller\BaseController.class.php 第 121 行.
SQL: SHOW COLUMNS FROM `db_agent` [ RunTime:0.0103s ]
SQL: SELECT `id` FROM `db_agent` WHERE `p_id` = 23 AND `grade` = 2  [ RunTime:0.0093s ]
SQL: SELECT `create_time`,`id`,`nickname`,`account`,`token` FROM `db_agent` WHERE `p_id` = 1 AND `grade` = 3  [ RunTime:0.0096s ]
SQL: SHOW COLUMNS FROM `db_income` [ RunTime:0.0102s ]
SQL: SELECT SUM(net_income) as net_income,SUM(detail) as detail,SUM(platform) as platform FROM `db_income` WHERE `agent_id` = 2 LIMIT 1   [ RunTime:0.0096s ]
SQL: SELECT SUM(net_income) as net_income,SUM(detail) as detail,SUM(platform) as platform FROM `db_income` WHERE `agent_id` = 3 LIMIT 1   [ RunTime:0.0093s ]
SQL: SELECT SUM(net_income) as net_income,SUM(detail) as detail,SUM(platform) as platform FROM `db_income` WHERE `agent_id` = 4 LIMIT 1   [ RunTime:0.0091s ]
SQL: SELECT SUM(net_income) as net_income,SUM(detail) as detail,SUM(platform) as platform FROM `db_income` WHERE `agent_id` = 5 LIMIT 1   [ RunTime:0.0091s ]
SQL: SELECT SUM(net_income) as net_income,SUM(detail) as detail,SUM(platform) as platform FROM `db_income` WHERE `agent_id` = 8 LIMIT 1   [ RunTime:0.0093s ]
SQL: SELECT SUM(net_income) as net_income,SUM(detail) as detail,SUM(platform) as platform FROM `db_income` WHERE `agent_id` = 9 LIMIT 1   [ RunTime:0.0097s ]
SQL: SELECT SUM(net_income) as net_income,SUM(detail) as detail,SUM(platform) as platform FROM `db_income` WHERE `agent_id` = 27 LIMIT 1   [ RunTime:0.0093s ]
SQL: SELECT `create_time`,`id`,`nickname`,`account`,`token` FROM `db_agent` WHERE `p_id` = 7 AND `grade` = 3  [ RunTime:0.0095s ]
SQL: SELECT SUM(net_income) as net_income,SUM(detail) as detail,SUM(platform) as platform FROM `db_income` WHERE `agent_id` = 6 LIMIT 1   [ RunTime:0.0101s ]
SQL: SELECT `create_time`,`id`,`nickname`,`account`,`token` FROM `db_agent` WHERE `p_id` = 10 AND `grade` = 3  [ RunTime:0.0103s ]
SQL: SELECT `create_time`,`id`,`nickname`,`account`,`token` FROM `db_agent` WHERE `p_id` = 12 AND `grade` = 3  [ RunTime:0.0090s ]
SQL: SELECT `create_time`,`id`,`nickname`,`account`,`token` FROM `db_agent` WHERE `p_id` = 14 AND `grade` = 3  [ RunTime:0.0090s ]

[ 2019-05-24T10:21:37+08:00 ] 127.0.0.1 /api/NewAgent/franchTwo
INFO: [ app_init ] --START--
INFO: Run Behavior\BuildLiteBehavior [ RunTime:0.000014s ]
INFO: [ app_init ] --END-- [ RunTime:0.000472s ]
INFO: [ app_begin ] --START--
INFO: Run Behavior\ReadHtmlCacheBehavior [ RunTime:0.000637s ]
INFO: [ app_begin ] --END-- [ RunTime:0.000708s ]
SQL: SHOW COLUMNS FROM `db_agent` [ RunTime:0.0093s ]
NOTIC: [8] Undefined index: status D:\test\Littlewhale\Application\Common\Model\AgentModel.class.php 第 23 行.
SQL: SELECT `id`,`account`,`token`,`nickname`,`balance`,`salt`,`password`,`grade` FROM `db_agent` WHERE `token` = 'c00c797967b0d8480a1c8f9645bde388' AND `status` <> '9' LIMIT 1   [ RunTime:0.0105s ]
NOTIC: [8] Undefined index: status D:\test\Littlewhale\Application\Api\Controller\BaseController.class.php 第 118 行.
NOTIC: [8] Undefined index: status D:\test\Littlewhale\Application\Api\Controller\BaseController.class.php 第 121 行.
SQL: SHOW COLUMNS FROM `db_agent` [ RunTime:0.0094s ]
SQL: SELECT `id` FROM `db_agent` WHERE `p_id` = 23 AND `grade` = 2  [ RunTime:0.0081s ]
SQL: SELECT `create_time`,`id`,`nickname`,`account`,`token` FROM `db_agent` WHERE `p_id` = 1 AND `grade` = 3  [ RunTime:0.0134s ]
SQL: SHOW COLUMNS FROM `db_income` [ RunTime:0.0138s ]
SQL: SELECT SUM(net_income) as net_income,SUM(detail) as detail,SUM(platform) as platform FROM `db_income` WHERE `agent_id` = 2 LIMIT 1   [ RunTime:0.0096s ]
SQL: SELECT SUM(net_income) as net_income,SUM(detail) as detail,SUM(platform) as platform FROM `db_income` WHERE `agent_id` = 3 LIMIT 1   [ RunTime:0.0086s ]
SQL: SELECT SUM(net_income) as net_income,SUM(detail) as detail,SUM(platform) as platform FROM `db_income` WHERE `agent_id` = 4 LIMIT 1   [ RunTime:0.0098s ]
SQL: SELECT SUM(net_income) as net_income,SUM(detail) as detail,SUM(platform) as platform FROM `db_income` WHERE `agent_id` = 5 LIMIT 1   [ RunTime:0.0111s ]
SQL: SELECT SUM(net_income) as net_income,SUM(detail) as detail,SUM(platform) as platform FROM `db_income` WHERE `agent_id` = 8 LIMIT 1   [ RunTime:0.0085s ]
SQL: SELECT SUM(net_income) as net_income,SUM(detail) as detail,SUM(platform) as platform FROM `db_income` WHERE `agent_id` = 9 LIMIT 1   [ RunTime:0.0087s ]
SQL: SELECT SUM(net_income) as net_income,SUM(detail) as detail,SUM(platform) as platform FROM `db_income` WHERE `agent_id` = 27 LIMIT 1   [ RunTime:0.0082s ]
SQL: SELECT `create_time`,`id`,`nickname`,`account`,`token` FROM `db_agent` WHERE `p_id` = 7 AND `grade` = 3  [ RunTime:0.0082s ]
SQL: SELECT SUM(net_income) as net_income,SUM(detail) as detail,SUM(platform) as platform FROM `db_income` WHERE `agent_id` = 6 LIMIT 1   [ RunTime:0.0089s ]
SQL: SELECT `create_time`,`id`,`nickname`,`account`,`token` FROM `db_agent` WHERE `p_id` = 10 AND `grade` = 3  [ RunTime:0.0095s ]
SQL: SELECT `create_time`,`id`,`nickname`,`account`,`token` FROM `db_agent` WHERE `p_id` = 12 AND `grade` = 3  [ RunTime:0.0084s ]
SQL: SELECT `create_time`,`id`,`nickname`,`account`,`token` FROM `db_agent` WHERE `p_id` = 14 AND `grade` = 3  [ RunTime:0.0084s ]

[ 2019-05-24T10:21:52+08:00 ] 127.0.0.1 /api/NewAgent/franchTwo
INFO: [ app_init ] --START--
INFO: Run Behavior\BuildLiteBehavior [ RunTime:0.000024s ]
INFO: [ app_init ] --END-- [ RunTime:0.000668s ]
INFO: [ app_begin ] --START--
INFO: Run Behavior\ReadHtmlCacheBehavior [ RunTime:0.000615s ]
INFO: [ app_begin ] --END-- [ RunTime:0.000674s ]
SQL: SHOW COLUMNS FROM `db_agent` [ RunTime:0.0087s ]
NOTIC: [8] Undefined index: status D:\test\Littlewhale\Application\Common\Model\AgentModel.class.php 第 23 行.
SQL: SELECT `id`,`account`,`token`,`nickname`,`balance`,`salt`,`password`,`grade` FROM `db_agent` WHERE `token` = 'c00c797967b0d8480a1c8f9645bde388' AND `status` <> '9' LIMIT 1   [ RunTime:0.0076s ]
NOTIC: [8] Undefined index: status D:\test\Littlewhale\Application\Api\Controller\BaseController.class.php 第 118 行.
NOTIC: [8] Undefined index: status D:\test\Littlewhale\Application\Api\Controller\BaseController.class.php 第 121 行.
SQL: SHOW COLUMNS FROM `db_agent` [ RunTime:0.0076s ]
SQL: SELECT `id` FROM `db_agent` WHERE `p_id` = 23 AND `grade` = 2  [ RunTime:0.0072s ]
SQL: SELECT `create_time`,`id`,`nickname`,`account`,`token` FROM `db_agent` WHERE `p_id` = 1 AND `grade` = 3  [ RunTime:0.0077s ]
SQL: SHOW COLUMNS FROM `db_income` [ RunTime:0.0081s ]
SQL: SELECT SUM(net_income) as net_income,SUM(detail) as detail,SUM(platform) as platform FROM `db_income` WHERE `agent_id` = 2 LIMIT 1   [ RunTime:0.0073s ]
SQL: SELECT SUM(net_income) as net_income,SUM(detail) as detail,SUM(platform) as platform FROM `db_income` WHERE `agent_id` = 3 LIMIT 1   [ RunTime:0.0078s ]
SQL: SELECT SUM(net_income) as net_income,SUM(detail) as detail,SUM(platform) as platform FROM `db_income` WHERE `agent_id` = 4 LIMIT 1   [ RunTime:0.0078s ]
SQL: SELECT SUM(net_income) as net_income,SUM(detail) as detail,SUM(platform) as platform FROM `db_income` WHERE `agent_id` = 5 LIMIT 1   [ RunTime:0.0069s ]
SQL: SELECT SUM(net_income) as net_income,SUM(detail) as detail,SUM(platform) as platform FROM `db_income` WHERE `agent_id` = 8 LIMIT 1   [ RunTime:0.0072s ]
SQL: SELECT SUM(net_income) as net_income,SUM(detail) as detail,SUM(platform) as platform FROM `db_income` WHERE `agent_id` = 9 LIMIT 1   [ RunTime:0.0087s ]
SQL: SELECT SUM(net_income) as net_income,SUM(detail) as detail,SUM(platform) as platform FROM `db_income` WHERE `agent_id` = 27 LIMIT 1   [ RunTime:0.0095s ]
SQL: SELECT `create_time`,`id`,`nickname`,`account`,`token` FROM `db_agent` WHERE `p_id` = 7 AND `grade` = 3  [ RunTime:0.0077s ]
SQL: SELECT SUM(net_income) as net_income,SUM(detail) as detail,SUM(platform) as platform FROM `db_income` WHERE `agent_id` = 6 LIMIT 1   [ RunTime:0.0084s ]
SQL: SELECT `create_time`,`id`,`nickname`,`account`,`token` FROM `db_agent` WHERE `p_id` = 10 AND `grade` = 3  [ RunTime:0.0103s ]
SQL: SELECT `create_time`,`id`,`nickname`,`account`,`token` FROM `db_agent` WHERE `p_id` = 12 AND `grade` = 3  [ RunTime:0.0095s ]
SQL: SELECT `create_time`,`id`,`nickname`,`account`,`token` FROM `db_agent` WHERE `p_id` = 14 AND `grade` = 3  [ RunTime:0.0085s ]
NOTIC: [8] Undefined offset: 8 D:\test\Littlewhale\Application\Api\Controller\NewAgentController.class.php 第 1476 行.
NOTIC: [8] Undefined offset: 9 D:\test\Littlewhale\Application\Api\Controller\NewAgentController.class.php 第 1476 行.

[ 2019-05-24T10:23:15+08:00 ] 127.0.0.1 /api/NewAgent/franchTwo
INFO: [ app_init ] --START--
INFO: Run Behavior\BuildLiteBehavior [ RunTime:0.000147s ]
INFO: [ app_init ] --END-- [ RunTime:0.002711s ]
INFO: [ app_begin ] --START--
INFO: Run Behavior\ReadHtmlCacheBehavior [ RunTime:0.001007s ]
INFO: [ app_begin ] --END-- [ RunTime:0.001066s ]
SQL: SHOW COLUMNS FROM `db_agent` [ RunTime:2.0350s ]
NOTIC: [8] Undefined index: status D:\test\Littlewhale\Application\Common\Model\AgentModel.class.php 第 23 行.
SQL: SELECT `id`,`account`,`token`,`nickname`,`balance`,`salt`,`password`,`grade` FROM `db_agent` WHERE `token` = 'c00c797967b0d8480a1c8f9645bde388' AND `status` <> '9' LIMIT 1   [ RunTime:0.9862s ]
NOTIC: [8] Undefined index: status D:\test\Littlewhale\Application\Api\Controller\BaseController.class.php 第 118 行.
NOTIC: [8] Undefined index: status D:\test\Littlewhale\Application\Api\Controller\BaseController.class.php 第 121 行.
SQL: SHOW COLUMNS FROM `db_agent` [ RunTime:1.0557s ]
SQL: SELECT `id` FROM `db_agent` WHERE `p_id` = 23 AND `grade` = 2  [ RunTime:0.8613s ]
SQL: SELECT `create_time`,`id`,`nickname`,`account`,`token` FROM `db_agent` WHERE `p_id` = 1 AND `grade` = 3  [ RunTime:1.5579s ]
SQL: SHOW COLUMNS FROM `db_income` [ RunTime:1.6744s ]
SQL: SELECT SUM(net_income) as net_income,SUM(detail) as detail,SUM(platform) as platform FROM `db_income` WHERE `agent_id` = 2 LIMIT 1   [ RunTime:1.4225s ]
SQL: SELECT SUM(net_income) as net_income,SUM(detail) as detail,SUM(platform) as platform FROM `db_income` WHERE `agent_id` = 3 LIMIT 1   [ RunTime:0.5602s ]
SQL: SELECT SUM(net_income) as net_income,SUM(detail) as detail,SUM(platform) as platform FROM `db_income` WHERE `agent_id` = 4 LIMIT 1   [ RunTime:0.4059s ]
SQL: SELECT SUM(net_income) as net_income,SUM(detail) as detail,SUM(platform) as platform FROM `db_income` WHERE `agent_id` = 5 LIMIT 1   [ RunTime:0.3011s ]
SQL: SELECT SUM(net_income) as net_income,SUM(detail) as detail,SUM(platform) as platform FROM `db_income` WHERE `agent_id` = 8 LIMIT 1   [ RunTime:0.2434s ]
SQL: SELECT SUM(net_income) as net_income,SUM(detail) as detail,SUM(platform) as platform FROM `db_income` WHERE `agent_id` = 9 LIMIT 1   [ RunTime:0.2470s ]
SQL: SELECT SUM(net_income) as net_income,SUM(detail) as detail,SUM(platform) as platform FROM `db_income` WHERE `agent_id` = 27 LIMIT 1   [ RunTime:1.0202s ]
SQL: SELECT `create_time`,`id`,`nickname`,`account`,`token` FROM `db_agent` WHERE `p_id` = 7 AND `grade` = 3  [ RunTime:1.5084s ]
SQL: SELECT SUM(net_income) as net_income,SUM(detail) as detail,SUM(platform) as platform FROM `db_income` WHERE `agent_id` = 6 LIMIT 1   [ RunTime:1.6246s ]
SQL: SELECT `create_time`,`id`,`nickname`,`account`,`token` FROM `db_agent` WHERE `p_id` = 10 AND `grade` = 3  [ RunTime:1.5190s ]
SQL: SELECT `create_time`,`id`,`nickname`,`account`,`token` FROM `db_agent` WHERE `p_id` = 12 AND `grade` = 3  [ RunTime:1.6438s ]
SQL: SELECT `create_time`,`id`,`nickname`,`account`,`token` FROM `db_agent` WHERE `p_id` = 14 AND `grade` = 3  [ RunTime:1.2528s ]

[ 2019-05-24T10:23:24+08:00 ] 127.0.0.1 /api/NewAgent/franchTwo
INFO: [ app_init ] --START--
INFO: Run Behavior\BuildLiteBehavior [ RunTime:0.000043s ]
INFO: [ app_init ] --END-- [ RunTime:0.000852s ]
INFO: [ app_begin ] --START--
INFO: Run Behavior\ReadHtmlCacheBehavior [ RunTime:0.000684s ]
INFO: [ app_begin ] --END-- [ RunTime:0.000742s ]
SQL: SHOW COLUMNS FROM `db_agent` [ RunTime:0.0234s ]
NOTIC: [8] Undefined index: status D:\test\Littlewhale\Application\Common\Model\AgentModel.class.php 第 23 行.
SQL: SELECT `id`,`account`,`token`,`nickname`,`balance`,`salt`,`password`,`grade` FROM `db_agent` WHERE `token` = 'c00c797967b0d8480a1c8f9645bde388' AND `status` <> '9' LIMIT 1   [ RunTime:0.0343s ]
NOTIC: [8] Undefined index: status D:\test\Littlewhale\Application\Api\Controller\BaseController.class.php 第 118 行.
NOTIC: [8] Undefined index: status D:\test\Littlewhale\Application\Api\Controller\BaseController.class.php 第 121 行.
SQL: SHOW COLUMNS FROM `db_agent` [ RunTime:0.0713s ]
SQL: SELECT `id` FROM `db_agent` WHERE `p_id` = 23 AND `grade` = 2  [ RunTime:0.0499s ]
SQL: SELECT `create_time`,`id`,`nickname`,`account`,`token` FROM `db_agent` WHERE `p_id` = 1 AND `grade` = 3  [ RunTime:0.0178s ]
SQL: SHOW COLUMNS FROM `db_income` [ RunTime:0.0189s ]
SQL: SELECT SUM(net_income) as net_income,SUM(detail) as detail,SUM(platform) as platform FROM `db_income` WHERE `agent_id` = 2 LIMIT 1   [ RunTime:0.0117s ]
SQL: SELECT SUM(net_income) as net_income,SUM(detail) as detail,SUM(platform) as platform FROM `db_income` WHERE `agent_id` = 3 LIMIT 1   [ RunTime:0.0092s ]
SQL: SELECT SUM(net_income) as net_income,SUM(detail) as detail,SUM(platform) as platform FROM `db_income` WHERE `agent_id` = 4 LIMIT 1   [ RunTime:0.0165s ]
SQL: SELECT SUM(net_income) as net_income,SUM(detail) as detail,SUM(platform) as platform FROM `db_income` WHERE `agent_id` = 5 LIMIT 1   [ RunTime:0.0153s ]
SQL: SELECT SUM(net_income) as net_income,SUM(detail) as detail,SUM(platform) as platform FROM `db_income` WHERE `agent_id` = 8 LIMIT 1   [ RunTime:0.0089s ]
SQL: SELECT SUM(net_income) as net_income,SUM(detail) as detail,SUM(platform) as platform FROM `db_income` WHERE `agent_id` = 9 LIMIT 1   [ RunTime:0.0141s ]
SQL: SELECT SUM(net_income) as net_income,SUM(detail) as detail,SUM(platform) as platform FROM `db_income` WHERE `agent_id` = 27 LIMIT 1   [ RunTime:0.0091s ]
SQL: SELECT `create_time`,`id`,`nickname`,`account`,`token` FROM `db_agent` WHERE `p_id` = 7 AND `grade` = 3  [ RunTime:0.0098s ]
SQL: SELECT SUM(net_income) as net_income,SUM(detail) as detail,SUM(platform) as platform FROM `db_income` WHERE `agent_id` = 6 LIMIT 1   [ RunTime:0.0137s ]
SQL: SELECT `create_time`,`id`,`nickname`,`account`,`token` FROM `db_agent` WHERE `p_id` = 10 AND `grade` = 3  [ RunTime:0.0117s ]
SQL: SELECT `create_time`,`id`,`nickname`,`account`,`token` FROM `db_agent` WHERE `p_id` = 12 AND `grade` = 3  [ RunTime:0.0095s ]
SQL: SELECT `create_time`,`id`,`nickname`,`account`,`token` FROM `db_agent` WHERE `p_id` = 14 AND `grade` = 3  [ RunTime:0.0091s ]

[ 2019-05-24T10:24:17+08:00 ] 127.0.0.1 /api/NewAgent/franchTwo
INFO: [ app_init ] --START--
INFO: Run Behavior\BuildLiteBehavior [ RunTime:0.000015s ]
INFO: [ app_init ] --END-- [ RunTime:0.000536s ]
INFO: [ app_begin ] --START--
INFO: Run Behavior\ReadHtmlCacheBehavior [ RunTime:0.001079s ]
INFO: [ app_begin ] --END-- [ RunTime:0.001181s ]
SQL: SHOW COLUMNS FROM `db_agent` [ RunTime:0.0105s ]
NOTIC: [8] Undefined index: status D:\test\Littlewhale\Application\Common\Model\AgentModel.class.php 第 23 行.
SQL: SELECT `id`,`account`,`token`,`nickname`,`balance`,`salt`,`password`,`grade` FROM `db_agent` WHERE `token` = 'c00c797967b0d8480a1c8f9645bde388' AND `status` <> '9' LIMIT 1   [ RunTime:0.0099s ]
NOTIC: [8] Undefined index: status D:\test\Littlewhale\Application\Api\Controller\BaseController.class.php 第 118 行.
NOTIC: [8] Undefined index: status D:\test\Littlewhale\Application\Api\Controller\BaseController.class.php 第 121 行.
SQL: SHOW COLUMNS FROM `db_agent` [ RunTime:0.0097s ]
SQL: SELECT `id` FROM `db_agent` WHERE `p_id` = 23 AND `grade` = 2  [ RunTime:0.0095s ]
SQL: SELECT `create_time`,`id`,`nickname`,`account`,`token` FROM `db_agent` WHERE `p_id` = 1 AND `grade` = 3  [ RunTime:0.0094s ]
SQL: SHOW COLUMNS FROM `db_income` [ RunTime:0.0110s ]
SQL: SELECT SUM(net_income) as net_income,SUM(detail) as detail,SUM(platform) as platform FROM `db_income` WHERE `agent_id` = 2 LIMIT 1   [ RunTime:0.0101s ]
SQL: SELECT SUM(net_income) as net_income,SUM(detail) as detail,SUM(platform) as platform FROM `db_income` WHERE `agent_id` = 3 LIMIT 1   [ RunTime:0.0124s ]
SQL: SELECT SUM(net_income) as net_income,SUM(detail) as detail,SUM(platform) as platform FROM `db_income` WHERE `agent_id` = 4 LIMIT 1   [ RunTime:0.0124s ]
SQL: SELECT SUM(net_income) as net_income,SUM(detail) as detail,SUM(platform) as platform FROM `db_income` WHERE `agent_id` = 5 LIMIT 1   [ RunTime:0.0106s ]
SQL: SELECT SUM(net_income) as net_income,SUM(detail) as detail,SUM(platform) as platform FROM `db_income` WHERE `agent_id` = 8 LIMIT 1   [ RunTime:0.0127s ]
SQL: SELECT SUM(net_income) as net_income,SUM(detail) as detail,SUM(platform) as platform FROM `db_income` WHERE `agent_id` = 9 LIMIT 1   [ RunTime:0.0105s ]
SQL: SELECT SUM(net_income) as net_income,SUM(detail) as detail,SUM(platform) as platform FROM `db_income` WHERE `agent_id` = 27 LIMIT 1   [ RunTime:0.0109s ]
SQL: SELECT `create_time`,`id`,`nickname`,`account`,`token` FROM `db_agent` WHERE `p_id` = 7 AND `grade` = 3  [ RunTime:0.0129s ]
SQL: SELECT SUM(net_income) as net_income,SUM(detail) as detail,SUM(platform) as platform FROM `db_income` WHERE `agent_id` = 6 LIMIT 1   [ RunTime:0.0118s ]
SQL: SELECT `create_time`,`id`,`nickname`,`account`,`token` FROM `db_agent` WHERE `p_id` = 10 AND `grade` = 3  [ RunTime:0.0107s ]
SQL: SELECT `create_time`,`id`,`nickname`,`account`,`token` FROM `db_agent` WHERE `p_id` = 12 AND `grade` = 3  [ RunTime:0.0135s ]
SQL: SELECT `create_time`,`id`,`nickname`,`account`,`token` FROM `db_agent` WHERE `p_id` = 14 AND `grade` = 3  [ RunTime:0.0106s ]

