[ 2019-01-05T11:58:00+08:00 ] 101.201.252.128 /index.php/Api/Feedback/aboutUs
INFO: [ app_init ] --START--
INFO: Run Behavior\BuildLiteBehavior [ RunTime:0.000014s ]
INFO: [ app_init ] --END-- [ RunTime:0.000085s ]
INFO: [ app_begin ] --START--
INFO: Run Behavior\ReadHtmlCacheBehavior [ RunTime:0.000065s ]
INFO: [ app_begin ] --END-- [ RunTime:0.000116s ]
SQL: SHOW COLUMNS FROM `db_file` [ RunTime:0.0008s ]
SQL: SELECT `path` FROM `db_file` WHERE `id` = 229 LIMIT 1   [ RunTime:0.0002s ]

[ 2019-01-05T12:00:06+08:00 ] 101.201.252.128 /index.php/Api/Invoice/invoiceRlue
INFO: [ app_init ] --START--
INFO: Run Behavior\BuildLiteBehavior [ RunTime:0.000012s ]
INFO: [ app_init ] --END-- [ RunTime:0.000082s ]
INFO: [ app_begin ] --START--
INFO: Run Behavior\ReadHtmlCacheBehavior [ RunTime:0.000041s ]
INFO: [ app_begin ] --END-- [ RunTime:0.000077s ]
SQL: SHOW COLUMNS FROM `db_article` [ RunTime:0.0007s ]
SQL: SELECT `title`,`content` FROM `db_article` WHERE `id` = 1 AND `status` = 1 AND `sort` = 1 LIMIT 1   [ RunTime:0.0002s ]

[ 2019-01-05T13:05:49+08:00 ] 101.201.252.128 /index.php/Api/Feedback/problem
INFO: [ app_init ] --START--
INFO: Run Behavior\BuildLiteBehavior [ RunTime:0.000014s ]
INFO: [ app_init ] --END-- [ RunTime:0.000091s ]
INFO: [ app_begin ] --START--
INFO: Run Behavior\ReadHtmlCacheBehavior [ RunTime:0.000050s ]
INFO: [ app_begin ] --END-- [ RunTime:0.000104s ]
SQL: SHOW COLUMNS FROM `db_problem` [ RunTime:0.0005s ]
SQL: SELECT `id`,`content` FROM `db_problem` WHERE `status` = 1  [ RunTime:0.0003s ]

[ 2019-01-05T13:08:16+08:00 ] 101.201.252.128 /index.php/Api/Feedback/feedback
INFO: [ app_init ] --START--
INFO: Run Behavior\BuildLiteBehavior [ RunTime:0.000012s ]
INFO: [ app_init ] --END-- [ RunTime:0.000082s ]
INFO: [ app_begin ] --START--
INFO: Run Behavior\ReadHtmlCacheBehavior [ RunTime:0.000081s ]
INFO: [ app_begin ] --END-- [ RunTime:0.000131s ]
NOTIC: [8] Undefined index: token /home/wwwroot/Littlewhale.txunda.com/Application/Api/Controller/BaseController.class.php 第 26 行.

[ 2019-01-05T13:08:29+08:00 ] 101.201.252.128 /index.php/Api/Feedback/feedback
INFO: [ app_init ] --START--
INFO: Run Behavior\BuildLiteBehavior [ RunTime:0.000011s ]
INFO: [ app_init ] --END-- [ RunTime:0.000083s ]
INFO: [ app_begin ] --START--
INFO: Run Behavior\ReadHtmlCacheBehavior [ RunTime:0.000033s ]
INFO: [ app_begin ] --END-- [ RunTime:0.000069s ]
SQL: SHOW COLUMNS FROM `db_member` [ RunTime:0.0008s ]
NOTIC: [8] Undefined index: fetchSql /home/wwwroot/Littlewhale.txunda.com/Application/Common/Service/ModelService.class.php 第 245 行.
SQL: SELECT `id` FROM `db_member` WHERE `token` = '3b85d91fe23951cba0c26be393a81241' AND `expired_time` >= 1546664909 AND `status` <> 0 LIMIT 1   [ RunTime:0.0003s ]
NOTIC: [2] strpos() expects parameter 1 to be string, array given /home/wwwroot/Littlewhale.txunda.com/Vendor/Txunda/Txunda.Param.php 第 97 行.
NOTIC: [8] Undefined index: mc_id /home/wwwroot/Littlewhale.txunda.com/Application/Api/Controller/FeedbackController.class.php 第 38 行.
SQL: SHOW COLUMNS FROM `db_member` [ RunTime:0.0007s ]
SQL: SELECT * FROM `db_member` WHERE `id` = 91 LIMIT 1   [ RunTime:0.0003s ]
SQL: SHOW COLUMNS FROM `db_feedback` [ RunTime:0.0005s ]
SQL: INSERT INTO `db_feedback` (`pro_id`,`content`,`contact`,`m_id`,`create_time`) VALUES ('1','一般','18538707602','91','1546664909') [ RunTime:0.0070s ]

[ 2019-01-05T13:40:46+08:00 ] 101.201.252.128 /index.php/Api/Feedback/feedback
INFO: [ app_init ] --START--
INFO: Run Behavior\BuildLiteBehavior [ RunTime:0.000012s ]
INFO: [ app_init ] --END-- [ RunTime:0.000085s ]
INFO: [ app_begin ] --START--
INFO: Run Behavior\ReadHtmlCacheBehavior [ RunTime:0.000049s ]
INFO: [ app_begin ] --END-- [ RunTime:0.000098s ]
SQL: SHOW COLUMNS FROM `db_member` [ RunTime:0.0007s ]
NOTIC: [8] Undefined index: fetchSql /home/wwwroot/Littlewhale.txunda.com/Application/Common/Service/ModelService.class.php 第 245 行.
SQL: SELECT `id` FROM `db_member` WHERE `token` = '3b85d91fe23951cba0c26be393a81241' AND `expired_time` >= 1546666846 AND `status` <> 0 LIMIT 1   [ RunTime:0.0003s ]
NOTIC: [2] strpos() expects parameter 1 to be string, array given /home/wwwroot/Littlewhale.txunda.com/Vendor/Txunda/Txunda.Param.php 第 97 行.
NOTIC: [8] Undefined index: mc_id /home/wwwroot/Littlewhale.txunda.com/Application/Api/Controller/FeedbackController.class.php 第 38 行.
SQL: SHOW COLUMNS FROM `db_member` [ RunTime:0.0007s ]
SQL: SELECT * FROM `db_member` WHERE `id` = 91 LIMIT 1   [ RunTime:0.0001s ]
SQL: SHOW COLUMNS FROM `db_feedback` [ RunTime:0.0004s ]
SQL: INSERT INTO `db_feedback` (`pro_id`,`content`,`contact`,`m_id`,`create_time`) VALUES ('4','软件闪退','18538707602','91','1546666846') [ RunTime:0.0066s ]

[ 2019-01-05T13:43:34+08:00 ] 101.201.252.128 /index.php/Api/Fault/issue?=
INFO: [ app_init ] --START--
INFO: Run Behavior\BuildLiteBehavior [ RunTime:0.000018s ]
INFO: [ app_init ] --END-- [ RunTime:0.000118s ]
INFO: [ app_begin ] --START--
INFO: Run Behavior\ReadHtmlCacheBehavior [ RunTime:0.000067s ]
INFO: [ app_begin ] --END-- [ RunTime:0.000105s ]
ERR: 无法加载控制器:Fault

[ 2019-01-05T13:45:16+08:00 ] 101.201.252.128 /index.php/Api/Fault/issue?=
INFO: [ app_init ] --START--
INFO: Run Behavior\BuildLiteBehavior [ RunTime:0.000017s ]
INFO: [ app_init ] --END-- [ RunTime:0.000097s ]
INFO: [ app_begin ] --START--
INFO: Run Behavior\ReadHtmlCacheBehavior [ RunTime:0.000057s ]
INFO: [ app_begin ] --END-- [ RunTime:0.000132s ]
SQL: SHOW COLUMNS FROM `db_problem` [ RunTime:0.0007s ]
SQL: SELECT `id`,`content` FROM `db_problem` WHERE `status` = 1 AND `type` = 2 ORDER BY sort asc  [ RunTime:0.0004s ]

[ 2019-01-05T13:45:55+08:00 ] 101.201.252.128 /index.php/Api/Feedback/problem
INFO: [ app_init ] --START--
INFO: Run Behavior\BuildLiteBehavior [ RunTime:0.000011s ]
INFO: [ app_init ] --END-- [ RunTime:0.000070s ]
INFO: [ app_begin ] --START--
INFO: Run Behavior\ReadHtmlCacheBehavior [ RunTime:0.000032s ]
INFO: [ app_begin ] --END-- [ RunTime:0.000068s ]
SQL: SHOW COLUMNS FROM `db_problem` [ RunTime:0.0005s ]
SQL: SELECT `id`,`content` FROM `db_problem` WHERE `status` = 1 AND `type` = 1 ORDER BY sort asc  [ RunTime:0.0003s ]

[ 2019-01-05T13:51:40+08:00 ] 101.201.252.128 /index.php/Api/Fault/fault
INFO: [ app_init ] --START--
INFO: Run Behavior\BuildLiteBehavior [ RunTime:0.000011s ]
INFO: [ app_init ] --END-- [ RunTime:0.000080s ]
INFO: [ app_begin ] --START--
INFO: Run Behavior\ReadHtmlCacheBehavior [ RunTime:0.000038s ]
INFO: [ app_begin ] --END-- [ RunTime:0.000086s ]
SQL: SHOW COLUMNS FROM `db_member` [ RunTime:0.0008s ]
NOTIC: [8] Undefined index: fetchSql /home/wwwroot/Littlewhale.txunda.com/Application/Common/Service/ModelService.class.php 第 245 行.
SQL: SELECT `id` FROM `db_member` WHERE `token` = '3b85d91fe23951cba0c26be393a81241' AND `expired_time` >= 1546667500 AND `status` <> 0 LIMIT 1   [ RunTime:0.0003s ]
NOTIC: [2] strpos() expects parameter 1 to be string, array given /home/wwwroot/Littlewhale.txunda.com/Vendor/Txunda/Txunda.Param.php 第 97 行.
SQL: SHOW COLUMNS FROM `db_car_washer` [ RunTime:0.0005s ]
SQL: SELECT * FROM `db_car_washer` WHERE `mc_id` = 'A00001' LIMIT 1   [ RunTime:0.0003s ]
SQL: SHOW COLUMNS FROM `db_member` [ RunTime:0.0006s ]
SQL: SELECT * FROM `db_member` WHERE `id` = 91 LIMIT 1   [ RunTime:0.0002s ]
SQL: SHOW COLUMNS FROM `db_fault` [ RunTime:0.0004s ]
SQL: INSERT INTO `db_fault` (`mc_id`,`pro_id`,`pic_id`,`content`,`contact`,`m_id`,`create_time`) VALUES ('A00001','1','','洗车枪损坏','18538707602','91','1546667500') [ RunTime:0.0065s ]

[ 2019-01-05T13:52:16+08:00 ] 101.201.252.128 /index.php/Api/Fault/issue?该接口无需传参
INFO: [ app_init ] --START--
INFO: Run Behavior\BuildLiteBehavior [ RunTime:0.000016s ]
INFO: [ app_init ] --END-- [ RunTime:0.000098s ]
INFO: [ app_begin ] --START--
INFO: Run Behavior\ReadHtmlCacheBehavior [ RunTime:0.000035s ]
INFO: [ app_begin ] --END-- [ RunTime:0.000069s ]
SQL: SHOW COLUMNS FROM `db_problem` [ RunTime:0.0004s ]
SQL: SELECT `id`,`content` FROM `db_problem` WHERE `status` = 1 AND `type` = 2 ORDER BY sort asc  [ RunTime:0.0001s ]

[ 2019-01-05T13:53:22+08:00 ] 101.201.252.128 /index.php/Api/Fault/fault
INFO: [ app_init ] --START--
INFO: Run Behavior\BuildLiteBehavior [ RunTime:0.000013s ]
INFO: [ app_init ] --END-- [ RunTime:0.000085s ]
INFO: [ app_begin ] --START--
INFO: Run Behavior\ReadHtmlCacheBehavior [ RunTime:0.000057s ]
INFO: [ app_begin ] --END-- [ RunTime:0.000107s ]
SQL: SHOW COLUMNS FROM `db_member` [ RunTime:0.0008s ]
NOTIC: [8] Undefined index: fetchSql /home/wwwroot/Littlewhale.txunda.com/Application/Common/Service/ModelService.class.php 第 245 行.
SQL: SELECT `id` FROM `db_member` WHERE `token` = '3b85d91fe23951cba0c26be393a81241' AND `expired_time` >= 1546667602 AND `status` <> 0 LIMIT 1   [ RunTime:0.0002s ]
NOTIC: [2] strpos() expects parameter 1 to be string, array given /home/wwwroot/Littlewhale.txunda.com/Vendor/Txunda/Txunda.Param.php 第 97 行.
SQL: SHOW COLUMNS FROM `db_car_washer` [ RunTime:0.0005s ]
SQL: SELECT * FROM `db_car_washer` WHERE `mc_id` = 'A00001' LIMIT 1   [ RunTime:0.0002s ]
SQL: SHOW COLUMNS FROM `db_member` [ RunTime:0.0008s ]
SQL: SELECT * FROM `db_member` WHERE `id` = 91 LIMIT 1   [ RunTime:0.0002s ]
SQL: SHOW COLUMNS FROM `db_fault` [ RunTime:0.0005s ]
SQL: INSERT INTO `db_fault` (`mc_id`,`pro_id`,`content`,`contact`,`m_id`,`create_time`) VALUES ('A00001','1','洗车机损坏','18538707602','91','1546667602') [ RunTime:0.0065s ]

[ 2019-01-05T13:56:02+08:00 ] 101.201.252.128 /index.php/Api/Fault/fault
INFO: [ app_init ] --START--
INFO: Run Behavior\BuildLiteBehavior [ RunTime:0.000014s ]
INFO: [ app_init ] --END-- [ RunTime:0.000110s ]
INFO: [ app_begin ] --START--
INFO: Run Behavior\ReadHtmlCacheBehavior [ RunTime:0.000042s ]
INFO: [ app_begin ] --END-- [ RunTime:0.000078s ]
SQL: SHOW COLUMNS FROM `db_member` [ RunTime:0.0007s ]
NOTIC: [8] Undefined index: fetchSql /home/wwwroot/Littlewhale.txunda.com/Application/Common/Service/ModelService.class.php 第 245 行.
SQL: SELECT `id` FROM `db_member` WHERE `token` = '3b85d91fe23951cba0c26be393a81241' AND `expired_time` >= 1546667762 AND `status` <> 0 LIMIT 1   [ RunTime:0.0003s ]
NOTIC: [2] strpos() expects parameter 1 to be string, array given /home/wwwroot/Littlewhale.txunda.com/Vendor/Txunda/Txunda.Param.php 第 97 行.
SQL: SHOW COLUMNS FROM `db_car_washer` [ RunTime:0.0005s ]
SQL: SELECT * FROM `db_car_washer` WHERE `mc_id` = 'A00001' LIMIT 1   [ RunTime:0.0002s ]
SQL: SHOW COLUMNS FROM `db_member` [ RunTime:0.0006s ]
SQL: SELECT * FROM `db_member` WHERE `id` = 91 LIMIT 1   [ RunTime:0.0002s ]
SQL: SHOW COLUMNS FROM `db_fault` [ RunTime:0.0005s ]
SQL: INSERT INTO `db_fault` (`mc_id`,`pro_id`,`content`,`contact`,`m_id`,`create_time`) VALUES ('A00001','1','洗车枪损坏111','18538707602','91','1546667762') [ RunTime:0.0092s ]

[ 2019-01-05T13:59:26+08:00 ] 101.201.252.128 /index.php/Api/Fault/fault
INFO: [ app_init ] --START--
INFO: Run Behavior\BuildLiteBehavior [ RunTime:0.000012s ]
INFO: [ app_init ] --END-- [ RunTime:0.000084s ]
INFO: [ app_begin ] --START--
INFO: Run Behavior\ReadHtmlCacheBehavior [ RunTime:0.000052s ]
INFO: [ app_begin ] --END-- [ RunTime:0.000104s ]
SQL: SHOW COLUMNS FROM `db_member` [ RunTime:0.0007s ]
NOTIC: [8] Undefined index: fetchSql /home/wwwroot/Littlewhale.txunda.com/Application/Common/Service/ModelService.class.php 第 245 行.
SQL: SELECT `id` FROM `db_member` WHERE `token` = '3b85d91fe23951cba0c26be393a81241' AND `expired_time` >= 1546667966 AND `status` <> 0 LIMIT 1   [ RunTime:0.0003s ]
NOTIC: [2] strpos() expects parameter 1 to be string, array given /home/wwwroot/Littlewhale.txunda.com/Vendor/Txunda/Txunda.Param.php 第 97 行.
SQL: SHOW COLUMNS FROM `db_car_washer` [ RunTime:0.0005s ]
SQL: SELECT * FROM `db_car_washer` WHERE `mc_id` = 'A00001' LIMIT 1   [ RunTime:0.0001s ]
SQL: SHOW COLUMNS FROM `db_member` [ RunTime:0.0007s ]
SQL: SELECT * FROM `db_member` WHERE `id` = 91 LIMIT 1   [ RunTime:0.0002s ]
SQL: SHOW COLUMNS FROM `db_fault` [ RunTime:0.0004s ]
SQL: INSERT INTO `db_fault` (`mc_id`,`pro_id`,`content`,`contact`,`m_id`,`create_time`) VALUES ('A00001','1','洗车枪损坏111','18538707602','91','1546667966') [ RunTime:0.0071s ]

[ 2019-01-05T13:59:27+08:00 ] 101.201.252.128 /index.php/Api/Fault/fault
INFO: [ app_init ] --START--
INFO: Run Behavior\BuildLiteBehavior [ RunTime:0.000012s ]
INFO: [ app_init ] --END-- [ RunTime:0.000080s ]
INFO: [ app_begin ] --START--
INFO: Run Behavior\ReadHtmlCacheBehavior [ RunTime:0.000035s ]
INFO: [ app_begin ] --END-- [ RunTime:0.000078s ]
SQL: SHOW COLUMNS FROM `db_member` [ RunTime:0.0008s ]
NOTIC: [8] Undefined index: fetchSql /home/wwwroot/Littlewhale.txunda.com/Application/Common/Service/ModelService.class.php 第 245 行.
SQL: SELECT `id` FROM `db_member` WHERE `token` = '3b85d91fe23951cba0c26be393a81241' AND `expired_time` >= 1546667967 AND `status` <> 0 LIMIT 1   [ RunTime:0.0003s ]
NOTIC: [2] strpos() expects parameter 1 to be string, array given /home/wwwroot/Littlewhale.txunda.com/Vendor/Txunda/Txunda.Param.php 第 97 行.
SQL: SHOW COLUMNS FROM `db_car_washer` [ RunTime:0.0005s ]
SQL: SELECT * FROM `db_car_washer` WHERE `mc_id` = 'A00001' LIMIT 1   [ RunTime:0.0001s ]
SQL: SHOW COLUMNS FROM `db_member` [ RunTime:0.0007s ]
SQL: SELECT * FROM `db_member` WHERE `id` = 91 LIMIT 1   [ RunTime:0.0002s ]
SQL: SHOW COLUMNS FROM `db_fault` [ RunTime:0.0005s ]
SQL: INSERT INTO `db_fault` (`mc_id`,`pro_id`,`content`,`contact`,`m_id`,`create_time`) VALUES ('A00001','1','洗车枪损坏111','18538707602','91','1546667967') [ RunTime:0.0148s ]

[ 2019-01-05T13:59:28+08:00 ] 101.201.252.128 /index.php/Api/Fault/fault
INFO: [ app_init ] --START--
INFO: Run Behavior\BuildLiteBehavior [ RunTime:0.000020s ]
INFO: [ app_init ] --END-- [ RunTime:0.000138s ]
INFO: [ app_begin ] --START--
INFO: Run Behavior\ReadHtmlCacheBehavior [ RunTime:0.000059s ]
INFO: [ app_begin ] --END-- [ RunTime:0.000118s ]
SQL: SHOW COLUMNS FROM `db_member` [ RunTime:0.0010s ]
NOTIC: [8] Undefined index: fetchSql /home/wwwroot/Littlewhale.txunda.com/Application/Common/Service/ModelService.class.php 第 245 行.
SQL: SELECT `id` FROM `db_member` WHERE `token` = '3b85d91fe23951cba0c26be393a81241' AND `expired_time` >= 1546667968 AND `status` <> 0 LIMIT 1   [ RunTime:0.0003s ]
NOTIC: [2] strpos() expects parameter 1 to be string, array given /home/wwwroot/Littlewhale.txunda.com/Vendor/Txunda/Txunda.Param.php 第 97 行.
SQL: SHOW COLUMNS FROM `db_car_washer` [ RunTime:0.0007s ]
SQL: SELECT * FROM `db_car_washer` WHERE `mc_id` = 'A00001' LIMIT 1   [ RunTime:0.0002s ]
SQL: SHOW COLUMNS FROM `db_member` [ RunTime:0.0009s ]
SQL: SELECT * FROM `db_member` WHERE `id` = 91 LIMIT 1   [ RunTime:0.0002s ]
SQL: SHOW COLUMNS FROM `db_fault` [ RunTime:0.0005s ]
SQL: INSERT INTO `db_fault` (`mc_id`,`pro_id`,`content`,`contact`,`m_id`,`create_time`) VALUES ('A00001','1','洗车枪损坏111','18538707602','91','1546667968') [ RunTime:0.0087s ]

[ 2019-01-05T13:59:51+08:00 ] 101.201.252.128 /index.php/Api/Fault/fault
INFO: [ app_init ] --START--
INFO: Run Behavior\BuildLiteBehavior [ RunTime:0.000012s ]
INFO: [ app_init ] --END-- [ RunTime:0.000071s ]
INFO: [ app_begin ] --START--
INFO: Run Behavior\ReadHtmlCacheBehavior [ RunTime:0.000033s ]
INFO: [ app_begin ] --END-- [ RunTime:0.000068s ]
SQL: SHOW COLUMNS FROM `db_member` [ RunTime:0.0007s ]
NOTIC: [8] Undefined index: fetchSql /home/wwwroot/Littlewhale.txunda.com/Application/Common/Service/ModelService.class.php 第 245 行.
SQL: SELECT `id` FROM `db_member` WHERE `token` = '3b85d91fe23951cba0c26be393a81241' AND `expired_time` >= 1546667991 AND `status` <> 0 LIMIT 1   [ RunTime:0.0003s ]
NOTIC: [2] strpos() expects parameter 1 to be string, array given /home/wwwroot/Littlewhale.txunda.com/Vendor/Txunda/Txunda.Param.php 第 97 行.
SQL: SHOW COLUMNS FROM `db_car_washer` [ RunTime:0.0005s ]
SQL: SELECT * FROM `db_car_washer` WHERE `mc_id` = 'A00001' LIMIT 1   [ RunTime:0.0001s ]
SQL: SHOW COLUMNS FROM `db_member` [ RunTime:0.0007s ]
SQL: SELECT * FROM `db_member` WHERE `id` = 91 LIMIT 1   [ RunTime:0.0003s ]
SQL: SHOW COLUMNS FROM `db_fault` [ RunTime:0.0004s ]
SQL: INSERT INTO `db_fault` (`mc_id`,`pro_id`,`content`,`contact`,`m_id`,`create_time`) VALUES ('A00001','1','洗车枪损坏111','18538707602','91','1546667991') [ RunTime:0.0077s ]

[ 2019-01-05T13:59:57+08:00 ] 101.201.252.128 /index.php/Api/Fault/fault
INFO: [ app_init ] --START--
INFO: Run Behavior\BuildLiteBehavior [ RunTime:0.000012s ]
INFO: [ app_init ] --END-- [ RunTime:0.000074s ]
INFO: [ app_begin ] --START--
INFO: Run Behavior\ReadHtmlCacheBehavior [ RunTime:0.000033s ]
INFO: [ app_begin ] --END-- [ RunTime:0.000078s ]
SQL: SHOW COLUMNS FROM `db_member` [ RunTime:0.0007s ]
NOTIC: [8] Undefined index: fetchSql /home/wwwroot/Littlewhale.txunda.com/Application/Common/Service/ModelService.class.php 第 245 行.
SQL: SELECT `id` FROM `db_member` WHERE `token` = '3b85d91fe23951cba0c26be393a81241' AND `expired_time` >= 1546667997 AND `status` <> 0 LIMIT 1   [ RunTime:0.0003s ]
NOTIC: [2] strpos() expects parameter 1 to be string, array given /home/wwwroot/Littlewhale.txunda.com/Vendor/Txunda/Txunda.Param.php 第 97 行.
SQL: SHOW COLUMNS FROM `db_car_washer` [ RunTime:0.0005s ]
SQL: SELECT * FROM `db_car_washer` WHERE `mc_id` = 'A00001' LIMIT 1   [ RunTime:0.0001s ]
SQL: SHOW COLUMNS FROM `db_member` [ RunTime:0.0006s ]
SQL: SELECT * FROM `db_member` WHERE `id` = 91 LIMIT 1   [ RunTime:0.0002s ]
SQL: SHOW COLUMNS FROM `db_fault` [ RunTime:0.0004s ]
SQL: INSERT INTO `db_fault` (`mc_id`,`pro_id`,`content`,`contact`,`m_id`,`create_time`) VALUES ('A00001','1','22222','18538707602','91','1546667997') [ RunTime:0.0066s ]

[ 2019-01-05T13:59:58+08:00 ] 101.201.252.128 /index.php/Api/Fault/fault
INFO: [ app_init ] --START--
INFO: Run Behavior\BuildLiteBehavior [ RunTime:0.000012s ]
INFO: [ app_init ] --END-- [ RunTime:0.000070s ]
INFO: [ app_begin ] --START--
INFO: Run Behavior\ReadHtmlCacheBehavior [ RunTime:0.000038s ]
INFO: [ app_begin ] --END-- [ RunTime:0.000087s ]
SQL: SHOW COLUMNS FROM `db_member` [ RunTime:0.0008s ]
NOTIC: [8] Undefined index: fetchSql /home/wwwroot/Littlewhale.txunda.com/Application/Common/Service/ModelService.class.php 第 245 行.
SQL: SELECT `id` FROM `db_member` WHERE `token` = '3b85d91fe23951cba0c26be393a81241' AND `expired_time` >= 1546667998 AND `status` <> 0 LIMIT 1   [ RunTime:0.0003s ]
NOTIC: [2] strpos() expects parameter 1 to be string, array given /home/wwwroot/Littlewhale.txunda.com/Vendor/Txunda/Txunda.Param.php 第 97 行.
SQL: SHOW COLUMNS FROM `db_car_washer` [ RunTime:0.0005s ]
SQL: SELECT * FROM `db_car_washer` WHERE `mc_id` = 'A00001' LIMIT 1   [ RunTime:0.0002s ]
SQL: SHOW COLUMNS FROM `db_member` [ RunTime:0.0007s ]
SQL: SELECT * FROM `db_member` WHERE `id` = 91 LIMIT 1   [ RunTime:0.0002s ]
SQL: SHOW COLUMNS FROM `db_fault` [ RunTime:0.0005s ]
SQL: INSERT INTO `db_fault` (`mc_id`,`pro_id`,`content`,`contact`,`m_id`,`create_time`) VALUES ('A00001','1','22222','18538707602','91','1546667998') [ RunTime:0.0112s ]

<<<<<<< Updated upstream
[ 2019-01-05T16:23:04+08:00 ] 127.0.0.1 /index.php/Api/Agent/detail
INFO: [ app_init ] --START--
INFO: Run Behavior\BuildLiteBehavior [ RunTime:0.000021s ]
INFO: [ app_init ] --END-- [ RunTime:0.001574s ]
INFO: [ app_begin ] --START--
INFO: Run Behavior\ReadHtmlCacheBehavior [ RunTime:0.001636s ]
INFO: [ app_begin ] --END-- [ RunTime:0.001731s ]
SQL: SHOW COLUMNS FROM `db_agent` [ RunTime:0.0080s ]
NOTIC: [8] Undefined index: status D:\test\Littlewhale\Application\Common\Model\AgentModel.class.php 第 23 行.
SQL: SELECT `id`,`account`,`token`,`nickname`,`address`,`grade`,`balance` FROM `db_agent` WHERE `token` = 'b7c6f0307448306e8c840ec6fc322cb4' AND `status` <> '9' LIMIT 1   [ RunTime:0.0139s ]
NOTIC: [8] Undefined index: status D:\test\Littlewhale\Application\Api\Controller\BaseController.class.php 第 117 行.
NOTIC: [8] Undefined index: status D:\test\Littlewhale\Application\Api\Controller\BaseController.class.php 第 120 行.

[ 2019-01-05T16:43:06+08:00 ] 127.0.0.1 /index.php/Api/Agent/detail
INFO: [ app_init ] --START--
INFO: Run Behavior\BuildLiteBehavior [ RunTime:0.000036s ]
INFO: [ app_init ] --END-- [ RunTime:0.000396s ]
INFO: [ app_begin ] --START--
INFO: Run Behavior\ReadHtmlCacheBehavior [ RunTime:0.001057s ]
INFO: [ app_begin ] --END-- [ RunTime:0.001330s ]
SQL: SHOW COLUMNS FROM `db_agent` [ RunTime:0.0096s ]
NOTIC: [8] Undefined index: status D:\test\Littlewhale\Application\Common\Model\AgentModel.class.php 第 23 行.
SQL: SELECT `id`,`account`,`token`,`nickname`,`address`,`grade`,`balance` FROM `db_agent` WHERE `token` = 'b7c6f0307448306e8c840ec6fc322cb4' AND `status` <> '9' LIMIT 1   [ RunTime:0.0081s ]
NOTIC: [8] Undefined index: status D:\test\Littlewhale\Application\Api\Controller\BaseController.class.php 第 117 行.
NOTIC: [8] Undefined index: status D:\test\Littlewhale\Application\Api\Controller\BaseController.class.php 第 120 行.

[ 2019-01-05T16:43:08+08:00 ] 127.0.0.1 /index.php/Api/Agent/detail
INFO: [ app_init ] --START--
INFO: Run Behavior\BuildLiteBehavior [ RunTime:0.000027s ]
INFO: [ app_init ] --END-- [ RunTime:0.000162s ]
INFO: [ app_begin ] --START--
INFO: Run Behavior\ReadHtmlCacheBehavior [ RunTime:0.000092s ]
INFO: [ app_begin ] --END-- [ RunTime:0.000171s ]
SQL: SHOW COLUMNS FROM `db_agent` [ RunTime:0.0085s ]
NOTIC: [8] Undefined index: status D:\test\Littlewhale\Application\Common\Model\AgentModel.class.php 第 23 行.
SQL: SELECT `id`,`account`,`token`,`nickname`,`address`,`grade`,`balance` FROM `db_agent` WHERE `token` = 'b7c6f0307448306e8c840ec6fc322cb4' AND `status` <> '9' LIMIT 1   [ RunTime:0.0086s ]
NOTIC: [8] Undefined index: status D:\test\Littlewhale\Application\Api\Controller\BaseController.class.php 第 117 行.
NOTIC: [8] Undefined index: status D:\test\Littlewhale\Application\Api\Controller\BaseController.class.php 第 120 行.

[ 2019-01-05T16:43:08+08:00 ] 127.0.0.1 /index.php/Api/Agent/detail
INFO: [ app_init ] --START--
INFO: Run Behavior\BuildLiteBehavior [ RunTime:0.000035s ]
INFO: [ app_init ] --END-- [ RunTime:0.000206s ]
INFO: [ app_begin ] --START--
INFO: Run Behavior\ReadHtmlCacheBehavior [ RunTime:0.000127s ]
INFO: [ app_begin ] --END-- [ RunTime:0.000244s ]
SQL: SHOW COLUMNS FROM `db_agent` [ RunTime:0.0087s ]
NOTIC: [8] Undefined index: status D:\test\Littlewhale\Application\Common\Model\AgentModel.class.php 第 23 行.
SQL: SELECT `id`,`account`,`token`,`nickname`,`address`,`grade`,`balance` FROM `db_agent` WHERE `token` = 'b7c6f0307448306e8c840ec6fc322cb4' AND `status` <> '9' LIMIT 1   [ RunTime:0.0085s ]
NOTIC: [8] Undefined index: status D:\test\Littlewhale\Application\Api\Controller\BaseController.class.php 第 117 行.
NOTIC: [8] Undefined index: status D:\test\Littlewhale\Application\Api\Controller\BaseController.class.php 第 120 行.

[ 2019-01-05T16:43:08+08:00 ] 127.0.0.1 /index.php/Api/Agent/detail
INFO: [ app_init ] --START--
INFO: Run Behavior\BuildLiteBehavior [ RunTime:0.000028s ]
INFO: [ app_init ] --END-- [ RunTime:0.000167s ]
INFO: [ app_begin ] --START--
INFO: Run Behavior\ReadHtmlCacheBehavior [ RunTime:0.000077s ]
INFO: [ app_begin ] --END-- [ RunTime:0.000138s ]
SQL: SHOW COLUMNS FROM `db_agent` [ RunTime:0.0075s ]
NOTIC: [8] Undefined index: status D:\test\Littlewhale\Application\Common\Model\AgentModel.class.php 第 23 行.
SQL: SELECT `id`,`account`,`token`,`nickname`,`address`,`grade`,`balance` FROM `db_agent` WHERE `token` = 'b7c6f0307448306e8c840ec6fc322cb4' AND `status` <> '9' LIMIT 1   [ RunTime:0.0069s ]
NOTIC: [8] Undefined index: status D:\test\Littlewhale\Application\Api\Controller\BaseController.class.php 第 117 行.
NOTIC: [8] Undefined index: status D:\test\Littlewhale\Application\Api\Controller\BaseController.class.php 第 120 行.
=======
[ 2019-01-05T14:14:38+08:00 ] 101.201.252.128 /index.php/Api/Fault/fault
INFO: [ app_init ] --START--
INFO: Run Behavior\BuildLiteBehavior [ RunTime:0.000013s ]
INFO: [ app_init ] --END-- [ RunTime:0.000528s ]
INFO: [ app_begin ] --START--
INFO: Run Behavior\ReadHtmlCacheBehavior [ RunTime:0.000739s ]
INFO: [ app_begin ] --END-- [ RunTime:0.000795s ]

[ 2019-01-05T14:14:42+08:00 ] 101.201.252.128 /index.php/Api/Fault/fault
INFO: [ app_init ] --START--
INFO: Run Behavior\BuildLiteBehavior [ RunTime:0.000014s ]
INFO: [ app_init ] --END-- [ RunTime:0.000079s ]
INFO: [ app_begin ] --START--
INFO: Run Behavior\ReadHtmlCacheBehavior [ RunTime:0.000039s ]
INFO: [ app_begin ] --END-- [ RunTime:0.000077s ]

[ 2019-01-05T14:14:45+08:00 ] 101.201.252.128 /index.php/Api/Fault/fault
INFO: [ app_init ] --START--
INFO: Run Behavior\BuildLiteBehavior [ RunTime:0.000020s ]
INFO: [ app_init ] --END-- [ RunTime:0.000126s ]
INFO: [ app_begin ] --START--
INFO: Run Behavior\ReadHtmlCacheBehavior [ RunTime:0.000062s ]
INFO: [ app_begin ] --END-- [ RunTime:0.000127s ]

[ 2019-01-05T14:14:50+08:00 ] 101.201.252.128 /index.php/Api/Fault/fault
INFO: [ app_init ] --START--
INFO: Run Behavior\BuildLiteBehavior [ RunTime:0.000013s ]
INFO: [ app_init ] --END-- [ RunTime:0.000079s ]
INFO: [ app_begin ] --START--
INFO: Run Behavior\ReadHtmlCacheBehavior [ RunTime:0.000057s ]
INFO: [ app_begin ] --END-- [ RunTime:0.000094s ]

[ 2019-01-05T14:15:00+08:00 ] 101.201.252.128 /index.php/Api/Fault/issue?该接口无需传参
INFO: [ app_init ] --START--
INFO: Run Behavior\BuildLiteBehavior [ RunTime:0.000013s ]
INFO: [ app_init ] --END-- [ RunTime:0.000097s ]
INFO: [ app_begin ] --START--
INFO: Run Behavior\ReadHtmlCacheBehavior [ RunTime:0.000041s ]
INFO: [ app_begin ] --END-- [ RunTime:0.000076s ]

[ 2019-01-05T14:15:00+08:00 ] 101.201.252.128 /index.php/Api/Fault/issue?该接口无需传参
INFO: [ app_init ] --START--
INFO: Run Behavior\BuildLiteBehavior [ RunTime:0.000021s ]
INFO: [ app_init ] --END-- [ RunTime:0.000118s ]
INFO: [ app_begin ] --START--
INFO: Run Behavior\ReadHtmlCacheBehavior [ RunTime:0.000060s ]
INFO: [ app_begin ] --END-- [ RunTime:0.000117s ]

[ 2019-01-05T14:15:01+08:00 ] 101.201.252.128 /index.php/Api/Fault/issue?该接口无需传参
INFO: [ app_init ] --START--
INFO: Run Behavior\BuildLiteBehavior [ RunTime:0.000020s ]
INFO: [ app_init ] --END-- [ RunTime:0.000110s ]
INFO: [ app_begin ] --START--
INFO: Run Behavior\ReadHtmlCacheBehavior [ RunTime:0.000043s ]
INFO: [ app_begin ] --END-- [ RunTime:0.000081s ]

[ 2019-01-05T14:19:25+08:00 ] 101.201.252.128 /index.php/Api/Fault/issue?该接口无需传参
INFO: [ app_init ] --START--
INFO: Run Behavior\BuildLiteBehavior [ RunTime:0.000012s ]
INFO: [ app_init ] --END-- [ RunTime:0.000084s ]
INFO: [ app_begin ] --START--
INFO: Run Behavior\ReadHtmlCacheBehavior [ RunTime:0.000065s ]
INFO: [ app_begin ] --END-- [ RunTime:0.000115s ]

[ 2019-01-05T14:19:26+08:00 ] 101.201.252.128 /index.php/Api/Fault/issue?该接口无需传参
INFO: [ app_init ] --START--
INFO: Run Behavior\BuildLiteBehavior [ RunTime:0.000012s ]
INFO: [ app_init ] --END-- [ RunTime:0.000085s ]
INFO: [ app_begin ] --START--
INFO: Run Behavior\ReadHtmlCacheBehavior [ RunTime:0.000037s ]
INFO: [ app_begin ] --END-- [ RunTime:0.000074s ]

[ 2019-01-05T14:19:26+08:00 ] 101.201.252.128 /index.php/Api/Fault/issue?该接口无需传参
INFO: [ app_init ] --START--
INFO: Run Behavior\BuildLiteBehavior [ RunTime:0.000012s ]
INFO: [ app_init ] --END-- [ RunTime:0.000080s ]
INFO: [ app_begin ] --START--
INFO: Run Behavior\ReadHtmlCacheBehavior [ RunTime:0.000035s ]
INFO: [ app_begin ] --END-- [ RunTime:0.000070s ]

[ 2019-01-05T14:19:26+08:00 ] 101.201.252.128 /index.php/Api/Fault/issue?该接口无需传参
INFO: [ app_init ] --START--
INFO: Run Behavior\BuildLiteBehavior [ RunTime:0.000014s ]
INFO: [ app_init ] --END-- [ RunTime:0.000085s ]
INFO: [ app_begin ] --START--
INFO: Run Behavior\ReadHtmlCacheBehavior [ RunTime:0.000036s ]
INFO: [ app_begin ] --END-- [ RunTime:0.000071s ]

[ 2019-01-05T14:19:26+08:00 ] 101.201.252.128 /index.php/Api/Fault/issue?该接口无需传参
INFO: [ app_init ] --START--
INFO: Run Behavior\BuildLiteBehavior [ RunTime:0.000017s ]
INFO: [ app_init ] --END-- [ RunTime:0.000107s ]
INFO: [ app_begin ] --START--
INFO: Run Behavior\ReadHtmlCacheBehavior [ RunTime:0.000053s ]
INFO: [ app_begin ] --END-- [ RunTime:0.000121s ]

[ 2019-01-05T14:19:27+08:00 ] 101.201.252.128 /index.php/Api/Fault/issue?该接口无需传参
INFO: [ app_init ] --START--
INFO: Run Behavior\BuildLiteBehavior [ RunTime:0.000014s ]
INFO: [ app_init ] --END-- [ RunTime:0.000089s ]
INFO: [ app_begin ] --START--
INFO: Run Behavior\ReadHtmlCacheBehavior [ RunTime:0.000042s ]
INFO: [ app_begin ] --END-- [ RunTime:0.000078s ]

[ 2019-01-05T14:19:27+08:00 ] 101.201.252.128 /index.php/Api/Fault/issue?该接口无需传参
INFO: [ app_init ] --START--
INFO: Run Behavior\BuildLiteBehavior [ RunTime:0.000012s ]
INFO: [ app_init ] --END-- [ RunTime:0.000073s ]
INFO: [ app_begin ] --START--
INFO: Run Behavior\ReadHtmlCacheBehavior [ RunTime:0.000036s ]
INFO: [ app_begin ] --END-- [ RunTime:0.000071s ]

[ 2019-01-05T14:19:27+08:00 ] 101.201.252.128 /index.php/Api/Fault/issue?该接口无需传参
INFO: [ app_init ] --START--
INFO: Run Behavior\BuildLiteBehavior [ RunTime:0.000013s ]
INFO: [ app_init ] --END-- [ RunTime:0.000084s ]
INFO: [ app_begin ] --START--
INFO: Run Behavior\ReadHtmlCacheBehavior [ RunTime:0.000036s ]
INFO: [ app_begin ] --END-- [ RunTime:0.000069s ]

[ 2019-01-05T14:19:50+08:00 ] 101.201.252.128 /index.php/Api/Fault/issue?该接口无需传参
INFO: [ app_init ] --START--
INFO: Run Behavior\BuildLiteBehavior [ RunTime:0.000012s ]
INFO: [ app_init ] --END-- [ RunTime:0.000071s ]
INFO: [ app_begin ] --START--
INFO: Run Behavior\ReadHtmlCacheBehavior [ RunTime:0.000037s ]
INFO: [ app_begin ] --END-- [ RunTime:0.000074s ]

[ 2019-01-05T14:19:51+08:00 ] 101.201.252.128 /index.php/Api/Fault/issue?该接口无需传参
INFO: [ app_init ] --START--
INFO: Run Behavior\BuildLiteBehavior [ RunTime:0.000016s ]
INFO: [ app_init ] --END-- [ RunTime:0.000099s ]
INFO: [ app_begin ] --START--
INFO: Run Behavior\ReadHtmlCacheBehavior [ RunTime:0.000048s ]
INFO: [ app_begin ] --END-- [ RunTime:0.000099s ]

[ 2019-01-05T14:19:51+08:00 ] 101.201.252.128 /index.php/Api/Fault/issue?该接口无需传参
INFO: [ app_init ] --START--
INFO: Run Behavior\BuildLiteBehavior [ RunTime:0.000012s ]
INFO: [ app_init ] --END-- [ RunTime:0.000071s ]
INFO: [ app_begin ] --START--
INFO: Run Behavior\ReadHtmlCacheBehavior [ RunTime:0.000038s ]
INFO: [ app_begin ] --END-- [ RunTime:0.000073s ]

[ 2019-01-05T14:19:51+08:00 ] 101.201.252.128 /index.php/Api/Fault/issue?该接口无需传参
INFO: [ app_init ] --START--
INFO: Run Behavior\BuildLiteBehavior [ RunTime:0.000012s ]
INFO: [ app_init ] --END-- [ RunTime:0.000072s ]
INFO: [ app_begin ] --START--
INFO: Run Behavior\ReadHtmlCacheBehavior [ RunTime:0.000036s ]
INFO: [ app_begin ] --END-- [ RunTime:0.000073s ]

[ 2019-01-05T14:19:51+08:00 ] 101.201.252.128 /index.php/Api/Fault/issue?该接口无需传参
INFO: [ app_init ] --START--
INFO: Run Behavior\BuildLiteBehavior [ RunTime:0.000012s ]
INFO: [ app_init ] --END-- [ RunTime:0.000072s ]
INFO: [ app_begin ] --START--
INFO: Run Behavior\ReadHtmlCacheBehavior [ RunTime:0.000035s ]
INFO: [ app_begin ] --END-- [ RunTime:0.000071s ]

[ 2019-01-05T14:19:52+08:00 ] 101.201.252.128 /index.php/Api/Fault/issue?该接口无需传参
INFO: [ app_init ] --START--
INFO: Run Behavior\BuildLiteBehavior [ RunTime:0.000013s ]
INFO: [ app_init ] --END-- [ RunTime:0.000071s ]
INFO: [ app_begin ] --START--
INFO: Run Behavior\ReadHtmlCacheBehavior [ RunTime:0.000036s ]
INFO: [ app_begin ] --END-- [ RunTime:0.000071s ]

[ 2019-01-05T14:19:58+08:00 ] 101.201.252.128 /index.php/Api/Fault/issue?该接口无需传参
INFO: [ app_init ] --START--
INFO: Run Behavior\BuildLiteBehavior [ RunTime:0.000020s ]
INFO: [ app_init ] --END-- [ RunTime:0.000110s ]
INFO: [ app_begin ] --START--
INFO: Run Behavior\ReadHtmlCacheBehavior [ RunTime:0.000042s ]
INFO: [ app_begin ] --END-- [ RunTime:0.000079s ]

[ 2019-01-05T14:19:59+08:00 ] 101.201.252.128 /index.php/Api/Fault/issue?该接口无需传参
INFO: [ app_init ] --START--
INFO: Run Behavior\BuildLiteBehavior [ RunTime:0.000013s ]
INFO: [ app_init ] --END-- [ RunTime:0.000100s ]
INFO: [ app_begin ] --START--
INFO: Run Behavior\ReadHtmlCacheBehavior [ RunTime:0.000058s ]
INFO: [ app_begin ] --END-- [ RunTime:0.000098s ]

[ 2019-01-05T14:19:59+08:00 ] 101.201.252.128 /index.php/Api/Fault/issue?该接口无需传参
INFO: [ app_init ] --START--
INFO: Run Behavior\BuildLiteBehavior [ RunTime:0.000013s ]
INFO: [ app_init ] --END-- [ RunTime:0.000073s ]
INFO: [ app_begin ] --START--
INFO: Run Behavior\ReadHtmlCacheBehavior [ RunTime:0.000051s ]
INFO: [ app_begin ] --END-- [ RunTime:0.000095s ]

[ 2019-01-05T14:19:59+08:00 ] 101.201.252.128 /index.php/Api/Fault/issue?该接口无需传参
INFO: [ app_init ] --START--
INFO: Run Behavior\BuildLiteBehavior [ RunTime:0.000014s ]
INFO: [ app_init ] --END-- [ RunTime:0.000102s ]
INFO: [ app_begin ] --START--
INFO: Run Behavior\ReadHtmlCacheBehavior [ RunTime:0.000042s ]
INFO: [ app_begin ] --END-- [ RunTime:0.000080s ]

[ 2019-01-05T14:19:59+08:00 ] 101.201.252.128 /index.php/Api/Fault/issue?该接口无需传参
INFO: [ app_init ] --START--
INFO: Run Behavior\BuildLiteBehavior [ RunTime:0.000012s ]
INFO: [ app_init ] --END-- [ RunTime:0.000073s ]
INFO: [ app_begin ] --START--
INFO: Run Behavior\ReadHtmlCacheBehavior [ RunTime:0.000062s ]
INFO: [ app_begin ] --END-- [ RunTime:0.000123s ]

[ 2019-01-05T14:20:08+08:00 ] 101.201.252.128 /index.php/Api/Fault/issue?该接口无需传参
INFO: [ app_init ] --START--
INFO: Run Behavior\BuildLiteBehavior [ RunTime:0.000012s ]
INFO: [ app_init ] --END-- [ RunTime:0.000074s ]
INFO: [ app_begin ] --START--
INFO: Run Behavior\ReadHtmlCacheBehavior [ RunTime:0.000036s ]
INFO: [ app_begin ] --END-- [ RunTime:0.000070s ]

[ 2019-01-05T14:20:09+08:00 ] 101.201.252.128 /index.php/Api/Fault/issue?该接口无需传参
INFO: [ app_init ] --START--
INFO: Run Behavior\BuildLiteBehavior [ RunTime:0.000014s ]
INFO: [ app_init ] --END-- [ RunTime:0.000084s ]
INFO: [ app_begin ] --START--
INFO: Run Behavior\ReadHtmlCacheBehavior [ RunTime:0.000050s ]
INFO: [ app_begin ] --END-- [ RunTime:0.000097s ]

[ 2019-01-05T14:20:10+08:00 ] 101.201.252.128 /index.php/Api/Fault/issue?该接口无需传参
INFO: [ app_init ] --START--
INFO: Run Behavior\BuildLiteBehavior [ RunTime:0.000014s ]
INFO: [ app_init ] --END-- [ RunTime:0.000080s ]
INFO: [ app_begin ] --START--
INFO: Run Behavior\ReadHtmlCacheBehavior [ RunTime:0.000042s ]
INFO: [ app_begin ] --END-- [ RunTime:0.000077s ]

[ 2019-01-05T14:20:10+08:00 ] 101.201.252.128 /index.php/Api/Fault/issue?该接口无需传参
INFO: [ app_init ] --START--
INFO: Run Behavior\BuildLiteBehavior [ RunTime:0.000012s ]
INFO: [ app_init ] --END-- [ RunTime:0.000073s ]
INFO: [ app_begin ] --START--
INFO: Run Behavior\ReadHtmlCacheBehavior [ RunTime:0.000036s ]
INFO: [ app_begin ] --END-- [ RunTime:0.000071s ]

[ 2019-01-05T14:20:56+08:00 ] 101.201.252.128 /index.php/Api/Fault/issue?该接口无需传参
INFO: [ app_init ] --START--
INFO: Run Behavior\BuildLiteBehavior [ RunTime:0.000014s ]
INFO: [ app_init ] --END-- [ RunTime:0.000086s ]
INFO: [ app_begin ] --START--
INFO: Run Behavior\ReadHtmlCacheBehavior [ RunTime:0.000087s ]
INFO: [ app_begin ] --END-- [ RunTime:0.000138s ]

[ 2019-01-05T14:20:57+08:00 ] 101.201.252.128 /index.php/Api/Fault/issue?该接口无需传参
INFO: [ app_init ] --START--
INFO: Run Behavior\BuildLiteBehavior [ RunTime:0.000012s ]
INFO: [ app_init ] --END-- [ RunTime:0.000090s ]
INFO: [ app_begin ] --START--
INFO: Run Behavior\ReadHtmlCacheBehavior [ RunTime:0.000037s ]
INFO: [ app_begin ] --END-- [ RunTime:0.000074s ]

[ 2019-01-05T14:20:57+08:00 ] 101.201.252.128 /index.php/Api/Fault/issue?该接口无需传参
INFO: [ app_init ] --START--
INFO: Run Behavior\BuildLiteBehavior [ RunTime:0.000011s ]
INFO: [ app_init ] --END-- [ RunTime:0.000072s ]
INFO: [ app_begin ] --START--
INFO: Run Behavior\ReadHtmlCacheBehavior [ RunTime:0.000035s ]
INFO: [ app_begin ] --END-- [ RunTime:0.000072s ]

[ 2019-01-05T14:20:57+08:00 ] 101.201.252.128 /index.php/Api/Fault/issue?该接口无需传参
INFO: [ app_init ] --START--
INFO: Run Behavior\BuildLiteBehavior [ RunTime:0.000012s ]
INFO: [ app_init ] --END-- [ RunTime:0.000071s ]
INFO: [ app_begin ] --START--
INFO: Run Behavior\ReadHtmlCacheBehavior [ RunTime:0.000057s ]
INFO: [ app_begin ] --END-- [ RunTime:0.000094s ]

[ 2019-01-05T14:20:57+08:00 ] 101.201.252.128 /index.php/Api/Fault/issue?该接口无需传参
INFO: [ app_init ] --START--
INFO: Run Behavior\BuildLiteBehavior [ RunTime:0.000012s ]
INFO: [ app_init ] --END-- [ RunTime:0.000074s ]
INFO: [ app_begin ] --START--
INFO: Run Behavior\ReadHtmlCacheBehavior [ RunTime:0.000056s ]
INFO: [ app_begin ] --END-- [ RunTime:0.000095s ]

[ 2019-01-05T14:20:57+08:00 ] 101.201.252.128 /index.php/Api/Fault/issue?该接口无需传参
INFO: [ app_init ] --START--
INFO: Run Behavior\BuildLiteBehavior [ RunTime:0.000019s ]
INFO: [ app_init ] --END-- [ RunTime:0.000103s ]
INFO: [ app_begin ] --START--
INFO: Run Behavior\ReadHtmlCacheBehavior [ RunTime:0.000036s ]
INFO: [ app_begin ] --END-- [ RunTime:0.000072s ]

[ 2019-01-05T14:20:57+08:00 ] 101.201.252.128 /index.php/Api/Fault/issue?该接口无需传参
INFO: [ app_init ] --START--
INFO: Run Behavior\BuildLiteBehavior [ RunTime:0.000012s ]
INFO: [ app_init ] --END-- [ RunTime:0.000071s ]
INFO: [ app_begin ] --START--
INFO: Run Behavior\ReadHtmlCacheBehavior [ RunTime:0.000037s ]
INFO: [ app_begin ] --END-- [ RunTime:0.000078s ]

[ 2019-01-05T14:20:58+08:00 ] 101.201.252.128 /index.php/Api/Fault/issue?该接口无需传参
INFO: [ app_init ] --START--
INFO: Run Behavior\BuildLiteBehavior [ RunTime:0.000013s ]
INFO: [ app_init ] --END-- [ RunTime:0.000078s ]
INFO: [ app_begin ] --START--
INFO: Run Behavior\ReadHtmlCacheBehavior [ RunTime:0.000041s ]
INFO: [ app_begin ] --END-- [ RunTime:0.000077s ]

[ 2019-01-05T14:20:58+08:00 ] 101.201.252.128 /index.php/Api/Fault/issue?该接口无需传参
INFO: [ app_init ] --START--
INFO: Run Behavior\BuildLiteBehavior [ RunTime:0.000012s ]
INFO: [ app_init ] --END-- [ RunTime:0.000073s ]
INFO: [ app_begin ] --START--
INFO: Run Behavior\ReadHtmlCacheBehavior [ RunTime:0.000035s ]
INFO: [ app_begin ] --END-- [ RunTime:0.000070s ]

[ 2019-01-05T14:20:58+08:00 ] 101.201.252.128 /index.php/Api/Fault/issue?该接口无需传参
INFO: [ app_init ] --START--
INFO: Run Behavior\BuildLiteBehavior [ RunTime:0.000013s ]
INFO: [ app_init ] --END-- [ RunTime:0.000104s ]
INFO: [ app_begin ] --START--
INFO: Run Behavior\ReadHtmlCacheBehavior [ RunTime:0.000041s ]
INFO: [ app_begin ] --END-- [ RunTime:0.000088s ]

[ 2019-01-05T14:21:42+08:00 ] 125.36.116.168 /index.php/Api/Fault/issue
INFO: [ app_init ] --START--
INFO: Run Behavior\BuildLiteBehavior [ RunTime:0.000013s ]
INFO: [ app_init ] --END-- [ RunTime:0.000100s ]
INFO: [ app_begin ] --START--
INFO: Run Behavior\ReadHtmlCacheBehavior [ RunTime:0.000035s ]
INFO: [ app_begin ] --END-- [ RunTime:0.000070s ]

[ 2019-01-05T14:22:43+08:00 ] 58.247.212.141 /index.php/Api/Fault/issue
INFO: [ app_init ] --START--
INFO: Run Behavior\BuildLiteBehavior [ RunTime:0.000020s ]
INFO: [ app_init ] --END-- [ RunTime:0.000141s ]
INFO: [ app_begin ] --START--
INFO: Run Behavior\ReadHtmlCacheBehavior [ RunTime:0.000057s ]
INFO: [ app_begin ] --END-- [ RunTime:0.000094s ]

[ 2019-01-05T14:24:16+08:00 ] 101.201.252.128 /index.php/Api/Fault/issue?该接口无需传参
INFO: [ app_init ] --START--
INFO: Run Behavior\BuildLiteBehavior [ RunTime:0.000013s ]
INFO: [ app_init ] --END-- [ RunTime:0.000095s ]
INFO: [ app_begin ] --START--
INFO: Run Behavior\ReadHtmlCacheBehavior [ RunTime:0.000067s ]
INFO: [ app_begin ] --END-- [ RunTime:0.000114s ]
SQL: SHOW COLUMNS FROM `db_problem` [ RunTime:0.0006s ]
SQL: SELECT `id`,`content` FROM `db_problem` WHERE `status` = 1 AND `type` = 2 ORDER BY sort asc  [ RunTime:0.0001s ]

[ 2019-01-05T14:24:19+08:00 ] 101.201.252.128 /index.php/Api/Fault/fault
INFO: [ app_init ] --START--
INFO: Run Behavior\BuildLiteBehavior [ RunTime:0.000013s ]
INFO: [ app_init ] --END-- [ RunTime:0.000080s ]
INFO: [ app_begin ] --START--
INFO: Run Behavior\ReadHtmlCacheBehavior [ RunTime:0.000039s ]
INFO: [ app_begin ] --END-- [ RunTime:0.000075s ]
SQL: SHOW COLUMNS FROM `db_member` [ RunTime:0.0008s ]
NOTIC: [8] Undefined index: fetchSql /home/wwwroot/Littlewhale.txunda.com/Application/Common/Service/ModelService.class.php 第 245 行.
SQL: SELECT `id` FROM `db_member` WHERE `token` = '3b85d91fe23951cba0c26be393a81241' AND `expired_time` >= 1546669459 AND `status` <> 0 LIMIT 1   [ RunTime:0.0003s ]
NOTIC: [2] strpos() expects parameter 1 to be string, array given /home/wwwroot/Littlewhale.txunda.com/Vendor/Txunda/Txunda.Param.php 第 97 行.
SQL: SHOW COLUMNS FROM `db_car_washer` [ RunTime:0.0005s ]
SQL: SELECT * FROM `db_car_washer` WHERE `mc_id` = 'A00001' LIMIT 1   [ RunTime:0.0001s ]
SQL: SHOW COLUMNS FROM `db_member` [ RunTime:0.0006s ]
SQL: SELECT * FROM `db_member` WHERE `id` = 91 LIMIT 1   [ RunTime:0.0001s ]
SQL: SHOW COLUMNS FROM `db_fault` [ RunTime:0.0004s ]
SQL: INSERT INTO `db_fault` (`mc_id`,`pro_id`,`content`,`contact`,`m_id`,`create_time`) VALUES ('A00001','1','洗车枪损坏','18538707602','91','1546669459') [ RunTime:0.0067s ]

[ 2019-01-05T14:24:40+08:00 ] 101.201.252.128 /index.php/Api/Fault/fault
INFO: [ app_init ] --START--
INFO: Run Behavior\BuildLiteBehavior [ RunTime:0.000012s ]
INFO: [ app_init ] --END-- [ RunTime:0.000071s ]
INFO: [ app_begin ] --START--
INFO: Run Behavior\ReadHtmlCacheBehavior [ RunTime:0.000034s ]
INFO: [ app_begin ] --END-- [ RunTime:0.000069s ]
SQL: SHOW COLUMNS FROM `db_member` [ RunTime:0.0008s ]
NOTIC: [8] Undefined index: fetchSql /home/wwwroot/Littlewhale.txunda.com/Application/Common/Service/ModelService.class.php 第 245 行.
SQL: SELECT `id` FROM `db_member` WHERE `token` = '3b85d91fe23951cba0c26be393a81241' AND `expired_time` >= 1546669480 AND `status` <> 0 LIMIT 1   [ RunTime:0.0003s ]
NOTIC: [2] strpos() expects parameter 1 to be string, array given /home/wwwroot/Littlewhale.txunda.com/Vendor/Txunda/Txunda.Param.php 第 97 行.
SQL: SHOW COLUMNS FROM `db_car_washer` [ RunTime:0.0005s ]
SQL: SELECT * FROM `db_car_washer` WHERE `mc_id` = 'A00001' LIMIT 1   [ RunTime:0.0001s ]
SQL: SHOW COLUMNS FROM `db_member` [ RunTime:0.0006s ]
SQL: SELECT * FROM `db_member` WHERE `id` = 91 LIMIT 1   [ RunTime:0.0002s ]
SQL: SHOW COLUMNS FROM `db_fault` [ RunTime:0.0004s ]
SQL: INSERT INTO `db_fault` (`mc_id`,`pro_id`,`content`,`contact`,`m_id`,`create_time`) VALUES ('A00001','1','重新加载科技创新在','18538707602','91','1546669480') [ RunTime:0.0066s ]

[ 2019-01-05T15:10:47+08:00 ] 101.201.252.128 /index.php/Api/Pay/getWithdraw
INFO: [ app_init ] --START--
INFO: Run Behavior\BuildLiteBehavior [ RunTime:0.000012s ]
INFO: [ app_init ] --END-- [ RunTime:0.000084s ]
INFO: [ app_begin ] --START--
INFO: Run Behavior\ReadHtmlCacheBehavior [ RunTime:0.000042s ]
INFO: [ app_begin ] --END-- [ RunTime:0.000089s ]
SQL: SHOW COLUMNS FROM `db_agent` [ RunTime:0.0005s ]
NOTIC: [8] Undefined index: status /home/wwwroot/Littlewhale.txunda.com/Application/Common/Model/AgentModel.class.php 第 23 行.
SQL: SELECT `id`,`account`,`token`,`nickname`,`address`,`grade`,`balance` FROM `db_agent` WHERE `token` = 'b7c6f0307448306e8c840ec6fc322cb4' AND `status` <> '9' LIMIT 1   [ RunTime:0.0001s ]
NOTIC: [8] Undefined index: status /home/wwwroot/Littlewhale.txunda.com/Application/Api/Controller/BaseController.class.php 第 117 行.
NOTIC: [8] Undefined index: status /home/wwwroot/Littlewhale.txunda.com/Application/Api/Controller/BaseController.class.php 第 120 行.
SQL: SHOW COLUMNS FROM `db_agent` [ RunTime:0.0005s ]
SQL: UPDATE `db_agent` SET `balance`='190' WHERE `id` = 1 [ RunTime:0.0069s ]

[ 2019-01-05T15:11:09+08:00 ] 101.201.252.128 /index.php/Api/Pay/addBankCard
INFO: [ app_init ] --START--
INFO: Run Behavior\BuildLiteBehavior [ RunTime:0.000014s ]
INFO: [ app_init ] --END-- [ RunTime:0.000091s ]
INFO: [ app_begin ] --START--
INFO: Run Behavior\ReadHtmlCacheBehavior [ RunTime:0.000089s ]
INFO: [ app_begin ] --END-- [ RunTime:0.000128s ]
SQL: SHOW COLUMNS FROM `db_agent` [ RunTime:0.0008s ]
NOTIC: [8] Undefined index: status /home/wwwroot/Littlewhale.txunda.com/Application/Common/Model/AgentModel.class.php 第 23 行.
SQL: SELECT `id`,`account`,`token`,`nickname`,`address`,`grade`,`balance` FROM `db_agent` WHERE `token` = 'b7c6f0307448306e8c840ec6fc322cb4' AND `status` <> '9' LIMIT 1   [ RunTime:0.0006s ]
NOTIC: [8] Undefined index: status /home/wwwroot/Littlewhale.txunda.com/Application/Api/Controller/BaseController.class.php 第 117 行.
NOTIC: [8] Undefined index: status /home/wwwroot/Littlewhale.txunda.com/Application/Api/Controller/BaseController.class.php 第 120 行.
SQL: SHOW COLUMNS FROM `db_bank_card` [ RunTime:0.0009s ]
SQL: SELECT * FROM `db_bank_card` WHERE `agent_id` = 1 AND `card_code` = '621669020750127784585' LIMIT 1   [ RunTime:0.0002s ]

[ 2019-01-05T15:11:16+08:00 ] 101.201.252.128 /index.php/Api/Pay/withdraw
INFO: [ app_init ] --START--
INFO: Run Behavior\BuildLiteBehavior [ RunTime:0.000017s ]
INFO: [ app_init ] --END-- [ RunTime:0.000087s ]
INFO: [ app_begin ] --START--
INFO: Run Behavior\ReadHtmlCacheBehavior [ RunTime:0.000046s ]
INFO: [ app_begin ] --END-- [ RunTime:0.000082s ]
SQL: SHOW COLUMNS FROM `db_agent` [ RunTime:0.0005s ]
NOTIC: [8] Undefined index: status /home/wwwroot/Littlewhale.txunda.com/Application/Common/Model/AgentModel.class.php 第 23 行.
SQL: SELECT `id`,`account`,`token`,`nickname`,`address`,`grade`,`balance` FROM `db_agent` WHERE `token` = 'b7c6f0307448306e8c840ec6fc322cb4' AND `status` <> '9' LIMIT 1   [ RunTime:0.0001s ]
NOTIC: [8] Undefined index: status /home/wwwroot/Littlewhale.txunda.com/Application/Api/Controller/BaseController.class.php 第 117 行.
NOTIC: [8] Undefined index: status /home/wwwroot/Littlewhale.txunda.com/Application/Api/Controller/BaseController.class.php 第 120 行.
>>>>>>> Stashed changes

