[ 2019-02-19T16:18:38+08:00 ] 127.0.0.1 /index.php/Api/Wallet/recharge
INFO: [ app_init ] --START--
INFO: Run Behavior\BuildLiteBehavior [ RunTime:0.000000s ]
INFO: [ app_init ] --END-- [ RunTime:0.000000s ]
INFO: [ app_begin ] --START--
INFO: Run Behavior\ReadHtmlCacheBehavior [ RunTime:0.001000s ]
INFO: [ app_begin ] --END-- [ RunTime:0.001000s ]
SQL: SHOW COLUMNS FROM `db_member` [ RunTime:0.0090s ]
NOTIC: [8] Undefined index: fetchSql G:\Littlewhale\Application\Common\Service\ModelService.class.php 第 245 行.
SQL: SELECT `id` FROM `db_member` WHERE `token` = '49b11d7e3dde70acb2c4d4033f34e675' AND `expired_time` >= 1550564317 AND `status` <> 0 LIMIT 1   [ RunTime:0.0080s ]
SQL: SHOW COLUMNS FROM `db_appsetting` [ RunTime:0.0090s ]
SQL: SELECT `song_money` FROM `db_appsetting` LIMIT 1   [ RunTime:0.0080s ]
SQL: SHOW COLUMNS FROM `db_order` [ RunTime:0.0100s ]
SQL: INSERT INTO `db_order` (`pay_money`,`give_money`,`m_id`,`orderid`,`title`,`o_type`,`create_time`,`detail`) VALUES ('200','200','1','CZ201902191618385902','余额充值','3','1550564318','1') [ RunTime:0.0290s ]

[ 2019-02-19T16:19:44+08:00 ] 127.0.0.1 /index.php/Api/Wallet/recharge
INFO: [ app_init ] --START--
INFO: Run Behavior\BuildLiteBehavior [ RunTime:0.000000s ]
INFO: [ app_init ] --END-- [ RunTime:0.001000s ]
INFO: [ app_begin ] --START--
INFO: Run Behavior\ReadHtmlCacheBehavior [ RunTime:0.000000s ]
INFO: [ app_begin ] --END-- [ RunTime:0.000000s ]
SQL: SHOW COLUMNS FROM `db_member` [ RunTime:0.0130s ]
NOTIC: [8] Undefined index: fetchSql G:\Littlewhale\Application\Common\Service\ModelService.class.php 第 245 行.
SQL: SELECT `id` FROM `db_member` WHERE `token` = '49b11d7e3dde70acb2c4d4033f34e675' AND `expired_time` >= 1550564381 AND `status` <> 0 LIMIT 1   [ RunTime:0.0100s ]
SQL: SHOW COLUMNS FROM `db_appsetting` [ RunTime:0.0100s ]
SQL: SELECT `song_money` FROM `db_appsetting` LIMIT 1   [ RunTime:0.0100s ]
SQL: SHOW COLUMNS FROM `db_order` [ RunTime:0.0120s ]
SQL: INSERT INTO `db_order` (`pay_money`,`give_money`,`m_id`,`orderid`,`title`,`o_type`,`create_time`,`detail`) VALUES ('200','200','1','CZ201902191619448844','余额充值','3','1550564384','1') [ RunTime:0.0170s ]

[ 2019-02-19T16:21:41+08:00 ] 127.0.0.1 /index.php/Api/order/placingOrder
INFO: [ app_init ] --START--
INFO: Run Behavior\BuildLiteBehavior [ RunTime:0.000000s ]
INFO: [ app_init ] --END-- [ RunTime:0.000000s ]
INFO: [ app_begin ] --START--
INFO: Run Behavior\ReadHtmlCacheBehavior [ RunTime:0.000000s ]
INFO: [ app_begin ] --END-- [ RunTime:0.000000s ]
SQL: SHOW COLUMNS FROM `db_member` [ RunTime:0.0110s ]
NOTIC: [8] Undefined index: fetchSql G:\Littlewhale\Application\Common\Service\ModelService.class.php 第 245 行.
SQL: SELECT `id` FROM `db_member` WHERE `token` = '49b11d7e3dde70acb2c4d4033f34e675' AND `expired_time` >= 1550564500 AND `status` <> 0 LIMIT 1   [ RunTime:0.0080s ]
NOTIC: [2] strpos() expects parameter 1 to be string, array given G:\Littlewhale\Vendor\Txunda\Txunda.Param.php 第 97 行.
SQL: SHOW COLUMNS FROM `db_car_washer` [ RunTime:0.0090s ]
SQL: SELECT `mc_id` FROM `db_car_washer` WHERE `mc_code` = 'D00010' LIMIT 1   [ RunTime:0.0110s ]
SQL: SELECT * FROM `db_car_washer` WHERE `mc_id` = 'B00001' LIMIT 1   [ RunTime:0.0100s ]
SQL: SHOW COLUMNS FROM `db_car_washer` [ RunTime:0.0100s ]
SQL: SELECT * FROM `db_car_washer` WHERE `mc_code` = 'D00010' AND `type` = 3 AND `status` = 1 LIMIT 1   [ RunTime:0.0100s ]
SQL: SHOW COLUMNS FROM `db_order` [ RunTime:0.0110s ]
SQL: SELECT * FROM `db_order` WHERE `m_id` = 1 AND `w_type` = 2 AND `o_type` = 1 AND `status` = 1 AND `is_set` = 0 LIMIT 1   [ RunTime:0.0100s ]
SQL: SHOW COLUMNS FROM `db_msg` [ RunTime:0.0100s ]
SQL: SELECT * FROM `db_msg` WHERE `m_id` = 1 AND `o_id` = 88 AND `status` = 1 LIMIT 1   [ RunTime:0.0100s ]
SQL: SHOW COLUMNS FROM `db_appsetting` [ RunTime:0.0090s ]
SQL: SELECT `overtime_money` FROM `db_appsetting` LIMIT 1   [ RunTime:0.0090s ]
SQL: UPDATE `db_order` SET `is_no`='1',`pay_money`='10' WHERE `id` = 88 [ RunTime:0.0190s ]
SQL: UPDATE `db_car_washer` SET `type`='1' WHERE `mc_code` = 'D00010' [ RunTime:0.0170s ]

[ 2019-02-19T16:30:29+08:00 ] 127.0.0.1 /index.php/Api/Wallet/recharge
INFO: [ app_init ] --START--
INFO: Run Behavior\BuildLiteBehavior [ RunTime:0.000000s ]
INFO: [ app_init ] --END-- [ RunTime:0.001000s ]
INFO: [ app_begin ] --START--
INFO: Run Behavior\ReadHtmlCacheBehavior [ RunTime:0.000000s ]
INFO: [ app_begin ] --END-- [ RunTime:0.001000s ]
SQL: SHOW COLUMNS FROM `db_member` [ RunTime:0.0110s ]
NOTIC: [8] Undefined index: fetchSql G:\Littlewhale\Application\Common\Service\ModelService.class.php 第 245 行.
SQL: SELECT `id` FROM `db_member` WHERE `token` = '49b11d7e3dde70acb2c4d4033f34e675' AND `expired_time` >= 1550565020 AND `status` <> 0 LIMIT 1   [ RunTime:0.0100s ]
SQL: SHOW COLUMNS FROM `db_appsetting` [ RunTime:0.0100s ]
SQL: SELECT `song_money` FROM `db_appsetting` LIMIT 1   [ RunTime:0.0090s ]
SQL: SHOW COLUMNS FROM `db_order` [ RunTime:0.0110s ]
SQL: INSERT INTO `db_order` (`pay_money`,`give_money`,`m_id`,`orderid`,`title`,`o_type`,`create_time`,`detail`) VALUES ('200','200','1','CZ201902191630297356','余额充值','3','1550565029','1') [ RunTime:0.0190s ]

[ 2019-02-19T16:30:29+08:00 ] 127.0.0.1 /index.php/Api/Wallet/recharge
INFO: [ app_init ] --START--
INFO: Run Behavior\BuildLiteBehavior [ RunTime:0.000000s ]
INFO: [ app_init ] --END-- [ RunTime:0.000000s ]
INFO: [ app_begin ] --START--
INFO: Run Behavior\ReadHtmlCacheBehavior [ RunTime:0.000000s ]
INFO: [ app_begin ] --END-- [ RunTime:0.001000s ]
SQL: SHOW COLUMNS FROM `db_member` [ RunTime:0.0100s ]
NOTIC: [8] Undefined index: fetchSql G:\Littlewhale\Application\Common\Service\ModelService.class.php 第 245 行.
SQL: SELECT `id` FROM `db_member` WHERE `token` = '49b11d7e3dde70acb2c4d4033f34e675' AND `expired_time` >= 1550565029 AND `status` <> 0 LIMIT 1   [ RunTime:0.0080s ]
SQL: SHOW COLUMNS FROM `db_appsetting` [ RunTime:0.0120s ]
SQL: SELECT `song_money` FROM `db_appsetting` LIMIT 1   [ RunTime:0.0090s ]
SQL: SHOW COLUMNS FROM `db_order` [ RunTime:0.0100s ]
SQL: INSERT INTO `db_order` (`pay_money`,`give_money`,`m_id`,`orderid`,`title`,`o_type`,`create_time`,`detail`) VALUES ('200','200','1','CZ201902191630297676','余额充值','3','1550565029','1') [ RunTime:0.0160s ]

[ 2019-02-19T16:46:50+08:00 ] 127.0.0.1 /index.php/Api/Wallet/balance
INFO: [ app_init ] --START--
INFO: Run Behavior\BuildLiteBehavior [ RunTime:0.000000s ]
INFO: [ app_init ] --END-- [ RunTime:0.001000s ]
INFO: [ app_begin ] --START--
INFO: Run Behavior\ReadHtmlCacheBehavior [ RunTime:0.001001s ]
INFO: [ app_begin ] --END-- [ RunTime:0.001001s ]
SQL: SHOW COLUMNS FROM `db_member` [ RunTime:0.0100s ]
NOTIC: [8] Undefined index: fetchSql G:\Littlewhale\Application\Common\Service\ModelService.class.php 第 245 行.
SQL: SELECT `id` FROM `db_member` WHERE `token` = '49b11d7e3dde70acb2c4d4033f34e675' AND `expired_time` >= 1550566010 AND `status` <> 0 LIMIT 1   [ RunTime:0.0100s ]
NOTIC: [8] Undefined index: fetchSql G:\Littlewhale\Application\Common\Service\ModelService.class.php 第 245 行.
SQL: SELECT `balance` FROM `db_member` WHERE `id` = 1 LIMIT 1   [ RunTime:0.0090s ]

