[ 2019-03-19T17:57:29+08:00 ] 127.0.0.1 /index.php/Api/Order/CarWashOrder
INFO: [ app_init ] --START--
INFO: Run Behavior\BuildLiteBehavior [ RunTime:0.000026s ]
INFO: [ app_init ] --END-- [ RunTime:0.000222s ]
INFO: [ app_begin ] --START--
INFO: Run Behavior\ReadHtmlCacheBehavior [ RunTime:0.000134s ]
INFO: [ app_begin ] --END-- [ RunTime:0.000234s ]
SQL: SHOW COLUMNS FROM `db_member` [ RunTime:0.0110s ]
NOTIC: [8] Undefined index: fetchSql D:\test\Littlewhale\Application\Common\Service\ModelService.class.php 第 245 行.
SQL: SELECT `id` FROM `db_member` WHERE `token` = 'e15a4f1572b08200749f58df55678278' AND `expired_time` >= 1552989449 AND `status` <> 0 LIMIT 1   [ RunTime:0.0099s ]

[ 2019-03-19T17:57:45+08:00 ] 127.0.0.1 /index.php/Api/Order/CarWashOrder
INFO: [ app_init ] --START--
INFO: Run Behavior\BuildLiteBehavior [ RunTime:0.000036s ]
INFO: [ app_init ] --END-- [ RunTime:0.000213s ]
INFO: [ app_begin ] --START--
INFO: Run Behavior\ReadHtmlCacheBehavior [ RunTime:0.000131s ]
INFO: [ app_begin ] --END-- [ RunTime:0.000233s ]
SQL: SHOW COLUMNS FROM `db_member` [ RunTime:0.0097s ]
NOTIC: [8] Undefined index: fetchSql D:\test\Littlewhale\Application\Common\Service\ModelService.class.php 第 245 行.
SQL: SELECT `id` FROM `db_member` WHERE `token` = 'baeb09b5ac20fd3501c0c164e9fd2c17' AND `expired_time` >= 1552989464 AND `status` <> 0 LIMIT 1   [ RunTime:0.0082s ]
SQL: SHOW COLUMNS FROM `db_car_washer` [ RunTime:0.0325s ]
SQL: SELECT * FROM `db_car_washer` WHERE `mc_code` = 'A00002' LIMIT 1   [ RunTime:0.2064s ]
NOTIC: [2] strpos() expects parameter 1 to be string, array given D:\test\Littlewhale\Vendor\Txunda\Txunda.Param.php 第 97 行.
SQL: SHOW COLUMNS FROM `db_car_washer` [ RunTime:0.0238s ]
SQL: SELECT * FROM `db_car_washer` LIMIT 1   [ RunTime:0.2390s ]

[ 2019-03-19T17:58:07+08:00 ] 127.0.0.1 /index.php/Api/Order/CarWashOrder
INFO: [ app_init ] --START--
INFO: Run Behavior\BuildLiteBehavior [ RunTime:0.000023s ]
INFO: [ app_init ] --END-- [ RunTime:0.000155s ]
INFO: [ app_begin ] --START--
INFO: Run Behavior\ReadHtmlCacheBehavior [ RunTime:0.000118s ]
INFO: [ app_begin ] --END-- [ RunTime:0.000216s ]
SQL: SHOW COLUMNS FROM `db_member` [ RunTime:0.0570s ]
NOTIC: [8] Undefined index: fetchSql D:\test\Littlewhale\Application\Common\Service\ModelService.class.php 第 245 行.
SQL: SELECT `id` FROM `db_member` WHERE `token` = 'baeb09b5ac20fd3501c0c164e9fd2c17' AND `expired_time` >= 1552989486 AND `status` <> 0 LIMIT 1   [ RunTime:0.0492s ]
SQL: SHOW COLUMNS FROM `db_car_washer` [ RunTime:0.0130s ]
SQL: SELECT * FROM `db_car_washer` WHERE `mc_code` = 'A00002' LIMIT 1   [ RunTime:0.0521s ]
NOTIC: [2] strpos() expects parameter 1 to be string, array given D:\test\Littlewhale\Vendor\Txunda\Txunda.Param.php 第 97 行.
SQL: SHOW COLUMNS FROM `db_car_washer` [ RunTime:0.0470s ]
SQL: SELECT * FROM `db_car_washer` LIMIT 1   [ RunTime:0.0203s ]

[ 2019-03-19T17:58:45+08:00 ] 127.0.0.1 /index.php/Api/Order/CarWashOrder
INFO: [ app_init ] --START--
INFO: Run Behavior\BuildLiteBehavior [ RunTime:0.000026s ]
INFO: [ app_init ] --END-- [ RunTime:0.000174s ]
INFO: [ app_begin ] --START--
INFO: Run Behavior\ReadHtmlCacheBehavior [ RunTime:0.000112s ]
INFO: [ app_begin ] --END-- [ RunTime:0.000206s ]
SQL: SHOW COLUMNS FROM `db_member` [ RunTime:0.0102s ]
NOTIC: [8] Undefined index: fetchSql D:\test\Littlewhale\Application\Common\Service\ModelService.class.php 第 245 行.
SQL: SELECT `id` FROM `db_member` WHERE `token` = 'baeb09b5ac20fd3501c0c164e9fd2c17' AND `expired_time` >= 1552989525 AND `status` <> 0 LIMIT 1   [ RunTime:0.0146s ]
SQL: SHOW COLUMNS FROM `db_car_washer` [ RunTime:0.0228s ]
SQL: SELECT * FROM `db_car_washer` WHERE `mc_code` = 'A00002' LIMIT 1   [ RunTime:0.0231s ]
NOTIC: [2] strpos() expects parameter 1 to be string, array given D:\test\Littlewhale\Vendor\Txunda\Txunda.Param.php 第 97 行.
SQL: SHOW COLUMNS FROM `db_car_washer` [ RunTime:0.0106s ]
SQL: SELECT * FROM `db_car_washer` LIMIT 1   [ RunTime:0.0169s ]

[ 2019-03-19T17:59:00+08:00 ] 127.0.0.1 /index.php/Api/Order/CarWashOrder
INFO: [ app_init ] --START--
INFO: Run Behavior\BuildLiteBehavior [ RunTime:0.000017s ]
INFO: [ app_init ] --END-- [ RunTime:0.000107s ]
INFO: [ app_begin ] --START--
INFO: Run Behavior\ReadHtmlCacheBehavior [ RunTime:0.000072s ]
INFO: [ app_begin ] --END-- [ RunTime:0.000125s ]
SQL: SHOW COLUMNS FROM `db_member` [ RunTime:0.0135s ]
NOTIC: [8] Undefined index: fetchSql D:\test\Littlewhale\Application\Common\Service\ModelService.class.php 第 245 行.
SQL: SELECT `id` FROM `db_member` WHERE `token` = 'baeb09b5ac20fd3501c0c164e9fd2c17' AND `expired_time` >= 1552989540 AND `status` <> 0 LIMIT 1   [ RunTime:0.0111s ]
SQL: SHOW COLUMNS FROM `db_car_washer` [ RunTime:0.0120s ]
SQL: SELECT * FROM `db_car_washer` WHERE `mc_code` = 'A00002' LIMIT 1   [ RunTime:0.0119s ]
NOTIC: [2] strpos() expects parameter 1 to be string, array given D:\test\Littlewhale\Vendor\Txunda\Txunda.Param.php 第 97 行.
SQL: SHOW COLUMNS FROM `db_car_washer` [ RunTime:0.0410s ]
SQL: SELECT * FROM `db_car_washer` LIMIT 1   [ RunTime:0.0120s ]

[ 2019-03-19T17:59:26+08:00 ] 127.0.0.1 /index.php/Api/Order/CarWashOrder
INFO: [ app_init ] --START--
INFO: Run Behavior\BuildLiteBehavior [ RunTime:0.000033s ]
INFO: [ app_init ] --END-- [ RunTime:0.000287s ]
INFO: [ app_begin ] --START--
INFO: Run Behavior\ReadHtmlCacheBehavior [ RunTime:0.000410s ]
INFO: [ app_begin ] --END-- [ RunTime:0.000673s ]
SQL: SHOW COLUMNS FROM `db_member` [ RunTime:0.0101s ]
NOTIC: [8] Undefined index: fetchSql D:\test\Littlewhale\Application\Common\Service\ModelService.class.php 第 245 行.
SQL: SELECT `id` FROM `db_member` WHERE `token` = 'baeb09b5ac20fd3501c0c164e9fd2c17' AND `expired_time` >= 1552989566 AND `status` <> 0 LIMIT 1   [ RunTime:0.0092s ]
SQL: SHOW COLUMNS FROM `db_car_washer` [ RunTime:0.0110s ]
SQL: SELECT * FROM `db_car_washer` WHERE `mc_code` = 'A00002' LIMIT 1   [ RunTime:0.0122s ]
NOTIC: [2] strpos() expects parameter 1 to be string, array given D:\test\Littlewhale\Vendor\Txunda\Txunda.Param.php 第 97 行.
SQL: SHOW COLUMNS FROM `db_car_washer` [ RunTime:0.0098s ]
SQL: SELECT * FROM `db_car_washer` LIMIT 1   [ RunTime:0.0081s ]

[ 2019-03-19T17:59:54+08:00 ] 127.0.0.1 /index.php/Api/Order/CarWashOrder
INFO: [ app_init ] --START--
INFO: Run Behavior\BuildLiteBehavior [ RunTime:0.000033s ]
INFO: [ app_init ] --END-- [ RunTime:0.000207s ]
INFO: [ app_begin ] --START--
INFO: Run Behavior\ReadHtmlCacheBehavior [ RunTime:0.000159s ]
INFO: [ app_begin ] --END-- [ RunTime:0.000301s ]
SQL: SHOW COLUMNS FROM `db_member` [ RunTime:0.0111s ]
NOTIC: [8] Undefined index: fetchSql D:\test\Littlewhale\Application\Common\Service\ModelService.class.php 第 245 行.
SQL: SELECT `id` FROM `db_member` WHERE `token` = 'baeb09b5ac20fd3501c0c164e9fd2c17' AND `expired_time` >= 1552989594 AND `status` <> 0 LIMIT 1   [ RunTime:0.0104s ]
SQL: SHOW COLUMNS FROM `db_car_washer` [ RunTime:0.0100s ]
SQL: SELECT * FROM `db_car_washer` WHERE `mc_code` = 'A00002' LIMIT 1   [ RunTime:0.0097s ]
NOTIC: [2] strpos() expects parameter 1 to be string, array given D:\test\Littlewhale\Vendor\Txunda\Txunda.Param.php 第 97 行.

[ 2019-03-19T18:00:27+08:00 ] 127.0.0.1 /index.php/Api/Order/CarWashOrder
INFO: [ app_init ] --START--
INFO: Run Behavior\BuildLiteBehavior [ RunTime:0.000027s ]
INFO: [ app_init ] --END-- [ RunTime:0.000229s ]
INFO: [ app_begin ] --START--
INFO: Run Behavior\ReadHtmlCacheBehavior [ RunTime:0.000167s ]
INFO: [ app_begin ] --END-- [ RunTime:0.000279s ]
SQL: SHOW COLUMNS FROM `db_member` [ RunTime:0.2195s ]
NOTIC: [8] Undefined index: fetchSql D:\test\Littlewhale\Application\Common\Service\ModelService.class.php 第 245 行.
SQL: SELECT `id` FROM `db_member` WHERE `token` = 'baeb09b5ac20fd3501c0c164e9fd2c17' AND `expired_time` >= 1552989627 AND `status` <> 0 LIMIT 1   [ RunTime:0.0235s ]
SQL: SHOW COLUMNS FROM `db_car_washer` [ RunTime:0.2544s ]
SQL: SELECT * FROM `db_car_washer` WHERE `mc_code` = 'A00002' LIMIT 1   [ RunTime:0.0540s ]
NOTIC: [2] strpos() expects parameter 1 to be string, array given D:\test\Littlewhale\Vendor\Txunda\Txunda.Param.php 第 97 行.
SQL: SHOW COLUMNS FROM `db_car_washer` [ RunTime:0.0144s ]
SQL: SELECT * FROM `db_car_washer` LIMIT 1   [ RunTime:0.0094s ]

[ 2019-03-19T18:01:08+08:00 ] 127.0.0.1 /index.php/Api/Order/CarWashOrder
INFO: [ app_init ] --START--
INFO: Run Behavior\BuildLiteBehavior [ RunTime:0.000020s ]
INFO: [ app_init ] --END-- [ RunTime:0.000117s ]
INFO: [ app_begin ] --START--
INFO: Run Behavior\ReadHtmlCacheBehavior [ RunTime:0.000138s ]
INFO: [ app_begin ] --END-- [ RunTime:0.000239s ]
SQL: SHOW COLUMNS FROM `db_member` [ RunTime:0.0100s ]
NOTIC: [8] Undefined index: fetchSql D:\test\Littlewhale\Application\Common\Service\ModelService.class.php 第 245 行.
SQL: SELECT `id` FROM `db_member` WHERE `token` = 'baeb09b5ac20fd3501c0c164e9fd2c17' AND `expired_time` >= 1552989668 AND `status` <> 0 LIMIT 1   [ RunTime:0.0089s ]
SQL: SHOW COLUMNS FROM `db_car_washer` [ RunTime:0.0103s ]
SQL: SELECT * FROM `db_car_washer` WHERE `mc_code` = 'A00002' LIMIT 1   [ RunTime:0.0100s ]
NOTIC: [2] strpos() expects parameter 1 to be string, array given D:\test\Littlewhale\Vendor\Txunda\Txunda.Param.php 第 97 行.
SQL: SHOW COLUMNS FROM `db_car_washer` [ RunTime:0.0101s ]
SQL: SELECT * FROM `db_car_washer` LIMIT 1   [ RunTime:0.0125s ]

[ 2019-03-19T18:01:36+08:00 ] 127.0.0.1 /index.php/Api/Order/CarWashOrder
INFO: [ app_init ] --START--
INFO: Run Behavior\BuildLiteBehavior [ RunTime:0.000064s ]
INFO: [ app_init ] --END-- [ RunTime:0.000426s ]
INFO: [ app_begin ] --START--
INFO: Run Behavior\ReadHtmlCacheBehavior [ RunTime:0.000185s ]
INFO: [ app_begin ] --END-- [ RunTime:0.000247s ]
SQL: SHOW COLUMNS FROM `db_member` [ RunTime:0.0098s ]
NOTIC: [8] Undefined index: fetchSql D:\test\Littlewhale\Application\Common\Service\ModelService.class.php 第 245 行.
SQL: SELECT `id` FROM `db_member` WHERE `token` = 'baeb09b5ac20fd3501c0c164e9fd2c17' AND `expired_time` >= 1552989695 AND `status` <> 0 LIMIT 1   [ RunTime:0.0081s ]
SQL: SHOW COLUMNS FROM `db_car_washer` [ RunTime:0.0097s ]
SQL: SELECT * FROM `db_car_washer` WHERE `mc_code` = 'A00002' LIMIT 1   [ RunTime:0.0096s ]
NOTIC: [2] strpos() expects parameter 1 to be string, array given D:\test\Littlewhale\Vendor\Txunda\Txunda.Param.php 第 97 行.
SQL: SHOW COLUMNS FROM `db_car_washer` [ RunTime:0.0095s ]
SQL: SELECT * FROM `db_car_washer` WHERE `mc_code` = 'A00002' LIMIT 1   [ RunTime:0.0091s ]

