[ 2019-01-15T05:22:24+08:00 ] 127.0.0.1 /index.php/Api/Pay/addBankCard
INFO: [ app_init ] --START--
INFO: Run Behavior\BuildLiteBehavior [ RunTime:0.000089s ]
INFO: [ app_init ] --END-- [ RunTime:0.007980s ]
INFO: [ app_begin ] --START--
INFO: Run Behavior\ReadHtmlCacheBehavior [ RunTime:0.021164s ]
INFO: [ app_begin ] --END-- [ RunTime:0.021278s ]
NOTIC: [8] Undefined index: token D:\test\Littlewhale\Application\Common\Common\function.php 第 350 行.

[ 2019-01-15T05:22:43+08:00 ] 127.0.0.1 /index.php/Api/Pay/addBankCard
INFO: [ app_init ] --START--
INFO: Run Behavior\BuildLiteBehavior [ RunTime:0.000051s ]
INFO: [ app_init ] --END-- [ RunTime:0.000396s ]
INFO: [ app_begin ] --START--
INFO: Run Behavior\ReadHtmlCacheBehavior [ RunTime:0.000213s ]
INFO: [ app_begin ] --END-- [ RunTime:0.000306s ]
SQL: SHOW COLUMNS FROM `db_agent` [ RunTime:0.0651s ]
NOTIC: [8] Undefined index: status D:\test\Littlewhale\Application\Common\Model\AgentModel.class.php 第 23 行.
SQL: SELECT `id`,`account`,`token`,`nickname`,`address`,`grade`,`balance`,`salt`,`password` FROM `db_agent` WHERE `token` = 'b7c6f0307448306e8c840ec6fc322cb4' AND `status` <> '9' LIMIT 1   [ RunTime:0.0752s ]
NOTIC: [8] Undefined index: status D:\test\Littlewhale\Application\Api\Controller\BaseController.class.php 第 117 行.
NOTIC: [8] Undefined index: status D:\test\Littlewhale\Application\Api\Controller\BaseController.class.php 第 120 行.
SQL: SHOW COLUMNS FROM `db_bank_card` [ RunTime:0.0656s ]
SQL: SELECT * FROM `db_bank_card` WHERE `agent_id` = 1 LIMIT 1   [ RunTime:0.0653s ]

[ 2019-01-15T05:24:17+08:00 ] 127.0.0.1 /index.php/Api/Pay/addBankCard
INFO: [ app_init ] --START--
INFO: Run Behavior\BuildLiteBehavior [ RunTime:0.000029s ]
INFO: [ app_init ] --END-- [ RunTime:0.000315s ]
INFO: [ app_begin ] --START--
INFO: Run Behavior\ReadHtmlCacheBehavior [ RunTime:0.000356s ]
INFO: [ app_begin ] --END-- [ RunTime:0.000719s ]
SQL: SHOW COLUMNS FROM `db_agent` [ RunTime:0.0595s ]
NOTIC: [8] Undefined index: status D:\test\Littlewhale\Application\Common\Model\AgentModel.class.php 第 23 行.
SQL: SELECT `id`,`account`,`token`,`nickname`,`address`,`grade`,`balance`,`salt`,`password` FROM `db_agent` WHERE `token` = 'b7c6f0307448306e8c840ec6fc322cb4' AND `status` <> '9' LIMIT 1   [ RunTime:0.0623s ]
NOTIC: [8] Undefined index: status D:\test\Littlewhale\Application\Api\Controller\BaseController.class.php 第 117 行.
NOTIC: [8] Undefined index: status D:\test\Littlewhale\Application\Api\Controller\BaseController.class.php 第 120 行.
SQL: SHOW COLUMNS FROM `db_bank_card` [ RunTime:0.0646s ]
SQL: SELECT * FROM `db_bank_card` WHERE `agent_id` = 1 AND `card_code` = '621669020750127784585' LIMIT 1   [ RunTime:0.0628s ]

[ 2019-01-15T05:27:25+08:00 ] 127.0.0.1 /index.php/Api/Pay/addBankCard
INFO: [ app_init ] --START--
INFO: Run Behavior\BuildLiteBehavior [ RunTime:0.000018s ]
INFO: [ app_init ] --END-- [ RunTime:0.000166s ]
INFO: [ app_begin ] --START--
INFO: Run Behavior\ReadHtmlCacheBehavior [ RunTime:0.000204s ]
INFO: [ app_begin ] --END-- [ RunTime:0.000315s ]
SQL: SHOW COLUMNS FROM `db_agent` [ RunTime:0.0599s ]
NOTIC: [8] Undefined index: status D:\test\Littlewhale\Application\Common\Model\AgentModel.class.php 第 23 行.
SQL: SELECT `id`,`account`,`token`,`nickname`,`address`,`grade`,`balance`,`salt`,`password` FROM `db_agent` WHERE `token` = 'b7c6f0307448306e8c840ec6fc322cb4' AND `status` <> '9' LIMIT 1   [ RunTime:0.0691s ]
NOTIC: [8] Undefined index: status D:\test\Littlewhale\Application\Api\Controller\BaseController.class.php 第 117 行.
NOTIC: [8] Undefined index: status D:\test\Littlewhale\Application\Api\Controller\BaseController.class.php 第 120 行.
SQL: SHOW COLUMNS FROM `db_bank_card` [ RunTime:0.0587s ]
SQL: SELECT * FROM `db_bank_card` WHERE `agent_id` = 1 LIMIT 1   [ RunTime:0.0597s ]
SQL: UPDATE `db_bank_card` SET `agent_id`='1',`card_name`='王子',`card_code`='621669020750127784585',`ID_card`='587456988541235187',`phone`='18635359874',`card_id`='1' WHERE `agent_id` = 1 [ RunTime:0.0635s ]

[ 2019-01-15T05:36:29+08:00 ] 127.0.0.1 /index.php/Api/Pay/addBankCard
INFO: [ app_init ] --START--
INFO: Run Behavior\BuildLiteBehavior [ RunTime:0.000015s ]
INFO: [ app_init ] --END-- [ RunTime:0.000136s ]
INFO: [ app_begin ] --START--
INFO: Run Behavior\ReadHtmlCacheBehavior [ RunTime:0.000152s ]
INFO: [ app_begin ] --END-- [ RunTime:0.000205s ]
SQL: SHOW COLUMNS FROM `db_agent` [ RunTime:0.0559s ]
NOTIC: [8] Undefined index: status D:\test\Littlewhale\Application\Common\Model\AgentModel.class.php 第 23 行.
SQL: SELECT `id`,`account`,`token`,`nickname`,`address`,`grade`,`balance`,`salt`,`password` FROM `db_agent` WHERE `token` = 'b7c6f0307448306e8c840ec6fc322cb4' AND `status` <> '9' LIMIT 1   [ RunTime:0.0627s ]
NOTIC: [8] Undefined index: status D:\test\Littlewhale\Application\Api\Controller\BaseController.class.php 第 117 行.
NOTIC: [8] Undefined index: status D:\test\Littlewhale\Application\Api\Controller\BaseController.class.php 第 120 行.
SQL: SHOW COLUMNS FROM `db_bank_card` [ RunTime:0.0566s ]
SQL: SELECT * FROM `db_bank_card` WHERE `agent_id` = 1 AND `card_code` = '621669020750127784585' LIMIT 1   [ RunTime:0.0553s ]

[ 2019-01-15T05:36:30+08:00 ] 127.0.0.1 /index.php/Api/Pay/addBankCard
INFO: [ app_init ] --START--
INFO: Run Behavior\BuildLiteBehavior [ RunTime:0.000016s ]
INFO: [ app_init ] --END-- [ RunTime:0.000097s ]
INFO: [ app_begin ] --START--
INFO: Run Behavior\ReadHtmlCacheBehavior [ RunTime:0.000070s ]
INFO: [ app_begin ] --END-- [ RunTime:0.000133s ]
SQL: SHOW COLUMNS FROM `db_agent` [ RunTime:0.0594s ]
NOTIC: [8] Undefined index: status D:\test\Littlewhale\Application\Common\Model\AgentModel.class.php 第 23 行.
SQL: SELECT `id`,`account`,`token`,`nickname`,`address`,`grade`,`balance`,`salt`,`password` FROM `db_agent` WHERE `token` = 'b7c6f0307448306e8c840ec6fc322cb4' AND `status` <> '9' LIMIT 1   [ RunTime:0.0673s ]
NOTIC: [8] Undefined index: status D:\test\Littlewhale\Application\Api\Controller\BaseController.class.php 第 117 行.
NOTIC: [8] Undefined index: status D:\test\Littlewhale\Application\Api\Controller\BaseController.class.php 第 120 行.
SQL: SHOW COLUMNS FROM `db_bank_card` [ RunTime:0.0592s ]
SQL: SELECT * FROM `db_bank_card` WHERE `agent_id` = 1 AND `card_code` = '621669020750127784585' LIMIT 1   [ RunTime:0.0579s ]

[ 2019-01-15T05:36:32+08:00 ] 127.0.0.1 /index.php/Api/Pay/addBankCard
INFO: [ app_init ] --START--
INFO: Run Behavior\BuildLiteBehavior [ RunTime:0.000016s ]
INFO: [ app_init ] --END-- [ RunTime:0.000096s ]
INFO: [ app_begin ] --START--
INFO: Run Behavior\ReadHtmlCacheBehavior [ RunTime:0.000070s ]
INFO: [ app_begin ] --END-- [ RunTime:0.000131s ]
SQL: SHOW COLUMNS FROM `db_agent` [ RunTime:0.0680s ]
NOTIC: [8] Undefined index: status D:\test\Littlewhale\Application\Common\Model\AgentModel.class.php 第 23 行.
SQL: SELECT `id`,`account`,`token`,`nickname`,`address`,`grade`,`balance`,`salt`,`password` FROM `db_agent` WHERE `token` = 'b7c6f0307448306e8c840ec6fc322cb4' AND `status` <> '9' LIMIT 1   [ RunTime:0.0783s ]
NOTIC: [8] Undefined index: status D:\test\Littlewhale\Application\Api\Controller\BaseController.class.php 第 117 行.
NOTIC: [8] Undefined index: status D:\test\Littlewhale\Application\Api\Controller\BaseController.class.php 第 120 行.
SQL: SHOW COLUMNS FROM `db_bank_card` [ RunTime:0.0643s ]
SQL: SELECT * FROM `db_bank_card` WHERE `agent_id` = 1 AND `card_code` = '621669020750127784585' LIMIT 1   [ RunTime:0.0659s ]

[ 2019-01-15T05:36:47+08:00 ] 127.0.0.1 /index.php/Api/Pay/addBankCard
INFO: [ app_init ] --START--
INFO: Run Behavior\BuildLiteBehavior [ RunTime:0.000102s ]
INFO: [ app_init ] --END-- [ RunTime:0.000545s ]
INFO: [ app_begin ] --START--
INFO: Run Behavior\ReadHtmlCacheBehavior [ RunTime:0.000204s ]
INFO: [ app_begin ] --END-- [ RunTime:0.000282s ]
SQL: SHOW COLUMNS FROM `db_agent` [ RunTime:0.0673s ]
NOTIC: [8] Undefined index: status D:\test\Littlewhale\Application\Common\Model\AgentModel.class.php 第 23 行.
SQL: SELECT `id`,`account`,`token`,`nickname`,`address`,`grade`,`balance`,`salt`,`password` FROM `db_agent` WHERE `token` = 'b7c6f0307448306e8c840ec6fc322cb4' AND `status` <> '9' LIMIT 1   [ RunTime:0.0754s ]
NOTIC: [8] Undefined index: status D:\test\Littlewhale\Application\Api\Controller\BaseController.class.php 第 117 行.
NOTIC: [8] Undefined index: status D:\test\Littlewhale\Application\Api\Controller\BaseController.class.php 第 120 行.
SQL: SHOW COLUMNS FROM `db_bank_card` [ RunTime:0.0645s ]
SQL: SELECT * FROM `db_bank_card` WHERE `agent_id` = 1 AND `card_code` = '621669020780127784585' LIMIT 1   [ RunTime:0.0654s ]
SQL: INSERT INTO `db_bank_card` (`agent_id`,`card_name`,`card_code`,`ID_card`,`phone`,`card_id`) VALUES ('1','王子','621669020780127784585','587456988541235187','18635359874','1') [ RunTime:0.0748s ]

[ 2019-01-15T05:38:58+08:00 ] 127.0.0.1 /index.php/Api/Pay/addBankCard
INFO: [ app_init ] --START--
INFO: Run Behavior\BuildLiteBehavior [ RunTime:0.000020s ]
INFO: [ app_init ] --END-- [ RunTime:0.000185s ]
INFO: [ app_begin ] --START--
INFO: Run Behavior\ReadHtmlCacheBehavior [ RunTime:0.000289s ]
INFO: [ app_begin ] --END-- [ RunTime:0.000416s ]
SQL: SHOW COLUMNS FROM `db_agent` [ RunTime:0.0661s ]
NOTIC: [8] Undefined index: status D:\test\Littlewhale\Application\Common\Model\AgentModel.class.php 第 23 行.
SQL: SELECT `id`,`account`,`token`,`nickname`,`address`,`grade`,`balance`,`salt`,`password` FROM `db_agent` WHERE `token` = 'b7c6f0307448306e8c840ec6fc322cb4' AND `status` <> '9' LIMIT 1   [ RunTime:0.0767s ]
NOTIC: [8] Undefined index: status D:\test\Littlewhale\Application\Api\Controller\BaseController.class.php 第 117 行.
NOTIC: [8] Undefined index: status D:\test\Littlewhale\Application\Api\Controller\BaseController.class.php 第 120 行.
SQL: SHOW COLUMNS FROM `db_bank_card` [ RunTime:0.1118s ]
SQL: SELECT * FROM `db_bank_card` WHERE `agent_id` = 1 AND `card_code` = '621669020780127784585' LIMIT 1   [ RunTime:0.0654s ]

[ 2019-01-15T05:56:31+08:00 ] 127.0.0.1 /index.php/Api/Pay/addBankCard
INFO: [ app_init ] --START--
INFO: Run Behavior\BuildLiteBehavior [ RunTime:0.000020s ]
INFO: [ app_init ] --END-- [ RunTime:0.000167s ]
INFO: [ app_begin ] --START--
INFO: Run Behavior\ReadHtmlCacheBehavior [ RunTime:0.000239s ]
INFO: [ app_begin ] --END-- [ RunTime:0.000307s ]
SQL: SHOW COLUMNS FROM `db_agent` [ RunTime:0.0649s ]
NOTIC: [8] Undefined index: status D:\test\Littlewhale\Application\Common\Model\AgentModel.class.php 第 23 行.
SQL: SELECT `id`,`account`,`token`,`nickname`,`address`,`grade`,`balance`,`salt`,`password` FROM `db_agent` WHERE `token` = 'b7c6f0307448306e8c840ec6fc322cb4' AND `status` <> '9' LIMIT 1   [ RunTime:0.0759s ]
NOTIC: [8] Undefined index: status D:\test\Littlewhale\Application\Api\Controller\BaseController.class.php 第 117 行.
NOTIC: [8] Undefined index: status D:\test\Littlewhale\Application\Api\Controller\BaseController.class.php 第 120 行.
SQL: SHOW COLUMNS FROM `db_bank_card` [ RunTime:0.0627s ]
SQL: SELECT * FROM `db_bank_card` WHERE `agent_id` = 1 LIMIT 1   [ RunTime:0.0624s ]
SQL: UPDATE `db_bank_card` SET `agent_id`='1',`card_name`='王子',`card_code`='621669020780127784585',`ID_card`='587456988541235187',`phone`='18635359874',`card_id`='1' WHERE `agent_id` = 1 [ RunTime:0.0829s ]

[ 2019-01-15T05:57:13+08:00 ] 127.0.0.1 /index.php/Api/Pay/addBankCard
INFO: [ app_init ] --START--
INFO: Run Behavior\BuildLiteBehavior [ RunTime:0.000022s ]
INFO: [ app_init ] --END-- [ RunTime:0.000194s ]
INFO: [ app_begin ] --START--
INFO: Run Behavior\ReadHtmlCacheBehavior [ RunTime:0.000196s ]
INFO: [ app_begin ] --END-- [ RunTime:0.000270s ]
SQL: SHOW COLUMNS FROM `db_agent` [ RunTime:0.0654s ]
NOTIC: [8] Undefined index: status D:\test\Littlewhale\Application\Common\Model\AgentModel.class.php 第 23 行.
SQL: SELECT `id`,`account`,`token`,`nickname`,`address`,`grade`,`balance`,`salt`,`password` FROM `db_agent` WHERE `token` = 'b7c6f0307448306e8c840ec6fc322cb4' AND `status` <> '9' LIMIT 1   [ RunTime:0.0757s ]
NOTIC: [8] Undefined index: status D:\test\Littlewhale\Application\Api\Controller\BaseController.class.php 第 117 行.
NOTIC: [8] Undefined index: status D:\test\Littlewhale\Application\Api\Controller\BaseController.class.php 第 120 行.
SQL: SHOW COLUMNS FROM `db_bank_card` [ RunTime:0.0658s ]
SQL: SELECT * FROM `db_bank_card` WHERE `agent_id` = 1 AND `card_code` = '621669020780127784585' LIMIT 1   [ RunTime:0.0660s ]

[ 2019-01-15T05:57:24+08:00 ] 127.0.0.1 /index.php/Api/Pay/addBankCard
INFO: [ app_init ] --START--
INFO: Run Behavior\BuildLiteBehavior [ RunTime:0.000025s ]
INFO: [ app_init ] --END-- [ RunTime:0.000197s ]
INFO: [ app_begin ] --START--
INFO: Run Behavior\ReadHtmlCacheBehavior [ RunTime:0.000191s ]
INFO: [ app_begin ] --END-- [ RunTime:0.000319s ]
SQL: SHOW COLUMNS FROM `db_agent` [ RunTime:0.0675s ]
NOTIC: [8] Undefined index: status D:\test\Littlewhale\Application\Common\Model\AgentModel.class.php 第 23 行.
SQL: SELECT `id`,`account`,`token`,`nickname`,`address`,`grade`,`balance`,`salt`,`password` FROM `db_agent` WHERE `token` = 'b7c6f0307448306e8c840ec6fc322cb4' AND `status` <> '9' LIMIT 1   [ RunTime:0.0744s ]
NOTIC: [8] Undefined index: status D:\test\Littlewhale\Application\Api\Controller\BaseController.class.php 第 117 行.
NOTIC: [8] Undefined index: status D:\test\Littlewhale\Application\Api\Controller\BaseController.class.php 第 120 行.
SQL: SHOW COLUMNS FROM `db_bank_card` [ RunTime:0.0653s ]
SQL: SELECT * FROM `db_bank_card` WHERE `agent_id` = 1 AND `card_code` = '621669027780127784585' LIMIT 1   [ RunTime:0.0644s ]
SQL: INSERT INTO `db_bank_card` (`agent_id`,`card_name`,`card_code`,`ID_card`,`phone`,`card_id`) VALUES ('1','王子','621669027780127784585','587456988541235187','18635359874','1') [ RunTime:0.0717s ]

[ 2019-01-15T06:12:13+08:00 ] 127.0.0.1 /index.php/Api/Pay/addBankCard
INFO: [ app_init ] --START--
INFO: Run Behavior\BuildLiteBehavior [ RunTime:0.000018s ]
INFO: [ app_init ] --END-- [ RunTime:0.000162s ]
INFO: [ app_begin ] --START--
INFO: Run Behavior\ReadHtmlCacheBehavior [ RunTime:0.000217s ]
INFO: [ app_begin ] --END-- [ RunTime:0.000315s ]
SQL: SHOW COLUMNS FROM `db_agent` [ RunTime:0.0681s ]
NOTIC: [8] Undefined index: status D:\test\Littlewhale\Application\Common\Model\AgentModel.class.php 第 23 行.
SQL: SELECT `id`,`account`,`token`,`nickname`,`address`,`grade`,`balance`,`salt`,`password` FROM `db_agent` WHERE `token` = 'b7c6f0307448306e8c840ec6fc322cb4' AND `status` <> '9' LIMIT 1   [ RunTime:0.0672s ]
NOTIC: [8] Undefined index: status D:\test\Littlewhale\Application\Api\Controller\BaseController.class.php 第 117 行.
NOTIC: [8] Undefined index: status D:\test\Littlewhale\Application\Api\Controller\BaseController.class.php 第 120 行.
SQL: SHOW COLUMNS FROM `db_bank_card` [ RunTime:0.0791s ]
SQL: SELECT * FROM `db_bank_card` WHERE `agent_id` = 1 LIMIT 1   [ RunTime:0.0709s ]
SQL: UPDATE `db_bank_card` SET `agent_id`='1',`card_name`='王子',`card_code`='621669027780127784585',`ID_card`='587456988541235187',`phone`='18635359874',`card_id`='1' WHERE `agent_id` = 1 [ RunTime:0.0869s ]

[ 2019-01-15T06:12:27+08:00 ] 127.0.0.1 /index.php/Api/Pay/addBankCard
INFO: [ app_init ] --START--
INFO: Run Behavior\BuildLiteBehavior [ RunTime:0.000024s ]
INFO: [ app_init ] --END-- [ RunTime:0.000267s ]
INFO: [ app_begin ] --START--
INFO: Run Behavior\ReadHtmlCacheBehavior [ RunTime:0.000210s ]
INFO: [ app_begin ] --END-- [ RunTime:0.000291s ]
SQL: SHOW COLUMNS FROM `db_agent` [ RunTime:0.0587s ]
NOTIC: [8] Undefined index: status D:\test\Littlewhale\Application\Common\Model\AgentModel.class.php 第 23 行.
SQL: SELECT `id`,`account`,`token`,`nickname`,`address`,`grade`,`balance`,`salt`,`password` FROM `db_agent` WHERE `token` = 'b7c6f0307448306e8c840ec6fc322cb4' AND `status` <> '9' LIMIT 1   [ RunTime:0.0646s ]
NOTIC: [8] Undefined index: status D:\test\Littlewhale\Application\Api\Controller\BaseController.class.php 第 117 行.
NOTIC: [8] Undefined index: status D:\test\Littlewhale\Application\Api\Controller\BaseController.class.php 第 120 行.
SQL: SHOW COLUMNS FROM `db_bank_card` [ RunTime:0.0574s ]
SQL: SELECT * FROM `db_bank_card` WHERE `agent_id` = 1 AND `card_code` = '621669027780127784585' LIMIT 1   [ RunTime:0.0467s ]
SQL: UPDATE `db_bank_card` SET `agent_id`='1',`card_name`='王子',`card_code`='621669027780127784585',`ID_card`='587456988541235187',`phone`='18635359874',`card_id`='1' WHERE `agent_id` = 1 [ RunTime:0.0665s ]

[ 2019-01-15T06:12:40+08:00 ] 127.0.0.1 /index.php/Api/Pay/addBankCard
INFO: [ app_init ] --START--
INFO: Run Behavior\BuildLiteBehavior [ RunTime:0.000034s ]
INFO: [ app_init ] --END-- [ RunTime:0.000261s ]
INFO: [ app_begin ] --START--
INFO: Run Behavior\ReadHtmlCacheBehavior [ RunTime:0.000259s ]
INFO: [ app_begin ] --END-- [ RunTime:0.000409s ]
SQL: SHOW COLUMNS FROM `db_agent` [ RunTime:0.0505s ]
NOTIC: [8] Undefined index: status D:\test\Littlewhale\Application\Common\Model\AgentModel.class.php 第 23 行.
SQL: SELECT `id`,`account`,`token`,`nickname`,`address`,`grade`,`balance`,`salt`,`password` FROM `db_agent` WHERE `token` = 'b7c6f0307448306e8c840ec6fc322cb4' AND `status` <> '9' LIMIT 1   [ RunTime:0.0589s ]
NOTIC: [8] Undefined index: status D:\test\Littlewhale\Application\Api\Controller\BaseController.class.php 第 117 行.
NOTIC: [8] Undefined index: status D:\test\Littlewhale\Application\Api\Controller\BaseController.class.php 第 120 行.
SQL: SHOW COLUMNS FROM `db_bank_card` [ RunTime:0.0711s ]
SQL: SELECT * FROM `db_bank_card` WHERE `agent_id` = 1 AND `card_code` = '621669027780187784585' LIMIT 1   [ RunTime:0.0569s ]
SQL: SELECT * FROM `db_bank_card` WHERE `agent_id` = 1 LIMIT 1   [ RunTime:0.0621s ]
SQL: UPDATE `db_bank_card` SET `agent_id`='1',`card_name`='王子',`card_code`='621669027780187784585',`ID_card`='587456988541235187',`phone`='18635359874',`card_id`='1' WHERE `agent_id` = 1 [ RunTime:0.0614s ]

[ 2019-01-15T06:20:02+08:00 ] 127.0.0.1 /index.php/Api/Pay/addBankCard
INFO: [ app_init ] --START--
INFO: Run Behavior\BuildLiteBehavior [ RunTime:0.000020s ]
INFO: [ app_init ] --END-- [ RunTime:0.000173s ]
INFO: [ app_begin ] --START--
INFO: Run Behavior\ReadHtmlCacheBehavior [ RunTime:0.000236s ]
INFO: [ app_begin ] --END-- [ RunTime:0.000389s ]
NOTIC: [8] Undefined index: token D:\test\Littlewhale\Application\Common\Common\function.php 第 350 行.

[ 2019-01-15T06:20:14+08:00 ] 127.0.0.1 /index.php/Api/Pay/addBankCard
INFO: [ app_init ] --START--
INFO: Run Behavior\BuildLiteBehavior [ RunTime:0.000018s ]
INFO: [ app_init ] --END-- [ RunTime:0.000154s ]
INFO: [ app_begin ] --START--
INFO: Run Behavior\ReadHtmlCacheBehavior [ RunTime:0.000182s ]
INFO: [ app_begin ] --END-- [ RunTime:0.000248s ]
SQL: SHOW COLUMNS FROM `db_agent` [ RunTime:0.0529s ]
NOTIC: [8] Undefined index: status D:\test\Littlewhale\Application\Common\Model\AgentModel.class.php 第 23 行.
SQL: SELECT `id`,`account`,`token`,`nickname`,`address`,`grade`,`balance`,`salt`,`password` FROM `db_agent` WHERE `token` = 'b7c6f0307448306e8c840ec6fc322cb4' AND `status` <> '9' LIMIT 1   [ RunTime:0.0510s ]
NOTIC: [8] Undefined index: status D:\test\Littlewhale\Application\Api\Controller\BaseController.class.php 第 117 行.
NOTIC: [8] Undefined index: status D:\test\Littlewhale\Application\Api\Controller\BaseController.class.php 第 120 行.
SQL: SHOW COLUMNS FROM `db_bank_card` [ RunTime:0.0664s ]
SQL: SELECT * FROM `db_bank_card` WHERE `agent_id` = 1 AND `card_code` = '621669027780187784585' LIMIT 1   [ RunTime:0.0756s ]
SQL: UPDATE `db_bank_card` SET `agent_id`='1',`card_name`='王子',`card_code`='621669027780187784585',`ID_card`='587456988541235187',`phone`='18635359874',`card_id`='1' WHERE `agent_id` = 1 [ RunTime:0.0640s ]

[ 2019-01-15T06:20:29+08:00 ] 127.0.0.1 /index.php/Api/Pay/addBankCard
INFO: [ app_init ] --START--
INFO: Run Behavior\BuildLiteBehavior [ RunTime:0.000052s ]
INFO: [ app_init ] --END-- [ RunTime:0.000351s ]
INFO: [ app_begin ] --START--
INFO: Run Behavior\ReadHtmlCacheBehavior [ RunTime:0.000197s ]
INFO: [ app_begin ] --END-- [ RunTime:0.000336s ]
SQL: SHOW COLUMNS FROM `db_agent` [ RunTime:0.0528s ]
NOTIC: [8] Undefined index: status D:\test\Littlewhale\Application\Common\Model\AgentModel.class.php 第 23 行.
SQL: SELECT `id`,`account`,`token`,`nickname`,`address`,`grade`,`balance`,`salt`,`password` FROM `db_agent` WHERE `token` = 'b7c6f0307448306e8c840ec6fc322cb4' AND `status` <> '9' LIMIT 1   [ RunTime:0.0705s ]
NOTIC: [8] Undefined index: status D:\test\Littlewhale\Application\Api\Controller\BaseController.class.php 第 117 行.
NOTIC: [8] Undefined index: status D:\test\Littlewhale\Application\Api\Controller\BaseController.class.php 第 120 行.
SQL: SHOW COLUMNS FROM `db_bank_card` [ RunTime:0.0587s ]
SQL: SELECT * FROM `db_bank_card` WHERE `agent_id` = 1 AND `card_code` = '621669027780187784585' LIMIT 1   [ RunTime:0.0616s ]
SQL: SELECT * FROM `db_bank_card` WHERE `agent_id` = 1 LIMIT 1   [ RunTime:0.0659s ]

[ 2019-01-15T06:20:31+08:00 ] 127.0.0.1 /index.php/Api/Pay/addBankCard
INFO: [ app_init ] --START--
INFO: Run Behavior\BuildLiteBehavior [ RunTime:0.000028s ]
INFO: [ app_init ] --END-- [ RunTime:0.000150s ]
INFO: [ app_begin ] --START--
INFO: Run Behavior\ReadHtmlCacheBehavior [ RunTime:0.000163s ]
INFO: [ app_begin ] --END-- [ RunTime:0.000341s ]
SQL: SHOW COLUMNS FROM `db_agent` [ RunTime:0.0653s ]
NOTIC: [8] Undefined index: status D:\test\Littlewhale\Application\Common\Model\AgentModel.class.php 第 23 行.
SQL: SELECT `id`,`account`,`token`,`nickname`,`address`,`grade`,`balance`,`salt`,`password` FROM `db_agent` WHERE `token` = 'b7c6f0307448306e8c840ec6fc322cb4' AND `status` <> '9' LIMIT 1   [ RunTime:0.0689s ]
NOTIC: [8] Undefined index: status D:\test\Littlewhale\Application\Api\Controller\BaseController.class.php 第 117 行.
NOTIC: [8] Undefined index: status D:\test\Littlewhale\Application\Api\Controller\BaseController.class.php 第 120 行.
SQL: SHOW COLUMNS FROM `db_bank_card` [ RunTime:0.0837s ]
SQL: SELECT * FROM `db_bank_card` WHERE `agent_id` = 1 AND `card_code` = '621669027780187784585' LIMIT 1   [ RunTime:0.0787s ]
SQL: SELECT * FROM `db_bank_card` WHERE `agent_id` = 1 LIMIT 1   [ RunTime:0.0668s ]

[ 2019-01-15T06:26:09+08:00 ] 127.0.0.1 /index.php/Api/Pay/addBankCard
INFO: [ app_init ] --START--
INFO: Run Behavior\BuildLiteBehavior [ RunTime:0.000017s ]
INFO: [ app_init ] --END-- [ RunTime:0.000179s ]
INFO: [ app_begin ] --START--
INFO: Run Behavior\ReadHtmlCacheBehavior [ RunTime:0.000798s ]
INFO: [ app_begin ] --END-- [ RunTime:0.001193s ]
SQL: SHOW COLUMNS FROM `db_agent` [ RunTime:0.0576s ]
NOTIC: [8] Undefined index: status D:\test\Littlewhale\Application\Common\Model\AgentModel.class.php 第 23 行.
SQL: SELECT `id`,`account`,`token`,`nickname`,`address`,`grade`,`balance`,`salt`,`password` FROM `db_agent` WHERE `token` = 'b7c6f0307448306e8c840ec6fc322cb4' AND `status` <> '9' LIMIT 1   [ RunTime:0.0657s ]
NOTIC: [8] Undefined index: status D:\test\Littlewhale\Application\Api\Controller\BaseController.class.php 第 117 行.
NOTIC: [8] Undefined index: status D:\test\Littlewhale\Application\Api\Controller\BaseController.class.php 第 120 行.
SQL: SHOW COLUMNS FROM `db_bank_card` [ RunTime:0.0569s ]
SQL: SELECT * FROM `db_bank_card` WHERE `agent_id` = 1 AND `card_code` = '621669027780187784585' LIMIT 1   [ RunTime:0.0533s ]
SQL: UPDATE `db_bank_card` SET `agent_id`='1',`card_name`='王子',`card_code`='621669027780187784585',`ID_card`='587456988541235187',`phone`='18635359874',`card_id`='1' WHERE `agent_id` = 1 [ RunTime:0.0610s ]

[ 2019-01-15T06:26:20+08:00 ] 127.0.0.1 /index.php/Api/Pay/addBankCard
INFO: [ app_init ] --START--
INFO: Run Behavior\BuildLiteBehavior [ RunTime:0.000142s ]
INFO: [ app_init ] --END-- [ RunTime:0.000517s ]
INFO: [ app_begin ] --START--
INFO: Run Behavior\ReadHtmlCacheBehavior [ RunTime:0.000203s ]
INFO: [ app_begin ] --END-- [ RunTime:0.000281s ]
SQL: SHOW COLUMNS FROM `db_agent` [ RunTime:0.0488s ]
NOTIC: [8] Undefined index: status D:\test\Littlewhale\Application\Common\Model\AgentModel.class.php 第 23 行.
SQL: SELECT `id`,`account`,`token`,`nickname`,`address`,`grade`,`balance`,`salt`,`password` FROM `db_agent` WHERE `token` = 'b7c6f0307448306e8c840ec6fc322cb4' AND `status` <> '9' LIMIT 1   [ RunTime:0.0702s ]
NOTIC: [8] Undefined index: status D:\test\Littlewhale\Application\Api\Controller\BaseController.class.php 第 117 行.
NOTIC: [8] Undefined index: status D:\test\Littlewhale\Application\Api\Controller\BaseController.class.php 第 120 行.
SQL: SHOW COLUMNS FROM `db_bank_card` [ RunTime:0.0515s ]
SQL: SELECT * FROM `db_bank_card` WHERE `agent_id` = 1 AND `card_code` = '621669087780187784585' LIMIT 1   [ RunTime:0.0630s ]
SQL: SELECT * FROM `db_bank_card` WHERE `agent_id` = 1 LIMIT 1   [ RunTime:0.0546s ]
SQL: UPDATE `db_bank_card` SET `agent_id`='1',`card_name`='王子',`card_code`='621669087780187784585',`ID_card`='587456988541235187',`phone`='18635359874',`card_id`='1' WHERE `agent_id` = 1 [ RunTime:0.0747s ]

[ 2019-01-15T06:26:32+08:00 ] 127.0.0.1 /index.php/Api/Pay/addBankCard
INFO: [ app_init ] --START--
INFO: Run Behavior\BuildLiteBehavior [ RunTime:0.000018s ]
INFO: [ app_init ] --END-- [ RunTime:0.000118s ]
INFO: [ app_begin ] --START--
INFO: Run Behavior\ReadHtmlCacheBehavior [ RunTime:0.000083s ]
INFO: [ app_begin ] --END-- [ RunTime:0.000149s ]
SQL: SHOW COLUMNS FROM `db_agent` [ RunTime:0.0668s ]
NOTIC: [8] Undefined index: status D:\test\Littlewhale\Application\Common\Model\AgentModel.class.php 第 23 行.
SQL: SELECT `id`,`account`,`token`,`nickname`,`address`,`grade`,`balance`,`salt`,`password` FROM `db_agent` WHERE `token` = 'b7c6f0307448306e8c840ec6fc322cb4' AND `status` <> '9' LIMIT 1   [ RunTime:0.0714s ]
NOTIC: [8] Undefined index: status D:\test\Littlewhale\Application\Api\Controller\BaseController.class.php 第 117 行.
NOTIC: [8] Undefined index: status D:\test\Littlewhale\Application\Api\Controller\BaseController.class.php 第 120 行.
SQL: SHOW COLUMNS FROM `db_bank_card` [ RunTime:0.0666s ]
SQL: SELECT * FROM `db_bank_card` WHERE `agent_id` = 1 AND `card_code` = '621669087780187784585' LIMIT 1   [ RunTime:0.0658s ]
SQL: UPDATE `db_bank_card` SET `agent_id`='1',`card_name`='王子',`card_code`='621669087780187784585',`ID_card`='587456988541235187',`phone`='18635359874',`card_id`='1' WHERE `agent_id` = 1 [ RunTime:0.0695s ]

[ 2019-01-15T06:26:42+08:00 ] 127.0.0.1 /index.php/Api/Pay/addBankCard
INFO: [ app_init ] --START--
INFO: Run Behavior\BuildLiteBehavior [ RunTime:0.000038s ]
INFO: [ app_init ] --END-- [ RunTime:0.000286s ]
INFO: [ app_begin ] --START--
INFO: Run Behavior\ReadHtmlCacheBehavior [ RunTime:0.000259s ]
INFO: [ app_begin ] --END-- [ RunTime:0.000414s ]
SQL: SHOW COLUMNS FROM `db_agent` [ RunTime:0.0601s ]
NOTIC: [8] Undefined index: status D:\test\Littlewhale\Application\Common\Model\AgentModel.class.php 第 23 行.
SQL: SELECT `id`,`account`,`token`,`nickname`,`address`,`grade`,`balance`,`salt`,`password` FROM `db_agent` WHERE `token` = 'b7c6f0307448306e8c840ec6fc322cb4' AND `status` <> '9' LIMIT 1   [ RunTime:0.0679s ]
NOTIC: [8] Undefined index: status D:\test\Littlewhale\Application\Api\Controller\BaseController.class.php 第 117 行.
NOTIC: [8] Undefined index: status D:\test\Littlewhale\Application\Api\Controller\BaseController.class.php 第 120 行.
SQL: SHOW COLUMNS FROM `db_bank_card` [ RunTime:0.0590s ]
SQL: SELECT * FROM `db_bank_card` WHERE `agent_id` = 1 AND `card_code` = '621669087788187784585' LIMIT 1   [ RunTime:0.0590s ]
SQL: SELECT * FROM `db_bank_card` WHERE `agent_id` = 1 LIMIT 1   [ RunTime:0.0576s ]
SQL: UPDATE `db_bank_card` SET `agent_id`='1',`card_name`='王子',`card_code`='621669087788187784585',`ID_card`='587456988541235187',`phone`='18635359874',`card_id`='1' WHERE `agent_id` = 1 [ RunTime:0.0624s ]

[ 2019-01-15T06:27:17+08:00 ] 127.0.0.1 /index.php/Api/Pay/addBankCard
INFO: [ app_init ] --START--
INFO: Run Behavior\BuildLiteBehavior [ RunTime:0.000058s ]
INFO: [ app_init ] --END-- [ RunTime:0.000344s ]
INFO: [ app_begin ] --START--
INFO: Run Behavior\ReadHtmlCacheBehavior [ RunTime:0.000202s ]
INFO: [ app_begin ] --END-- [ RunTime:0.000349s ]
SQL: SHOW COLUMNS FROM `db_agent` [ RunTime:0.0597s ]
NOTIC: [8] Undefined index: status D:\test\Littlewhale\Application\Common\Model\AgentModel.class.php 第 23 行.
SQL: SELECT `id`,`account`,`token`,`nickname`,`address`,`grade`,`balance`,`salt`,`password` FROM `db_agent` WHERE `token` = 'b7c6f0307448306e8c840ec6fc322cb4' AND `status` <> '9' LIMIT 1   [ RunTime:0.0735s ]
NOTIC: [8] Undefined index: status D:\test\Littlewhale\Application\Api\Controller\BaseController.class.php 第 117 行.
NOTIC: [8] Undefined index: status D:\test\Littlewhale\Application\Api\Controller\BaseController.class.php 第 120 行.
SQL: SHOW COLUMNS FROM `db_bank_card` [ RunTime:0.0649s ]
SQL: SELECT * FROM `db_bank_card` WHERE `agent_id` = 1 AND `card_code` = '621669087718187784585' LIMIT 1   [ RunTime:0.0649s ]
SQL: SELECT * FROM `db_bank_card` WHERE `agent_id` = 1 LIMIT 1   [ RunTime:0.0636s ]
SQL: UPDATE `db_bank_card` SET `agent_id`='1',`card_name`='王子',`card_code`='621669087718187784585',`ID_card`='587456988541235187',`phone`='18635359874',`card_id`='1' WHERE `agent_id` = 1 [ RunTime:0.0723s ]

[ 2019-01-15T06:29:14+08:00 ] 127.0.0.1 /index.php/Api/Pay/bankType
INFO: [ app_init ] --START--
INFO: Run Behavior\BuildLiteBehavior [ RunTime:0.000017s ]
INFO: [ app_init ] --END-- [ RunTime:0.000190s ]
INFO: [ app_begin ] --START--
INFO: Run Behavior\ReadHtmlCacheBehavior [ RunTime:0.000265s ]
INFO: [ app_begin ] --END-- [ RunTime:0.000391s ]
SQL: SHOW COLUMNS FROM `db_bank_type` [ RunTime:0.0603s ]
SQL: SELECT `bank_name`,`bank_pic` FROM `db_bank_type` WHERE `status` = 1  [ RunTime:0.0591s ]
SQL: SHOW COLUMNS FROM `db_file` [ RunTime:0.0601s ]
SQL: SELECT `path` FROM `db_file` WHERE `id` = 210 LIMIT 1   [ RunTime:0.0624s ]
SQL: SELECT `path` FROM `db_file` WHERE `id` = 209 LIMIT 1   [ RunTime:0.0584s ]
SQL: SELECT `path` FROM `db_file` WHERE `id` = 208 LIMIT 1   [ RunTime:0.0587s ]

[ 2019-01-15T06:53:30+08:00 ] 127.0.0.1 /index.php/Api/Pay/bankType
INFO: [ app_init ] --START--
INFO: Run Behavior\BuildLiteBehavior [ RunTime:0.000023s ]
INFO: [ app_init ] --END-- [ RunTime:0.000191s ]
INFO: [ app_begin ] --START--
INFO: Run Behavior\ReadHtmlCacheBehavior [ RunTime:0.000206s ]
INFO: [ app_begin ] --END-- [ RunTime:0.000287s ]
SQL: SHOW COLUMNS FROM `db_bank_type` [ RunTime:0.0636s ]
SQL: SELECT `bank_name`,`bank_pic` FROM `db_bank_type` WHERE `status` = 1  [ RunTime:0.0574s ]
SQL: SHOW COLUMNS FROM `db_file` [ RunTime:0.0595s ]
SQL: SELECT `path` FROM `db_file` WHERE `id` = 210 LIMIT 1   [ RunTime:0.0650s ]
SQL: SELECT `path` FROM `db_file` WHERE `id` = 209 LIMIT 1   [ RunTime:0.0637s ]
SQL: SELECT `path` FROM `db_file` WHERE `id` = 208 LIMIT 1   [ RunTime:0.0651s ]

[ 2019-01-15T06:54:04+08:00 ] 127.0.0.1 /index.php/Api/Pay/addBankCard
INFO: [ app_init ] --START--
INFO: Run Behavior\BuildLiteBehavior [ RunTime:0.000032s ]
INFO: [ app_init ] --END-- [ RunTime:0.000438s ]
INFO: [ app_begin ] --START--
INFO: Run Behavior\ReadHtmlCacheBehavior [ RunTime:0.000288s ]
INFO: [ app_begin ] --END-- [ RunTime:0.000411s ]
SQL: SHOW COLUMNS FROM `db_agent` [ RunTime:0.0602s ]
NOTIC: [8] Undefined index: status D:\test\Littlewhale\Application\Common\Model\AgentModel.class.php 第 23 行.
SQL: SELECT `id`,`account`,`token`,`nickname`,`address`,`grade`,`balance`,`salt`,`password` FROM `db_agent` WHERE `token` = 'b7c6f0307448306e8c840ec6fc322cb4' AND `status` <> '9' LIMIT 1   [ RunTime:0.0655s ]
NOTIC: [8] Undefined index: status D:\test\Littlewhale\Application\Api\Controller\BaseController.class.php 第 117 行.
NOTIC: [8] Undefined index: status D:\test\Littlewhale\Application\Api\Controller\BaseController.class.php 第 120 行.
SQL: SHOW COLUMNS FROM `db_bank_card` [ RunTime:0.0591s ]
SQL: SELECT * FROM `db_bank_card` WHERE `agent_id` = 1 AND `card_code` = '621679087718187784585' LIMIT 1   [ RunTime:0.0581s ]
SQL: SELECT * FROM `db_bank_card` WHERE `agent_id` = 1 LIMIT 1   [ RunTime:0.0537s ]
SQL: SHOW COLUMNS FROM `db_bank_type` [ RunTime:0.0615s ]
SQL: SELECT `bank_name` FROM `db_bank_type` WHERE `id` = 1 LIMIT 1   [ RunTime:0.0490s ]
NOTIC: [2] substr() expects parameter 1 to be string, array given D:\test\Littlewhale\Application\Api\Controller\PayController.class.php 第 100 行.

[ 2019-01-15T06:54:22+08:00 ] 127.0.0.1 /index.php/Api/Pay/addBankCard
INFO: [ app_init ] --START--
INFO: Run Behavior\BuildLiteBehavior [ RunTime:0.000021s ]
INFO: [ app_init ] --END-- [ RunTime:0.000167s ]
INFO: [ app_begin ] --START--
INFO: Run Behavior\ReadHtmlCacheBehavior [ RunTime:0.000130s ]
INFO: [ app_begin ] --END-- [ RunTime:0.000238s ]
SQL: SHOW COLUMNS FROM `db_agent` [ RunTime:0.0698s ]
NOTIC: [8] Undefined index: status D:\test\Littlewhale\Application\Common\Model\AgentModel.class.php 第 23 行.
SQL: SELECT `id`,`account`,`token`,`nickname`,`address`,`grade`,`balance`,`salt`,`password` FROM `db_agent` WHERE `token` = 'b7c6f0307448306e8c840ec6fc322cb4' AND `status` <> '9' LIMIT 1   [ RunTime:0.0769s ]
NOTIC: [8] Undefined index: status D:\test\Littlewhale\Application\Api\Controller\BaseController.class.php 第 117 行.
NOTIC: [8] Undefined index: status D:\test\Littlewhale\Application\Api\Controller\BaseController.class.php 第 120 行.
SQL: SHOW COLUMNS FROM `db_bank_card` [ RunTime:0.0620s ]
SQL: SELECT * FROM `db_bank_card` WHERE `agent_id` = 1 AND `card_code` = '621679087718187784585' LIMIT 1   [ RunTime:0.0676s ]
SQL: SELECT * FROM `db_bank_card` WHERE `agent_id` = 1 LIMIT 1   [ RunTime:0.0657s ]
SQL: SHOW COLUMNS FROM `db_bank_type` [ RunTime:0.0666s ]
SQL: SELECT `bank_name` FROM `db_bank_type` WHERE `id` = 1 LIMIT 1   [ RunTime:0.0566s ]
NOTIC: [2] substr() expects parameter 1 to be string, array given D:\test\Littlewhale\Application\Api\Controller\PayController.class.php 第 100 行.

[ 2019-01-15T06:54:39+08:00 ] 127.0.0.1 /index.php/Api/Pay/addBankCard
INFO: [ app_init ] --START--
INFO: Run Behavior\BuildLiteBehavior [ RunTime:0.000016s ]
INFO: [ app_init ] --END-- [ RunTime:0.000099s ]
INFO: [ app_begin ] --START--
INFO: Run Behavior\ReadHtmlCacheBehavior [ RunTime:0.000066s ]
INFO: [ app_begin ] --END-- [ RunTime:0.000119s ]
SQL: SHOW COLUMNS FROM `db_agent` [ RunTime:0.0703s ]
NOTIC: [8] Undefined index: status D:\test\Littlewhale\Application\Common\Model\AgentModel.class.php 第 23 行.
SQL: SELECT `id`,`account`,`token`,`nickname`,`address`,`grade`,`balance`,`salt`,`password` FROM `db_agent` WHERE `token` = 'b7c6f0307448306e8c840ec6fc322cb4' AND `status` <> '9' LIMIT 1   [ RunTime:0.0797s ]
NOTIC: [8] Undefined index: status D:\test\Littlewhale\Application\Api\Controller\BaseController.class.php 第 117 行.
NOTIC: [8] Undefined index: status D:\test\Littlewhale\Application\Api\Controller\BaseController.class.php 第 120 行.
SQL: SHOW COLUMNS FROM `db_bank_card` [ RunTime:0.0678s ]
SQL: SELECT * FROM `db_bank_card` WHERE `agent_id` = 1 AND `card_code` = '621679087718187784585' LIMIT 1   [ RunTime:0.0711s ]
SQL: SELECT * FROM `db_bank_card` WHERE `agent_id` = 1 LIMIT 1   [ RunTime:0.0666s ]
SQL: SHOW COLUMNS FROM `db_bank_type` [ RunTime:0.0733s ]
SQL: SELECT `bank_name` FROM `db_bank_type` WHERE `id` = 1 LIMIT 1   [ RunTime:0.0553s ]
NOTIC: [2] substr() expects parameter 1 to be string, array given D:\test\Littlewhale\Application\Api\Controller\PayController.class.php 第 100 行.

[ 2019-01-15T06:55:01+08:00 ] 127.0.0.1 /index.php/Api/Pay/addBankCard
INFO: [ app_init ] --START--
INFO: Run Behavior\BuildLiteBehavior [ RunTime:0.000031s ]
INFO: [ app_init ] --END-- [ RunTime:0.000141s ]
INFO: [ app_begin ] --START--
INFO: Run Behavior\ReadHtmlCacheBehavior [ RunTime:0.000083s ]
INFO: [ app_begin ] --END-- [ RunTime:0.000148s ]
SQL: SHOW COLUMNS FROM `db_agent` [ RunTime:0.0646s ]
NOTIC: [8] Undefined index: status D:\test\Littlewhale\Application\Common\Model\AgentModel.class.php 第 23 行.
SQL: SELECT `id`,`account`,`token`,`nickname`,`address`,`grade`,`balance`,`salt`,`password` FROM `db_agent` WHERE `token` = 'b7c6f0307448306e8c840ec6fc322cb4' AND `status` <> '9' LIMIT 1   [ RunTime:0.0734s ]
NOTIC: [8] Undefined index: status D:\test\Littlewhale\Application\Api\Controller\BaseController.class.php 第 117 行.
NOTIC: [8] Undefined index: status D:\test\Littlewhale\Application\Api\Controller\BaseController.class.php 第 120 行.
SQL: SHOW COLUMNS FROM `db_bank_card` [ RunTime:0.0608s ]
SQL: SELECT * FROM `db_bank_card` WHERE `agent_id` = 1 AND `card_code` = '621679087718187784585' LIMIT 1   [ RunTime:0.0637s ]
SQL: SELECT * FROM `db_bank_card` WHERE `agent_id` = 1 LIMIT 1   [ RunTime:0.0622s ]
SQL: SHOW COLUMNS FROM `db_bank_type` [ RunTime:0.0591s ]
SQL: SELECT `bank_name` FROM `db_bank_type` WHERE `id` = 1 LIMIT 1   [ RunTime:0.0570s ]

[ 2019-01-15T06:55:14+08:00 ] 127.0.0.1 /index.php/Api/Pay/addBankCard
INFO: [ app_init ] --START--
INFO: Run Behavior\BuildLiteBehavior [ RunTime:0.000062s ]
INFO: [ app_init ] --END-- [ RunTime:0.000406s ]
INFO: [ app_begin ] --START--
INFO: Run Behavior\ReadHtmlCacheBehavior [ RunTime:0.000256s ]
INFO: [ app_begin ] --END-- [ RunTime:0.000403s ]
SQL: SHOW COLUMNS FROM `db_agent` [ RunTime:0.0653s ]
NOTIC: [8] Undefined index: status D:\test\Littlewhale\Application\Common\Model\AgentModel.class.php 第 23 行.
SQL: SELECT `id`,`account`,`token`,`nickname`,`address`,`grade`,`balance`,`salt`,`password` FROM `db_agent` WHERE `token` = 'b7c6f0307448306e8c840ec6fc322cb4' AND `status` <> '9' LIMIT 1   [ RunTime:0.0769s ]
NOTIC: [8] Undefined index: status D:\test\Littlewhale\Application\Api\Controller\BaseController.class.php 第 117 行.
NOTIC: [8] Undefined index: status D:\test\Littlewhale\Application\Api\Controller\BaseController.class.php 第 120 行.
SQL: SHOW COLUMNS FROM `db_bank_card` [ RunTime:0.0643s ]
SQL: SELECT * FROM `db_bank_card` WHERE `agent_id` = 1 AND `card_code` = '621679087718187784585' LIMIT 1   [ RunTime:0.3558s ]
SQL: SELECT * FROM `db_bank_card` WHERE `agent_id` = 1 LIMIT 1   [ RunTime:0.0675s ]
SQL: SHOW COLUMNS FROM `db_bank_type` [ RunTime:0.0664s ]
SQL: SELECT `bank_name` FROM `db_bank_type` WHERE `id` = 1 LIMIT 1   [ RunTime:0.0556s ]

[ 2019-01-15T06:56:29+08:00 ] 127.0.0.1 /index.php/Api/Pay/addBankCard
INFO: [ app_init ] --START--
INFO: Run Behavior\BuildLiteBehavior [ RunTime:0.000025s ]
INFO: [ app_init ] --END-- [ RunTime:0.000253s ]
INFO: [ app_begin ] --START--
INFO: Run Behavior\ReadHtmlCacheBehavior [ RunTime:0.000558s ]
INFO: [ app_begin ] --END-- [ RunTime:0.001102s ]
SQL: SHOW COLUMNS FROM `db_agent` [ RunTime:0.0604s ]
NOTIC: [8] Undefined index: status D:\test\Littlewhale\Application\Common\Model\AgentModel.class.php 第 23 行.
SQL: SELECT `id`,`account`,`token`,`nickname`,`address`,`grade`,`balance`,`salt`,`password` FROM `db_agent` WHERE `token` = 'b7c6f0307448306e8c840ec6fc322cb4' AND `status` <> '9' LIMIT 1   [ RunTime:0.0751s ]
NOTIC: [8] Undefined index: status D:\test\Littlewhale\Application\Api\Controller\BaseController.class.php 第 117 行.
NOTIC: [8] Undefined index: status D:\test\Littlewhale\Application\Api\Controller\BaseController.class.php 第 120 行.
SQL: SHOW COLUMNS FROM `db_bank_card` [ RunTime:0.0649s ]
SQL: SELECT * FROM `db_bank_card` WHERE `agent_id` = 1 AND `card_code` = '621679087718187784585' LIMIT 1   [ RunTime:0.0611s ]
SQL: SELECT * FROM `db_bank_card` WHERE `agent_id` = 1 LIMIT 1   [ RunTime:0.0679s ]
SQL: SHOW COLUMNS FROM `db_bank_type` [ RunTime:0.0639s ]
SQL: SELECT `bank_name` FROM `db_bank_type` WHERE `id` = 1 LIMIT 1   [ RunTime:0.0514s ]
NOTIC: [2] substr() expects at least 2 parameters, 1 given D:\test\Littlewhale\Application\Api\Controller\PayController.class.php 第 100 行.

[ 2019-01-15T06:56:40+08:00 ] 127.0.0.1 /index.php/Api/Pay/addBankCard
INFO: [ app_init ] --START--
INFO: Run Behavior\BuildLiteBehavior [ RunTime:0.000043s ]
INFO: [ app_init ] --END-- [ RunTime:0.000363s ]
INFO: [ app_begin ] --START--
INFO: Run Behavior\ReadHtmlCacheBehavior [ RunTime:0.000192s ]
INFO: [ app_begin ] --END-- [ RunTime:0.000262s ]
SQL: SHOW COLUMNS FROM `db_agent` [ RunTime:0.0572s ]
NOTIC: [8] Undefined index: status D:\test\Littlewhale\Application\Common\Model\AgentModel.class.php 第 23 行.
SQL: SELECT `id`,`account`,`token`,`nickname`,`address`,`grade`,`balance`,`salt`,`password` FROM `db_agent` WHERE `token` = 'b7c6f0307448306e8c840ec6fc322cb4' AND `status` <> '9' LIMIT 1   [ RunTime:0.0744s ]
NOTIC: [8] Undefined index: status D:\test\Littlewhale\Application\Api\Controller\BaseController.class.php 第 117 行.
NOTIC: [8] Undefined index: status D:\test\Littlewhale\Application\Api\Controller\BaseController.class.php 第 120 行.
SQL: SHOW COLUMNS FROM `db_bank_card` [ RunTime:0.0536s ]
SQL: SELECT * FROM `db_bank_card` WHERE `agent_id` = 1 AND `card_code` = '621679087718187784585' LIMIT 1   [ RunTime:0.0531s ]
SQL: SELECT * FROM `db_bank_card` WHERE `agent_id` = 1 LIMIT 1   [ RunTime:0.0479s ]
SQL: SHOW COLUMNS FROM `db_bank_type` [ RunTime:0.0596s ]
SQL: SELECT `bank_name` FROM `db_bank_type` WHERE `id` = 1 LIMIT 1   [ RunTime:0.0448s ]
NOTIC: [2] substr() expects at least 2 parameters, 1 given D:\test\Littlewhale\Application\Api\Controller\PayController.class.php 第 100 行.

[ 2019-01-15T06:56:53+08:00 ] 127.0.0.1 /index.php/Api/Pay/addBankCard
INFO: [ app_init ] --START--
INFO: Run Behavior\BuildLiteBehavior [ RunTime:0.000030s ]
INFO: [ app_init ] --END-- [ RunTime:0.000195s ]
INFO: [ app_begin ] --START--
INFO: Run Behavior\ReadHtmlCacheBehavior [ RunTime:0.000223s ]
INFO: [ app_begin ] --END-- [ RunTime:0.000399s ]
SQL: SHOW COLUMNS FROM `db_agent` [ RunTime:0.0651s ]
NOTIC: [8] Undefined index: status D:\test\Littlewhale\Application\Common\Model\AgentModel.class.php 第 23 行.
SQL: SELECT `id`,`account`,`token`,`nickname`,`address`,`grade`,`balance`,`salt`,`password` FROM `db_agent` WHERE `token` = 'b7c6f0307448306e8c840ec6fc322cb4' AND `status` <> '9' LIMIT 1   [ RunTime:0.0727s ]
NOTIC: [8] Undefined index: status D:\test\Littlewhale\Application\Api\Controller\BaseController.class.php 第 117 行.
NOTIC: [8] Undefined index: status D:\test\Littlewhale\Application\Api\Controller\BaseController.class.php 第 120 行.
SQL: SHOW COLUMNS FROM `db_bank_card` [ RunTime:0.0591s ]
SQL: SELECT * FROM `db_bank_card` WHERE `agent_id` = 1 AND `card_code` = '621679087718187784585' LIMIT 1   [ RunTime:0.0642s ]
SQL: SELECT * FROM `db_bank_card` WHERE `agent_id` = 1 LIMIT 1   [ RunTime:0.0618s ]
SQL: SHOW COLUMNS FROM `db_bank_type` [ RunTime:0.0645s ]
SQL: SELECT `bank_name` FROM `db_bank_type` WHERE `id` = 1 LIMIT 1   [ RunTime:0.0539s ]

[ 2019-01-15T06:57:03+08:00 ] 127.0.0.1 /index.php/Api/Pay/addBankCard
INFO: [ app_init ] --START--
INFO: Run Behavior\BuildLiteBehavior [ RunTime:0.000017s ]
INFO: [ app_init ] --END-- [ RunTime:0.000115s ]
INFO: [ app_begin ] --START--
INFO: Run Behavior\ReadHtmlCacheBehavior [ RunTime:0.000082s ]
INFO: [ app_begin ] --END-- [ RunTime:0.000144s ]
SQL: SHOW COLUMNS FROM `db_agent` [ RunTime:0.0671s ]
NOTIC: [8] Undefined index: status D:\test\Littlewhale\Application\Common\Model\AgentModel.class.php 第 23 行.
SQL: SELECT `id`,`account`,`token`,`nickname`,`address`,`grade`,`balance`,`salt`,`password` FROM `db_agent` WHERE `token` = 'b7c6f0307448306e8c840ec6fc322cb4' AND `status` <> '9' LIMIT 1   [ RunTime:0.0715s ]
NOTIC: [8] Undefined index: status D:\test\Littlewhale\Application\Api\Controller\BaseController.class.php 第 117 行.
NOTIC: [8] Undefined index: status D:\test\Littlewhale\Application\Api\Controller\BaseController.class.php 第 120 行.
SQL: SHOW COLUMNS FROM `db_bank_card` [ RunTime:0.0647s ]
SQL: SELECT * FROM `db_bank_card` WHERE `agent_id` = 1 AND `card_code` = '621679087718187784585' LIMIT 1   [ RunTime:0.0680s ]
SQL: SELECT * FROM `db_bank_card` WHERE `agent_id` = 1 LIMIT 1   [ RunTime:0.0618s ]
SQL: SHOW COLUMNS FROM `db_bank_type` [ RunTime:0.0635s ]
SQL: SELECT `bank_name` FROM `db_bank_type` WHERE `id` = 1 LIMIT 1   [ RunTime:0.0513s ]

[ 2019-01-15T06:58:05+08:00 ] 127.0.0.1 /index.php/Api/Pay/addBankCard
INFO: [ app_init ] --START--
INFO: Run Behavior\BuildLiteBehavior [ RunTime:0.000016s ]
INFO: [ app_init ] --END-- [ RunTime:0.000116s ]
INFO: [ app_begin ] --START--
INFO: Run Behavior\ReadHtmlCacheBehavior [ RunTime:0.000081s ]
INFO: [ app_begin ] --END-- [ RunTime:0.000145s ]
SQL: SHOW COLUMNS FROM `db_agent` [ RunTime:0.0658s ]
NOTIC: [8] Undefined index: status D:\test\Littlewhale\Application\Common\Model\AgentModel.class.php 第 23 行.
SQL: SELECT `id`,`account`,`token`,`nickname`,`address`,`grade`,`balance`,`salt`,`password` FROM `db_agent` WHERE `token` = 'b7c6f0307448306e8c840ec6fc322cb4' AND `status` <> '9' LIMIT 1   [ RunTime:0.0700s ]
NOTIC: [8] Undefined index: status D:\test\Littlewhale\Application\Api\Controller\BaseController.class.php 第 117 行.
NOTIC: [8] Undefined index: status D:\test\Littlewhale\Application\Api\Controller\BaseController.class.php 第 120 行.
SQL: SHOW COLUMNS FROM `db_bank_card` [ RunTime:0.0644s ]
SQL: SELECT * FROM `db_bank_card` WHERE `agent_id` = 1 AND `card_code` = '621679087718187784585' LIMIT 1   [ RunTime:0.0628s ]
SQL: SELECT * FROM `db_bank_card` WHERE `agent_id` = 1 LIMIT 1   [ RunTime:0.0632s ]
SQL: SHOW COLUMNS FROM `db_bank_type` [ RunTime:0.0660s ]
SQL: SELECT `bank_name` FROM `db_bank_type` WHERE `id` = 1 LIMIT 1   [ RunTime:0.0517s ]

[ 2019-01-15T06:58:07+08:00 ] 127.0.0.1 /index.php/Api/Pay/addBankCard
INFO: [ app_init ] --START--
INFO: Run Behavior\BuildLiteBehavior [ RunTime:0.000018s ]
INFO: [ app_init ] --END-- [ RunTime:0.000136s ]
INFO: [ app_begin ] --START--
INFO: Run Behavior\ReadHtmlCacheBehavior [ RunTime:0.000083s ]
INFO: [ app_begin ] --END-- [ RunTime:0.000148s ]
SQL: SHOW COLUMNS FROM `db_agent` [ RunTime:0.0574s ]
NOTIC: [8] Undefined index: status D:\test\Littlewhale\Application\Common\Model\AgentModel.class.php 第 23 行.
SQL: SELECT `id`,`account`,`token`,`nickname`,`address`,`grade`,`balance`,`salt`,`password` FROM `db_agent` WHERE `token` = 'b7c6f0307448306e8c840ec6fc322cb4' AND `status` <> '9' LIMIT 1   [ RunTime:0.0633s ]
NOTIC: [8] Undefined index: status D:\test\Littlewhale\Application\Api\Controller\BaseController.class.php 第 117 行.
NOTIC: [8] Undefined index: status D:\test\Littlewhale\Application\Api\Controller\BaseController.class.php 第 120 行.
SQL: SHOW COLUMNS FROM `db_bank_card` [ RunTime:0.0524s ]
SQL: SELECT * FROM `db_bank_card` WHERE `agent_id` = 1 AND `card_code` = '621679087718187784585' LIMIT 1   [ RunTime:0.0516s ]
SQL: SELECT * FROM `db_bank_card` WHERE `agent_id` = 1 LIMIT 1   [ RunTime:0.0588s ]
SQL: SHOW COLUMNS FROM `db_bank_type` [ RunTime:0.0553s ]
SQL: SELECT `bank_name` FROM `db_bank_type` WHERE `id` = 1 LIMIT 1   [ RunTime:0.0421s ]

[ 2019-01-15T06:58:12+08:00 ] 127.0.0.1 /index.php/Api/Pay/addBankCard
INFO: [ app_init ] --START--
INFO: Run Behavior\BuildLiteBehavior [ RunTime:0.000017s ]
INFO: [ app_init ] --END-- [ RunTime:0.000112s ]
INFO: [ app_begin ] --START--
INFO: Run Behavior\ReadHtmlCacheBehavior [ RunTime:0.000080s ]
INFO: [ app_begin ] --END-- [ RunTime:0.000141s ]
SQL: SHOW COLUMNS FROM `db_agent` [ RunTime:0.0675s ]
NOTIC: [8] Undefined index: status D:\test\Littlewhale\Application\Common\Model\AgentModel.class.php 第 23 行.
SQL: SELECT `id`,`account`,`token`,`nickname`,`address`,`grade`,`balance`,`salt`,`password` FROM `db_agent` WHERE `token` = 'b7c6f0307448306e8c840ec6fc322cb4' AND `status` <> '9' LIMIT 1   [ RunTime:0.0723s ]
NOTIC: [8] Undefined index: status D:\test\Littlewhale\Application\Api\Controller\BaseController.class.php 第 117 行.
NOTIC: [8] Undefined index: status D:\test\Littlewhale\Application\Api\Controller\BaseController.class.php 第 120 行.
SQL: SHOW COLUMNS FROM `db_bank_card` [ RunTime:0.0632s ]
SQL: SELECT * FROM `db_bank_card` WHERE `agent_id` = 1 AND `card_code` = '621679087718187784585' LIMIT 1   [ RunTime:0.0750s ]
SQL: SELECT * FROM `db_bank_card` WHERE `agent_id` = 1 LIMIT 1   [ RunTime:0.0657s ]
SQL: SHOW COLUMNS FROM `db_bank_type` [ RunTime:0.0684s ]
SQL: SELECT `bank_name` FROM `db_bank_type` WHERE `id` = 1 LIMIT 1   [ RunTime:0.0555s ]

[ 2019-01-15T06:58:24+08:00 ] 127.0.0.1 /index.php/Api/Pay/addBankCard
INFO: [ app_init ] --START--
INFO: Run Behavior\BuildLiteBehavior [ RunTime:0.000019s ]
INFO: [ app_init ] --END-- [ RunTime:0.000124s ]
INFO: [ app_begin ] --START--
INFO: Run Behavior\ReadHtmlCacheBehavior [ RunTime:0.000270s ]
INFO: [ app_begin ] --END-- [ RunTime:0.000702s ]
SQL: SHOW COLUMNS FROM `db_agent` [ RunTime:0.0603s ]
NOTIC: [8] Undefined index: status D:\test\Littlewhale\Application\Common\Model\AgentModel.class.php 第 23 行.
SQL: SELECT `id`,`account`,`token`,`nickname`,`address`,`grade`,`balance`,`salt`,`password` FROM `db_agent` WHERE `token` = 'b7c6f0307448306e8c840ec6fc322cb4' AND `status` <> '9' LIMIT 1   [ RunTime:0.0682s ]
NOTIC: [8] Undefined index: status D:\test\Littlewhale\Application\Api\Controller\BaseController.class.php 第 117 行.
NOTIC: [8] Undefined index: status D:\test\Littlewhale\Application\Api\Controller\BaseController.class.php 第 120 行.
SQL: SHOW COLUMNS FROM `db_bank_card` [ RunTime:0.0594s ]
SQL: SELECT * FROM `db_bank_card` WHERE `agent_id` = 1 AND `card_code` = '621679087718187784585' LIMIT 1   [ RunTime:0.0601s ]
SQL: SELECT * FROM `db_bank_card` WHERE `agent_id` = 1 LIMIT 1   [ RunTime:0.0577s ]
SQL: SHOW COLUMNS FROM `db_bank_type` [ RunTime:0.0590s ]
SQL: SELECT `bank_name` FROM `db_bank_type` WHERE `id` = 1 LIMIT 1   [ RunTime:0.0476s ]

[ 2019-01-15T06:58:49+08:00 ] 127.0.0.1 /index.php/Api/Pay/addBankCard
INFO: [ app_init ] --START--
INFO: Run Behavior\BuildLiteBehavior [ RunTime:0.000043s ]
INFO: [ app_init ] --END-- [ RunTime:0.000336s ]
INFO: [ app_begin ] --START--
INFO: Run Behavior\ReadHtmlCacheBehavior [ RunTime:0.000190s ]
INFO: [ app_begin ] --END-- [ RunTime:0.000278s ]
SQL: SHOW COLUMNS FROM `db_agent` [ RunTime:0.0621s ]
NOTIC: [8] Undefined index: status D:\test\Littlewhale\Application\Common\Model\AgentModel.class.php 第 23 行.
SQL: SELECT `id`,`account`,`token`,`nickname`,`address`,`grade`,`balance`,`salt`,`password` FROM `db_agent` WHERE `token` = 'b7c6f0307448306e8c840ec6fc322cb4' AND `status` <> '9' LIMIT 1   [ RunTime:0.0720s ]
NOTIC: [8] Undefined index: status D:\test\Littlewhale\Application\Api\Controller\BaseController.class.php 第 117 行.
NOTIC: [8] Undefined index: status D:\test\Littlewhale\Application\Api\Controller\BaseController.class.php 第 120 行.
SQL: SHOW COLUMNS FROM `db_bank_card` [ RunTime:0.0667s ]
SQL: SELECT * FROM `db_bank_card` WHERE `agent_id` = 1 AND `card_code` = '621679087718187784585' LIMIT 1   [ RunTime:0.0644s ]
SQL: SELECT * FROM `db_bank_card` WHERE `agent_id` = 1 LIMIT 1   [ RunTime:0.0591s ]
SQL: SHOW COLUMNS FROM `db_bank_type` [ RunTime:0.0637s ]
SQL: SELECT `bank_name` FROM `db_bank_type` WHERE `id` = 1 LIMIT 1   [ RunTime:0.0585s ]

[ 2019-01-15T06:59:29+08:00 ] 127.0.0.1 /index.php/Api/Pay/addBankCard
INFO: [ app_init ] --START--
INFO: Run Behavior\BuildLiteBehavior [ RunTime:0.000019s ]
INFO: [ app_init ] --END-- [ RunTime:0.000163s ]
INFO: [ app_begin ] --START--
INFO: Run Behavior\ReadHtmlCacheBehavior [ RunTime:0.000367s ]
INFO: [ app_begin ] --END-- [ RunTime:0.000661s ]
SQL: SHOW COLUMNS FROM `db_agent` [ RunTime:0.0631s ]
NOTIC: [8] Undefined index: status D:\test\Littlewhale\Application\Common\Model\AgentModel.class.php 第 23 行.
SQL: SELECT `id`,`account`,`token`,`nickname`,`address`,`grade`,`balance`,`salt`,`password` FROM `db_agent` WHERE `token` = 'b7c6f0307448306e8c840ec6fc322cb4' AND `status` <> '9' LIMIT 1   [ RunTime:0.0749s ]
NOTIC: [8] Undefined index: status D:\test\Littlewhale\Application\Api\Controller\BaseController.class.php 第 117 行.
NOTIC: [8] Undefined index: status D:\test\Littlewhale\Application\Api\Controller\BaseController.class.php 第 120 行.
SQL: SHOW COLUMNS FROM `db_bank_card` [ RunTime:0.0589s ]
SQL: SELECT * FROM `db_bank_card` WHERE `agent_id` = 1 AND `card_code` = '621679087718187784585' LIMIT 1   [ RunTime:0.0697s ]
SQL: SELECT * FROM `db_bank_card` WHERE `agent_id` = 1 LIMIT 1   [ RunTime:0.0635s ]
SQL: SHOW COLUMNS FROM `db_bank_type` [ RunTime:0.0694s ]
SQL: SELECT `bank_name` FROM `db_bank_type` WHERE `id` = 1 LIMIT 1   [ RunTime:0.0543s ]

[ 2019-01-15T06:59:40+08:00 ] 127.0.0.1 /index.php/Api/Pay/addBankCard
INFO: [ app_init ] --START--
INFO: Run Behavior\BuildLiteBehavior [ RunTime:0.000030s ]
INFO: [ app_init ] --END-- [ RunTime:0.000300s ]
INFO: [ app_begin ] --START--
INFO: Run Behavior\ReadHtmlCacheBehavior [ RunTime:0.000221s ]
INFO: [ app_begin ] --END-- [ RunTime:0.000479s ]
SQL: SHOW COLUMNS FROM `db_agent` [ RunTime:0.0665s ]
NOTIC: [8] Undefined index: status D:\test\Littlewhale\Application\Common\Model\AgentModel.class.php 第 23 行.
SQL: SELECT `id`,`account`,`token`,`nickname`,`address`,`grade`,`balance`,`salt`,`password` FROM `db_agent` WHERE `token` = 'b7c6f0307448306e8c840ec6fc322cb4' AND `status` <> '9' LIMIT 1   [ RunTime:0.0795s ]
NOTIC: [8] Undefined index: status D:\test\Littlewhale\Application\Api\Controller\BaseController.class.php 第 117 行.
NOTIC: [8] Undefined index: status D:\test\Littlewhale\Application\Api\Controller\BaseController.class.php 第 120 行.
SQL: SHOW COLUMNS FROM `db_bank_card` [ RunTime:0.0688s ]
SQL: SELECT * FROM `db_bank_card` WHERE `agent_id` = 1 AND `card_code` = '621679087718187784585' LIMIT 1   [ RunTime:0.0687s ]
SQL: SELECT * FROM `db_bank_card` WHERE `agent_id` = 1 LIMIT 1   [ RunTime:0.0685s ]
SQL: SHOW COLUMNS FROM `db_bank_type` [ RunTime:0.0718s ]
SQL: SELECT `bank_name` FROM `db_bank_type` WHERE `id` = 1 LIMIT 1   [ RunTime:0.0615s ]

[ 2019-01-15T06:59:47+08:00 ] 127.0.0.1 /index.php/Api/Pay/addBankCard
INFO: [ app_init ] --START--
INFO: Run Behavior\BuildLiteBehavior [ RunTime:0.000017s ]
INFO: [ app_init ] --END-- [ RunTime:0.000115s ]
INFO: [ app_begin ] --START--
INFO: Run Behavior\ReadHtmlCacheBehavior [ RunTime:0.000082s ]
INFO: [ app_begin ] --END-- [ RunTime:0.000146s ]
SQL: SHOW COLUMNS FROM `db_agent` [ RunTime:0.0548s ]
NOTIC: [8] Undefined index: status D:\test\Littlewhale\Application\Common\Model\AgentModel.class.php 第 23 行.
SQL: SELECT `id`,`account`,`token`,`nickname`,`address`,`grade`,`balance`,`salt`,`password` FROM `db_agent` WHERE `token` = 'b7c6f0307448306e8c840ec6fc322cb4' AND `status` <> '9' LIMIT 1   [ RunTime:0.0672s ]
NOTIC: [8] Undefined index: status D:\test\Littlewhale\Application\Api\Controller\BaseController.class.php 第 117 行.
NOTIC: [8] Undefined index: status D:\test\Littlewhale\Application\Api\Controller\BaseController.class.php 第 120 行.
SQL: SHOW COLUMNS FROM `db_bank_card` [ RunTime:0.0570s ]
SQL: SELECT * FROM `db_bank_card` WHERE `agent_id` = 1 AND `card_code` = '621679087718187784585' LIMIT 1   [ RunTime:0.0563s ]
SQL: SELECT * FROM `db_bank_card` WHERE `agent_id` = 1 LIMIT 1   [ RunTime:0.0544s ]
SQL: SHOW COLUMNS FROM `db_bank_type` [ RunTime:0.0560s ]
SQL: SELECT `bank_name` FROM `db_bank_type` WHERE `id` = 1 LIMIT 1   [ RunTime:0.0490s ]

[ 2019-01-15T06:59:51+08:00 ] 127.0.0.1 /index.php/Api/Pay/addBankCard
INFO: [ app_init ] --START--
INFO: Run Behavior\BuildLiteBehavior [ RunTime:0.000017s ]
INFO: [ app_init ] --END-- [ RunTime:0.000115s ]
INFO: [ app_begin ] --START--
INFO: Run Behavior\ReadHtmlCacheBehavior [ RunTime:0.000080s ]
INFO: [ app_begin ] --END-- [ RunTime:0.000142s ]
SQL: SHOW COLUMNS FROM `db_agent` [ RunTime:0.0604s ]
NOTIC: [8] Undefined index: status D:\test\Littlewhale\Application\Common\Model\AgentModel.class.php 第 23 行.
SQL: SELECT `id`,`account`,`token`,`nickname`,`address`,`grade`,`balance`,`salt`,`password` FROM `db_agent` WHERE `token` = 'b7c6f0307448306e8c840ec6fc322cb4' AND `status` <> '9' LIMIT 1   [ RunTime:0.0715s ]
NOTIC: [8] Undefined index: status D:\test\Littlewhale\Application\Api\Controller\BaseController.class.php 第 117 行.
NOTIC: [8] Undefined index: status D:\test\Littlewhale\Application\Api\Controller\BaseController.class.php 第 120 行.
SQL: SHOW COLUMNS FROM `db_bank_card` [ RunTime:0.0565s ]
SQL: SELECT * FROM `db_bank_card` WHERE `agent_id` = 1 AND `card_code` = '621679087718187784585' LIMIT 1   [ RunTime:0.0590s ]
SQL: SELECT * FROM `db_bank_card` WHERE `agent_id` = 1 LIMIT 1   [ RunTime:0.0544s ]
SQL: SHOW COLUMNS FROM `db_bank_type` [ RunTime:0.0589s ]
SQL: SELECT `bank_name` FROM `db_bank_type` WHERE `id` = 1 LIMIT 1   [ RunTime:0.0451s ]

[ 2019-01-15T07:00:10+08:00 ] 127.0.0.1 /index.php/Api/Pay/addBankCard
INFO: [ app_init ] --START--
INFO: Run Behavior\BuildLiteBehavior [ RunTime:0.000017s ]
INFO: [ app_init ] --END-- [ RunTime:0.000117s ]
INFO: [ app_begin ] --START--
INFO: Run Behavior\ReadHtmlCacheBehavior [ RunTime:0.000082s ]
INFO: [ app_begin ] --END-- [ RunTime:0.000147s ]
SQL: SHOW COLUMNS FROM `db_agent` [ RunTime:0.0560s ]
NOTIC: [8] Undefined index: status D:\test\Littlewhale\Application\Common\Model\AgentModel.class.php 第 23 行.
SQL: SELECT `id`,`account`,`token`,`nickname`,`address`,`grade`,`balance`,`salt`,`password` FROM `db_agent` WHERE `token` = 'b7c6f0307448306e8c840ec6fc322cb4' AND `status` <> '9' LIMIT 1   [ RunTime:0.0695s ]
NOTIC: [8] Undefined index: status D:\test\Littlewhale\Application\Api\Controller\BaseController.class.php 第 117 行.
NOTIC: [8] Undefined index: status D:\test\Littlewhale\Application\Api\Controller\BaseController.class.php 第 120 行.
SQL: SHOW COLUMNS FROM `db_bank_card` [ RunTime:0.0668s ]
SQL: SELECT * FROM `db_bank_card` WHERE `agent_id` = 1 AND `card_code` = '621679087718187784585' LIMIT 1   [ RunTime:0.0704s ]
SQL: SELECT * FROM `db_bank_card` WHERE `agent_id` = 1 LIMIT 1   [ RunTime:0.0556s ]
SQL: SHOW COLUMNS FROM `db_bank_type` [ RunTime:0.0613s ]
SQL: SELECT `bank_name` FROM `db_bank_type` WHERE `id` = 1 LIMIT 1   [ RunTime:0.0493s ]

[ 2019-01-15T07:00:18+08:00 ] 127.0.0.1 /index.php/Api/Pay/addBankCard
INFO: [ app_init ] --START--
INFO: Run Behavior\BuildLiteBehavior [ RunTime:0.000017s ]
INFO: [ app_init ] --END-- [ RunTime:0.000133s ]
INFO: [ app_begin ] --START--
INFO: Run Behavior\ReadHtmlCacheBehavior [ RunTime:0.000121s ]
INFO: [ app_begin ] --END-- [ RunTime:0.000205s ]
SQL: SHOW COLUMNS FROM `db_agent` [ RunTime:0.0562s ]
NOTIC: [8] Undefined index: status D:\test\Littlewhale\Application\Common\Model\AgentModel.class.php 第 23 行.
SQL: SELECT `id`,`account`,`token`,`nickname`,`address`,`grade`,`balance`,`salt`,`password` FROM `db_agent` WHERE `token` = 'b7c6f0307448306e8c840ec6fc322cb4' AND `status` <> '9' LIMIT 1   [ RunTime:0.0702s ]
NOTIC: [8] Undefined index: status D:\test\Littlewhale\Application\Api\Controller\BaseController.class.php 第 117 行.
NOTIC: [8] Undefined index: status D:\test\Littlewhale\Application\Api\Controller\BaseController.class.php 第 120 行.
SQL: SHOW COLUMNS FROM `db_bank_card` [ RunTime:0.0616s ]
SQL: SELECT * FROM `db_bank_card` WHERE `agent_id` = 1 AND `card_code` = '621679087718187784585' LIMIT 1   [ RunTime:0.0740s ]
SQL: SELECT * FROM `db_bank_card` WHERE `agent_id` = 1 LIMIT 1   [ RunTime:0.0592s ]
SQL: SHOW COLUMNS FROM `db_bank_type` [ RunTime:0.0631s ]
SQL: SELECT `bank_name` FROM `db_bank_type` WHERE `id` = 1 LIMIT 1   [ RunTime:0.0522s ]

[ 2019-01-15T07:01:02+08:00 ] 127.0.0.1 /index.php/Api/Pay/addBankCard
INFO: [ app_init ] --START--
INFO: Run Behavior\BuildLiteBehavior [ RunTime:0.000030s ]
INFO: [ app_init ] --END-- [ RunTime:0.000285s ]
INFO: [ app_begin ] --START--
INFO: Run Behavior\ReadHtmlCacheBehavior [ RunTime:0.000499s ]
INFO: [ app_begin ] --END-- [ RunTime:0.000709s ]
SQL: SHOW COLUMNS FROM `db_agent` [ RunTime:0.0600s ]
NOTIC: [8] Undefined index: status D:\test\Littlewhale\Application\Common\Model\AgentModel.class.php 第 23 行.
SQL: SELECT `id`,`account`,`token`,`nickname`,`address`,`grade`,`balance`,`salt`,`password` FROM `db_agent` WHERE `token` = 'b7c6f0307448306e8c840ec6fc322cb4' AND `status` <> '9' LIMIT 1   [ RunTime:0.0680s ]
NOTIC: [8] Undefined index: status D:\test\Littlewhale\Application\Api\Controller\BaseController.class.php 第 117 行.
NOTIC: [8] Undefined index: status D:\test\Littlewhale\Application\Api\Controller\BaseController.class.php 第 120 行.
SQL: SHOW COLUMNS FROM `db_bank_card` [ RunTime:0.0661s ]
SQL: SELECT * FROM `db_bank_card` WHERE `agent_id` = 1 AND `card_code` = '621679087718187784585' LIMIT 1   [ RunTime:0.0658s ]
SQL: SELECT * FROM `db_bank_card` WHERE `agent_id` = 1 LIMIT 1   [ RunTime:0.0611s ]
SQL: SHOW COLUMNS FROM `db_bank_type` [ RunTime:0.0628s ]
SQL: SELECT `bank_name` FROM `db_bank_type` WHERE `id` = 1 LIMIT 1   [ RunTime:0.0551s ]

[ 2019-01-15T07:01:47+08:00 ] 127.0.0.1 /index.php/Api/Pay/addBankCard
INFO: [ app_init ] --START--
INFO: Run Behavior\BuildLiteBehavior [ RunTime:0.000019s ]
INFO: [ app_init ] --END-- [ RunTime:0.000165s ]
INFO: [ app_begin ] --START--
INFO: Run Behavior\ReadHtmlCacheBehavior [ RunTime:0.000204s ]
INFO: [ app_begin ] --END-- [ RunTime:0.000281s ]
SQL: SHOW COLUMNS FROM `db_agent` [ RunTime:0.0605s ]
NOTIC: [8] Undefined index: status D:\test\Littlewhale\Application\Common\Model\AgentModel.class.php 第 23 行.
SQL: SELECT `id`,`account`,`token`,`nickname`,`address`,`grade`,`balance`,`salt`,`password` FROM `db_agent` WHERE `token` = 'b7c6f0307448306e8c840ec6fc322cb4' AND `status` <> '9' LIMIT 1   [ RunTime:0.0744s ]
NOTIC: [8] Undefined index: status D:\test\Littlewhale\Application\Api\Controller\BaseController.class.php 第 117 行.
NOTIC: [8] Undefined index: status D:\test\Littlewhale\Application\Api\Controller\BaseController.class.php 第 120 行.
SQL: SHOW COLUMNS FROM `db_bank_card` [ RunTime:0.0553s ]
SQL: SELECT * FROM `db_bank_card` WHERE `agent_id` = 1 AND `card_code` = '621679087718187784585' LIMIT 1   [ RunTime:0.0671s ]
SQL: SELECT * FROM `db_bank_card` WHERE `agent_id` = 1 LIMIT 1   [ RunTime:0.0640s ]
SQL: SHOW COLUMNS FROM `db_bank_type` [ RunTime:0.0646s ]
SQL: SELECT `bank_name` FROM `db_bank_type` WHERE `id` = 1 LIMIT 1   [ RunTime:0.0633s ]
SQL: UPDATE `db_bank_card` SET `agent_id`='1',`card_name`='王子',`card_code`='621679087718187784585',`ID_card`='587456988541235187',`phone`='18635359874',`card_id`='1' WHERE `agent_id` = 1 [ RunTime:0.0823s ]

[ 2019-01-15T07:01:56+08:00 ] 127.0.0.1 /index.php/Api/Pay/addBankCard
INFO: [ app_init ] --START--
INFO: Run Behavior\BuildLiteBehavior [ RunTime:0.000017s ]
INFO: [ app_init ] --END-- [ RunTime:0.000114s ]
INFO: [ app_begin ] --START--
INFO: Run Behavior\ReadHtmlCacheBehavior [ RunTime:0.000083s ]
INFO: [ app_begin ] --END-- [ RunTime:0.000149s ]
SQL: SHOW COLUMNS FROM `db_agent` [ RunTime:0.0557s ]
NOTIC: [8] Undefined index: status D:\test\Littlewhale\Application\Common\Model\AgentModel.class.php 第 23 行.
SQL: SELECT `id`,`account`,`token`,`nickname`,`address`,`grade`,`balance`,`salt`,`password` FROM `db_agent` WHERE `token` = 'b7c6f0307448306e8c840ec6fc322cb4' AND `status` <> '9' LIMIT 1   [ RunTime:0.0627s ]
NOTIC: [8] Undefined index: status D:\test\Littlewhale\Application\Api\Controller\BaseController.class.php 第 117 行.
NOTIC: [8] Undefined index: status D:\test\Littlewhale\Application\Api\Controller\BaseController.class.php 第 120 行.
SQL: SHOW COLUMNS FROM `db_bank_card` [ RunTime:0.0465s ]
SQL: SELECT * FROM `db_bank_card` WHERE `agent_id` = 1 AND `card_code` = '621679087718187784585' LIMIT 1   [ RunTime:0.0596s ]
SQL: SELECT * FROM `db_bank_card` WHERE `agent_id` = 1 LIMIT 1   [ RunTime:0.0549s ]
SQL: SHOW COLUMNS FROM `db_bank_type` [ RunTime:0.0518s ]
SQL: SELECT `bank_name` FROM `db_bank_type` WHERE `id` = 1 LIMIT 1   [ RunTime:0.0433s ]
SQL: UPDATE `db_bank_card` SET `agent_id`='1',`card_name`='王子',`card_code`='621679087718187784585',`ID_card`='587456988541235187',`phone`='18635359874',`card_id`='1' WHERE `agent_id` = 1 [ RunTime:0.0612s ]

[ 2019-01-15T07:01:59+08:00 ] 127.0.0.1 /index.php/Api/Pay/addBankCard
INFO: [ app_init ] --START--
INFO: Run Behavior\BuildLiteBehavior [ RunTime:0.000016s ]
INFO: [ app_init ] --END-- [ RunTime:0.000116s ]
INFO: [ app_begin ] --START--
INFO: Run Behavior\ReadHtmlCacheBehavior [ RunTime:0.000080s ]
INFO: [ app_begin ] --END-- [ RunTime:0.000144s ]
SQL: SHOW COLUMNS FROM `db_agent` [ RunTime:0.0592s ]
NOTIC: [8] Undefined index: status D:\test\Littlewhale\Application\Common\Model\AgentModel.class.php 第 23 行.
SQL: SELECT `id`,`account`,`token`,`nickname`,`address`,`grade`,`balance`,`salt`,`password` FROM `db_agent` WHERE `token` = 'b7c6f0307448306e8c840ec6fc322cb4' AND `status` <> '9' LIMIT 1   [ RunTime:0.0688s ]
NOTIC: [8] Undefined index: status D:\test\Littlewhale\Application\Api\Controller\BaseController.class.php 第 117 行.
NOTIC: [8] Undefined index: status D:\test\Littlewhale\Application\Api\Controller\BaseController.class.php 第 120 行.
SQL: SHOW COLUMNS FROM `db_bank_card` [ RunTime:0.0587s ]
SQL: SELECT * FROM `db_bank_card` WHERE `agent_id` = 1 AND `card_code` = '621679087718187784585' LIMIT 1   [ RunTime:0.0593s ]
SQL: SELECT * FROM `db_bank_card` WHERE `agent_id` = 1 LIMIT 1   [ RunTime:0.0613s ]
SQL: SHOW COLUMNS FROM `db_bank_type` [ RunTime:0.0559s ]
SQL: SELECT `bank_name` FROM `db_bank_type` WHERE `id` = 1 LIMIT 1   [ RunTime:0.0476s ]
SQL: UPDATE `db_bank_card` SET `agent_id`='1',`card_name`='王子',`card_code`='621679087718187784585',`ID_card`='587456988541235187',`phone`='18635359874',`card_id`='1' WHERE `agent_id` = 1 [ RunTime:0.0649s ]

[ 2019-01-15T07:02:12+08:00 ] 127.0.0.1 /index.php/Api/Pay/addBankCard
INFO: [ app_init ] --START--
INFO: Run Behavior\BuildLiteBehavior [ RunTime:0.000018s ]
INFO: [ app_init ] --END-- [ RunTime:0.000120s ]
INFO: [ app_begin ] --START--
INFO: Run Behavior\ReadHtmlCacheBehavior [ RunTime:0.000228s ]
INFO: [ app_begin ] --END-- [ RunTime:0.000403s ]
SQL: SHOW COLUMNS FROM `db_agent` [ RunTime:0.0483s ]
NOTIC: [8] Undefined index: status D:\test\Littlewhale\Application\Common\Model\AgentModel.class.php 第 23 行.
SQL: SELECT `id`,`account`,`token`,`nickname`,`address`,`grade`,`balance`,`salt`,`password` FROM `db_agent` WHERE `token` = 'b7c6f0307448306e8c840ec6fc322cb4' AND `status` <> '9' LIMIT 1   [ RunTime:0.0681s ]
NOTIC: [8] Undefined index: status D:\test\Littlewhale\Application\Api\Controller\BaseController.class.php 第 117 行.
NOTIC: [8] Undefined index: status D:\test\Littlewhale\Application\Api\Controller\BaseController.class.php 第 120 行.
SQL: SHOW COLUMNS FROM `db_bank_card` [ RunTime:0.0595s ]
SQL: SELECT * FROM `db_bank_card` WHERE `agent_id` = 1 AND `card_code` = '621679087718187784585' LIMIT 1   [ RunTime:0.0599s ]
SQL: UPDATE `db_bank_card` SET `agent_id`='1',`card_name`='王子',`card_code`='621679087718187784585',`ID_card`='587456988541235187',`phone`='18635359874',`card_id`='1' WHERE `agent_id` = 1 [ RunTime:0.0648s ]

