[ 2019-01-24T09:14:34+08:00 ] 127.0.0.1 /index.php/Api/CarWasher/carIncomeInfo
INFO: [ app_init ] --START--
INFO: Run Behavior\BuildLiteBehavior [ RunTime:0.000926s ]
INFO: [ app_init ] --END-- [ RunTime:0.004386s ]
INFO: [ app_begin ] --START--
INFO: Run Behavior\ReadHtmlCacheBehavior [ RunTime:0.002121s ]
INFO: [ app_begin ] --END-- [ RunTime:0.002308s ]
SQL: SHOW COLUMNS FROM `db_agent` [ RunTime:0.0107s ]
NOTIC: [8] Undefined index: status D:\test\Littlewhale\Application\Common\Model\AgentModel.class.php 第 23 行.
SQL: SELECT `id`,`account`,`token`,`nickname`,`grade`,`balance`,`salt`,`password`,`grade` FROM `db_agent` WHERE `token` = 'b7c6f0307448306e8c840ec6fc322cb4' AND `status` <> '9' LIMIT 1   [ RunTime:0.0087s ]
NOTIC: [8] Undefined index: status D:\test\Littlewhale\Application\Api\Controller\BaseController.class.php 第 117 行.
NOTIC: [8] Undefined index: status D:\test\Littlewhale\Application\Api\Controller\BaseController.class.php 第 120 行.
SQL: SHOW COLUMNS FROM `db_car_washer` [ RunTime:0.0088s ]
SQL: SELECT `mc_id`,`id` FROM `db_car_washer` WHERE `id` = 1 AND `agent_id` = 1 LIMIT 1   [ RunTime:0.0081s ]
SQL: SHOW COLUMNS FROM `db_order` [ RunTime:0.0105s ]
SQL: SELECT orderid as mc_id,pay_money as net_income,pay_time as create_time FROM `db_order` WHERE `c_id` = 1 AND `o_type` = 1 AND `status` = 2  [ RunTime:0.0083s ]

[ 2019-01-24T09:15:35+08:00 ] 127.0.0.1 /index.php/Api/CarWasher/carIncomeInfo
INFO: [ app_init ] --START--
INFO: Run Behavior\BuildLiteBehavior [ RunTime:0.000017s ]
INFO: [ app_init ] --END-- [ RunTime:0.000147s ]
INFO: [ app_begin ] --START--
INFO: Run Behavior\ReadHtmlCacheBehavior [ RunTime:0.000536s ]
INFO: [ app_begin ] --END-- [ RunTime:0.000722s ]
SQL: SHOW COLUMNS FROM `db_agent` [ RunTime:0.0099s ]
NOTIC: [8] Undefined index: status D:\test\Littlewhale\Application\Common\Model\AgentModel.class.php 第 23 行.
SQL: SELECT `id`,`account`,`token`,`nickname`,`grade`,`balance`,`salt`,`password`,`grade` FROM `db_agent` WHERE `token` = 'b7c6f0307448306e8c840ec6fc322cb4' AND `status` <> '9' LIMIT 1   [ RunTime:0.0110s ]
NOTIC: [8] Undefined index: status D:\test\Littlewhale\Application\Api\Controller\BaseController.class.php 第 117 行.
NOTIC: [8] Undefined index: status D:\test\Littlewhale\Application\Api\Controller\BaseController.class.php 第 120 行.
SQL: SHOW COLUMNS FROM `db_car_washer` [ RunTime:0.0099s ]
SQL: SELECT `mc_id`,`id` FROM `db_car_washer` WHERE `id` = 1 AND `agent_id` = 1 LIMIT 1   [ RunTime:0.0091s ]
SQL: SHOW COLUMNS FROM `db_order` [ RunTime:0.0107s ]
SQL: SELECT orderid as mc_id,pay_money as net_income,pay_time as create_time FROM `db_order` WHERE `c_id` = 1 AND `o_type` = 1 AND `status` = 2  [ RunTime:0.0108s ]

[ 2019-01-24T09:40:07+08:00 ] 127.0.0.1 /index.php/Api/CarWasher/carIncomeInfo
INFO: [ app_init ] --START--
INFO: Run Behavior\BuildLiteBehavior [ RunTime:0.000036s ]
INFO: [ app_init ] --END-- [ RunTime:0.000293s ]
INFO: [ app_begin ] --START--
INFO: Run Behavior\ReadHtmlCacheBehavior [ RunTime:0.000297s ]
INFO: [ app_begin ] --END-- [ RunTime:0.000413s ]
SQL: SHOW COLUMNS FROM `db_agent` [ RunTime:0.0113s ]
NOTIC: [8] Undefined index: status D:\test\Littlewhale\Application\Common\Model\AgentModel.class.php 第 23 行.
SQL: SELECT `id`,`account`,`token`,`nickname`,`grade`,`balance`,`salt`,`password`,`grade` FROM `db_agent` WHERE `token` = 'b7c6f0307448306e8c840ec6fc322cb4' AND `status` <> '9' LIMIT 1   [ RunTime:0.0132s ]
NOTIC: [8] Undefined index: status D:\test\Littlewhale\Application\Api\Controller\BaseController.class.php 第 117 行.
NOTIC: [8] Undefined index: status D:\test\Littlewhale\Application\Api\Controller\BaseController.class.php 第 120 行.
SQL: SHOW COLUMNS FROM `db_car_washer` [ RunTime:0.0127s ]
SQL: SELECT `mc_id`,`id` FROM `db_car_washer` WHERE `id` = 1 AND `agent_id` = 1 LIMIT 1   [ RunTime:0.0094s ]
SQL: SHOW COLUMNS FROM `db_order` [ RunTime:0.0107s ]
SQL: SELECT orderid as mc_id,pay_money as net_income,pay_time as create_time FROM `db_order` WHERE `c_id` = 1 AND `o_type` = 1 AND `status` = 2  [ RunTime:0.0101s ]

[ 2019-01-24T09:53:58+08:00 ] 127.0.0.1 /index.php/Api/CarWasher/carIncomeInfo
INFO: [ app_init ] --START--
INFO: Run Behavior\BuildLiteBehavior [ RunTime:0.000152s ]
INFO: [ app_init ] --END-- [ RunTime:0.000620s ]
INFO: [ app_begin ] --START--
INFO: Run Behavior\ReadHtmlCacheBehavior [ RunTime:0.000207s ]
INFO: [ app_begin ] --END-- [ RunTime:0.000285s ]
SQL: SHOW COLUMNS FROM `db_agent` [ RunTime:0.0091s ]
NOTIC: [8] Undefined index: status D:\test\Littlewhale\Application\Common\Model\AgentModel.class.php 第 23 行.
SQL: SELECT `id`,`account`,`token`,`nickname`,`grade`,`balance`,`salt`,`password`,`grade` FROM `db_agent` WHERE `token` = 'b7c6f0307448306e8c840ec6fc322cb4' AND `status` <> '9' LIMIT 1   [ RunTime:0.0087s ]
NOTIC: [8] Undefined index: status D:\test\Littlewhale\Application\Api\Controller\BaseController.class.php 第 117 行.
NOTIC: [8] Undefined index: status D:\test\Littlewhale\Application\Api\Controller\BaseController.class.php 第 120 行.
SQL: SHOW COLUMNS FROM `db_car_washer` [ RunTime:0.0095s ]
SQL: SELECT `mc_id`,`id` FROM `db_car_washer` WHERE `id` = 1 AND `agent_id` = 1 LIMIT 1   [ RunTime:0.0090s ]
SQL: SHOW COLUMNS FROM `db_order` [ RunTime:0.0091s ]
SQL: SELECT orderid as mc_id,pay_money as net_income,pay_time as create_time FROM `db_order` WHERE `c_id` = 1 AND `o_type` = 1 AND `status` = 2  [ RunTime:0.0079s ]

[ 2019-01-24T10:09:50+08:00 ] 127.0.0.1 /index.php/Api/CarWasher/carIncomeInfo
INFO: [ app_init ] --START--
INFO: Run Behavior\BuildLiteBehavior [ RunTime:0.000049s ]
INFO: [ app_init ] --END-- [ RunTime:0.000368s ]
INFO: [ app_begin ] --START--
INFO: Run Behavior\ReadHtmlCacheBehavior [ RunTime:0.000178s ]
INFO: [ app_begin ] --END-- [ RunTime:0.000244s ]
NOTIC: [8] Undefined index: token D:\test\Littlewhale\Application\Common\Common\function.php 第 352 行.

