[ 2019-06-10T02:14:43+08:00 ] 127.0.0.1 /api/NewAgent/oneDetail
INFO: [ app_init ] --START--
INFO: Run Behavior\BuildLiteBehavior [ RunTime:0.000013s ]
INFO: [ app_init ] --END-- [ RunTime:0.000657s ]
INFO: [ app_begin ] --START--
INFO: Run Behavior\ReadHtmlCacheBehavior [ RunTime:0.001153s ]
INFO: [ app_begin ] --END-- [ RunTime:0.001206s ]
NOTIC: [8] Undefined index: in_month D:\test\Littlewhale\Application\Api\Controller\NewAgentController.class.php 第 763 行.
SQL: SHOW COLUMNS FROM `db_agent` [ RunTime:0.0081s ]
NOTIC: [8] Undefined index: status D:\test\Littlewhale\Application\Common\Model\AgentModel.class.php 第 23 行.
SQL: SELECT `id`,`account`,`token`,`nickname`,`balance`,`salt`,`password`,`grade` FROM `db_agent` WHERE `token` = '60abe1fe939803dd1e4ea29fb1d0fd58' AND `status` <> '9' LIMIT 1   [ RunTime:0.0088s ]
NOTIC: [8] Undefined index: status D:\test\Littlewhale\Application\Api\Controller\BaseController.class.php 第 118 行.
NOTIC: [8] Undefined index: status D:\test\Littlewhale\Application\Api\Controller\BaseController.class.php 第 121 行.
SQL: SHOW COLUMNS FROM `db_income` [ RunTime:0.0090s ]
SQL: SELECT SUM(net_income) as net_income,`month` FROM `db_income` WHERE `status` <> 9 AND `agent_id` = '1' AND `month` = 1559318400 GROUP BY month LIMIT 1   [ RunTime:0.0072s ]
SQL: SELECT SUM(detail) as detail,SUM(net_income) as net_income,SUM(plat_money) as plat_money,SUM(partner_money) as partner_money,SUM(platform) as platform,`day` FROM `db_income` WHERE `status` <> 9 AND `agent_id` = '1' AND `month` = 1559318400 GROUP BY day LIMIT 990,10   [ RunTime:0.0073s ]
SQL: SHOW COLUMNS FROM `db_agent` [ RunTime:0.0099s ]
SQL: SELECT `id` FROM `db_agent` WHERE `p_id` = 1  [ RunTime:0.0099s ]
SQL: SELECT SUM(p_money) as p_money,`day` FROM `db_income` WHERE `agent_id` = 2 AND `month` = 1559318400 GROUP BY day ORDER BY day DESC  [ RunTime:0.0094s ]
SQL: SELECT SUM(p_money) as p_money,`day` FROM `db_income` WHERE `agent_id` = 3 AND `month` = 1559318400 GROUP BY day ORDER BY day DESC  [ RunTime:0.0073s ]
SQL: SELECT SUM(p_money) as p_money,`day` FROM `db_income` WHERE `agent_id` = 4 AND `month` = 1559318400 GROUP BY day ORDER BY day DESC  [ RunTime:0.0197s ]
SQL: SELECT SUM(p_money) as p_money,`day` FROM `db_income` WHERE `agent_id` = 5 AND `month` = 1559318400 GROUP BY day ORDER BY day DESC  [ RunTime:0.0122s ]
SQL: SELECT SUM(p_money) as p_money,`day` FROM `db_income` WHERE `agent_id` = 8 AND `month` = 1559318400 GROUP BY day ORDER BY day DESC  [ RunTime:0.0085s ]
SQL: SELECT SUM(p_money) as p_money,`day` FROM `db_income` WHERE `agent_id` = 9 AND `month` = 1559318400 GROUP BY day ORDER BY day DESC  [ RunTime:0.0072s ]
SQL: SELECT SUM(p_money) as p_money,`day` FROM `db_income` WHERE `agent_id` = 27 AND `month` = 1559318400 GROUP BY day ORDER BY day DESC  [ RunTime:0.0073s ]

[ 2019-06-10T02:15:13+08:00 ] 127.0.0.1 /api/NewAgent/oneDetail
INFO: [ app_init ] --START--
INFO: Run Behavior\BuildLiteBehavior [ RunTime:0.000049s ]
INFO: [ app_init ] --END-- [ RunTime:0.001326s ]
INFO: [ app_begin ] --START--
INFO: Run Behavior\ReadHtmlCacheBehavior [ RunTime:0.001240s ]
INFO: [ app_begin ] --END-- [ RunTime:0.001298s ]
NOTIC: [8] Undefined index: in_month D:\test\Littlewhale\Application\Api\Controller\NewAgentController.class.php 第 763 行.
SQL: SHOW COLUMNS FROM `db_agent` [ RunTime:0.0079s ]
NOTIC: [8] Undefined index: status D:\test\Littlewhale\Application\Common\Model\AgentModel.class.php 第 23 行.
SQL: SELECT `id`,`account`,`token`,`nickname`,`balance`,`salt`,`password`,`grade` FROM `db_agent` WHERE `token` = '60abe1fe939803dd1e4ea29fb1d0fd58' AND `status` <> '9' LIMIT 1   [ RunTime:0.0073s ]
NOTIC: [8] Undefined index: status D:\test\Littlewhale\Application\Api\Controller\BaseController.class.php 第 118 行.
NOTIC: [8] Undefined index: status D:\test\Littlewhale\Application\Api\Controller\BaseController.class.php 第 121 行.
SQL: SHOW COLUMNS FROM `db_income` [ RunTime:0.0079s ]
SQL: SELECT SUM(net_income) as net_income,`month` FROM `db_income` WHERE `status` <> 9 AND `agent_id` = '1' AND `month` = 1559318400 GROUP BY month LIMIT 1   [ RunTime:0.0152s ]
SQL: SELECT SUM(detail) as detail,SUM(net_income) as net_income,SUM(plat_money) as plat_money,SUM(partner_money) as partner_money,SUM(platform) as platform,`day` FROM `db_income` WHERE `status` <> 9 AND `agent_id` = '1' AND `month` = 1559318400 GROUP BY day LIMIT 990,10   [ RunTime:0.0072s ]
SQL: SHOW COLUMNS FROM `db_agent` [ RunTime:0.0078s ]
SQL: SELECT `id` FROM `db_agent` WHERE `p_id` = 1  [ RunTime:0.0073s ]
SQL: SELECT SUM(p_money) as p_money,`day` FROM `db_income` WHERE `agent_id` = 2 AND `month` = 1559318400 GROUP BY day ORDER BY day DESC  [ RunTime:0.0158s ]
SQL: SELECT SUM(p_money) as p_money,`day` FROM `db_income` WHERE `agent_id` = 3 AND `month` = 1559318400 GROUP BY day ORDER BY day DESC  [ RunTime:0.0080s ]
SQL: SELECT SUM(p_money) as p_money,`day` FROM `db_income` WHERE `agent_id` = 4 AND `month` = 1559318400 GROUP BY day ORDER BY day DESC  [ RunTime:0.0080s ]
SQL: SELECT SUM(p_money) as p_money,`day` FROM `db_income` WHERE `agent_id` = 5 AND `month` = 1559318400 GROUP BY day ORDER BY day DESC  [ RunTime:0.0095s ]
SQL: SELECT SUM(p_money) as p_money,`day` FROM `db_income` WHERE `agent_id` = 8 AND `month` = 1559318400 GROUP BY day ORDER BY day DESC  [ RunTime:0.0077s ]
SQL: SELECT SUM(p_money) as p_money,`day` FROM `db_income` WHERE `agent_id` = 9 AND `month` = 1559318400 GROUP BY day ORDER BY day DESC  [ RunTime:0.0079s ]
SQL: SELECT SUM(p_money) as p_money,`day` FROM `db_income` WHERE `agent_id` = 27 AND `month` = 1559318400 GROUP BY day ORDER BY day DESC  [ RunTime:0.0070s ]

[ 2019-06-10T02:15:30+08:00 ] 127.0.0.1 /api/NewAgent/oneDetail
INFO: [ app_init ] --START--
INFO: Run Behavior\BuildLiteBehavior [ RunTime:0.000030s ]
INFO: [ app_init ] --END-- [ RunTime:0.000830s ]
INFO: [ app_begin ] --START--
INFO: Run Behavior\ReadHtmlCacheBehavior [ RunTime:0.001137s ]
INFO: [ app_begin ] --END-- [ RunTime:0.001189s ]
NOTIC: [8] Undefined index: in_month D:\test\Littlewhale\Application\Api\Controller\NewAgentController.class.php 第 763 行.
SQL: SHOW COLUMNS FROM `db_agent` [ RunTime:0.0094s ]
NOTIC: [8] Undefined index: status D:\test\Littlewhale\Application\Common\Model\AgentModel.class.php 第 23 行.
SQL: SELECT `id`,`account`,`token`,`nickname`,`balance`,`salt`,`password`,`grade` FROM `db_agent` WHERE `token` = '60abe1fe939803dd1e4ea29fb1d0fd58' AND `status` <> '9' LIMIT 1   [ RunTime:0.0086s ]
NOTIC: [8] Undefined index: status D:\test\Littlewhale\Application\Api\Controller\BaseController.class.php 第 118 行.
NOTIC: [8] Undefined index: status D:\test\Littlewhale\Application\Api\Controller\BaseController.class.php 第 121 行.
SQL: SHOW COLUMNS FROM `db_income` [ RunTime:0.0100s ]
SQL: SELECT SUM(net_income) as net_income,`month` FROM `db_income` WHERE `status` <> 9 AND `agent_id` = '1' AND `month` = 1559318400 GROUP BY month LIMIT 1   [ RunTime:0.0108s ]
SQL: SELECT SUM(detail) as detail,SUM(net_income) as net_income,SUM(plat_money) as plat_money,SUM(partner_money) as partner_money,SUM(platform) as platform,`day` FROM `db_income` WHERE `status` <> 9 AND `agent_id` = '1' AND `month` = 1559318400 GROUP BY day LIMIT 990,10   [ RunTime:0.0172s ]
SQL: SHOW COLUMNS FROM `db_agent` [ RunTime:0.0122s ]
SQL: SELECT `id` FROM `db_agent` WHERE `p_id` = 1  [ RunTime:0.0103s ]
SQL: SELECT SUM(p_money) as p_money,`day` FROM `db_income` WHERE `agent_id` = 2 AND `month` = 1559318400 GROUP BY day ORDER BY day DESC  [ RunTime:0.0134s ]
SQL: SELECT SUM(p_money) as p_money,`day` FROM `db_income` WHERE `agent_id` = 3 AND `month` = 1559318400 GROUP BY day ORDER BY day DESC  [ RunTime:0.0077s ]
SQL: SELECT SUM(p_money) as p_money,`day` FROM `db_income` WHERE `agent_id` = 4 AND `month` = 1559318400 GROUP BY day ORDER BY day DESC  [ RunTime:0.0077s ]
SQL: SELECT SUM(p_money) as p_money,`day` FROM `db_income` WHERE `agent_id` = 5 AND `month` = 1559318400 GROUP BY day ORDER BY day DESC  [ RunTime:0.0079s ]
SQL: SELECT SUM(p_money) as p_money,`day` FROM `db_income` WHERE `agent_id` = 8 AND `month` = 1559318400 GROUP BY day ORDER BY day DESC  [ RunTime:0.0089s ]
SQL: SELECT SUM(p_money) as p_money,`day` FROM `db_income` WHERE `agent_id` = 9 AND `month` = 1559318400 GROUP BY day ORDER BY day DESC  [ RunTime:0.0079s ]
SQL: SELECT SUM(p_money) as p_money,`day` FROM `db_income` WHERE `agent_id` = 27 AND `month` = 1559318400 GROUP BY day ORDER BY day DESC  [ RunTime:0.0099s ]

[ 2019-06-10T02:15:41+08:00 ] 127.0.0.1 /api/NewAgent/oneDetail
INFO: [ app_init ] --START--
INFO: Run Behavior\BuildLiteBehavior [ RunTime:0.000017s ]
INFO: [ app_init ] --END-- [ RunTime:0.000710s ]
INFO: [ app_begin ] --START--
INFO: Run Behavior\ReadHtmlCacheBehavior [ RunTime:0.001259s ]
INFO: [ app_begin ] --END-- [ RunTime:0.001325s ]
NOTIC: [8] Undefined index: in_month D:\test\Littlewhale\Application\Api\Controller\NewAgentController.class.php 第 763 行.
SQL: SHOW COLUMNS FROM `db_agent` [ RunTime:0.0086s ]
NOTIC: [8] Undefined index: status D:\test\Littlewhale\Application\Common\Model\AgentModel.class.php 第 23 行.
SQL: SELECT `id`,`account`,`token`,`nickname`,`balance`,`salt`,`password`,`grade` FROM `db_agent` WHERE `token` = '60abe1fe939803dd1e4ea29fb1d0fd58' AND `status` <> '9' LIMIT 1   [ RunTime:0.0136s ]
NOTIC: [8] Undefined index: status D:\test\Littlewhale\Application\Api\Controller\BaseController.class.php 第 118 行.
NOTIC: [8] Undefined index: status D:\test\Littlewhale\Application\Api\Controller\BaseController.class.php 第 121 行.
SQL: SHOW COLUMNS FROM `db_income` [ RunTime:0.0086s ]
SQL: SELECT SUM(net_income) as net_income,`month` FROM `db_income` WHERE `status` <> 9 AND `agent_id` = '1' AND `month` = 1559318400 GROUP BY month LIMIT 1   [ RunTime:0.0073s ]
SQL: SELECT SUM(detail) as detail,SUM(net_income) as net_income,SUM(plat_money) as plat_money,SUM(partner_money) as partner_money,SUM(platform) as platform,`day` FROM `db_income` WHERE `status` <> 9 AND `agent_id` = '1' AND `month` = 1559318400 GROUP BY day LIMIT 990,10   [ RunTime:0.0084s ]
SQL: SHOW COLUMNS FROM `db_agent` [ RunTime:0.0103s ]
SQL: SELECT `id` FROM `db_agent` WHERE `p_id` = 1  [ RunTime:0.0112s ]
SQL: SELECT SUM(p_money) as p_money,`day` FROM `db_income` WHERE `agent_id` = 2 AND `month` = 1559318400 GROUP BY day ORDER BY day DESC  [ RunTime:0.0089s ]
SQL: SELECT SUM(p_money) as p_money,`day` FROM `db_income` WHERE `agent_id` = 3 AND `month` = 1559318400 GROUP BY day ORDER BY day DESC  [ RunTime:0.0081s ]
SQL: SELECT SUM(p_money) as p_money,`day` FROM `db_income` WHERE `agent_id` = 4 AND `month` = 1559318400 GROUP BY day ORDER BY day DESC  [ RunTime:0.0073s ]
SQL: SELECT SUM(p_money) as p_money,`day` FROM `db_income` WHERE `agent_id` = 5 AND `month` = 1559318400 GROUP BY day ORDER BY day DESC  [ RunTime:0.0083s ]
SQL: SELECT SUM(p_money) as p_money,`day` FROM `db_income` WHERE `agent_id` = 8 AND `month` = 1559318400 GROUP BY day ORDER BY day DESC  [ RunTime:0.0077s ]
SQL: SELECT SUM(p_money) as p_money,`day` FROM `db_income` WHERE `agent_id` = 9 AND `month` = 1559318400 GROUP BY day ORDER BY day DESC  [ RunTime:0.0093s ]
SQL: SELECT SUM(p_money) as p_money,`day` FROM `db_income` WHERE `agent_id` = 27 AND `month` = 1559318400 GROUP BY day ORDER BY day DESC  [ RunTime:0.0117s ]

[ 2019-06-10T02:20:57+08:00 ] 127.0.0.1 /api/NewAgent/oneDetail
INFO: [ app_init ] --START--
INFO: Run Behavior\BuildLiteBehavior [ RunTime:0.000013s ]
INFO: [ app_init ] --END-- [ RunTime:0.000517s ]
INFO: [ app_begin ] --START--
INFO: Run Behavior\ReadHtmlCacheBehavior [ RunTime:0.001114s ]
INFO: [ app_begin ] --END-- [ RunTime:0.001164s ]
NOTIC: [8] Undefined index: in_month D:\test\Littlewhale\Application\Api\Controller\NewAgentController.class.php 第 763 行.
SQL: SHOW COLUMNS FROM `db_agent` [ RunTime:0.0090s ]
NOTIC: [8] Undefined index: status D:\test\Littlewhale\Application\Common\Model\AgentModel.class.php 第 23 行.
SQL: SELECT `id`,`account`,`token`,`nickname`,`balance`,`salt`,`password`,`grade` FROM `db_agent` WHERE `token` = '60abe1fe939803dd1e4ea29fb1d0fd58' AND `status` <> '9' LIMIT 1   [ RunTime:0.0083s ]
NOTIC: [8] Undefined index: status D:\test\Littlewhale\Application\Api\Controller\BaseController.class.php 第 118 行.
NOTIC: [8] Undefined index: status D:\test\Littlewhale\Application\Api\Controller\BaseController.class.php 第 121 行.
SQL: SHOW COLUMNS FROM `db_income` [ RunTime:0.0089s ]
SQL: SELECT SUM(net_income) as net_income,`month` FROM `db_income` WHERE `status` <> 9 AND `agent_id` = '1' AND `month` = 1559318400 GROUP BY month LIMIT 1   [ RunTime:0.0090s ]
SQL: SELECT SUM(detail) as detail,SUM(net_income) as net_income,SUM(plat_money) as plat_money,SUM(partner_money) as partner_money,SUM(platform) as platform,`day` FROM `db_income` WHERE `status` <> 9 AND `agent_id` = '1' AND `month` = 1559318400 GROUP BY day LIMIT 990,10   [ RunTime:0.0084s ]
SQL: SHOW COLUMNS FROM `db_agent` [ RunTime:0.0110s ]
SQL: SELECT `id` FROM `db_agent` WHERE `p_id` = 1  [ RunTime:0.0081s ]
SQL: SELECT SUM(p_money) as p_money,`day` FROM `db_income` WHERE `agent_id` = 2 AND `month` = 1559318400 GROUP BY day ORDER BY day DESC  [ RunTime:0.0095s ]
SQL: SELECT SUM(p_money) as p_money,`day` FROM `db_income` WHERE `agent_id` = 3 AND `month` = 1559318400 GROUP BY day ORDER BY day DESC  [ RunTime:0.0102s ]
SQL: SELECT SUM(p_money) as p_money,`day` FROM `db_income` WHERE `agent_id` = 4 AND `month` = 1559318400 GROUP BY day ORDER BY day DESC  [ RunTime:0.0082s ]
SQL: SELECT SUM(p_money) as p_money,`day` FROM `db_income` WHERE `agent_id` = 5 AND `month` = 1559318400 GROUP BY day ORDER BY day DESC  [ RunTime:0.0083s ]
SQL: SELECT SUM(p_money) as p_money,`day` FROM `db_income` WHERE `agent_id` = 8 AND `month` = 1559318400 GROUP BY day ORDER BY day DESC  [ RunTime:0.0096s ]
SQL: SELECT SUM(p_money) as p_money,`day` FROM `db_income` WHERE `agent_id` = 9 AND `month` = 1559318400 GROUP BY day ORDER BY day DESC  [ RunTime:0.0096s ]
SQL: SELECT SUM(p_money) as p_money,`day` FROM `db_income` WHERE `agent_id` = 27 AND `month` = 1559318400 GROUP BY day ORDER BY day DESC  [ RunTime:0.0081s ]

[ 2019-06-10T02:20:58+08:00 ] 127.0.0.1 /api/NewAgent/oneDetail
INFO: [ app_init ] --START--
INFO: Run Behavior\BuildLiteBehavior [ RunTime:0.000013s ]
INFO: [ app_init ] --END-- [ RunTime:0.000409s ]
INFO: [ app_begin ] --START--
INFO: Run Behavior\ReadHtmlCacheBehavior [ RunTime:0.001146s ]
INFO: [ app_begin ] --END-- [ RunTime:0.001196s ]
NOTIC: [8] Undefined index: in_month D:\test\Littlewhale\Application\Api\Controller\NewAgentController.class.php 第 763 行.
SQL: SHOW COLUMNS FROM `db_agent` [ RunTime:0.0079s ]
NOTIC: [8] Undefined index: status D:\test\Littlewhale\Application\Common\Model\AgentModel.class.php 第 23 行.
SQL: SELECT `id`,`account`,`token`,`nickname`,`balance`,`salt`,`password`,`grade` FROM `db_agent` WHERE `token` = '60abe1fe939803dd1e4ea29fb1d0fd58' AND `status` <> '9' LIMIT 1   [ RunTime:0.0072s ]
NOTIC: [8] Undefined index: status D:\test\Littlewhale\Application\Api\Controller\BaseController.class.php 第 118 行.
NOTIC: [8] Undefined index: status D:\test\Littlewhale\Application\Api\Controller\BaseController.class.php 第 121 行.
SQL: SHOW COLUMNS FROM `db_income` [ RunTime:0.0151s ]
SQL: SELECT SUM(net_income) as net_income,`month` FROM `db_income` WHERE `status` <> 9 AND `agent_id` = '1' AND `month` = 1559318400 GROUP BY month LIMIT 1   [ RunTime:0.0078s ]
SQL: SELECT SUM(detail) as detail,SUM(net_income) as net_income,SUM(plat_money) as plat_money,SUM(partner_money) as partner_money,SUM(platform) as platform,`day` FROM `db_income` WHERE `status` <> 9 AND `agent_id` = '1' AND `month` = 1559318400 GROUP BY day LIMIT 990,10   [ RunTime:0.0074s ]
SQL: SHOW COLUMNS FROM `db_agent` [ RunTime:0.0109s ]
SQL: SELECT `id` FROM `db_agent` WHERE `p_id` = 1  [ RunTime:0.0103s ]
SQL: SELECT SUM(p_money) as p_money,`day` FROM `db_income` WHERE `agent_id` = 2 AND `month` = 1559318400 GROUP BY day ORDER BY day DESC  [ RunTime:0.0104s ]
SQL: SELECT SUM(p_money) as p_money,`day` FROM `db_income` WHERE `agent_id` = 3 AND `month` = 1559318400 GROUP BY day ORDER BY day DESC  [ RunTime:0.0088s ]
SQL: SELECT SUM(p_money) as p_money,`day` FROM `db_income` WHERE `agent_id` = 4 AND `month` = 1559318400 GROUP BY day ORDER BY day DESC  [ RunTime:0.0070s ]
SQL: SELECT SUM(p_money) as p_money,`day` FROM `db_income` WHERE `agent_id` = 5 AND `month` = 1559318400 GROUP BY day ORDER BY day DESC  [ RunTime:0.0070s ]
SQL: SELECT SUM(p_money) as p_money,`day` FROM `db_income` WHERE `agent_id` = 8 AND `month` = 1559318400 GROUP BY day ORDER BY day DESC  [ RunTime:0.0069s ]
SQL: SELECT SUM(p_money) as p_money,`day` FROM `db_income` WHERE `agent_id` = 9 AND `month` = 1559318400 GROUP BY day ORDER BY day DESC  [ RunTime:0.0077s ]
SQL: SELECT SUM(p_money) as p_money,`day` FROM `db_income` WHERE `agent_id` = 27 AND `month` = 1559318400 GROUP BY day ORDER BY day DESC  [ RunTime:0.0082s ]

[ 2019-06-10T02:21:09+08:00 ] 127.0.0.1 /api/NewAgent/oneDetail
INFO: [ app_init ] --START--
INFO: Run Behavior\BuildLiteBehavior [ RunTime:0.000027s ]
INFO: [ app_init ] --END-- [ RunTime:0.000713s ]
INFO: [ app_begin ] --START--
INFO: Run Behavior\ReadHtmlCacheBehavior [ RunTime:0.002289s ]
INFO: [ app_begin ] --END-- [ RunTime:0.002353s ]
NOTIC: [8] Undefined index: in_month D:\test\Littlewhale\Application\Api\Controller\NewAgentController.class.php 第 763 行.
SQL: SHOW COLUMNS FROM `db_agent` [ RunTime:0.0099s ]
NOTIC: [8] Undefined index: status D:\test\Littlewhale\Application\Common\Model\AgentModel.class.php 第 23 行.
SQL: SELECT `id`,`account`,`token`,`nickname`,`balance`,`salt`,`password`,`grade` FROM `db_agent` WHERE `token` = '60abe1fe939803dd1e4ea29fb1d0fd58' AND `status` <> '9' LIMIT 1   [ RunTime:0.0103s ]
NOTIC: [8] Undefined index: status D:\test\Littlewhale\Application\Api\Controller\BaseController.class.php 第 118 行.
NOTIC: [8] Undefined index: status D:\test\Littlewhale\Application\Api\Controller\BaseController.class.php 第 121 行.
SQL: SHOW COLUMNS FROM `db_income` [ RunTime:0.0098s ]
SQL: SELECT SUM(net_income) as net_income,`month` FROM `db_income` WHERE `status` <> 9 AND `agent_id` = '1' AND `month` = 1559318400 GROUP BY month LIMIT 1   [ RunTime:0.0089s ]
SQL: SELECT SUM(detail) as detail,SUM(net_income) as net_income,SUM(plat_money) as plat_money,SUM(partner_money) as partner_money,SUM(platform) as platform,`day` FROM `db_income` WHERE `status` <> 9 AND `agent_id` = '1' AND `month` = 1559318400 GROUP BY day LIMIT 0,10   [ RunTime:0.0093s ]
SQL: SHOW COLUMNS FROM `db_agent` [ RunTime:0.0116s ]
SQL: SELECT `id` FROM `db_agent` WHERE `p_id` = 1  [ RunTime:0.0099s ]
SQL: SELECT SUM(p_money) as p_money,`day` FROM `db_income` WHERE `agent_id` = 2 AND `month` = 1559318400 GROUP BY day ORDER BY day DESC  [ RunTime:0.0105s ]
SQL: SELECT SUM(p_money) as p_money,`day` FROM `db_income` WHERE `agent_id` = 3 AND `month` = 1559318400 GROUP BY day ORDER BY day DESC  [ RunTime:0.0122s ]
SQL: SELECT SUM(p_money) as p_money,`day` FROM `db_income` WHERE `agent_id` = 4 AND `month` = 1559318400 GROUP BY day ORDER BY day DESC  [ RunTime:0.0109s ]
SQL: SELECT SUM(p_money) as p_money,`day` FROM `db_income` WHERE `agent_id` = 5 AND `month` = 1559318400 GROUP BY day ORDER BY day DESC  [ RunTime:0.0093s ]
SQL: SELECT SUM(p_money) as p_money,`day` FROM `db_income` WHERE `agent_id` = 8 AND `month` = 1559318400 GROUP BY day ORDER BY day DESC  [ RunTime:0.0101s ]
SQL: SELECT SUM(p_money) as p_money,`day` FROM `db_income` WHERE `agent_id` = 9 AND `month` = 1559318400 GROUP BY day ORDER BY day DESC  [ RunTime:0.0125s ]
SQL: SELECT SUM(p_money) as p_money,`day` FROM `db_income` WHERE `agent_id` = 27 AND `month` = 1559318400 GROUP BY day ORDER BY day DESC  [ RunTime:0.0089s ]

[ 2019-06-10T02:21:11+08:00 ] 127.0.0.1 /api/NewAgent/oneDetail
INFO: [ app_init ] --START--
INFO: Run Behavior\BuildLiteBehavior [ RunTime:0.000035s ]
INFO: [ app_init ] --END-- [ RunTime:0.000934s ]
INFO: [ app_begin ] --START--
INFO: Run Behavior\ReadHtmlCacheBehavior [ RunTime:0.001202s ]
INFO: [ app_begin ] --END-- [ RunTime:0.001262s ]
NOTIC: [8] Undefined index: in_month D:\test\Littlewhale\Application\Api\Controller\NewAgentController.class.php 第 763 行.
SQL: SHOW COLUMNS FROM `db_agent` [ RunTime:0.0099s ]
NOTIC: [8] Undefined index: status D:\test\Littlewhale\Application\Common\Model\AgentModel.class.php 第 23 行.
SQL: SELECT `id`,`account`,`token`,`nickname`,`balance`,`salt`,`password`,`grade` FROM `db_agent` WHERE `token` = '60abe1fe939803dd1e4ea29fb1d0fd58' AND `status` <> '9' LIMIT 1   [ RunTime:0.0085s ]
NOTIC: [8] Undefined index: status D:\test\Littlewhale\Application\Api\Controller\BaseController.class.php 第 118 行.
NOTIC: [8] Undefined index: status D:\test\Littlewhale\Application\Api\Controller\BaseController.class.php 第 121 行.
SQL: SHOW COLUMNS FROM `db_income` [ RunTime:0.0101s ]
SQL: SELECT SUM(net_income) as net_income,`month` FROM `db_income` WHERE `status` <> 9 AND `agent_id` = '1' AND `month` = 1559318400 GROUP BY month LIMIT 1   [ RunTime:0.0082s ]
SQL: SELECT SUM(detail) as detail,SUM(net_income) as net_income,SUM(plat_money) as plat_money,SUM(partner_money) as partner_money,SUM(platform) as platform,`day` FROM `db_income` WHERE `status` <> 9 AND `agent_id` = '1' AND `month` = 1559318400 GROUP BY day LIMIT 0,10   [ RunTime:0.0082s ]
SQL: SHOW COLUMNS FROM `db_agent` [ RunTime:0.0091s ]
SQL: SELECT `id` FROM `db_agent` WHERE `p_id` = 1  [ RunTime:0.0148s ]
SQL: SELECT SUM(p_money) as p_money,`day` FROM `db_income` WHERE `agent_id` = 2 AND `month` = 1559318400 GROUP BY day ORDER BY day DESC  [ RunTime:0.0101s ]
SQL: SELECT SUM(p_money) as p_money,`day` FROM `db_income` WHERE `agent_id` = 3 AND `month` = 1559318400 GROUP BY day ORDER BY day DESC  [ RunTime:0.0176s ]
SQL: SELECT SUM(p_money) as p_money,`day` FROM `db_income` WHERE `agent_id` = 4 AND `month` = 1559318400 GROUP BY day ORDER BY day DESC  [ RunTime:0.0150s ]
SQL: SELECT SUM(p_money) as p_money,`day` FROM `db_income` WHERE `agent_id` = 5 AND `month` = 1559318400 GROUP BY day ORDER BY day DESC  [ RunTime:0.0115s ]
SQL: SELECT SUM(p_money) as p_money,`day` FROM `db_income` WHERE `agent_id` = 8 AND `month` = 1559318400 GROUP BY day ORDER BY day DESC  [ RunTime:0.0158s ]
SQL: SELECT SUM(p_money) as p_money,`day` FROM `db_income` WHERE `agent_id` = 9 AND `month` = 1559318400 GROUP BY day ORDER BY day DESC  [ RunTime:0.0089s ]
SQL: SELECT SUM(p_money) as p_money,`day` FROM `db_income` WHERE `agent_id` = 27 AND `month` = 1559318400 GROUP BY day ORDER BY day DESC  [ RunTime:0.0131s ]

[ 2019-06-10T02:21:16+08:00 ] 127.0.0.1 /api/NewAgent/oneDetail
INFO: [ app_init ] --START--
INFO: Run Behavior\BuildLiteBehavior [ RunTime:0.000022s ]
INFO: [ app_init ] --END-- [ RunTime:0.000666s ]
INFO: [ app_begin ] --START--
INFO: Run Behavior\ReadHtmlCacheBehavior [ RunTime:0.001220s ]
INFO: [ app_begin ] --END-- [ RunTime:0.001273s ]
NOTIC: [8] Undefined index: in_month D:\test\Littlewhale\Application\Api\Controller\NewAgentController.class.php 第 763 行.
SQL: SHOW COLUMNS FROM `db_agent` [ RunTime:0.0095s ]
NOTIC: [8] Undefined index: status D:\test\Littlewhale\Application\Common\Model\AgentModel.class.php 第 23 行.
SQL: SELECT `id`,`account`,`token`,`nickname`,`balance`,`salt`,`password`,`grade` FROM `db_agent` WHERE `token` = '60abe1fe939803dd1e4ea29fb1d0fd58' AND `status` <> '9' LIMIT 1   [ RunTime:0.0092s ]
NOTIC: [8] Undefined index: status D:\test\Littlewhale\Application\Api\Controller\BaseController.class.php 第 118 行.
NOTIC: [8] Undefined index: status D:\test\Littlewhale\Application\Api\Controller\BaseController.class.php 第 121 行.
SQL: SHOW COLUMNS FROM `db_income` [ RunTime:0.0094s ]
SQL: SELECT SUM(net_income) as net_income,`month` FROM `db_income` WHERE `status` <> 9 AND `agent_id` = '1' AND `month` = 1559318400 GROUP BY month LIMIT 1   [ RunTime:0.0108s ]
SQL: SELECT SUM(detail) as detail,SUM(net_income) as net_income,SUM(plat_money) as plat_money,SUM(partner_money) as partner_money,SUM(platform) as platform,`day` FROM `db_income` WHERE `status` <> 9 AND `agent_id` = '1' AND `month` = 1559318400 GROUP BY day LIMIT 10,10   [ RunTime:0.0119s ]
SQL: SHOW COLUMNS FROM `db_agent` [ RunTime:0.0086s ]
SQL: SELECT `id` FROM `db_agent` WHERE `p_id` = 1  [ RunTime:0.0076s ]
SQL: SELECT SUM(p_money) as p_money,`day` FROM `db_income` WHERE `agent_id` = 2 AND `month` = 1559318400 GROUP BY day ORDER BY day DESC  [ RunTime:0.0078s ]
SQL: SELECT SUM(p_money) as p_money,`day` FROM `db_income` WHERE `agent_id` = 3 AND `month` = 1559318400 GROUP BY day ORDER BY day DESC  [ RunTime:0.0078s ]
SQL: SELECT SUM(p_money) as p_money,`day` FROM `db_income` WHERE `agent_id` = 4 AND `month` = 1559318400 GROUP BY day ORDER BY day DESC  [ RunTime:0.0084s ]
SQL: SELECT SUM(p_money) as p_money,`day` FROM `db_income` WHERE `agent_id` = 5 AND `month` = 1559318400 GROUP BY day ORDER BY day DESC  [ RunTime:0.0120s ]
SQL: SELECT SUM(p_money) as p_money,`day` FROM `db_income` WHERE `agent_id` = 8 AND `month` = 1559318400 GROUP BY day ORDER BY day DESC  [ RunTime:0.0085s ]
SQL: SELECT SUM(p_money) as p_money,`day` FROM `db_income` WHERE `agent_id` = 9 AND `month` = 1559318400 GROUP BY day ORDER BY day DESC  [ RunTime:0.0078s ]
SQL: SELECT SUM(p_money) as p_money,`day` FROM `db_income` WHERE `agent_id` = 27 AND `month` = 1559318400 GROUP BY day ORDER BY day DESC  [ RunTime:0.0077s ]

[ 2019-06-10T02:21:34+08:00 ] 127.0.0.1 /api/NewAgent/oneDetail
INFO: [ app_init ] --START--
INFO: Run Behavior\BuildLiteBehavior [ RunTime:0.000030s ]
INFO: [ app_init ] --END-- [ RunTime:0.002091s ]
INFO: [ app_begin ] --START--
INFO: Run Behavior\ReadHtmlCacheBehavior [ RunTime:0.001115s ]
INFO: [ app_begin ] --END-- [ RunTime:0.001165s ]
NOTIC: [8] Undefined index: token D:\test\Littlewhale\Application\Common\Common\function.php 第 397 行.

